#
# There is insufficient memory for the Java Runtime Environment to continue.
# Native memory allocation (mmap) failed to map 51380224 bytes for G1 virtual space
# Possible reasons:
#   The system is out of physical RAM or swap space
#   The process is running with CompressedOops enabled, and the Java Heap may be blocking the growth of the native heap
# Possible solutions:
#   Reduce memory load on the system
#   Increase physical memory or swap space
#   Check if swap backing store is full
#   Decrease Java heap size (-Xmx/-Xms)
#   Decrease number of Java threads
#   Decrease Java thread stack sizes (-Xss)
#   Set larger code cache with -XX:ReservedCodeCacheSize=
#   JVM is running with Unscaled Compressed Oops mode in which the Java heap is
#     placed in the first 4GB address space. The Java Heap base address is the
#     maximum limit for the native heap growth. Please use -XX:HeapBaseMinAddress
#     to set the Java Heap base and to place the Java Heap above 4GB virtual address.
# This output file may be truncated or incomplete.
#
#  Out of Memory Error (os_windows.cpp:3769), pid=3084, tid=5516
#
# JRE version: OpenJDK Runtime Environment (17.0.6) (build 17.0.6+0-b2043.56-10027231)
# Java VM: OpenJDK 64-Bit Server VM (17.0.6+0-b2043.56-10027231, mixed mode, tiered, compressed oops, compressed class ptrs, g1 gc, windows-amd64)
# No core dump will be written. Minidumps are not enabled by default on client versions of Windows
#

---------------  S U M M A R Y ------------

Command Line: --add-opens=java.base/java.util=ALL-UNNAMED --add-opens=java.base/java.lang=ALL-UNNAMED --add-opens=java.base/java.lang.invoke=ALL-UNNAMED --add-opens=java.prefs/java.util.prefs=ALL-UNNAMED --add-opens=java.base/java.nio.charset=ALL-UNNAMED --add-opens=java.base/java.net=ALL-UNNAMED --add-opens=java.base/java.util.concurrent.atomic=ALL-UNNAMED -Xmx2048m -Dfile.encoding=UTF-8 -Duser.country=US -Duser.language=en -Duser.variant org.gradle.launcher.daemon.bootstrap.GradleDaemon 8.0

Host: Intel(R) Core(TM) i3-8145U CPU @ 2.10GHz, 4 cores, 7G,  Windows 10 , 64 bit Build 19041 (10.0.19041.3636)
Time: Mon Jan  1 18:31:10 2024 Pakistan Standard Time elapsed time: 14.299785 seconds (0d 0h 0m 14s)

---------------  T H R E A D  ---------------

Current thread (0x000001b3f881c560):  VMThread "VM Thread" [stack: 0x00000065e2b00000,0x00000065e2c00000] [id=5516]

Stack: [0x00000065e2b00000,0x00000065e2c00000]
Native frames: (J=compiled Java code, j=interpreted, Vv=VM code, C=native code)
V  [jvm.dll+0x683c9a]
V  [jvm.dll+0x8427a4]
V  [jvm.dll+0x843f9e]
V  [jvm.dll+0x844603]
V  [jvm.dll+0x249b75]
V  [jvm.dll+0x680b69]
V  [jvm.dll+0x67505a]
V  [jvm.dll+0x309acb]
V  [jvm.dll+0x310f86]
V  [jvm.dll+0x3608ee]
V  [jvm.dll+0x360b1f]
V  [jvm.dll+0x2dfbf8]
V  [jvm.dll+0x2ddec4]
V  [jvm.dll+0x2dd4cc]
V  [jvm.dll+0x321f3b]
V  [jvm.dll+0x848ccb]
V  [jvm.dll+0x849a04]
V  [jvm.dll+0x849f1d]
V  [jvm.dll+0x84a2f4]
V  [jvm.dll+0x84a3c0]
V  [jvm.dll+0x7f274a]
V  [jvm.dll+0x682ad5]
C  [ucrtbase.dll+0x21bb2]
C  [KERNEL32.DLL+0x17344]
C  [ntdll.dll+0x526b1]

VM_Operation (0x00000065e41f5900): G1CollectForAllocation, mode: safepoint, requested by thread 0x000001b3fb84a0b0


---------------  P R O C E S S  ---------------

Threads class SMR info:
_java_thread_list=0x000001b3fd970500, length=80, elements={
0x000001b3dd19cfd0, 0x000001b3f881ffa0, 0x000001b3f8821130, 0x000001b3f9414900,
0x000001b3f94171d0, 0x000001b3f9418eb0, 0x000001b3f941c390, 0x000001b3f941d390,
0x000001b3f94291a0, 0x000001b3f9429aa0, 0x000001b3f95b2010, 0x000001b3f95d4d10,
0x000001b3fa8f20f0, 0x000001b3fa8f2f60, 0x000001b3fa8f25c0, 0x000001b3fa8f3430,
0x000001b3fa8f2a90, 0x000001b3fa8f1c20, 0x000001b3fb84a0b0, 0x000001b3fb8466f0,
0x000001b3fb846220, 0x000001b3fb846bc0, 0x000001b3fb849be0, 0x000001b3fb84a580,
0x000001b3fb849710, 0x000001b3fb847090, 0x000001b3fb84b3f0, 0x000001b3fb84aa50,
0x000001b3fb84b8c0, 0x000001b3fb845880, 0x000001b3fb844a10, 0x000001b3fb84af20,
0x000001b3fb844070, 0x000001b3fb845d50, 0x000001b3fb847560, 0x000001b3fb847a30,
0x000001b3fb847f00, 0x000001b3fb844ee0, 0x000001b3fb8453b0, 0x000001b380045120,
0x000001b380042f70, 0x000001b3800408f0, 0x000001b3800455f0, 0x000001b380046e00,
0x000001b3800425d0, 0x000001b380043910, 0x000001b380043de0, 0x000001b380046460,
0x000001b380041760, 0x000001b380045ac0, 0x000001b380042aa0, 0x000001b380045f90,
0x000001b380040420, 0x000001b3800472d0, 0x000001b3800442b0, 0x000001b380043440,
0x000001b380046930, 0x000001b3800477a0, 0x000001b38003ff50, 0x000001b380040dc0,
0x000001b380041290, 0x000001b380041c30, 0x000001b380042100, 0x000001b380044c50,
0x000001b3fd535110, 0x000001b3fd53b150, 0x000001b3fd539470, 0x000001b3fd538130,
0x000001b3fd535f80, 0x000001b3fd535ab0, 0x000001b3fd53b620, 0x000001b3fd53baf0,
0x000001b3fd536450, 0x000001b3fd536920, 0x000001b3fd538600, 0x000001b3fd5372c0,
0x000001b3fd5342a0, 0x000001b3fd53a7b0, 0x000001b3fd536df0, 0x000001b3fd538fa0
}

Java Threads: ( => current thread )
  0x000001b3dd19cfd0 JavaThread "main" [_thread_blocked, id=8788, stack(0x00000065e2500000,0x00000065e2600000)]
  0x000001b3f881ffa0 JavaThread "Reference Handler" daemon [_thread_blocked, id=7448, stack(0x00000065e2c00000,0x00000065e2d00000)]
  0x000001b3f8821130 JavaThread "Finalizer" daemon [_thread_blocked, id=1332, stack(0x00000065e2d00000,0x00000065e2e00000)]
  0x000001b3f9414900 JavaThread "Signal Dispatcher" daemon [_thread_blocked, id=748, stack(0x00000065e2e00000,0x00000065e2f00000)]
  0x000001b3f94171d0 JavaThread "Attach Listener" daemon [_thread_blocked, id=5232, stack(0x00000065e2f00000,0x00000065e3000000)]
  0x000001b3f9418eb0 JavaThread "Service Thread" daemon [_thread_blocked, id=5772, stack(0x00000065e3000000,0x00000065e3100000)]
  0x000001b3f941c390 JavaThread "Monitor Deflation Thread" daemon [_thread_blocked, id=8628, stack(0x00000065e3100000,0x00000065e3200000)]
  0x000001b3f941d390 JavaThread "C2 CompilerThread0" daemon [_thread_blocked, id=5276, stack(0x00000065e3200000,0x00000065e3300000)]
  0x000001b3f94291a0 JavaThread "C1 CompilerThread0" daemon [_thread_blocked, id=10420, stack(0x00000065e3300000,0x00000065e3400000)]
  0x000001b3f9429aa0 JavaThread "Sweeper thread" daemon [_thread_blocked, id=4056, stack(0x00000065e3400000,0x00000065e3500000)]
  0x000001b3f95b2010 JavaThread "Common-Cleaner" daemon [_thread_blocked, id=6124, stack(0x00000065e3500000,0x00000065e3600000)]
  0x000001b3f95d4d10 JavaThread "Notification Thread" daemon [_thread_blocked, id=6620, stack(0x00000065e3600000,0x00000065e3700000)]
  0x000001b3fa8f20f0 JavaThread "Daemon health stats" [_thread_blocked, id=3052, stack(0x00000065e3b00000,0x00000065e3c00000)]
  0x000001b3fa8f2f60 JavaThread "Incoming local TCP Connector on port 54375" [_thread_in_native, id=10284, stack(0x00000065e3c00000,0x00000065e3d00000)]
  0x000001b3fa8f25c0 JavaThread "Daemon periodic checks" [_thread_blocked, id=5332, stack(0x00000065e3d00000,0x00000065e3e00000)]
  0x000001b3fa8f3430 JavaThread "Daemon" [_thread_blocked, id=9304, stack(0x00000065e3e00000,0x00000065e3f00000)]
  0x000001b3fa8f2a90 JavaThread "Handler for socket connection from /127.0.0.1:54375 to /127.0.0.1:54376" [_thread_in_native, id=3240, stack(0x00000065e3f00000,0x00000065e4000000)]
  0x000001b3fa8f1c20 JavaThread "Cancel handler" [_thread_blocked, id=11364, stack(0x00000065e4000000,0x00000065e4100000)]
  0x000001b3fb84a0b0 JavaThread "Daemon worker" [_thread_blocked, id=13288, stack(0x00000065e4100000,0x00000065e4200000)]
  0x000001b3fb8466f0 JavaThread "Asynchronous log dispatcher for DefaultDaemonConnection: socket connection from /127.0.0.1:54375 to /127.0.0.1:54376" [_thread_blocked, id=11052, stack(0x00000065e4200000,0x00000065e4300000)]
  0x000001b3fb846220 JavaThread "Stdin handler" [_thread_blocked, id=13116, stack(0x00000065e4300000,0x00000065e4400000)]
  0x000001b3fb846bc0 JavaThread "Daemon client event forwarder" [_thread_blocked, id=3776, stack(0x00000065e4400000,0x00000065e4500000)]
  0x000001b3fb849be0 JavaThread "Cache worker for journal cache (C:\Users\LENOVO\.gradle\caches\journal-1)" [_thread_blocked, id=6968, stack(0x00000065e4500000,0x00000065e4600000)]
  0x000001b3fb84a580 JavaThread "File lock request listener" [_thread_in_native, id=4348, stack(0x00000065e4600000,0x00000065e4700000)]
  0x000001b3fb849710 JavaThread "Cache worker for file hash cache (C:\Users\LENOVO\.gradle\caches\8.0\fileHashes)" [_thread_blocked, id=8888, stack(0x00000065e4700000,0x00000065e4800000)]
  0x000001b3fb847090 JavaThread "File watcher server" daemon [_thread_in_native, id=4784, stack(0x00000065e4800000,0x00000065e4900000)]
  0x000001b3fb84b3f0 JavaThread "File watcher consumer" daemon [_thread_blocked, id=5580, stack(0x00000065e4900000,0x00000065e4a00000)]
  0x000001b3fb84aa50 JavaThread "jar transforms" [_thread_blocked, id=8668, stack(0x00000065e4a00000,0x00000065e4b00000)]
  0x000001b3fb84b8c0 JavaThread "jar transforms Thread 2" [_thread_blocked, id=7640, stack(0x00000065e4b00000,0x00000065e4c00000)]
  0x000001b3fb845880 JavaThread "jar transforms Thread 3" [_thread_blocked, id=6872, stack(0x00000065e4c00000,0x00000065e4d00000)]
  0x000001b3fb844a10 JavaThread "jar transforms Thread 4" [_thread_blocked, id=7120, stack(0x00000065e4d00000,0x00000065e4e00000)]
  0x000001b3fb84af20 JavaThread "Cache worker for checksums cache (C:\Users\LENOVO\AndroidStudioProjectsFlutter\GenerateAIImage\.gradle\8.0\checksums)" [_thread_blocked, id=8572, stack(0x00000065e4e00000,0x00000065e4f00000)]
  0x000001b3fb844070 JavaThread "Cache worker for cache directory md-rule (C:\Users\LENOVO\.gradle\caches\8.0\md-rule)" [_thread_blocked, id=11292, stack(0x00000065e4f00000,0x00000065e5000000)]
  0x000001b3fb845d50 JavaThread "Cache worker for file content cache (C:\Users\LENOVO\.gradle\caches\8.0\fileContent)" [_thread_blocked, id=11628, stack(0x00000065e5000000,0x00000065e5100000)]
  0x000001b3fb847560 JavaThread "Cache worker for file hash cache (C:\Users\LENOVO\AndroidStudioProjectsFlutter\GenerateAIImage\.gradle\8.0\fileHashes)" [_thread_blocked, id=12908, stack(0x00000065e5100000,0x00000065e5200000)]
  0x000001b3fb847a30 JavaThread "Cache worker for cache directory md-supplier (C:\Users\LENOVO\.gradle\caches\8.0\md-supplier)" [_thread_blocked, id=13072, stack(0x00000065e5200000,0x00000065e5300000)]
  0x000001b3fb847f00 JavaThread "Cache worker for execution history cache (C:\Users\LENOVO\.gradle\caches\8.0\executionHistory)" [_thread_blocked, id=13284, stack(0x00000065e5300000,0x00000065e5400000)]
  0x000001b3fb844ee0 JavaThread "Cache worker for dependencies-accessors (C:\Users\LENOVO\AndroidStudioProjectsFlutter\GenerateAIImage\.gradle\8.0\dependencies-accessors)" [_thread_blocked, id=484, stack(0x00000065e5400000,0x00000065e5500000)]
  0x000001b3fb8453b0 JavaThread "Cache worker for Build Output Cleanup Cache (C:\Users\LENOVO\AndroidStudioProjectsFlutter\GenerateAIImage\.gradle\buildOutputCleanup)" [_thread_blocked, id=10512, stack(0x00000065e5500000,0x00000065e5600000)]
  0x000001b380045120 JavaThread "Unconstrained build operations" [_thread_blocked, id=9860, stack(0x00000065e5600000,0x00000065e5700000)]
  0x000001b380042f70 JavaThread "Unconstrained build operations Thread 2" [_thread_blocked, id=1456, stack(0x00000065e5700000,0x00000065e5800000)]
  0x000001b3800408f0 JavaThread "Unconstrained build operations Thread 3" [_thread_blocked, id=5944, stack(0x00000065e5800000,0x00000065e5900000)]
  0x000001b3800455f0 JavaThread "Unconstrained build operations Thread 4" [_thread_blocked, id=120, stack(0x00000065e5900000,0x00000065e5a00000)]
  0x000001b380046e00 JavaThread "Unconstrained build operations Thread 5" [_thread_blocked, id=1360, stack(0x00000065e5a00000,0x00000065e5b00000)]
  0x000001b3800425d0 JavaThread "Unconstrained build operations Thread 6" [_thread_blocked, id=5404, stack(0x00000065e5b00000,0x00000065e5c00000)]
  0x000001b380043910 JavaThread "Unconstrained build operations Thread 7" [_thread_blocked, id=9428, stack(0x00000065e5c00000,0x00000065e5d00000)]
  0x000001b380043de0 JavaThread "Unconstrained build operations Thread 8" [_thread_blocked, id=11496, stack(0x00000065e5d00000,0x00000065e5e00000)]
  0x000001b380046460 JavaThread "Unconstrained build operations Thread 9" [_thread_blocked, id=10936, stack(0x00000065e5e00000,0x00000065e5f00000)]
  0x000001b380041760 JavaThread "Unconstrained build operations Thread 10" [_thread_blocked, id=1424, stack(0x00000065e5f00000,0x00000065e6000000)]
  0x000001b380045ac0 JavaThread "Unconstrained build operations Thread 11" [_thread_blocked, id=6684, stack(0x00000065e6000000,0x00000065e6100000)]
  0x000001b380042aa0 JavaThread "Unconstrained build operations Thread 12" [_thread_blocked, id=9072, stack(0x00000065e6100000,0x00000065e6200000)]
  0x000001b380045f90 JavaThread "Unconstrained build operations Thread 13" [_thread_blocked, id=9980, stack(0x00000065e6200000,0x00000065e6300000)]
  0x000001b380040420 JavaThread "Unconstrained build operations Thread 14" [_thread_blocked, id=2668, stack(0x00000065e6300000,0x00000065e6400000)]
  0x000001b3800472d0 JavaThread "Unconstrained build operations Thread 15" [_thread_blocked, id=13172, stack(0x00000065e6400000,0x00000065e6500000)]
  0x000001b3800442b0 JavaThread "Unconstrained build operations Thread 16" [_thread_blocked, id=460, stack(0x00000065e6500000,0x00000065e6600000)]
  0x000001b380043440 JavaThread "Unconstrained build operations Thread 17" [_thread_blocked, id=3472, stack(0x00000065e6600000,0x00000065e6700000)]
  0x000001b380046930 JavaThread "Unconstrained build operations Thread 18" [_thread_blocked, id=9676, stack(0x00000065e6700000,0x00000065e6800000)]
  0x000001b3800477a0 JavaThread "Unconstrained build operations Thread 19" [_thread_blocked, id=7544, stack(0x00000065e6800000,0x00000065e6900000)]
  0x000001b38003ff50 JavaThread "Unconstrained build operations Thread 20" [_thread_blocked, id=8220, stack(0x00000065e6900000,0x00000065e6a00000)]
  0x000001b380040dc0 JavaThread "Unconstrained build operations Thread 21" [_thread_blocked, id=4292, stack(0x00000065e6a00000,0x00000065e6b00000)]
  0x000001b380041290 JavaThread "Unconstrained build operations Thread 22" [_thread_blocked, id=6864, stack(0x00000065e6b00000,0x00000065e6c00000)]
  0x000001b380041c30 JavaThread "Unconstrained build operations Thread 23" [_thread_blocked, id=5036, stack(0x00000065e6c00000,0x00000065e6d00000)]
  0x000001b380042100 JavaThread "Unconstrained build operations Thread 24" [_thread_blocked, id=8800, stack(0x00000065e6d00000,0x00000065e6e00000)]
  0x000001b380044c50 JavaThread "Unconstrained build operations Thread 25" [_thread_blocked, id=12176, stack(0x00000065e6e00000,0x00000065e6f00000)]
  0x000001b3fd535110 JavaThread "Unconstrained build operations Thread 26" [_thread_blocked, id=12756, stack(0x00000065e6f00000,0x00000065e7000000)]
  0x000001b3fd53b150 JavaThread "Unconstrained build operations Thread 27" [_thread_blocked, id=3148, stack(0x00000065e7000000,0x00000065e7100000)]
  0x000001b3fd539470 JavaThread "Unconstrained build operations Thread 28" [_thread_blocked, id=6624, stack(0x00000065e7100000,0x00000065e7200000)]
  0x000001b3fd538130 JavaThread "Unconstrained build operations Thread 29" [_thread_blocked, id=9404, stack(0x00000065e7200000,0x00000065e7300000)]
  0x000001b3fd535f80 JavaThread "Unconstrained build operations Thread 30" [_thread_blocked, id=9584, stack(0x00000065e7300000,0x00000065e7400000)]
  0x000001b3fd535ab0 JavaThread "Unconstrained build operations Thread 31" [_thread_blocked, id=2232, stack(0x00000065e7400000,0x00000065e7500000)]
  0x000001b3fd53b620 JavaThread "Unconstrained build operations Thread 32" [_thread_blocked, id=13012, stack(0x00000065e7500000,0x00000065e7600000)]
  0x000001b3fd53baf0 JavaThread "Unconstrained build operations Thread 33" [_thread_blocked, id=6796, stack(0x00000065e7600000,0x00000065e7700000)]
  0x000001b3fd536450 JavaThread "Unconstrained build operations Thread 34" [_thread_blocked, id=1444, stack(0x00000065e7700000,0x00000065e7800000)]
  0x000001b3fd536920 JavaThread "Unconstrained build operations Thread 35" [_thread_blocked, id=6168, stack(0x00000065e7800000,0x00000065e7900000)]
  0x000001b3fd538600 JavaThread "Unconstrained build operations Thread 36" [_thread_blocked, id=4512, stack(0x00000065e7900000,0x00000065e7a00000)]
  0x000001b3fd5372c0 JavaThread "Unconstrained build operations Thread 37" [_thread_blocked, id=9744, stack(0x00000065e7a00000,0x00000065e7b00000)]
  0x000001b3fd5342a0 JavaThread "Unconstrained build operations Thread 38" [_thread_blocked, id=7768, stack(0x00000065e7b00000,0x00000065e7c00000)]
  0x000001b3fd53a7b0 JavaThread "Unconstrained build operations Thread 39" [_thread_blocked, id=2952, stack(0x00000065e7c00000,0x00000065e7d00000)]
  0x000001b3fd536df0 JavaThread "Unconstrained build operations Thread 40" [_thread_blocked, id=12912, stack(0x00000065e7d00000,0x00000065e7e00000)]
  0x000001b3fd538fa0 JavaThread "Memory manager" [_thread_blocked, id=12984, stack(0x00000065e7e00000,0x00000065e7f00000)]

Other Threads:
=>0x000001b3f881c560 VMThread "VM Thread" [stack: 0x00000065e2b00000,0x00000065e2c00000] [id=5516]
  0x000001b3f95d51e0 WatcherThread [stack: 0x00000065e3700000,0x00000065e3800000] [id=11428]
  0x000001b3df2c72a0 GCTaskThread "GC Thread#0" [stack: 0x00000065e2600000,0x00000065e2700000] [id=6236]
  0x000001b3f9ef5820 GCTaskThread "GC Thread#1" [stack: 0x00000065e3800000,0x00000065e3900000] [id=12952]
  0x000001b3f9ef5ad0 GCTaskThread "GC Thread#2" [stack: 0x00000065e3900000,0x00000065e3a00000] [id=1128]
  0x000001b3f9df4cd0 GCTaskThread "GC Thread#3" [stack: 0x00000065e3a00000,0x00000065e3b00000] [id=6100]
  0x000001b3df2d80f0 ConcurrentGCThread "G1 Main Marker" [stack: 0x00000065e2700000,0x00000065e2800000] [id=12088]
  0x000001b3df2d8a10 ConcurrentGCThread "G1 Conc#0" [stack: 0x00000065e2800000,0x00000065e2900000] [id=744]
  0x000001b3df33dda0 ConcurrentGCThread "G1 Refine#0" [stack: 0x00000065e2900000,0x00000065e2a00000] [id=9372]
  0x000001b3f86830b0 ConcurrentGCThread "G1 Service" [stack: 0x00000065e2a00000,0x00000065e2b00000] [id=5468]

Threads with active compile tasks:
C2 CompilerThread0    14342 7538 %     4       org.gradle.internal.instantiation.generator.AbstractClassGenerator::inspectType @ 250 (560 bytes)

VM state: at safepoint (normal execution)

VM Mutex/Monitor currently owned by a thread:  ([mutex/lock_event])
[0x000001b3df268af0] Threads_lock - owner thread: 0x000001b3f881c560
[0x000001b3df269bd0] Heap_lock - owner thread: 0x000001b3fb84a0b0

Heap address: 0x0000000080000000, size: 2048 MB, Compressed Oops mode: 32-bit

CDS archive(s) not mapped
Compressed class space mapped at: 0x0000000100000000-0x0000000140000000, reserved size: 1073741824
Narrow klass base: 0x0000000000000000, Narrow klass shift: 3, Narrow klass range: 0x140000000

GC Precious Log:
 CPUs: 4 total, 4 available
 Memory: 8072M
 Large Page Support: Disabled
 NUMA Support: Disabled
 Compressed Oops: Enabled (32-bit)
 Heap Region Size: 1M
 Heap Min Capacity: 8M
 Heap Initial Capacity: 128M
 Heap Max Capacity: 2G
 Pre-touch: Disabled
 Parallel Workers: 4
 Concurrent Workers: 1
 Concurrent Refinement Workers: 4
 Periodic GC: Disabled

Heap:
 garbage-first heap   total 180224K, used 98947K [0x0000000080000000, 0x0000000100000000)
  region size 1024K, 6 young (6144K), 6 survivors (6144K)
 Metaspace       used 77885K, committed 78592K, reserved 1122304K
  class space    used 10503K, committed 10816K, reserved 1048576K

Heap Regions: E=young(eden), S=young(survivor), O=old, HS=humongous(starts), HC=humongous(continues), CS=collection set, F=free, OA=open archive, CA=closed archive, TAMS=top-at-mark-start (previous, next)
|   0|0x0000000080000000, 0x0000000080100000, 0x0000000080100000|100%| O|  |TAMS 0x0000000080100000, 0x0000000080100000| Untracked 
|   1|0x0000000080100000, 0x0000000080200000, 0x0000000080200000|100%| O|  |TAMS 0x0000000080200000, 0x0000000080200000| Untracked 
|   2|0x0000000080200000, 0x0000000080300000, 0x0000000080300000|100%|HS|  |TAMS 0x0000000080300000, 0x0000000080300000| Complete 
|   3|0x0000000080300000, 0x0000000080400000, 0x0000000080400000|100%|HC|  |TAMS 0x0000000080400000, 0x0000000080400000| Complete 
|   4|0x0000000080400000, 0x0000000080500000, 0x0000000080500000|100%|HC|  |TAMS 0x0000000080500000, 0x0000000080500000| Complete 
|   5|0x0000000080500000, 0x0000000080600000, 0x0000000080600000|100%|HC|  |TAMS 0x0000000080600000, 0x0000000080600000| Complete 
|   6|0x0000000080600000, 0x0000000080700000, 0x0000000080700000|100%| O|  |TAMS 0x0000000080700000, 0x0000000080700000| Untracked 
|   7|0x0000000080700000, 0x0000000080800000, 0x0000000080800000|100%| O|  |TAMS 0x0000000080800000, 0x0000000080800000| Untracked 
|   8|0x0000000080800000, 0x0000000080900000, 0x0000000080900000|100%| O|  |TAMS 0x0000000080900000, 0x0000000080900000| Untracked 
|   9|0x0000000080900000, 0x0000000080a00000, 0x0000000080a00000|100%| O|  |TAMS 0x0000000080a00000, 0x0000000080a00000| Untracked 
|  10|0x0000000080a00000, 0x0000000080b00000, 0x0000000080b00000|100%| O|  |TAMS 0x0000000080b00000, 0x0000000080b00000| Untracked 
|  11|0x0000000080b00000, 0x0000000080c00000, 0x0000000080c00000|100%| O|  |TAMS 0x0000000080c00000, 0x0000000080c00000| Untracked 
|  12|0x0000000080c00000, 0x0000000080d00000, 0x0000000080d00000|100%| O|  |TAMS 0x0000000080d00000, 0x0000000080d00000| Untracked 
|  13|0x0000000080d00000, 0x0000000080e00000, 0x0000000080e00000|100%| O|  |TAMS 0x0000000080e00000, 0x0000000080e00000| Untracked 
|  14|0x0000000080e00000, 0x0000000080f00000, 0x0000000080f00000|100%| O|  |TAMS 0x0000000080f00000, 0x0000000080f00000| Untracked 
|  15|0x0000000080f00000, 0x0000000081000000, 0x0000000081000000|100%| O|  |TAMS 0x0000000081000000, 0x0000000081000000| Untracked 
|  16|0x0000000081000000, 0x0000000081100000, 0x0000000081100000|100%| O|  |TAMS 0x0000000081100000, 0x0000000081100000| Untracked 
|  17|0x0000000081100000, 0x0000000081200000, 0x0000000081200000|100%| O|  |TAMS 0x0000000081200000, 0x0000000081200000| Untracked 
|  18|0x0000000081200000, 0x0000000081300000, 0x0000000081300000|100%| O|  |TAMS 0x0000000081300000, 0x0000000081300000| Untracked 
|  19|0x0000000081300000, 0x0000000081400000, 0x0000000081400000|100%| O|  |TAMS 0x0000000081400000, 0x0000000081400000| Untracked 
|  20|0x0000000081400000, 0x0000000081500000, 0x0000000081500000|100%| O|  |TAMS 0x0000000081500000, 0x0000000081500000| Untracked 
|  21|0x0000000081500000, 0x0000000081600000, 0x0000000081600000|100%|HS|  |TAMS 0x0000000081600000, 0x0000000081600000| Complete 
|  22|0x0000000081600000, 0x0000000081700000, 0x0000000081700000|100%|HC|  |TAMS 0x0000000081700000, 0x0000000081700000| Complete 
|  23|0x0000000081700000, 0x0000000081800000, 0x0000000081800000|100%|HS|  |TAMS 0x0000000081800000, 0x0000000081800000| Complete 
|  24|0x0000000081800000, 0x0000000081900000, 0x0000000081900000|100%|HC|  |TAMS 0x0000000081900000, 0x0000000081900000| Complete 
|  25|0x0000000081900000, 0x0000000081a00000, 0x0000000081a00000|100%|HC|  |TAMS 0x0000000081a00000, 0x0000000081a00000| Complete 
|  26|0x0000000081a00000, 0x0000000081b00000, 0x0000000081b00000|100%|HS|  |TAMS 0x0000000081b00000, 0x0000000081b00000| Complete 
|  27|0x0000000081b00000, 0x0000000081c00000, 0x0000000081c00000|100%|HC|  |TAMS 0x0000000081c00000, 0x0000000081c00000| Complete 
|  28|0x0000000081c00000, 0x0000000081d00000, 0x0000000081d00000|100%|HC|  |TAMS 0x0000000081d00000, 0x0000000081d00000| Complete 
|  29|0x0000000081d00000, 0x0000000081e00000, 0x0000000081e00000|100%|HS|  |TAMS 0x0000000081e00000, 0x0000000081e00000| Complete 
|  30|0x0000000081e00000, 0x0000000081f00000, 0x0000000081f00000|100%|HC|  |TAMS 0x0000000081f00000, 0x0000000081f00000| Complete 
|  31|0x0000000081f00000, 0x0000000082000000, 0x0000000082000000|100%|HC|  |TAMS 0x0000000082000000, 0x0000000082000000| Complete 
|  32|0x0000000082000000, 0x0000000082100000, 0x0000000082100000|100%|HC|  |TAMS 0x0000000082100000, 0x0000000082100000| Complete 
|  33|0x0000000082100000, 0x0000000082200000, 0x0000000082200000|100%|HC|  |TAMS 0x0000000082200000, 0x0000000082200000| Complete 
|  34|0x0000000082200000, 0x0000000082300000, 0x0000000082300000|100%|HC|  |TAMS 0x0000000082300000, 0x0000000082300000| Complete 
|  35|0x0000000082300000, 0x0000000082400000, 0x0000000082400000|100%|HC|  |TAMS 0x0000000082400000, 0x0000000082400000| Complete 
|  36|0x0000000082400000, 0x0000000082500000, 0x0000000082500000|100%|HC|  |TAMS 0x0000000082500000, 0x0000000082500000| Complete 
|  37|0x0000000082500000, 0x0000000082600000, 0x0000000082600000|100%|HC|  |TAMS 0x0000000082600000, 0x0000000082600000| Complete 
|  38|0x0000000082600000, 0x0000000082700000, 0x0000000082700000|100%|HC|  |TAMS 0x0000000082700000, 0x0000000082700000| Complete 
|  39|0x0000000082700000, 0x0000000082800000, 0x0000000082800000|100%|HC|  |TAMS 0x0000000082800000, 0x0000000082800000| Complete 
|  40|0x0000000082800000, 0x0000000082900000, 0x0000000082900000|100%|HC|  |TAMS 0x0000000082900000, 0x0000000082900000| Complete 
|  41|0x0000000082900000, 0x0000000082a00000, 0x0000000082a00000|100%| O|  |TAMS 0x0000000082a00000, 0x0000000082a00000| Untracked 
|  42|0x0000000082a00000, 0x0000000082b00000, 0x0000000082b00000|100%|HS|  |TAMS 0x0000000082b00000, 0x0000000082b00000| Complete 
|  43|0x0000000082b00000, 0x0000000082c00000, 0x0000000082c00000|100%|HC|  |TAMS 0x0000000082c00000, 0x0000000082c00000| Complete 
|  44|0x0000000082c00000, 0x0000000082d00000, 0x0000000082d00000|100%| O|  |TAMS 0x0000000082d00000, 0x0000000082d00000| Untracked 
|  45|0x0000000082d00000, 0x0000000082e00000, 0x0000000082e00000|100%| O|  |TAMS 0x0000000082e00000, 0x0000000082e00000| Untracked 
|  46|0x0000000082e00000, 0x0000000082f00000, 0x0000000082f00000|100%| O|  |TAMS 0x0000000082f00000, 0x0000000082f00000| Untracked 
|  47|0x0000000082f00000, 0x0000000083000000, 0x0000000083000000|100%| O|  |TAMS 0x0000000083000000, 0x0000000083000000| Untracked 
|  48|0x0000000083000000, 0x0000000083100000, 0x0000000083100000|100%| O|  |TAMS 0x0000000083100000, 0x0000000083100000| Untracked 
|  49|0x0000000083100000, 0x0000000083200000, 0x0000000083200000|100%| O|  |TAMS 0x0000000083200000, 0x0000000083200000| Untracked 
|  50|0x0000000083200000, 0x0000000083300000, 0x0000000083300000|100%| O|  |TAMS 0x0000000083200000, 0x0000000083300000| Untracked 
|  51|0x0000000083300000, 0x0000000083400000, 0x0000000083400000|100%| O|  |TAMS 0x0000000083400000, 0x0000000083400000| Untracked 
|  52|0x0000000083400000, 0x0000000083500000, 0x0000000083500000|100%| O|  |TAMS 0x0000000083500000, 0x0000000083500000| Untracked 
|  53|0x0000000083500000, 0x0000000083600000, 0x0000000083600000|100%| O|  |TAMS 0x0000000083600000, 0x0000000083600000| Untracked 
|  54|0x0000000083600000, 0x0000000083700000, 0x0000000083700000|100%| O|  |TAMS 0x0000000083700000, 0x0000000083700000| Untracked 
|  55|0x0000000083700000, 0x0000000083800000, 0x0000000083800000|100%| O|  |TAMS 0x0000000083800000, 0x0000000083800000| Untracked 
|  56|0x0000000083800000, 0x0000000083900000, 0x0000000083900000|100%| O|  |TAMS 0x0000000083900000, 0x0000000083900000| Untracked 
|  57|0x0000000083900000, 0x0000000083a00000, 0x0000000083a00000|100%|HS|  |TAMS 0x0000000083a00000, 0x0000000083a00000| Complete 
|  58|0x0000000083a00000, 0x0000000083b00000, 0x0000000083b00000|100%|HC|  |TAMS 0x0000000083b00000, 0x0000000083b00000| Complete 
|  59|0x0000000083b00000, 0x0000000083c00000, 0x0000000083c00000|100%|HC|  |TAMS 0x0000000083c00000, 0x0000000083c00000| Complete 
|  60|0x0000000083c00000, 0x0000000083d00000, 0x0000000083d00000|100%|HS|  |TAMS 0x0000000083d00000, 0x0000000083d00000| Complete 
|  61|0x0000000083d00000, 0x0000000083e00000, 0x0000000083e00000|100%|HC|  |TAMS 0x0000000083e00000, 0x0000000083e00000| Complete 
|  62|0x0000000083e00000, 0x0000000083f00000, 0x0000000083f00000|100%|HC|  |TAMS 0x0000000083f00000, 0x0000000083f00000| Complete 
|  63|0x0000000083f00000, 0x0000000084000000, 0x0000000084000000|100%| O|  |TAMS 0x0000000084000000, 0x0000000084000000| Untracked 
|  64|0x0000000084000000, 0x0000000084100000, 0x0000000084100000|100%| O|  |TAMS 0x0000000084100000, 0x0000000084100000| Untracked 
|  65|0x0000000084100000, 0x0000000084200000, 0x0000000084200000|100%| O|  |TAMS 0x0000000084200000, 0x0000000084200000| Untracked 
|  66|0x0000000084200000, 0x0000000084300000, 0x0000000084300000|100%| O|  |TAMS 0x0000000084300000, 0x0000000084300000| Untracked 
|  67|0x0000000084300000, 0x0000000084400000, 0x0000000084400000|100%| O|  |TAMS 0x0000000084400000, 0x0000000084400000| Untracked 
|  68|0x0000000084400000, 0x0000000084500000, 0x0000000084500000|100%| O|  |TAMS 0x0000000084500000, 0x0000000084500000| Untracked 
|  69|0x0000000084500000, 0x0000000084600000, 0x0000000084600000|100%| O|  |TAMS 0x0000000084600000, 0x0000000084600000| Untracked 
|  70|0x0000000084600000, 0x0000000084700000, 0x0000000084700000|100%| O|  |TAMS 0x0000000084700000, 0x0000000084700000| Untracked 
|  71|0x0000000084700000, 0x0000000084800000, 0x0000000084800000|100%| O|  |TAMS 0x0000000084800000, 0x0000000084800000| Untracked 
|  72|0x0000000084800000, 0x0000000084900000, 0x0000000084900000|100%| O|  |TAMS 0x0000000084841000, 0x0000000084900000| Untracked 
|  73|0x0000000084900000, 0x0000000084a00000, 0x0000000084a00000|100%|HS|  |TAMS 0x0000000084a00000, 0x0000000084a00000| Complete 
|  74|0x0000000084a00000, 0x0000000084b00000, 0x0000000084b00000|100%|HS|  |TAMS 0x0000000084b00000, 0x0000000084b00000| Complete 
|  75|0x0000000084b00000, 0x0000000084c00000, 0x0000000084c00000|100%|HS|  |TAMS 0x0000000084c00000, 0x0000000084c00000| Complete 
|  76|0x0000000084c00000, 0x0000000084d00000, 0x0000000084d00000|100%| O|  |TAMS 0x0000000084c00000, 0x0000000084d00000| Untracked 
|  77|0x0000000084d00000, 0x0000000084e00000, 0x0000000084e00000|100%| O|  |TAMS 0x0000000084d00000, 0x0000000084e00000| Untracked 
|  78|0x0000000084e00000, 0x0000000084f00000, 0x0000000084f00000|100%| O|  |TAMS 0x0000000084e00000, 0x0000000084f00000| Untracked 
|  79|0x0000000084f00000, 0x0000000085000000, 0x0000000085000000|100%| O|  |TAMS 0x0000000084f00000, 0x0000000085000000| Untracked 
|  80|0x0000000085000000, 0x0000000085100000, 0x0000000085100000|100%| O|  |TAMS 0x0000000085000000, 0x0000000085100000| Untracked 
|  81|0x0000000085100000, 0x0000000085200000, 0x0000000085200000|100%| O|  |TAMS 0x0000000085100000, 0x0000000085200000| Untracked 
|  82|0x0000000085200000, 0x0000000085300000, 0x0000000085300000|100%| O|  |TAMS 0x0000000085200000, 0x0000000085300000| Untracked 
|  83|0x0000000085300000, 0x0000000085400000, 0x0000000085400000|100%| O|  |TAMS 0x0000000085300000, 0x0000000085400000| Untracked 
|  84|0x0000000085400000, 0x0000000085500000, 0x0000000085500000|100%| O|  |TAMS 0x0000000085400000, 0x0000000085500000| Untracked 
|  85|0x0000000085500000, 0x0000000085600000, 0x0000000085600000|100%| O|  |TAMS 0x0000000085500000, 0x0000000085600000| Untracked 
|  86|0x0000000085600000, 0x0000000085700000, 0x0000000085700000|100%| O|  |TAMS 0x0000000085600000, 0x0000000085700000| Untracked 
|  87|0x0000000085700000, 0x0000000085800000, 0x0000000085800000|100%| O|  |TAMS 0x0000000085700000, 0x0000000085800000| Untracked 
|  88|0x0000000085800000, 0x0000000085800000, 0x0000000085900000|  0%| F|  |TAMS 0x0000000085800000, 0x0000000085800000| Untracked 
|  89|0x0000000085900000, 0x0000000085a00000, 0x0000000085a00000|100%| O|  |TAMS 0x0000000085900000, 0x0000000085a00000| Untracked 
|  90|0x0000000085a00000, 0x0000000085b00000, 0x0000000085b00000|100%| O|  |TAMS 0x0000000085a00000, 0x0000000085b00000| Untracked 
|  91|0x0000000085b00000, 0x0000000085c00000, 0x0000000085c00000|100%| O|  |TAMS 0x0000000085b00000, 0x0000000085c00000| Untracked 
|  92|0x0000000085c00000, 0x0000000085c56e00, 0x0000000085d00000| 33%| O|  |TAMS 0x0000000085c00000, 0x0000000085c56e00| Untracked 
|  93|0x0000000085d00000, 0x0000000085d00000, 0x0000000085e00000|  0%| F|  |TAMS 0x0000000085d00000, 0x0000000085d00000| Untracked 
|  94|0x0000000085e00000, 0x0000000085e00000, 0x0000000085f00000|  0%| F|  |TAMS 0x0000000085e00000, 0x0000000085e00000| Untracked 
|  95|0x0000000085f00000, 0x0000000085f00000, 0x0000000086000000|  0%| F|  |TAMS 0x0000000085f00000, 0x0000000085f00000| Untracked 
|  96|0x0000000086000000, 0x0000000086000000, 0x0000000086100000|  0%| F|  |TAMS 0x0000000086000000, 0x0000000086000000| Untracked 
|  97|0x0000000086100000, 0x0000000086100000, 0x0000000086200000|  0%| F|  |TAMS 0x0000000086100000, 0x0000000086100000| Untracked 
|  98|0x0000000086200000, 0x0000000086200000, 0x0000000086300000|  0%| F|  |TAMS 0x0000000086200000, 0x0000000086200000| Untracked 
|  99|0x0000000086300000, 0x0000000086300000, 0x0000000086400000|  0%| F|  |TAMS 0x0000000086300000, 0x0000000086300000| Untracked 
| 100|0x0000000086400000, 0x0000000086400000, 0x0000000086500000|  0%| F|  |TAMS 0x0000000086400000, 0x0000000086400000| Untracked 
| 101|0x0000000086500000, 0x0000000086500000, 0x0000000086600000|  0%| F|  |TAMS 0x0000000086500000, 0x0000000086500000| Untracked 
| 102|0x0000000086600000, 0x0000000086600000, 0x0000000086700000|  0%| F|  |TAMS 0x0000000086600000, 0x0000000086600000| Untracked 
| 103|0x0000000086700000, 0x0000000086700000, 0x0000000086800000|  0%| F|  |TAMS 0x0000000086700000, 0x0000000086700000| Untracked 
| 104|0x0000000086800000, 0x0000000086800000, 0x0000000086900000|  0%| F|  |TAMS 0x0000000086800000, 0x0000000086800000| Untracked 
| 105|0x0000000086900000, 0x0000000086900000, 0x0000000086a00000|  0%| F|  |TAMS 0x0000000086900000, 0x0000000086900000| Untracked 
| 106|0x0000000086a00000, 0x0000000086a00000, 0x0000000086b00000|  0%| F|  |TAMS 0x0000000086a00000, 0x0000000086a00000| Untracked 
| 107|0x0000000086b00000, 0x0000000086b00000, 0x0000000086c00000|  0%| F|  |TAMS 0x0000000086b00000, 0x0000000086b00000| Untracked 
| 108|0x0000000086c00000, 0x0000000086c00000, 0x0000000086d00000|  0%| F|  |TAMS 0x0000000086c00000, 0x0000000086c00000| Untracked 
| 109|0x0000000086d00000, 0x0000000086d00000, 0x0000000086e00000|  0%| F|  |TAMS 0x0000000086d00000, 0x0000000086d00000| Untracked 
| 110|0x0000000086e00000, 0x0000000086e00000, 0x0000000086f00000|  0%| F|  |TAMS 0x0000000086e00000, 0x0000000086e00000| Untracked 
| 111|0x0000000086f00000, 0x0000000086f00000, 0x0000000087000000|  0%| F|  |TAMS 0x0000000086f00000, 0x0000000086f00000| Untracked 
| 112|0x0000000087000000, 0x0000000087000000, 0x0000000087100000|  0%| F|  |TAMS 0x0000000087000000, 0x0000000087000000| Untracked 
| 113|0x0000000087100000, 0x0000000087100000, 0x0000000087200000|  0%| F|  |TAMS 0x0000000087100000, 0x0000000087100000| Untracked 
| 114|0x0000000087200000, 0x0000000087200000, 0x0000000087300000|  0%| F|  |TAMS 0x0000000087200000, 0x0000000087200000| Untracked 
| 115|0x0000000087300000, 0x0000000087300000, 0x0000000087400000|  0%| F|  |TAMS 0x0000000087300000, 0x0000000087300000| Untracked 
| 116|0x0000000087400000, 0x0000000087400000, 0x0000000087500000|  0%| F|  |TAMS 0x0000000087400000, 0x0000000087400000| Untracked 
| 117|0x0000000087500000, 0x0000000087500000, 0x0000000087600000|  0%| F|  |TAMS 0x0000000087500000, 0x0000000087500000| Untracked 
| 118|0x0000000087600000, 0x0000000087600000, 0x0000000087700000|  0%| F|  |TAMS 0x0000000087600000, 0x0000000087600000| Untracked 
| 119|0x0000000087700000, 0x0000000087700000, 0x0000000087800000|  0%| F|  |TAMS 0x0000000087700000, 0x0000000087700000| Untracked 
| 120|0x0000000087800000, 0x0000000087800000, 0x0000000087900000|  0%| F|  |TAMS 0x0000000087800000, 0x0000000087800000| Untracked 
| 121|0x0000000087900000, 0x0000000087900000, 0x0000000087a00000|  0%| F|  |TAMS 0x0000000087900000, 0x0000000087900000| Untracked 
| 122|0x0000000087a00000, 0x0000000087a00000, 0x0000000087b00000|  0%| F|  |TAMS 0x0000000087a00000, 0x0000000087a00000| Untracked 
| 123|0x0000000087b00000, 0x0000000087b00000, 0x0000000087c00000|  0%| F|  |TAMS 0x0000000087b00000, 0x0000000087b00000| Untracked 
| 124|0x0000000087c00000, 0x0000000087c00000, 0x0000000087d00000|  0%| F|  |TAMS 0x0000000087c00000, 0x0000000087c00000| Untracked 
| 125|0x0000000087d00000, 0x0000000087d4a110, 0x0000000087e00000| 28%| S|CS|TAMS 0x0000000087d00000, 0x0000000087d00000| Complete 
| 126|0x0000000087e00000, 0x0000000087f00000, 0x0000000087f00000|100%| S|CS|TAMS 0x0000000087e00000, 0x0000000087e00000| Complete 
| 127|0x0000000087f00000, 0x0000000088000000, 0x0000000088000000|100%| S|CS|TAMS 0x0000000087f00000, 0x0000000087f00000| Complete 
| 128|0x0000000088000000, 0x0000000088100000, 0x0000000088100000|100%| S|CS|TAMS 0x0000000088000000, 0x0000000088000000| Complete 
| 129|0x0000000088100000, 0x0000000088100000, 0x0000000088200000|  0%| F|  |TAMS 0x0000000088100000, 0x0000000088100000| Untracked 
| 130|0x0000000088200000, 0x0000000088200000, 0x0000000088300000|  0%| F|  |TAMS 0x0000000088200000, 0x0000000088200000| Untracked 
| 131|0x0000000088300000, 0x0000000088300000, 0x0000000088400000|  0%| F|  |TAMS 0x0000000088300000, 0x0000000088300000| Untracked 
| 132|0x0000000088400000, 0x0000000088500000, 0x0000000088500000|100%| S|CS|TAMS 0x0000000088400000, 0x0000000088400000| Complete 
| 133|0x0000000088500000, 0x0000000088600000, 0x0000000088600000|100%| S|CS|TAMS 0x0000000088500000, 0x0000000088500000| Complete 
| 134|0x0000000088600000, 0x0000000088600000, 0x0000000088700000|  0%| F|  |TAMS 0x0000000088600000, 0x0000000088600000| Untracked 
| 135|0x0000000088700000, 0x0000000088700000, 0x0000000088800000|  0%| F|  |TAMS 0x0000000088700000, 0x0000000088700000| Untracked 
| 136|0x0000000088800000, 0x0000000088800000, 0x0000000088900000|  0%| F|  |TAMS 0x0000000088800000, 0x0000000088800000| Untracked 
| 137|0x0000000088900000, 0x0000000088900000, 0x0000000088a00000|  0%| F|  |TAMS 0x0000000088900000, 0x0000000088900000| Untracked 
| 138|0x0000000088a00000, 0x0000000088a00000, 0x0000000088b00000|  0%| F|  |TAMS 0x0000000088a00000, 0x0000000088a00000| Untracked 
| 139|0x0000000088b00000, 0x0000000088b00000, 0x0000000088c00000|  0%| F|  |TAMS 0x0000000088b00000, 0x0000000088b00000| Untracked 
| 140|0x0000000088c00000, 0x0000000088c00000, 0x0000000088d00000|  0%| F|  |TAMS 0x0000000088c00000, 0x0000000088c00000| Untracked 
| 141|0x0000000088d00000, 0x0000000088d00000, 0x0000000088e00000|  0%| F|  |TAMS 0x0000000088d00000, 0x0000000088d00000| Untracked 
| 142|0x0000000088e00000, 0x0000000088e00000, 0x0000000088f00000|  0%| F|  |TAMS 0x0000000088e00000, 0x0000000088e00000| Untracked 
| 143|0x0000000088f00000, 0x0000000088f00000, 0x0000000089000000|  0%| F|  |TAMS 0x0000000088f00000, 0x0000000088f00000| Untracked 
| 144|0x0000000089000000, 0x0000000089000000, 0x0000000089100000|  0%| F|  |TAMS 0x0000000089000000, 0x0000000089000000| Untracked 
| 145|0x0000000089100000, 0x0000000089100000, 0x0000000089200000|  0%| F|  |TAMS 0x0000000089100000, 0x0000000089100000| Untracked 
| 146|0x0000000089200000, 0x0000000089200000, 0x0000000089300000|  0%| F|  |TAMS 0x0000000089200000, 0x0000000089200000| Untracked 
| 147|0x0000000089300000, 0x0000000089300000, 0x0000000089400000|  0%| F|  |TAMS 0x0000000089300000, 0x0000000089300000| Untracked 
| 148|0x0000000089400000, 0x0000000089400000, 0x0000000089500000|  0%| F|  |TAMS 0x0000000089400000, 0x0000000089400000| Untracked 
| 149|0x0000000089500000, 0x0000000089500000, 0x0000000089600000|  0%| F|  |TAMS 0x0000000089500000, 0x0000000089500000| Untracked 
| 150|0x0000000089600000, 0x0000000089600000, 0x0000000089700000|  0%| F|  |TAMS 0x0000000089600000, 0x0000000089600000| Untracked 
| 151|0x0000000089700000, 0x0000000089700000, 0x0000000089800000|  0%| F|  |TAMS 0x0000000089700000, 0x0000000089700000| Untracked 
| 152|0x0000000089800000, 0x0000000089800000, 0x0000000089900000|  0%| F|  |TAMS 0x0000000089800000, 0x0000000089800000| Untracked 
| 153|0x0000000089900000, 0x0000000089900000, 0x0000000089a00000|  0%| F|  |TAMS 0x0000000089900000, 0x0000000089900000| Untracked 
| 154|0x0000000089a00000, 0x0000000089a00000, 0x0000000089b00000|  0%| F|  |TAMS 0x0000000089a00000, 0x0000000089a00000| Untracked 
| 155|0x0000000089b00000, 0x0000000089b00000, 0x0000000089c00000|  0%| F|  |TAMS 0x0000000089b00000, 0x0000000089b00000| Untracked 
| 156|0x0000000089c00000, 0x0000000089c00000, 0x0000000089d00000|  0%| F|  |TAMS 0x0000000089c00000, 0x0000000089c00000| Untracked 
| 157|0x0000000089d00000, 0x0000000089d00000, 0x0000000089e00000|  0%| F|  |TAMS 0x0000000089d00000, 0x0000000089d00000| Untracked 
| 158|0x0000000089e00000, 0x0000000089e00000, 0x0000000089f00000|  0%| F|  |TAMS 0x0000000089e00000, 0x0000000089e00000| Untracked 
| 159|0x0000000089f00000, 0x0000000089f00000, 0x000000008a000000|  0%| F|  |TAMS 0x0000000089f00000, 0x0000000089f00000| Untracked 
| 160|0x000000008a000000, 0x000000008a000000, 0x000000008a100000|  0%| F|  |TAMS 0x000000008a000000, 0x000000008a000000| Untracked 
| 161|0x000000008a100000, 0x000000008a100000, 0x000000008a200000|  0%| F|  |TAMS 0x000000008a100000, 0x000000008a100000| Untracked 
| 162|0x000000008a200000, 0x000000008a200000, 0x000000008a300000|  0%| F|  |TAMS 0x000000008a200000, 0x000000008a200000| Untracked 
| 163|0x000000008a300000, 0x000000008a300000, 0x000000008a400000|  0%| F|  |TAMS 0x000000008a300000, 0x000000008a300000| Untracked 
| 164|0x000000008a400000, 0x000000008a400000, 0x000000008a500000|  0%| F|  |TAMS 0x000000008a400000, 0x000000008a400000| Untracked 
| 165|0x000000008a500000, 0x000000008a500000, 0x000000008a600000|  0%| F|  |TAMS 0x000000008a500000, 0x000000008a500000| Untracked 
| 166|0x000000008a600000, 0x000000008a600000, 0x000000008a700000|  0%| F|  |TAMS 0x000000008a600000, 0x000000008a600000| Untracked 
| 167|0x000000008a700000, 0x000000008a700000, 0x000000008a800000|  0%| F|  |TAMS 0x000000008a700000, 0x000000008a700000| Untracked 
| 168|0x000000008a800000, 0x000000008a800000, 0x000000008a900000|  0%| F|  |TAMS 0x000000008a800000, 0x000000008a800000| Untracked 
| 169|0x000000008a900000, 0x000000008a900000, 0x000000008aa00000|  0%| F|  |TAMS 0x000000008a900000, 0x000000008a900000| Untracked 
| 170|0x000000008aa00000, 0x000000008aa00000, 0x000000008ab00000|  0%| F|  |TAMS 0x000000008aa00000, 0x000000008aa00000| Untracked 
| 171|0x000000008ab00000, 0x000000008ab00000, 0x000000008ac00000|  0%| F|  |TAMS 0x000000008ab00000, 0x000000008ab00000| Untracked 
| 172|0x000000008ac00000, 0x000000008ac00000, 0x000000008ad00000|  0%| F|  |TAMS 0x000000008ac00000, 0x000000008ac00000| Untracked 
| 173|0x000000008ad00000, 0x000000008ad00000, 0x000000008ae00000|  0%| F|  |TAMS 0x000000008ad00000, 0x000000008ad00000| Untracked 
| 174|0x000000008ae00000, 0x000000008ae00000, 0x000000008af00000|  0%| F|  |TAMS 0x000000008ae00000, 0x000000008ae00000| Untracked 
| 175|0x000000008af00000, 0x000000008af00000, 0x000000008b000000|  0%| F|  |TAMS 0x000000008af00000, 0x000000008af00000| Untracked 

Card table byte_map: [0x000001b3f1b40000,0x000001b3f1f40000] _byte_map_base: 0x000001b3f1740000

Marking Bits (Prev, Next): (CMBitMap*) 0x000001b3df2c77c0, (CMBitMap*) 0x000001b3df2c7800
 Prev Bits: [0x000001b3f2340000, 0x000001b3f4340000)
 Next Bits: [0x000001b3f4340000, 0x000001b3f6340000)

Polling page: 0x000001b3dd090000

Metaspace:

Usage:
  Non-class:     65.80 MB used.
      Class:     10.26 MB used.
       Both:     76.06 MB used.

Virtual space:
  Non-class space:       72.00 MB reserved,      66.19 MB ( 92%) committed,  9 nodes.
      Class space:        1.00 GB reserved,      10.56 MB (  1%) committed,  1 nodes.
             Both:        1.07 GB reserved,      76.75 MB (  7%) committed. 

Chunk freelists:
   Non-Class:  1.78 MB
       Class:  1.39 MB
        Both:  3.17 MB

MaxMetaspaceSize: unlimited
CompressedClassSpaceSize: 1.00 GB
Initial GC threshold: 21.00 MB
Current GC threshold: 90.75 MB
CDS: off
MetaspaceReclaimPolicy: balanced
 - commit_granule_bytes: 65536.
 - commit_granule_words: 8192.
 - virtual_space_node_default_size: 1048576.
 - enlarge_chunks_in_place: 1.
 - new_chunks_are_fully_committed: 0.
 - uncommit_free_chunks: 1.
 - use_allocation_guard: 0.
 - handle_deallocations: 1.


Internal statistics:

num_allocs_failed_limit: 3.
num_arena_births: 734.
num_arena_deaths: 0.
num_vsnodes_births: 10.
num_vsnodes_deaths: 0.
num_space_committed: 1228.
num_space_uncommitted: 0.
num_chunks_returned_to_freelist: 3.
num_chunks_taken_from_freelist: 3451.
num_chunk_merges: 3.
num_chunk_splits: 2301.
num_chunks_enlarged: 1584.
num_purges: 0.
num_inconsistent_stats: 0.

CodeHeap 'non-profiled nmethods': size=120000Kb used=3042Kb max_used=3282Kb free=116957Kb
 bounds [0x000001b3ea210000, 0x000001b3ea550000, 0x000001b3f1740000]
CodeHeap 'profiled nmethods': size=120000Kb used=12894Kb max_used=13175Kb free=107105Kb
 bounds [0x000001b3e2740000, 0x000001b3e3420000, 0x000001b3e9c70000]
CodeHeap 'non-nmethods': size=5760Kb used=2364Kb max_used=2432Kb free=3395Kb
 bounds [0x000001b3e9c70000, 0x000001b3e9ef0000, 0x000001b3ea210000]
 total_blobs=7547 nmethods=6651 adapters=808
 compilation: enabled
              stopped_count=0, restarted_count=0
 full_count=0

Compilation events (20 events):
Event: 14.250 Thread 0x000001b3f94291a0 7536       3       org.gradle.internal.instantiation.generator.AbstractClassGenerator$GeneratedClassImpl$GeneratedConstructorImpl::<init> (27 bytes)
Event: 14.250 Thread 0x000001b3f94291a0 nmethod 7536 0x000001b3e28e2910 code [0x000001b3e28e2ae0, 0x000001b3e28e3038]
Event: 14.250 Thread 0x000001b3f94291a0 7537       3       org.gradle.internal.instantiation.generator.AsmBackedClassGenerator::createUsingConstructor (13 bytes)
Event: 14.250 Thread 0x000001b3f94291a0 nmethod 7537 0x000001b3e28e2290 code [0x000001b3e28e2440, 0x000001b3e28e27b8]
Event: 14.252 Thread 0x000001b3f941d390 nmethod 7521 0x000001b3ea319d10 code [0x000001b3ea319ec0, 0x000001b3ea31a6a8]
Event: 14.252 Thread 0x000001b3f941d390 7525       4       java.lang.AbstractStringBuilder::putStringAt (12 bytes)
Event: 14.254 Thread 0x000001b3f941d390 nmethod 7525 0x000001b3ea28fd10 code [0x000001b3ea28fea0, 0x000001b3ea2901e8]
Event: 14.254 Thread 0x000001b3f941d390 7532       4       java.util.TreeMap::successor (66 bytes)
Event: 14.255 Thread 0x000001b3f941d390 nmethod 7532 0x000001b3ea319990 code [0x000001b3ea319b00, 0x000001b3ea319bf8]
Event: 14.256 Thread 0x000001b3f941d390 7533       4       java.util.TreeMap$PrivateEntryIterator::nextEntry (54 bytes)
Event: 14.257 Thread 0x000001b3f94291a0 7539       3       org.gradle.internal.instantiation.generator.AbstractClassGenerator::access$1600 (6 bytes)
Event: 14.258 Thread 0x000001b3f94291a0 nmethod 7539 0x000001b3e283b490 code [0x000001b3e283b620, 0x000001b3e283b748]
Event: 14.258 Thread 0x000001b3f941d390 nmethod 7533 0x000001b3ea319310 code [0x000001b3ea3194a0, 0x000001b3ea3197d8]
Event: 14.258 Thread 0x000001b3f941d390 7538 %     4       org.gradle.internal.instantiation.generator.AbstractClassGenerator::inspectType @ 250 (560 bytes)
Event: 14.259 Thread 0x000001b3f94291a0 7542       3       com.google.common.collect.Lists::newArrayList (36 bytes)
Event: 14.260 Thread 0x000001b3f94291a0 nmethod 7542 0x000001b3e28e1490 code [0x000001b3e28e16c0, 0x000001b3e28e2018]
Event: 14.266 Thread 0x000001b3f94291a0 7544       3       org.gradle.api.internal.artifacts.configurations.DefaultConfiguration::notifyChildren (40 bytes)
Event: 14.267 Thread 0x000001b3f94291a0 nmethod 7544 0x000001b3e28e0b10 code [0x000001b3e28e0d00, 0x000001b3e28e12b8]
Event: 14.267 Thread 0x000001b3f94291a0 7545       1       com.android.build.gradle.internal.core.dsl.impl.ComponentDslInfoImpl::getComponentType (5 bytes)
Event: 14.267 Thread 0x000001b3f94291a0 nmethod 7545 0x000001b3ea319010 code [0x000001b3ea3191a0, 0x000001b3ea319278]

GC Heap History (20 events):
Event: 8.130 GC heap after
{Heap after GC invocations=20 (full 0):
 garbage-first heap   total 180224K, used 56546K [0x0000000080000000, 0x0000000100000000)
  region size 1024K, 2 young (2048K), 2 survivors (2048K)
 Metaspace       used 42185K, committed 42560K, reserved 1089536K
  class space    used 5621K, committed 5824K, reserved 1048576K
}
Event: 9.197 GC heap before
{Heap before GC invocations=20 (full 0):
 garbage-first heap   total 180224K, used 126178K [0x0000000080000000, 0x0000000100000000)
  region size 1024K, 60 young (61440K), 2 survivors (2048K)
 Metaspace       used 49223K, committed 49792K, reserved 1097728K
  class space    used 6430K, committed 6656K, reserved 1048576K
}
Event: 9.211 GC heap after
{Heap after GC invocations=21 (full 0):
 garbage-first heap   total 180224K, used 69485K [0x0000000080000000, 0x0000000100000000)
  region size 1024K, 8 young (8192K), 8 survivors (8192K)
 Metaspace       used 49223K, committed 49792K, reserved 1097728K
  class space    used 6430K, committed 6656K, reserved 1048576K
}
Event: 10.580 GC heap before
{Heap before GC invocations=21 (full 0):
 garbage-first heap   total 180224K, used 130925K [0x0000000080000000, 0x0000000100000000)
  region size 1024K, 68 young (69632K), 8 survivors (8192K)
 Metaspace       used 54501K, committed 55104K, reserved 1097728K
  class space    used 7264K, committed 7552K, reserved 1048576K
}
Event: 10.596 GC heap after
{Heap after GC invocations=22 (full 0):
 garbage-first heap   total 180224K, used 74752K [0x0000000080000000, 0x0000000100000000)
  region size 1024K, 6 young (6144K), 6 survivors (6144K)
 Metaspace       used 54501K, committed 55104K, reserved 1097728K
  class space    used 7264K, committed 7552K, reserved 1048576K
}
Event: 10.906 GC heap before
{Heap before GC invocations=22 (full 0):
 garbage-first heap   total 180224K, used 93184K [0x0000000080000000, 0x0000000100000000)
  region size 1024K, 26 young (26624K), 6 survivors (6144K)
 Metaspace       used 54766K, committed 55424K, reserved 1097728K
  class space    used 7276K, committed 7552K, reserved 1048576K
}
Event: 10.914 GC heap after
{Heap after GC invocations=23 (full 0):
 garbage-first heap   total 180224K, used 78058K [0x0000000080000000, 0x0000000100000000)
  region size 1024K, 4 young (4096K), 4 survivors (4096K)
 Metaspace       used 54766K, committed 55424K, reserved 1097728K
  class space    used 7276K, committed 7552K, reserved 1048576K
}
Event: 11.115 GC heap before
{Heap before GC invocations=24 (full 0):
 garbage-first heap   total 180224K, used 87274K [0x0000000080000000, 0x0000000100000000)
  region size 1024K, 11 young (11264K), 4 survivors (4096K)
 Metaspace       used 55111K, committed 55744K, reserved 1097728K
  class space    used 7334K, committed 7616K, reserved 1048576K
}
Event: 11.118 GC heap after
{Heap after GC invocations=25 (full 0):
 garbage-first heap   total 180224K, used 84143K [0x0000000080000000, 0x0000000100000000)
  region size 1024K, 7 young (7168K), 7 survivors (7168K)
 Metaspace       used 55111K, committed 55744K, reserved 1097728K
  class space    used 7334K, committed 7616K, reserved 1048576K
}
Event: 11.810 GC heap before
{Heap before GC invocations=26 (full 0):
 garbage-first heap   total 180224K, used 127151K [0x0000000080000000, 0x0000000100000000)
  region size 1024K, 48 young (49152K), 7 survivors (7168K)
 Metaspace       used 61222K, committed 61824K, reserved 1105920K
  class space    used 8087K, committed 8320K, reserved 1048576K
}
Event: 11.815 GC heap after
{Heap after GC invocations=27 (full 0):
 garbage-first heap   total 180224K, used 86309K [0x0000000080000000, 0x0000000100000000)
  region size 1024K, 4 young (4096K), 4 survivors (4096K)
 Metaspace       used 61222K, committed 61824K, reserved 1105920K
  class space    used 8087K, committed 8320K, reserved 1048576K
}
Event: 11.875 GC heap before
{Heap before GC invocations=27 (full 0):
 garbage-first heap   total 180224K, used 90405K [0x0000000080000000, 0x0000000100000000)
  region size 1024K, 8 young (8192K), 4 survivors (4096K)
 Metaspace       used 61867K, committed 62464K, reserved 1105920K
  class space    used 8154K, committed 8384K, reserved 1048576K
}
Event: 11.879 GC heap after
{Heap after GC invocations=28 (full 0):
 garbage-first heap   total 180224K, used 86236K [0x0000000080000000, 0x0000000100000000)
  region size 1024K, 1 young (1024K), 1 survivors (1024K)
 Metaspace       used 61867K, committed 62464K, reserved 1105920K
  class space    used 8154K, committed 8384K, reserved 1048576K
}
Event: 12.571 GC heap before
{Heap before GC invocations=28 (full 0):
 garbage-first heap   total 180224K, used 135388K [0x0000000080000000, 0x0000000100000000)
  region size 1024K, 43 young (44032K), 1 survivors (1024K)
 Metaspace       used 67394K, committed 68032K, reserved 1114112K
  class space    used 8903K, committed 9216K, reserved 1048576K
}
Event: 12.575 GC heap after
{Heap after GC invocations=29 (full 0):
 garbage-first heap   total 180224K, used 90084K [0x0000000080000000, 0x0000000100000000)
  region size 1024K, 5 young (5120K), 5 survivors (5120K)
 Metaspace       used 67394K, committed 68032K, reserved 1114112K
  class space    used 8903K, committed 9216K, reserved 1048576K
}
Event: 13.112 GC heap before
{Heap before GC invocations=29 (full 0):
 garbage-first heap   total 180224K, used 133092K [0x0000000080000000, 0x0000000100000000)
  region size 1024K, 47 young (48128K), 5 survivors (5120K)
 Metaspace       used 70602K, committed 71232K, reserved 1114112K
  class space    used 9323K, committed 9600K, reserved 1048576K
}
Event: 13.120 GC heap after
{Heap after GC invocations=30 (full 0):
 garbage-first heap   total 180224K, used 93649K [0x0000000080000000, 0x0000000100000000)
  region size 1024K, 4 young (4096K), 4 survivors (4096K)
 Metaspace       used 70602K, committed 71232K, reserved 1114112K
  class space    used 9323K, committed 9600K, reserved 1048576K
}
Event: 13.512 GC heap before
{Heap before GC invocations=30 (full 0):
 garbage-first heap   total 180224K, used 137681K [0x0000000080000000, 0x0000000100000000)
  region size 1024K, 47 young (48128K), 4 survivors (4096K)
 Metaspace       used 72955K, committed 73600K, reserved 1114112K
  class space    used 9636K, committed 9920K, reserved 1048576K
}
Event: 13.518 GC heap after
{Heap after GC invocations=31 (full 0):
 garbage-first heap   total 180224K, used 97627K [0x0000000080000000, 0x0000000100000000)
  region size 1024K, 3 young (3072K), 3 survivors (3072K)
 Metaspace       used 72955K, committed 73600K, reserved 1114112K
  class space    used 9636K, committed 9920K, reserved 1048576K
}
Event: 14.279 GC heap before
{Heap before GC invocations=31 (full 0):
 garbage-first heap   total 180224K, used 140635K [0x0000000080000000, 0x0000000100000000)
  region size 1024K, 45 young (46080K), 3 survivors (3072K)
 Metaspace       used 77885K, committed 78592K, reserved 1122304K
  class space    used 10503K, committed 10816K, reserved 1048576K
}

Dll operation events (2 events):
Event: 0.014 Loaded shared library C:\Program Files\Android\Android Studio\jbr\bin\java.dll
Event: 0.369 Loaded shared library C:\Program Files\Android\Android Studio\jbr\bin\verify.dll

Deoptimization events (20 events):
Event: 13.568 Thread 0x000001b3fb84a0b0 DEOPT PACKING pc=0x000001b3ea2c9f94 sp=0x00000065e41f6fa0
Event: 13.568 Thread 0x000001b3fb84a0b0 DEOPT UNPACKING pc=0x000001b3e9cc69a3 sp=0x00000065e41f6f50 mode 2
Event: 13.568 Thread 0x000001b3fb84a0b0 Uncommon trap: trap_request=0xffffff45 fr.pc=0x000001b3ea217d38 relative=0x0000000000000038
Event: 13.568 Thread 0x000001b3fb84a0b0 Uncommon trap: reason=unstable_if action=reinterpret pc=0x000001b3ea217d38 method=java.lang.StringLatin1.canEncode(I)Z @ 4 c2
Event: 13.568 Thread 0x000001b3fb84a0b0 DEOPT PACKING pc=0x000001b3ea217d38 sp=0x00000065e41f6f60
Event: 13.568 Thread 0x000001b3fb84a0b0 DEOPT UNPACKING pc=0x000001b3e9cc69a3 sp=0x00000065e41f6ef0 mode 2
Event: 13.568 Thread 0x000001b3fb84a0b0 Uncommon trap: trap_request=0xffffff45 fr.pc=0x000001b3ea26bae8 relative=0x00000000000004c8
Event: 13.568 Thread 0x000001b3fb84a0b0 Uncommon trap: reason=unstable_if action=reinterpret pc=0x000001b3ea26bae8 method=java.lang.AbstractStringBuilder.putStringAt(ILjava/lang/String;II)V @ 8 c2
Event: 13.568 Thread 0x000001b3fb84a0b0 DEOPT PACKING pc=0x000001b3ea26bae8 sp=0x00000065e41f7080
Event: 13.568 Thread 0x000001b3fb84a0b0 DEOPT UNPACKING pc=0x000001b3e9cc69a3 sp=0x00000065e41f6f60 mode 2
Event: 13.569 Thread 0x000001b3fb84a0b0 Uncommon trap: trap_request=0xffffff45 fr.pc=0x000001b3ea246c54 relative=0x0000000000000134
Event: 13.569 Thread 0x000001b3fb84a0b0 Uncommon trap: reason=unstable_if action=reinterpret pc=0x000001b3ea246c54 method=java.lang.AbstractStringBuilder.putStringAt(ILjava/lang/String;II)V @ 8 c2
Event: 13.569 Thread 0x000001b3fb84a0b0 DEOPT PACKING pc=0x000001b3ea246c54 sp=0x00000065e41f7000
Event: 13.569 Thread 0x000001b3fb84a0b0 DEOPT UNPACKING pc=0x000001b3e9cc69a3 sp=0x00000065e41f6f48 mode 2
Event: 13.859 Thread 0x000001b3fb84a0b0 DEOPT PACKING pc=0x000001b3e2a475bb sp=0x00000065e41f8510
Event: 13.859 Thread 0x000001b3fb84a0b0 DEOPT UNPACKING pc=0x000001b3e9cc7143 sp=0x00000065e41f7a50 mode 0
Event: 14.089 Thread 0x000001b3fb84a0b0 Uncommon trap: trap_request=0xffffff45 fr.pc=0x000001b3ea497178 relative=0x00000000000002b8
Event: 14.089 Thread 0x000001b3fb84a0b0 Uncommon trap: reason=unstable_if action=reinterpret pc=0x000001b3ea497178 method=java.io.WinNTFileSystem.prefixLength(Ljava/lang/String;)I @ 11 c2
Event: 14.089 Thread 0x000001b3fb84a0b0 DEOPT PACKING pc=0x000001b3ea497178 sp=0x00000065e41f8780
Event: 14.090 Thread 0x000001b3fb84a0b0 DEOPT UNPACKING pc=0x000001b3e9cc69a3 sp=0x00000065e41f8700 mode 2

Classes unloaded (0 events):
No events

Classes redefined (0 events):
No events

Internal exceptions (20 events):
Event: 13.231 Thread 0x000001b3fb84a0b0 Exception <a 'java/lang/ClassNotFoundException'{0x0000000089934e30}: com/android/build/gradle/internal/CompileOptions$AgpDecorated_DecoratedBeanInfo> (0x0000000089934e30) 
thrown [s\src\hotspot\share\classfile\systemDictionary.cpp, line 256]
Event: 13.232 Thread 0x000001b3fb84a0b0 Exception <a 'java/lang/ClassNotFoundException'{0x0000000089942490}: com/android/build/gradle/internal/CompileOptions$AgpDecoratedBeanInfo> (0x0000000089942490) 
thrown [s\src\hotspot\share\classfile\systemDictionary.cpp, line 256]
Event: 13.232 Thread 0x000001b3fb84a0b0 Exception <a 'java/lang/ClassNotFoundException'{0x00000000899500f0}: com/android/build/gradle/internal/CompileOptionsBeanInfo> (0x00000000899500f0) 
thrown [s\src\hotspot\share\classfile\systemDictionary.cpp, line 256]
Event: 13.232 Thread 0x000001b3fb84a0b0 Exception <a 'java/lang/ClassNotFoundException'{0x000000008995d808}: com/android/build/gradle/internal/CompileOptionsCustomizer> (0x000000008995d808) 
thrown [s\src\hotspot\share\classfile\systemDictionary.cpp, line 256]
Event: 13.233 Thread 0x000001b3fb84a0b0 Exception <a 'java/lang/ClassNotFoundException'{0x00000000899761a8}: com/android/build/gradle/internal/CompileOptions$AgpDecoratedCustomizer> (0x00000000899761a8) 
thrown [s\src\hotspot\share\classfile\systemDictionary.cpp, line 256]
Event: 13.233 Thread 0x000001b3fb84a0b0 Exception <a 'java/lang/ClassNotFoundException'{0x0000000089987278}: com/android/build/gradle/internal/CompileOptions$AgpDecorated_DecoratedCustomizer> (0x0000000089987278) 
thrown [s\src\hotspot\share\classfile\systemDictionary.cpp, line 256]
Event: 13.237 Thread 0x000001b3fb84a0b0 Exception <a 'java/lang/ClassNotFoundException'{0x0000000089809280}: com/android/build/gradle/internal/dsl/ApplicationBuildFeaturesImpl_DecoratedBeanInfo> (0x0000000089809280) 
thrown [s\src\hotspot\share\classfile\systemDictionary.cpp, line 256]
Event: 13.238 Thread 0x000001b3fb84a0b0 Exception <a 'java/lang/ClassNotFoundException'{0x0000000089816a58}: com/android/build/gradle/internal/dsl/ApplicationBuildFeaturesImplBeanInfo> (0x0000000089816a58) 
thrown [s\src\hotspot\share\classfile\systemDictionary.cpp, line 256]
Event: 13.238 Thread 0x000001b3fb84a0b0 Exception <a 'java/lang/ClassNotFoundException'{0x0000000089824840}: com/android/build/gradle/internal/dsl/BuildFeaturesImplBeanInfo> (0x0000000089824840) 
thrown [s\src\hotspot\share\classfile\systemDictionary.cpp, line 256]
Event: 13.238 Thread 0x000001b3fb84a0b0 Exception <a 'java/lang/ClassNotFoundException'{0x00000000898320f0}: com/android/build/gradle/internal/dsl/BuildFeaturesImplCustomizer> (0x00000000898320f0) 
thrown [s\src\hotspot\share\classfile\systemDictionary.cpp, line 256]
Event: 13.239 Thread 0x000001b3fb84a0b0 Exception <a 'java/lang/ClassNotFoundException'{0x000000008984b3c8}: com/android/build/gradle/internal/dsl/ApplicationBuildFeaturesImplCustomizer> (0x000000008984b3c8) 
thrown [s\src\hotspot\share\classfile\systemDictionary.cpp, line 256]
Event: 13.239 Thread 0x000001b3fb84a0b0 Exception <a 'java/lang/ClassNotFoundException'{0x000000008985ec68}: com/android/build/gradle/internal/dsl/ApplicationBuildFeaturesImpl_DecoratedCustomizer> (0x000000008985ec68) 
thrown [s\src\hotspot\share\classfile\systemDictionary.cpp, line 256]
Event: 14.023 Thread 0x000001b3fb84a0b0 Exception <a 'java/lang/NoSuchMethodError'{0x0000000089533968}: 'int java.lang.invoke.DirectMethodHandle$Holder.invokeSpecialIFC(java.lang.Object, java.lang.Object, java.lang.Object, java.lang.Object, java.lang.Object)'> (0x0000000089533968) 
thrown [s\src\hotspot\share\interpreter\linkResolver.cpp, line 771]
Event: 14.253 Thread 0x000001b3fb84a0b0 Exception <a 'java/lang/ClassNotFoundException'{0x0000000088864ca0}: com/android/build/gradle/internal/api/ApkVariantOutputImpl_DecoratedBeanInfo> (0x0000000088864ca0) 
thrown [s\src\hotspot\share\classfile\systemDictionary.cpp, line 256]
Event: 14.253 Thread 0x000001b3fb84a0b0 Exception <a 'java/lang/ClassNotFoundException'{0x0000000088871b20}: com/android/build/gradle/internal/api/ApkVariantOutputImplBeanInfo> (0x0000000088871b20) 
thrown [s\src\hotspot\share\classfile\systemDictionary.cpp, line 256]
Event: 14.253 Thread 0x000001b3fb84a0b0 Exception <a 'java/lang/ClassNotFoundException'{0x000000008887e9b0}: com/android/build/gradle/internal/api/BaseVariantOutputImplBeanInfo> (0x000000008887e9b0) 
thrown [s\src\hotspot\share\classfile\systemDictionary.cpp, line 256]
Event: 14.253 Thread 0x000001b3fb84a0b0 Exception <a 'java/lang/ClassNotFoundException'{0x000000008888ba70}: com/android/build/gradle/internal/api/BaseVariantOutputImplCustomizer> (0x000000008888ba70) 
thrown [s\src\hotspot\share\classfile\systemDictionary.cpp, line 256]
Event: 14.254 Thread 0x000001b3fb84a0b0 Exception <a 'java/lang/ClassNotFoundException'{0x00000000888ab7d8}: com/android/build/gradle/internal/api/ApkVariantOutputImplCustomizer> (0x00000000888ab7d8) 
thrown [s\src\hotspot\share\classfile\systemDictionary.cpp, line 256]
Event: 14.255 Thread 0x000001b3fb84a0b0 Exception <a 'java/lang/ClassNotFoundException'{0x00000000888c6510}: com/android/build/gradle/internal/api/ApkVariantOutputImpl_DecoratedCustomizer> (0x00000000888c6510) 
thrown [s\src\hotspot\share\classfile\systemDictionary.cpp, line 256]
Event: 14.267 Thread 0x000001b3fb84a0b0 Exception <a 'java/lang/NoClassDefFoundError'{0x00000000887e7c28}: org/jetbrains/kotlin/gradle/plugin/KotlinBasePluginWrapper> (0x00000000887e7c28) 
thrown [s\src\hotspot\share\classfile\systemDictionary.cpp, line 245]

VM Operations (20 events):
Event: 12.031 Executing VM operation: HandshakeAllThreads done
Event: 12.234 Executing VM operation: HandshakeAllThreads
Event: 12.234 Executing VM operation: HandshakeAllThreads done
Event: 12.331 Executing VM operation: HandshakeAllThreads
Event: 12.331 Executing VM operation: HandshakeAllThreads done
Event: 12.342 Executing VM operation: HandshakeAllThreads
Event: 12.342 Executing VM operation: HandshakeAllThreads done
Event: 12.355 Executing VM operation: HandshakeAllThreads
Event: 12.355 Executing VM operation: HandshakeAllThreads done
Event: 12.477 Executing VM operation: ICBufferFull
Event: 12.477 Executing VM operation: ICBufferFull done
Event: 12.570 Executing VM operation: G1CollectForAllocation
Event: 12.575 Executing VM operation: G1CollectForAllocation done
Event: 13.112 Executing VM operation: G1CollectForAllocation
Event: 13.120 Executing VM operation: G1CollectForAllocation done
Event: 13.264 Executing VM operation: HandshakeAllThreads
Event: 13.264 Executing VM operation: HandshakeAllThreads done
Event: 13.512 Executing VM operation: G1CollectForAllocation
Event: 13.518 Executing VM operation: G1CollectForAllocation done
Event: 14.279 Executing VM operation: G1CollectForAllocation

Events (20 events):
Event: 12.364 Thread 0x000001b3f9429aa0 flushing nmethod 0x000001b3e340b290
Event: 12.364 Thread 0x000001b3f9429aa0 flushing nmethod 0x000001b3e340fc10
Event: 12.478 loading class java/security/KeyStore$ProtectionParameter
Event: 12.478 loading class java/security/KeyStore$ProtectionParameter done
Event: 12.839 loading class java/security/KeyStore
Event: 12.839 loading class java/security/KeyStore done
Event: 12.839 loading class java/security/KeyStore$1
Event: 12.839 loading class java/security/KeyStore$1 done
Event: 12.939 loading class javax/xml/stream/XMLStreamException
Event: 12.939 loading class javax/xml/stream/XMLStreamException done
Event: 12.956 loading class sun/reflect/annotation/AnnotationInvocationHandler$1
Event: 12.956 loading class sun/reflect/annotation/AnnotationInvocationHandler$1 done
Event: 13.153 loading class java/beans/IntrospectionException
Event: 13.154 loading class java/beans/IntrospectionException done
Event: 13.525 loading class sun/reflect/generics/repository/FieldRepository
Event: 13.525 loading class sun/reflect/generics/repository/FieldRepository done
Event: 13.569 loading class java/util/regex/Pattern$Caret
Event: 13.569 loading class java/util/regex/Pattern$Caret done
Event: 14.265 loading class java/io/CharArrayWriter
Event: 14.265 loading class java/io/CharArrayWriter done


Dynamic libraries:
0x00007ff68d3d0000 - 0x00007ff68d3da000 	C:\Program Files\Android\Android Studio\jbr\bin\java.exe
0x00007ffc0d690000 - 0x00007ffc0d888000 	C:\Windows\SYSTEM32\ntdll.dll
0x00007ffc0b960000 - 0x00007ffc0ba1d000 	C:\Windows\System32\KERNEL32.DLL
0x00007ffc0b150000 - 0x00007ffc0b446000 	C:\Windows\System32\KERNELBASE.dll
0x00007ffc0afb0000 - 0x00007ffc0b0b0000 	C:\Windows\System32\ucrtbase.dll
0x00007ffbec300000 - 0x00007ffbec317000 	C:\Program Files\Android\Android Studio\jbr\bin\jli.dll
0x00007ffc05cd0000 - 0x00007ffc05ceb000 	C:\Program Files\Android\Android Studio\jbr\bin\VCRUNTIME140.dll
0x00007ffc0d390000 - 0x00007ffc0d52e000 	C:\Windows\System32\USER32.dll
0x00007ffbf2c10000 - 0x00007ffbf2eaa000 	C:\Windows\WinSxS\amd64_microsoft.windows.common-controls_6595b64144ccf1df_6.0.19041.3636_none_60b6a03d71f818d5\COMCTL32.dll
0x00007ffc0b530000 - 0x00007ffc0b552000 	C:\Windows\System32\win32u.dll
0x00007ffc0c530000 - 0x00007ffc0c5ce000 	C:\Windows\System32\msvcrt.dll
0x00007ffc0b6f0000 - 0x00007ffc0b71c000 	C:\Windows\System32\GDI32.dll
0x00007ffc0b5d0000 - 0x00007ffc0b6ea000 	C:\Windows\System32\gdi32full.dll
0x00007ffc0b0b0000 - 0x00007ffc0b14d000 	C:\Windows\System32\msvcp_win.dll
0x00007ffc0d360000 - 0x00007ffc0d390000 	C:\Windows\System32\IMM32.DLL
0x00007ffc05cc0000 - 0x00007ffc05ccc000 	C:\Program Files\Android\Android Studio\jbr\bin\vcruntime140_1.dll
0x00007ffbec780000 - 0x00007ffbec80d000 	C:\Program Files\Android\Android Studio\jbr\bin\msvcp140.dll
0x00007ffb9e7c0000 - 0x00007ffb9f42e000 	C:\Program Files\Android\Android Studio\jbr\bin\server\jvm.dll
0x00007ffc0ceb0000 - 0x00007ffc0cf5f000 	C:\Windows\System32\ADVAPI32.dll
0x00007ffc0d0b0000 - 0x00007ffc0d14c000 	C:\Windows\System32\sechost.dll
0x00007ffc0c320000 - 0x00007ffc0c446000 	C:\Windows\System32\RPCRT4.dll
0x00007ffc06220000 - 0x00007ffc06229000 	C:\Windows\SYSTEM32\WSOCK32.dll
0x00007ffc01b90000 - 0x00007ffc01b9a000 	C:\Windows\SYSTEM32\VERSION.dll
0x00007ffbf2b50000 - 0x00007ffbf2b77000 	C:\Windows\SYSTEM32\WINMM.dll
0x00007ffc0ce40000 - 0x00007ffc0ceab000 	C:\Windows\System32\ws2_32.DLL
0x00007ffc08e10000 - 0x00007ffc08e22000 	C:\Windows\SYSTEM32\kernel.appcore.dll
0x00007ffc061f0000 - 0x00007ffc061fa000 	C:\Program Files\Android\Android Studio\jbr\bin\jimage.dll
0x00007ffc08b30000 - 0x00007ffc08d14000 	C:\Windows\SYSTEM32\DBGHELP.DLL
0x00007ffbf76f0000 - 0x00007ffbf7724000 	C:\Windows\SYSTEM32\dbgcore.DLL
0x00007ffc0af20000 - 0x00007ffc0afa2000 	C:\Windows\System32\bcryptPrimitives.dll
0x00007ffbe97f0000 - 0x00007ffbe9815000 	C:\Program Files\Android\Android Studio\jbr\bin\java.dll
0x00007ffbf7e40000 - 0x00007ffbf7e58000 	C:\Program Files\Android\Android Studio\jbr\bin\zip.dll
0x00007ffc0bbd0000 - 0x00007ffc0c315000 	C:\Windows\System32\SHELL32.dll
0x00007ffc08e30000 - 0x00007ffc095cb000 	C:\Windows\SYSTEM32\windows.storage.dll
0x00007ffc0c5d0000 - 0x00007ffc0c924000 	C:\Windows\System32\combase.dll
0x00007ffc0a6e0000 - 0x00007ffc0a70d000 	C:\Windows\SYSTEM32\Wldp.dll
0x00007ffc0b800000 - 0x00007ffc0b8ad000 	C:\Windows\System32\SHCORE.dll
0x00007ffc0cfd0000 - 0x00007ffc0d025000 	C:\Windows\System32\shlwapi.dll
0x00007ffc0aca0000 - 0x00007ffc0acc5000 	C:\Windows\SYSTEM32\profapi.dll
0x00007ffbf5180000 - 0x00007ffbf5199000 	C:\Program Files\Android\Android Studio\jbr\bin\net.dll
0x00007ffc01c90000 - 0x00007ffc01d9a000 	C:\Windows\SYSTEM32\WINHTTP.dll
0x00007ffc0a440000 - 0x00007ffc0a4aa000 	C:\Windows\system32\mswsock.dll
0x00007ffbec4b0000 - 0x00007ffbec4c6000 	C:\Program Files\Android\Android Studio\jbr\bin\nio.dll
0x00007ffc055a0000 - 0x00007ffc055b0000 	C:\Program Files\Android\Android Studio\jbr\bin\verify.dll
0x00007ffbe6560000 - 0x00007ffbe6587000 	C:\Users\LENOVO\.gradle\native\68d5fa5c4cc2d200863cafc0d521ce42e7d3e7ee720ec0a83991735586a16f82\windows-amd64\native-platform.dll
0x00007ffbec630000 - 0x00007ffbec774000 	C:\Users\LENOVO\.gradle\native\e376f236ea51e6404a007f0833ffe2c6e607c4080706a723a18a27aeea778392\windows-amd64\native-platform-file-events.dll
0x00007ffc04920000 - 0x00007ffc04929000 	C:\Program Files\Android\Android Studio\jbr\bin\management.dll
0x00007ffbf6050000 - 0x00007ffbf605b000 	C:\Program Files\Android\Android Studio\jbr\bin\management_ext.dll
0x00007ffc0cfc0000 - 0x00007ffc0cfc8000 	C:\Windows\System32\PSAPI.DLL
0x00007ffc0a640000 - 0x00007ffc0a658000 	C:\Windows\SYSTEM32\CRYPTSP.dll
0x00007ffc09d70000 - 0x00007ffc09da4000 	C:\Windows\system32\rsaenh.dll
0x00007ffc0b450000 - 0x00007ffc0b477000 	C:\Windows\System32\bcrypt.dll
0x00007ffc0ac60000 - 0x00007ffc0ac8e000 	C:\Windows\SYSTEM32\USERENV.dll
0x00007ffc0a630000 - 0x00007ffc0a63c000 	C:\Windows\SYSTEM32\CRYPTBASE.dll
0x00007ffc0a130000 - 0x00007ffc0a16b000 	C:\Windows\SYSTEM32\IPHLPAPI.DLL
0x00007ffc0c520000 - 0x00007ffc0c528000 	C:\Windows\System32\NSI.dll
0x00007ffc026b0000 - 0x00007ffc026c7000 	C:\Windows\SYSTEM32\dhcpcsvc6.DLL
0x00007ffc02e60000 - 0x00007ffc02e7d000 	C:\Windows\SYSTEM32\dhcpcsvc.DLL
0x00007ffc0a170000 - 0x00007ffc0a23a000 	C:\Windows\SYSTEM32\DNSAPI.dll
0x00007ffc05320000 - 0x00007ffc05327000 	C:\Windows\system32\wshunix.dll

dbghelp: loaded successfully - version: 4.0.5 - missing functions: none
symbol engine: initialized successfully - sym options: 0x614 - pdb path: .;C:\Program Files\Android\Android Studio\jbr\bin;C:\Windows\SYSTEM32;C:\Windows\WinSxS\amd64_microsoft.windows.common-controls_6595b64144ccf1df_6.0.19041.3636_none_60b6a03d71f818d5;C:\Program Files\Android\Android Studio\jbr\bin\server;C:\Users\LENOVO\.gradle\native\68d5fa5c4cc2d200863cafc0d521ce42e7d3e7ee720ec0a83991735586a16f82\windows-amd64;C:\Users\LENOVO\.gradle\native\e376f236ea51e6404a007f0833ffe2c6e607c4080706a723a18a27aeea778392\windows-amd64

VM Arguments:
jvm_args: --add-opens=java.base/java.util=ALL-UNNAMED --add-opens=java.base/java.lang=ALL-UNNAMED --add-opens=java.base/java.lang.invoke=ALL-UNNAMED --add-opens=java.prefs/java.util.prefs=ALL-UNNAMED --add-opens=java.base/java.nio.charset=ALL-UNNAMED --add-opens=java.base/java.net=ALL-UNNAMED --add-opens=java.base/java.util.concurrent.atomic=ALL-UNNAMED -Xmx2048m -Dfile.encoding=UTF-8 -Duser.country=US -Duser.language=en -Duser.variant 
java_command: org.gradle.launcher.daemon.bootstrap.GradleDaemon 8.0
java_class_path (initial): C:\Users\LENOVO\.gradle\wrapper\dists\gradle-8.0-bin\ca5e32bp14vu59qr306oxotwh\gradle-8.0\lib\gradle-launcher-8.0.jar
Launcher Type: SUN_STANDARD

[Global flags]
     intx CICompilerCount                          = 3                                         {product} {ergonomic}
     uint ConcGCThreads                            = 1                                         {product} {ergonomic}
     uint G1ConcRefinementThreads                  = 4                                         {product} {ergonomic}
   size_t G1HeapRegionSize                         = 1048576                                   {product} {ergonomic}
    uintx GCDrainStackTargetSize                   = 64                                        {product} {ergonomic}
   size_t InitialHeapSize                          = 134217728                                 {product} {ergonomic}
   size_t MarkStackSize                            = 4194304                                   {product} {ergonomic}
   size_t MaxHeapSize                              = 2147483648                                {product} {command line}
   size_t MaxNewSize                               = 1287651328                                {product} {ergonomic}
   size_t MinHeapDeltaBytes                        = 1048576                                   {product} {ergonomic}
   size_t MinHeapSize                              = 8388608                                   {product} {ergonomic}
    uintx NonNMethodCodeHeapSize                   = 5832780                                {pd product} {ergonomic}
    uintx NonProfiledCodeHeapSize                  = 122912730                              {pd product} {ergonomic}
    uintx ProfiledCodeHeapSize                     = 122912730                              {pd product} {ergonomic}
    uintx ReservedCodeCacheSize                    = 251658240                              {pd product} {ergonomic}
     bool SegmentedCodeCache                       = true                                      {product} {ergonomic}
   size_t SoftMaxHeapSize                          = 2147483648                             {manageable} {ergonomic}
     bool UseCompressedClassPointers               = true                           {product lp64_product} {ergonomic}
     bool UseCompressedOops                        = true                           {product lp64_product} {ergonomic}
     bool UseG1GC                                  = true                                      {product} {ergonomic}
     bool UseLargePagesIndividualAllocation        = false                                  {pd product} {ergonomic}

Logging:
Log output configuration:
 #0: stdout all=warning uptime,level,tags
 #1: stderr all=off uptime,level,tags

Environment Variables:
PATH=C:\Program Files\Common Files\Oracle\Java\javapath;C:\Windows\system32;C:\Windows;C:\Windows\System32\Wbem;C:\Windows\System32\WindowsPowerShell\v1.0\;C:\Windows\System32\OpenSSH\;C:\Program Files\Git\cmd;C:\Program Files\Java\jdk-20\bin;C:\Program Files\nodejs\;C:\src\flutter\bin;C:\Users\LENOVO\AppData\Local\Microsoft\WindowsApps;C:\Users\LENOVO\AppData\Roaming\npm;C:\Users\LENOVO\AppData\Local\Programs\Microsoft VS Code\bin
USERNAME=LENOVO
OS=Windows_NT
PROCESSOR_IDENTIFIER=Intel64 Family 6 Model 142 Stepping 12, GenuineIntel
TMP=C:\Users\LENOVO\AppData\Local\Temp
TEMP=C:\Users\LENOVO\AppData\Local\Temp


JNI global refs:
JNI global refs: 24, weak refs: 4

JNI global refs memory usage: 843, weak refs: 841


---------------  S Y S T E M  ---------------

OS:
 Windows 10 , 64 bit Build 19041 (10.0.19041.3636)
OS uptime: 2 days 1:30 hours

CPU: total 4 (initial active 4) (2 cores per cpu, 2 threads per core) family 6 model 142 stepping 12 microcode 0xb8, cx8, cmov, fxsr, ht, mmx, 3dnowpref, sse, sse2, sse3, ssse3, sse4.1, sse4.2, popcnt, lzcnt, tsc, tscinvbit, avx, avx2, aes, erms, clmul, bmi1, bmi2, adx, fma, vzeroupper, clflush, clflushopt

Memory: 4k page, system-wide physical 8072M (324M free)
TotalPageFile size 32648M (AvailPageFile size 12M)
current process WorkingSet (physical memory assigned to process): 314M, peak: 321M
current process commit charge ("private bytes"): 406M, peak: 455M

vm_info: OpenJDK 64-Bit Server VM (17.0.6+0-b2043.56-10027231) for windows-amd64 JRE (17.0.6+0-b2043.56-10027231), built on Apr 28 2023 00:43:19 by "androidbuild" with MS VC++ 16.10 / 16.11 (VS2019)

END.
