#
# There is insufficient memory for the Java Runtime Environment to continue.
# Native memory allocation (malloc) failed to allocate 1474096 bytes for Chunk::new
# Possible reasons:
#   The system is out of physical RAM or swap space
#   The process is running with CompressedOops enabled, and the Java Heap may be blocking the growth of the native heap
# Possible solutions:
#   Reduce memory load on the system
#   Increase physical memory or swap space
#   Check if swap backing store is full
#   Decrease Java heap size (-Xmx/-Xms)
#   Decrease number of Java threads
#   Decrease Java thread stack sizes (-Xss)
#   Set larger code cache with -XX:ReservedCodeCacheSize=
#   JVM is running with Unscaled Compressed Oops mode in which the Java heap is
#     placed in the first 4GB address space. The Java Heap base address is the
#     maximum limit for the native heap growth. Please use -XX:HeapBaseMinAddress
#     to set the Java Heap base and to place the Java Heap above 4GB virtual address.
# This output file may be truncated or incomplete.
#
#  Out of Memory Error (arena.cpp:189), pid=7732, tid=7524
#
# JRE version: OpenJDK Runtime Environment (17.0.6) (build 17.0.6+0-b2043.56-10027231)
# Java VM: OpenJDK 64-Bit Server VM (17.0.6+0-b2043.56-10027231, mixed mode, tiered, compressed oops, compressed class ptrs, g1 gc, windows-amd64)
# No core dump will be written. Minidumps are not enabled by default on client versions of Windows
#

---------------  S U M M A R Y ------------

Command Line: --add-opens=java.base/java.util=ALL-UNNAMED --add-opens=java.base/java.lang=ALL-UNNAMED --add-opens=java.base/java.lang.invoke=ALL-UNNAMED --add-opens=java.prefs/java.util.prefs=ALL-UNNAMED --add-opens=java.base/java.nio.charset=ALL-UNNAMED --add-opens=java.base/java.net=ALL-UNNAMED --add-opens=java.base/java.util.concurrent.atomic=ALL-UNNAMED -Xmx2048m -Dfile.encoding=UTF-8 -Duser.country=US -Duser.language=en -Duser.variant org.gradle.launcher.daemon.bootstrap.GradleDaemon 8.0

Host: Intel(R) Core(TM) i3-8145U CPU @ 2.10GHz, 4 cores, 7G,  Windows 10 , 64 bit Build 19041 (10.0.19041.3636)
Time: Mon Jan  1 18:33:45 2024 Pakistan Standard Time elapsed time: 11.937338 seconds (0d 0h 0m 11s)

---------------  T H R E A D  ---------------

Current thread (0x00000223b740d480):  JavaThread "C2 CompilerThread0" daemon [_thread_in_native, id=7524, stack(0x0000002846f00000,0x0000002847000000)]


Current CompileTask:
C2:  11937 6763       4       jdk.internal.loader.URLClassPath$JarLoader$2::getBytes (48 bytes)

Stack: [0x0000002846f00000,0x0000002847000000]
Native frames: (J=compiled Java code, j=interpreted, Vv=VM code, C=native code)
V  [jvm.dll+0x683c9a]
V  [jvm.dll+0x8427a4]
V  [jvm.dll+0x843f9e]
V  [jvm.dll+0x844603]
V  [jvm.dll+0x249b75]
V  [jvm.dll+0xabcac]
V  [jvm.dll+0xac27c]
V  [jvm.dll+0x368802]
V  [jvm.dll+0x332f31]
V  [jvm.dll+0x3323da]
V  [jvm.dll+0x21c201]
V  [jvm.dll+0x21b621]
V  [jvm.dll+0x1a4fdd]
V  [jvm.dll+0x22b098]
V  [jvm.dll+0x229159]
V  [jvm.dll+0x7f81ec]
V  [jvm.dll+0x7f274a]
V  [jvm.dll+0x682ad5]
C  [ucrtbase.dll+0x21bb2]
C  [KERNEL32.DLL+0x17344]
C  [ntdll.dll+0x526b1]


---------------  P R O C E S S  ---------------

Threads class SMR info:
_java_thread_list=0x00000223b7e7d270, length=80, elements={
0x000002239d277c60, 0x00000223b68299a0, 0x00000223b682c150, 0x00000223b6877fd0,
0x00000223b6878890, 0x00000223b740b830, 0x00000223b740c0f0, 0x00000223b740d480,
0x00000223b7411a20, 0x00000223b7415670, 0x00000223b75c1020, 0x00000223b75c6930,
0x00000223b89e6040, 0x00000223b89d7ae0, 0x00000223b8744640, 0x00000223b87bad00,
0x00000223b8f137d0, 0x00000223b84f0910, 0x00000223b8e6b7e0, 0x00000223b9868bc0,
0x00000223b9866540, 0x00000223b9866ee0, 0x00000223b9869090, 0x00000223b9868220,
0x00000223b9869560, 0x00000223b9866a10, 0x00000223b98673b0, 0x00000223b9867880,
0x00000223b98686f0, 0x00000223b9869a30, 0x00000223b9866070, 0x00000223b9867d50,
0x00000223ba5d9b00, 0x00000223ba5d9fd0, 0x00000223ba5d87c0, 0x00000223ba5de330,
0x00000223ba5db310, 0x00000223ba5d82f0, 0x00000223ba5dbcb0, 0x00000223ba5d9160,
0x00000223ba5dd4c0, 0x00000223ba5decd0, 0x00000223ba5df670, 0x00000223ba5dd990,
0x00000223ba5dc180, 0x00000223ba5de800, 0x00000223ba5d9630, 0x00000223ba5d7e20,
0x00000223ba5da4a0, 0x00000223ba5dc650, 0x00000223ba5dcb20, 0x00000223ba5dcff0,
0x00000223ba5dde60, 0x00000223bc0d6d30, 0x00000223bc0dc3d0, 0x00000223bc0da6f0,
0x00000223bc0d8070, 0x00000223bc0de580, 0x00000223bc0d8ee0, 0x00000223bc0dcd70,
0x00000223bc0dd710, 0x00000223bc0dba30, 0x00000223bc0dc8a0, 0x00000223bc0d93b0,
0x00000223bc0da220, 0x00000223bc0dd240, 0x00000223bc0d9880, 0x00000223bc0ddbe0,
0x00000223bc0dabc0, 0x00000223bc0de0b0, 0x00000223bc0d9d50, 0x00000223bc0dbf00,
0x00000223bc0d7200, 0x00000223bc0d76d0, 0x00000223bc0d7ba0, 0x00000223bc0d8540,
0x00000223bc0db090, 0x00000223bc0d8a10, 0x00000223bc0db560, 0x00000223b77d6d60
}

Java Threads: ( => current thread )
  0x000002239d277c60 JavaThread "main" [_thread_blocked, id=532, stack(0x0000002846200000,0x0000002846300000)]
  0x00000223b68299a0 JavaThread "Reference Handler" daemon [_thread_blocked, id=11020, stack(0x0000002846900000,0x0000002846a00000)]
  0x00000223b682c150 JavaThread "Finalizer" daemon [_thread_blocked, id=4712, stack(0x0000002846a00000,0x0000002846b00000)]
  0x00000223b6877fd0 JavaThread "Signal Dispatcher" daemon [_thread_blocked, id=3056, stack(0x0000002846b00000,0x0000002846c00000)]
  0x00000223b6878890 JavaThread "Attach Listener" daemon [_thread_blocked, id=8552, stack(0x0000002846c00000,0x0000002846d00000)]
  0x00000223b740b830 JavaThread "Service Thread" daemon [_thread_blocked, id=9576, stack(0x0000002846d00000,0x0000002846e00000)]
  0x00000223b740c0f0 JavaThread "Monitor Deflation Thread" daemon [_thread_blocked, id=11760, stack(0x0000002846e00000,0x0000002846f00000)]
=>0x00000223b740d480 JavaThread "C2 CompilerThread0" daemon [_thread_in_native, id=7524, stack(0x0000002846f00000,0x0000002847000000)]
  0x00000223b7411a20 JavaThread "C1 CompilerThread0" daemon [_thread_blocked, id=4828, stack(0x0000002847000000,0x0000002847100000)]
  0x00000223b7415670 JavaThread "Sweeper thread" daemon [_thread_blocked, id=8140, stack(0x0000002847100000,0x0000002847200000)]
  0x00000223b75c1020 JavaThread "Common-Cleaner" daemon [_thread_blocked, id=13068, stack(0x0000002847200000,0x0000002847300000)]
  0x00000223b75c6930 JavaThread "Notification Thread" daemon [_thread_blocked, id=5336, stack(0x0000002847300000,0x0000002847400000)]
  0x00000223b89e6040 JavaThread "Daemon health stats" [_thread_blocked, id=1944, stack(0x0000002847800000,0x0000002847900000)]
  0x00000223b89d7ae0 JavaThread "Incoming local TCP Connector on port 54413" [_thread_in_native, id=10324, stack(0x0000002847900000,0x0000002847a00000)]
  0x00000223b8744640 JavaThread "Daemon periodic checks" [_thread_blocked, id=11272, stack(0x0000002847a00000,0x0000002847b00000)]
  0x00000223b87bad00 JavaThread "Daemon" [_thread_blocked, id=1144, stack(0x0000002847b00000,0x0000002847c00000)]
  0x00000223b8f137d0 JavaThread "Handler for socket connection from /127.0.0.1:54413 to /127.0.0.1:54414" [_thread_in_native, id=13296, stack(0x0000002847c00000,0x0000002847d00000)]
  0x00000223b84f0910 JavaThread "Cancel handler" [_thread_blocked, id=4104, stack(0x0000002847d00000,0x0000002847e00000)]
  0x00000223b8e6b7e0 JavaThread "Daemon worker" [_thread_in_Java, id=11184, stack(0x0000002847e00000,0x0000002847f00000)]
  0x00000223b9868bc0 JavaThread "Asynchronous log dispatcher for DefaultDaemonConnection: socket connection from /127.0.0.1:54413 to /127.0.0.1:54414" [_thread_blocked, id=11296, stack(0x0000002847f00000,0x0000002848000000)]
  0x00000223b9866540 JavaThread "Stdin handler" [_thread_blocked, id=9208, stack(0x0000002848000000,0x0000002848100000)]
  0x00000223b9866ee0 JavaThread "Daemon client event forwarder" [_thread_blocked, id=11168, stack(0x0000002848100000,0x0000002848200000)]
  0x00000223b9869090 JavaThread "Cache worker for journal cache (C:\Users\LENOVO\.gradle\caches\journal-1)" [_thread_blocked, id=6688, stack(0x0000002848200000,0x0000002848300000)]
  0x00000223b9868220 JavaThread "File lock request listener" [_thread_in_native, id=6980, stack(0x0000002848300000,0x0000002848400000)]
  0x00000223b9869560 JavaThread "Cache worker for file hash cache (C:\Users\LENOVO\.gradle\caches\8.0\fileHashes)" [_thread_blocked, id=12560, stack(0x0000002848400000,0x0000002848500000)]
  0x00000223b9866a10 JavaThread "File watcher server" daemon [_thread_in_native, id=7560, stack(0x0000002848500000,0x0000002848600000)]
  0x00000223b98673b0 JavaThread "File watcher consumer" daemon [_thread_blocked, id=2056, stack(0x0000002848600000,0x0000002848700000)]
  0x00000223b9867880 JavaThread "jar transforms" [_thread_blocked, id=9752, stack(0x0000002848700000,0x0000002848800000)]
  0x00000223b98686f0 JavaThread "jar transforms Thread 2" [_thread_blocked, id=1132, stack(0x0000002848800000,0x0000002848900000)]
  0x00000223b9869a30 JavaThread "jar transforms Thread 3" [_thread_blocked, id=11744, stack(0x0000002848900000,0x0000002848a00000)]
  0x00000223b9866070 JavaThread "jar transforms Thread 4" [_thread_blocked, id=5620, stack(0x0000002848a00000,0x0000002848b00000)]
  0x00000223b9867d50 JavaThread "Cache worker for checksums cache (C:\Users\LENOVO\AndroidStudioProjectsFlutter\GenerateAIImage\.gradle\8.0\checksums)" [_thread_blocked, id=9648, stack(0x0000002848b00000,0x0000002848c00000)]
  0x00000223ba5d9b00 JavaThread "Cache worker for cache directory md-rule (C:\Users\LENOVO\.gradle\caches\8.0\md-rule)" [_thread_blocked, id=7076, stack(0x0000002848c00000,0x0000002848d00000)]
  0x00000223ba5d9fd0 JavaThread "Cache worker for file content cache (C:\Users\LENOVO\.gradle\caches\8.0\fileContent)" [_thread_blocked, id=11852, stack(0x0000002848d00000,0x0000002848e00000)]
  0x00000223ba5d87c0 JavaThread "Cache worker for file hash cache (C:\Users\LENOVO\AndroidStudioProjectsFlutter\GenerateAIImage\.gradle\8.0\fileHashes)" [_thread_blocked, id=12200, stack(0x0000002848e00000,0x0000002848f00000)]
  0x00000223ba5de330 JavaThread "Cache worker for cache directory md-supplier (C:\Users\LENOVO\.gradle\caches\8.0\md-supplier)" [_thread_blocked, id=9672, stack(0x0000002848f00000,0x0000002849000000)]
  0x00000223ba5db310 JavaThread "Cache worker for execution history cache (C:\Users\LENOVO\.gradle\caches\8.0\executionHistory)" [_thread_blocked, id=3132, stack(0x0000002849000000,0x0000002849100000)]
  0x00000223ba5d82f0 JavaThread "Cache worker for dependencies-accessors (C:\Users\LENOVO\AndroidStudioProjectsFlutter\GenerateAIImage\.gradle\8.0\dependencies-accessors)" [_thread_blocked, id=7660, stack(0x0000002849100000,0x0000002849200000)]
  0x00000223ba5dbcb0 JavaThread "Cache worker for Build Output Cleanup Cache (C:\Users\LENOVO\AndroidStudioProjectsFlutter\GenerateAIImage\.gradle\buildOutputCleanup)" [_thread_blocked, id=9848, stack(0x0000002849200000,0x0000002849300000)]
  0x00000223ba5d9160 JavaThread "Unconstrained build operations" [_thread_blocked, id=10272, stack(0x0000002849300000,0x0000002849400000)]
  0x00000223ba5dd4c0 JavaThread "Unconstrained build operations Thread 2" [_thread_blocked, id=5476, stack(0x0000002849400000,0x0000002849500000)]
  0x00000223ba5decd0 JavaThread "Unconstrained build operations Thread 3" [_thread_blocked, id=7784, stack(0x0000002849500000,0x0000002849600000)]
  0x00000223ba5df670 JavaThread "Unconstrained build operations Thread 4" [_thread_blocked, id=6844, stack(0x0000002849600000,0x0000002849700000)]
  0x00000223ba5dd990 JavaThread "Unconstrained build operations Thread 5" [_thread_blocked, id=6644, stack(0x0000002849700000,0x0000002849800000)]
  0x00000223ba5dc180 JavaThread "Unconstrained build operations Thread 6" [_thread_blocked, id=10804, stack(0x0000002849800000,0x0000002849900000)]
  0x00000223ba5de800 JavaThread "Unconstrained build operations Thread 7" [_thread_blocked, id=4092, stack(0x0000002849900000,0x0000002849a00000)]
  0x00000223ba5d9630 JavaThread "Unconstrained build operations Thread 8" [_thread_blocked, id=13148, stack(0x0000002849a00000,0x0000002849b00000)]
  0x00000223ba5d7e20 JavaThread "Unconstrained build operations Thread 9" [_thread_blocked, id=12456, stack(0x0000002849b00000,0x0000002849c00000)]
  0x00000223ba5da4a0 JavaThread "Unconstrained build operations Thread 10" [_thread_blocked, id=9016, stack(0x0000002849c00000,0x0000002849d00000)]
  0x00000223ba5dc650 JavaThread "Unconstrained build operations Thread 11" [_thread_blocked, id=12736, stack(0x0000002849d00000,0x0000002849e00000)]
  0x00000223ba5dcb20 JavaThread "Unconstrained build operations Thread 12" [_thread_blocked, id=9332, stack(0x0000002849e00000,0x0000002849f00000)]
  0x00000223ba5dcff0 JavaThread "Unconstrained build operations Thread 13" [_thread_blocked, id=10968, stack(0x0000002849f00000,0x000000284a000000)]
  0x00000223ba5dde60 JavaThread "Unconstrained build operations Thread 14" [_thread_blocked, id=5512, stack(0x000000284a000000,0x000000284a100000)]
  0x00000223bc0d6d30 JavaThread "Unconstrained build operations Thread 15" [_thread_blocked, id=7800, stack(0x000000284a100000,0x000000284a200000)]
  0x00000223bc0dc3d0 JavaThread "Unconstrained build operations Thread 16" [_thread_blocked, id=6416, stack(0x000000284a200000,0x000000284a300000)]
  0x00000223bc0da6f0 JavaThread "Unconstrained build operations Thread 17" [_thread_blocked, id=1300, stack(0x000000284a300000,0x000000284a400000)]
  0x00000223bc0d8070 JavaThread "Unconstrained build operations Thread 18" [_thread_blocked, id=6420, stack(0x000000284a400000,0x000000284a500000)]
  0x00000223bc0de580 JavaThread "Unconstrained build operations Thread 19" [_thread_blocked, id=3068, stack(0x000000284a500000,0x000000284a600000)]
  0x00000223bc0d8ee0 JavaThread "Unconstrained build operations Thread 20" [_thread_blocked, id=8568, stack(0x000000284a600000,0x000000284a700000)]
  0x00000223bc0dcd70 JavaThread "Unconstrained build operations Thread 21" [_thread_blocked, id=5916, stack(0x000000284a700000,0x000000284a800000)]
  0x00000223bc0dd710 JavaThread "Unconstrained build operations Thread 22" [_thread_blocked, id=7924, stack(0x000000284a800000,0x000000284a900000)]
  0x00000223bc0dba30 JavaThread "Unconstrained build operations Thread 23" [_thread_blocked, id=2900, stack(0x000000284a900000,0x000000284aa00000)]
  0x00000223bc0dc8a0 JavaThread "Unconstrained build operations Thread 24" [_thread_blocked, id=4172, stack(0x000000284aa00000,0x000000284ab00000)]
  0x00000223bc0d93b0 JavaThread "Unconstrained build operations Thread 25" [_thread_blocked, id=1384, stack(0x000000284ab00000,0x000000284ac00000)]
  0x00000223bc0da220 JavaThread "Unconstrained build operations Thread 26" [_thread_blocked, id=13112, stack(0x000000284ac00000,0x000000284ad00000)]
  0x00000223bc0dd240 JavaThread "Unconstrained build operations Thread 27" [_thread_blocked, id=8100, stack(0x000000284ad00000,0x000000284ae00000)]
  0x00000223bc0d9880 JavaThread "Unconstrained build operations Thread 28" [_thread_blocked, id=2324, stack(0x000000284ae00000,0x000000284af00000)]
  0x00000223bc0ddbe0 JavaThread "Unconstrained build operations Thread 29" [_thread_blocked, id=10200, stack(0x000000284af00000,0x000000284b000000)]
  0x00000223bc0dabc0 JavaThread "Unconstrained build operations Thread 30" [_thread_blocked, id=7756, stack(0x000000284b000000,0x000000284b100000)]
  0x00000223bc0de0b0 JavaThread "Unconstrained build operations Thread 31" [_thread_blocked, id=11460, stack(0x000000284b100000,0x000000284b200000)]
  0x00000223bc0d9d50 JavaThread "Unconstrained build operations Thread 32" [_thread_blocked, id=860, stack(0x000000284b200000,0x000000284b300000)]
  0x00000223bc0dbf00 JavaThread "Unconstrained build operations Thread 33" [_thread_blocked, id=9680, stack(0x000000284b300000,0x000000284b400000)]
  0x00000223bc0d7200 JavaThread "Unconstrained build operations Thread 34" [_thread_blocked, id=9988, stack(0x000000284b400000,0x000000284b500000)]
  0x00000223bc0d76d0 JavaThread "Unconstrained build operations Thread 35" [_thread_blocked, id=12440, stack(0x000000284b500000,0x000000284b600000)]
  0x00000223bc0d7ba0 JavaThread "Unconstrained build operations Thread 36" [_thread_blocked, id=5616, stack(0x000000284b600000,0x000000284b700000)]
  0x00000223bc0d8540 JavaThread "Unconstrained build operations Thread 37" [_thread_blocked, id=4424, stack(0x000000284b700000,0x000000284b800000)]
  0x00000223bc0db090 JavaThread "Unconstrained build operations Thread 38" [_thread_blocked, id=11432, stack(0x000000284b800000,0x000000284b900000)]
  0x00000223bc0d8a10 JavaThread "Unconstrained build operations Thread 39" [_thread_blocked, id=10704, stack(0x000000284b900000,0x000000284ba00000)]
  0x00000223bc0db560 JavaThread "Unconstrained build operations Thread 40" [_thread_blocked, id=7184, stack(0x000000284ba00000,0x000000284bb00000)]
  0x00000223b77d6d60 JavaThread "Memory manager" [_thread_blocked, id=8652, stack(0x000000284bb00000,0x000000284bc00000)]

Other Threads:
  0x00000223b6826e70 VMThread "VM Thread" [stack: 0x0000002846800000,0x0000002846900000] [id=13228]
  0x00000223b75c8e10 WatcherThread [stack: 0x0000002847400000,0x0000002847500000] [id=6332]
  0x000002239d2d62d0 GCTaskThread "GC Thread#0" [stack: 0x0000002846300000,0x0000002846400000] [id=8852]
  0x00000223b78b3770 GCTaskThread "GC Thread#1" [stack: 0x0000002847500000,0x0000002847600000] [id=3172]
  0x00000223b78320b0 GCTaskThread "GC Thread#2" [stack: 0x0000002847600000,0x0000002847700000] [id=3900]
  0x00000223b7f9b200 GCTaskThread "GC Thread#3" [stack: 0x0000002847700000,0x0000002847800000] [id=12636]
  0x000002239d2e7120 ConcurrentGCThread "G1 Main Marker" [stack: 0x0000002846400000,0x0000002846500000] [id=10444]
  0x000002239d2e7a40 ConcurrentGCThread "G1 Conc#0" [stack: 0x0000002846500000,0x0000002846600000] [id=2712]
  0x000002239d34e0f0 ConcurrentGCThread "G1 Refine#0" [stack: 0x0000002846600000,0x0000002846700000] [id=10672]
  0x000002239d34ea20 ConcurrentGCThread "G1 Service" [stack: 0x0000002846700000,0x0000002846800000] [id=10100]

Threads with active compile tasks:
C2 CompilerThread0    12019 6763       4       jdk.internal.loader.URLClassPath$JarLoader$2::getBytes (48 bytes)

VM state: not at safepoint (normal execution)

VM Mutex/Monitor currently owned by a thread: None

Heap address: 0x0000000080000000, size: 2048 MB, Compressed Oops mode: 32-bit

CDS archive(s) not mapped
Compressed class space mapped at: 0x0000000100000000-0x0000000140000000, reserved size: 1073741824
Narrow klass base: 0x0000000000000000, Narrow klass shift: 3, Narrow klass range: 0x140000000

GC Precious Log:
 CPUs: 4 total, 4 available
 Memory: 8072M
 Large Page Support: Disabled
 NUMA Support: Disabled
 Compressed Oops: Enabled (32-bit)
 Heap Region Size: 1M
 Heap Min Capacity: 8M
 Heap Initial Capacity: 128M
 Heap Max Capacity: 2G
 Pre-touch: Disabled
 Parallel Workers: 4
 Concurrent Workers: 1
 Concurrent Refinement Workers: 4
 Periodic GC: Disabled

Heap:
 garbage-first heap   total 180224K, used 130042K [0x0000000080000000, 0x0000000100000000)
  region size 1024K, 38 young (38912K), 4 survivors (4096K)
 Metaspace       used 68498K, committed 69184K, reserved 1114112K
  class space    used 9043K, committed 9344K, reserved 1048576K

Heap Regions: E=young(eden), S=young(survivor), O=old, HS=humongous(starts), HC=humongous(continues), CS=collection set, F=free, OA=open archive, CA=closed archive, TAMS=top-at-mark-start (previous, next)
|   0|0x0000000080000000, 0x0000000080100000, 0x0000000080100000|100%| O|  |TAMS 0x0000000080100000, 0x0000000080000000| Untracked 
|   1|0x0000000080100000, 0x0000000080200000, 0x0000000080200000|100%| O|  |TAMS 0x0000000080200000, 0x0000000080100000| Untracked 
|   2|0x0000000080200000, 0x0000000080300000, 0x0000000080300000|100%|HS|  |TAMS 0x0000000080300000, 0x0000000080200000| Complete 
|   3|0x0000000080300000, 0x0000000080400000, 0x0000000080400000|100%|HC|  |TAMS 0x0000000080400000, 0x0000000080300000| Complete 
|   4|0x0000000080400000, 0x0000000080500000, 0x0000000080500000|100%|HC|  |TAMS 0x0000000080500000, 0x0000000080400000| Complete 
|   5|0x0000000080500000, 0x0000000080600000, 0x0000000080600000|100%|HC|  |TAMS 0x0000000080600000, 0x0000000080500000| Complete 
|   6|0x0000000080600000, 0x0000000080700000, 0x0000000080700000|100%| O|  |TAMS 0x0000000080700000, 0x0000000080600000| Untracked 
|   7|0x0000000080700000, 0x0000000080800000, 0x0000000080800000|100%| O|  |TAMS 0x0000000080800000, 0x0000000080700000| Untracked 
|   8|0x0000000080800000, 0x0000000080900000, 0x0000000080900000|100%| O|  |TAMS 0x0000000080900000, 0x0000000080800000| Untracked 
|   9|0x0000000080900000, 0x0000000080a00000, 0x0000000080a00000|100%| O|  |TAMS 0x0000000080a00000, 0x0000000080900000| Untracked 
|  10|0x0000000080a00000, 0x0000000080b00000, 0x0000000080b00000|100%| O|  |TAMS 0x0000000080b00000, 0x0000000080a00000| Untracked 
|  11|0x0000000080b00000, 0x0000000080c00000, 0x0000000080c00000|100%| O|  |TAMS 0x0000000080c00000, 0x0000000080b00000| Untracked 
|  12|0x0000000080c00000, 0x0000000080d00000, 0x0000000080d00000|100%| O|  |TAMS 0x0000000080d00000, 0x0000000080c00000| Untracked 
|  13|0x0000000080d00000, 0x0000000080e00000, 0x0000000080e00000|100%| O|  |TAMS 0x0000000080e00000, 0x0000000080d00000| Untracked 
|  14|0x0000000080e00000, 0x0000000080f00000, 0x0000000080f00000|100%| O|  |TAMS 0x0000000080f00000, 0x0000000080e00000| Untracked 
|  15|0x0000000080f00000, 0x0000000081000000, 0x0000000081000000|100%| O|  |TAMS 0x0000000081000000, 0x0000000080f00000| Untracked 
|  16|0x0000000081000000, 0x0000000081100000, 0x0000000081100000|100%| O|  |TAMS 0x0000000081100000, 0x0000000081000000| Untracked 
|  17|0x0000000081100000, 0x0000000081200000, 0x0000000081200000|100%| O|  |TAMS 0x0000000081200000, 0x0000000081100000| Untracked 
|  18|0x0000000081200000, 0x0000000081300000, 0x0000000081300000|100%| O|  |TAMS 0x0000000081300000, 0x0000000081200000| Untracked 
|  19|0x0000000081300000, 0x0000000081400000, 0x0000000081400000|100%|HS|  |TAMS 0x0000000081400000, 0x0000000081300000| Complete 
|  20|0x0000000081400000, 0x0000000081500000, 0x0000000081500000|100%|HC|  |TAMS 0x0000000081500000, 0x0000000081400000| Complete 
|  21|0x0000000081500000, 0x0000000081600000, 0x0000000081600000|100%|HS|  |TAMS 0x0000000081600000, 0x0000000081500000| Complete 
|  22|0x0000000081600000, 0x0000000081700000, 0x0000000081700000|100%|HC|  |TAMS 0x0000000081700000, 0x0000000081600000| Complete 
|  23|0x0000000081700000, 0x0000000081800000, 0x0000000081800000|100%|HC|  |TAMS 0x0000000081800000, 0x0000000081700000| Complete 
|  24|0x0000000081800000, 0x0000000081900000, 0x0000000081900000|100%| O|  |TAMS 0x0000000081900000, 0x0000000081800000| Untracked 
|  25|0x0000000081900000, 0x0000000081a00000, 0x0000000081a00000|100%| O|  |TAMS 0x0000000081a00000, 0x0000000081900000| Untracked 
|  26|0x0000000081a00000, 0x0000000081b00000, 0x0000000081b00000|100%| O|  |TAMS 0x0000000081b00000, 0x0000000081a00000| Untracked 
|  27|0x0000000081b00000, 0x0000000081c00000, 0x0000000081c00000|100%|HS|  |TAMS 0x0000000081c00000, 0x0000000081b00000| Complete 
|  28|0x0000000081c00000, 0x0000000081d00000, 0x0000000081d00000|100%|HC|  |TAMS 0x0000000081d00000, 0x0000000081c00000| Complete 
|  29|0x0000000081d00000, 0x0000000081e00000, 0x0000000081e00000|100%|HC|  |TAMS 0x0000000081e00000, 0x0000000081d00000| Complete 
|  30|0x0000000081e00000, 0x0000000081f00000, 0x0000000081f00000|100%| O|  |TAMS 0x0000000081f00000, 0x0000000081e00000| Untracked 
|  31|0x0000000081f00000, 0x0000000082000000, 0x0000000082000000|100%| O|  |TAMS 0x0000000082000000, 0x0000000081f00000| Untracked 
|  32|0x0000000082000000, 0x0000000082100000, 0x0000000082100000|100%| O|  |TAMS 0x0000000082100000, 0x0000000082000000| Untracked 
|  33|0x0000000082100000, 0x0000000082200000, 0x0000000082200000|100%|HS|  |TAMS 0x0000000082200000, 0x0000000082100000| Complete 
|  34|0x0000000082200000, 0x0000000082300000, 0x0000000082300000|100%|HC|  |TAMS 0x0000000082300000, 0x0000000082200000| Complete 
|  35|0x0000000082300000, 0x0000000082400000, 0x0000000082400000|100%| O|  |TAMS 0x0000000082400000, 0x0000000082300000| Untracked 
|  36|0x0000000082400000, 0x0000000082500000, 0x0000000082500000|100%| O|  |TAMS 0x0000000082500000, 0x0000000082400000| Untracked 
|  37|0x0000000082500000, 0x0000000082600000, 0x0000000082600000|100%| O|  |TAMS 0x0000000082600000, 0x0000000082500000| Untracked 
|  38|0x0000000082600000, 0x0000000082700000, 0x0000000082700000|100%|HS|  |TAMS 0x0000000082700000, 0x0000000082600000| Complete 
|  39|0x0000000082700000, 0x0000000082800000, 0x0000000082800000|100%| O|  |TAMS 0x0000000082800000, 0x0000000082700000| Untracked 
|  40|0x0000000082800000, 0x0000000082900000, 0x0000000082900000|100%| O|  |TAMS 0x0000000082900000, 0x0000000082800000| Complete 
|  41|0x0000000082900000, 0x0000000082a00000, 0x0000000082a00000|100%| O|  |TAMS 0x0000000082a00000, 0x0000000082900000| Untracked 
|  42|0x0000000082a00000, 0x0000000082b00000, 0x0000000082b00000|100%| O|  |TAMS 0x0000000082b00000, 0x0000000082a00000| Untracked 
|  43|0x0000000082b00000, 0x0000000082c00000, 0x0000000082c00000|100%| O|  |TAMS 0x0000000082c00000, 0x0000000082b00000| Untracked 
|  44|0x0000000082c00000, 0x0000000082d00000, 0x0000000082d00000|100%| O|  |TAMS 0x0000000082d00000, 0x0000000082c00000| Untracked 
|  45|0x0000000082d00000, 0x0000000082e00000, 0x0000000082e00000|100%| O|  |TAMS 0x0000000082e00000, 0x0000000082d00000| Untracked 
|  46|0x0000000082e00000, 0x0000000082f00000, 0x0000000082f00000|100%|HS|  |TAMS 0x0000000082f00000, 0x0000000082e00000| Complete 
|  47|0x0000000082f00000, 0x0000000083000000, 0x0000000083000000|100%|HC|  |TAMS 0x0000000083000000, 0x0000000082f00000| Complete 
|  48|0x0000000083000000, 0x0000000083100000, 0x0000000083100000|100%|HC|  |TAMS 0x0000000083100000, 0x0000000083000000| Complete 
|  49|0x0000000083100000, 0x0000000083200000, 0x0000000083200000|100%|HC|  |TAMS 0x0000000083200000, 0x0000000083100000| Complete 
|  50|0x0000000083200000, 0x0000000083300000, 0x0000000083300000|100%|HC|  |TAMS 0x0000000083300000, 0x0000000083200000| Complete 
|  51|0x0000000083300000, 0x0000000083400000, 0x0000000083400000|100%|HC|  |TAMS 0x0000000083400000, 0x0000000083300000| Complete 
|  52|0x0000000083400000, 0x0000000083500000, 0x0000000083500000|100%|HC|  |TAMS 0x0000000083500000, 0x0000000083400000| Complete 
|  53|0x0000000083500000, 0x0000000083600000, 0x0000000083600000|100%|HC|  |TAMS 0x0000000083600000, 0x0000000083500000| Complete 
|  54|0x0000000083600000, 0x0000000083700000, 0x0000000083700000|100%|HC|  |TAMS 0x0000000083700000, 0x0000000083600000| Complete 
|  55|0x0000000083700000, 0x0000000083800000, 0x0000000083800000|100%|HC|  |TAMS 0x0000000083800000, 0x0000000083700000| Complete 
|  56|0x0000000083800000, 0x0000000083900000, 0x0000000083900000|100%|HC|  |TAMS 0x0000000083900000, 0x0000000083800000| Complete 
|  57|0x0000000083900000, 0x0000000083a00000, 0x0000000083a00000|100%|HC|  |TAMS 0x0000000083a00000, 0x0000000083900000| Complete 
|  58|0x0000000083a00000, 0x0000000083b00000, 0x0000000083b00000|100%| O|  |TAMS 0x0000000083b00000, 0x0000000083a00000| Untracked 
|  59|0x0000000083b00000, 0x0000000083c00000, 0x0000000083c00000|100%|HS|  |TAMS 0x0000000083c00000, 0x0000000083b00000| Complete 
|  60|0x0000000083c00000, 0x0000000083d00000, 0x0000000083d00000|100%|HC|  |TAMS 0x0000000083d00000, 0x0000000083c00000| Complete 
|  61|0x0000000083d00000, 0x0000000083e00000, 0x0000000083e00000|100%|HC|  |TAMS 0x0000000083e00000, 0x0000000083d00000| Complete 
|  62|0x0000000083e00000, 0x0000000083f00000, 0x0000000083f00000|100%|HS|  |TAMS 0x0000000083f00000, 0x0000000083e00000| Complete 
|  63|0x0000000083f00000, 0x0000000084000000, 0x0000000084000000|100%|HC|  |TAMS 0x0000000084000000, 0x0000000083f00000| Complete 
|  64|0x0000000084000000, 0x0000000084100000, 0x0000000084100000|100%|HC|  |TAMS 0x0000000084100000, 0x0000000084000000| Complete 
|  65|0x0000000084100000, 0x0000000084200000, 0x0000000084200000|100%| O|  |TAMS 0x0000000084200000, 0x0000000084100000| Untracked 
|  66|0x0000000084200000, 0x0000000084300000, 0x0000000084300000|100%| O|  |TAMS 0x0000000084300000, 0x0000000084200000| Untracked 
|  67|0x0000000084300000, 0x0000000084400000, 0x0000000084400000|100%| O|  |TAMS 0x0000000084400000, 0x0000000084300000| Untracked 
|  68|0x0000000084400000, 0x0000000084500000, 0x0000000084500000|100%| O|  |TAMS 0x0000000084500000, 0x0000000084400000| Untracked 
|  69|0x0000000084500000, 0x0000000084600000, 0x0000000084600000|100%| O|  |TAMS 0x0000000084600000, 0x0000000084500000| Untracked 
|  70|0x0000000084600000, 0x0000000084700000, 0x0000000084700000|100%| O|  |TAMS 0x0000000084700000, 0x0000000084600000| Untracked 
|  71|0x0000000084700000, 0x0000000084800000, 0x0000000084800000|100%|HS|  |TAMS 0x0000000084800000, 0x0000000084700000| Complete 
|  72|0x0000000084800000, 0x0000000084900000, 0x0000000084900000|100%|HS|  |TAMS 0x0000000084900000, 0x0000000084800000| Complete 
|  73|0x0000000084900000, 0x0000000084a00000, 0x0000000084a00000|100%|HS|  |TAMS 0x0000000084a00000, 0x0000000084900000| Complete 
|  74|0x0000000084a00000, 0x0000000084b00000, 0x0000000084b00000|100%| O|  |TAMS 0x0000000084b00000, 0x0000000084a00000| Untracked 
|  75|0x0000000084b00000, 0x0000000084c00000, 0x0000000084c00000|100%| O|  |TAMS 0x0000000084c00000, 0x0000000084b00000| Untracked 
|  76|0x0000000084c00000, 0x0000000084d00000, 0x0000000084d00000|100%| O|  |TAMS 0x0000000084cfe200, 0x0000000084c00000| Untracked 
|  77|0x0000000084d00000, 0x0000000084e00000, 0x0000000084e00000|100%|HS|  |TAMS 0x0000000084e00000, 0x0000000084d00000| Complete 
|  78|0x0000000084e00000, 0x0000000084f00000, 0x0000000084f00000|100%|HS|  |TAMS 0x0000000084f00000, 0x0000000084e00000| Complete 
|  79|0x0000000084f00000, 0x0000000085000000, 0x0000000085000000|100%| O|  |TAMS 0x0000000084f00000, 0x0000000084f00000| Untracked 
|  80|0x0000000085000000, 0x0000000085100000, 0x0000000085100000|100%| O|  |TAMS 0x0000000085000000, 0x0000000085000000| Untracked 
|  81|0x0000000085100000, 0x0000000085200000, 0x0000000085200000|100%| O|  |TAMS 0x0000000085100000, 0x0000000085100000| Untracked 
|  82|0x0000000085200000, 0x0000000085300000, 0x0000000085300000|100%| O|  |TAMS 0x0000000085200000, 0x0000000085200000| Untracked 
|  83|0x0000000085300000, 0x0000000085400000, 0x0000000085400000|100%| O|  |TAMS 0x0000000085300000, 0x0000000085300000| Untracked 
|  84|0x0000000085400000, 0x0000000085500000, 0x0000000085500000|100%| O|  |TAMS 0x0000000085400000, 0x0000000085400000| Untracked 
|  85|0x0000000085500000, 0x0000000085600000, 0x0000000085600000|100%| O|  |TAMS 0x0000000085500000, 0x0000000085500000| Untracked 
|  86|0x0000000085600000, 0x0000000085700000, 0x0000000085700000|100%| O|  |TAMS 0x0000000085600000, 0x0000000085600000| Untracked 
|  87|0x0000000085700000, 0x0000000085800000, 0x0000000085800000|100%|HS|  |TAMS 0x0000000085700000, 0x0000000085700000| Complete 
|  88|0x0000000085800000, 0x0000000085900000, 0x0000000085900000|100%|HS|  |TAMS 0x0000000085800000, 0x0000000085800000| Complete 
|  89|0x0000000085900000, 0x0000000085a00000, 0x0000000085a00000|100%|HS|  |TAMS 0x0000000085900000, 0x0000000085900000| Complete 
|  90|0x0000000085a00000, 0x0000000085a00000, 0x0000000085b00000|  0%| F|  |TAMS 0x0000000085a00000, 0x0000000085a00000| Untracked 
|  91|0x0000000085b00000, 0x0000000085b00000, 0x0000000085c00000|  0%| F|  |TAMS 0x0000000085b00000, 0x0000000085b00000| Untracked 
|  92|0x0000000085c00000, 0x0000000085c00000, 0x0000000085d00000|  0%| F|  |TAMS 0x0000000085c00000, 0x0000000085c00000| Untracked 
|  93|0x0000000085d00000, 0x0000000085d00000, 0x0000000085e00000|  0%| F|  |TAMS 0x0000000085d00000, 0x0000000085d00000| Untracked 
|  94|0x0000000085e00000, 0x0000000085e00000, 0x0000000085f00000|  0%| F|  |TAMS 0x0000000085e00000, 0x0000000085e00000| Untracked 
|  95|0x0000000085f00000, 0x0000000085f00000, 0x0000000086000000|  0%| F|  |TAMS 0x0000000085f00000, 0x0000000085f00000| Untracked 
|  96|0x0000000086000000, 0x0000000086000000, 0x0000000086100000|  0%| F|  |TAMS 0x0000000086000000, 0x0000000086000000| Untracked 
|  97|0x0000000086100000, 0x0000000086100000, 0x0000000086200000|  0%| F|  |TAMS 0x0000000086100000, 0x0000000086100000| Untracked 
|  98|0x0000000086200000, 0x0000000086200000, 0x0000000086300000|  0%| F|  |TAMS 0x0000000086200000, 0x0000000086200000| Untracked 
|  99|0x0000000086300000, 0x0000000086300000, 0x0000000086400000|  0%| F|  |TAMS 0x0000000086300000, 0x0000000086300000| Untracked 
| 100|0x0000000086400000, 0x0000000086400000, 0x0000000086500000|  0%| F|  |TAMS 0x0000000086400000, 0x0000000086400000| Untracked 
| 101|0x0000000086500000, 0x0000000086500000, 0x0000000086600000|  0%| F|  |TAMS 0x0000000086500000, 0x0000000086500000| Untracked 
| 102|0x0000000086600000, 0x0000000086600000, 0x0000000086700000|  0%| F|  |TAMS 0x0000000086600000, 0x0000000086600000| Untracked 
| 103|0x0000000086700000, 0x0000000086700000, 0x0000000086800000|  0%| F|  |TAMS 0x0000000086700000, 0x0000000086700000| Untracked 
| 104|0x0000000086800000, 0x0000000086800000, 0x0000000086900000|  0%| F|  |TAMS 0x0000000086800000, 0x0000000086800000| Untracked 
| 105|0x0000000086900000, 0x0000000086900000, 0x0000000086a00000|  0%| F|  |TAMS 0x0000000086900000, 0x0000000086900000| Untracked 
| 106|0x0000000086a00000, 0x0000000086a00000, 0x0000000086b00000|  0%| F|  |TAMS 0x0000000086a00000, 0x0000000086a00000| Untracked 
| 107|0x0000000086b00000, 0x0000000086b00000, 0x0000000086c00000|  0%| F|  |TAMS 0x0000000086b00000, 0x0000000086b00000| Untracked 
| 108|0x0000000086c00000, 0x0000000086c00000, 0x0000000086d00000|  0%| F|  |TAMS 0x0000000086c00000, 0x0000000086c00000| Untracked 
| 109|0x0000000086d00000, 0x0000000086d00000, 0x0000000086e00000|  0%| F|  |TAMS 0x0000000086d00000, 0x0000000086d00000| Untracked 
| 110|0x0000000086e00000, 0x0000000086e00000, 0x0000000086f00000|  0%| F|  |TAMS 0x0000000086e00000, 0x0000000086e00000| Untracked 
| 111|0x0000000086f00000, 0x0000000086f00000, 0x0000000087000000|  0%| F|  |TAMS 0x0000000086f00000, 0x0000000086f00000| Untracked 
| 112|0x0000000087000000, 0x0000000087000000, 0x0000000087100000|  0%| F|  |TAMS 0x0000000087000000, 0x0000000087000000| Untracked 
| 113|0x0000000087100000, 0x0000000087100000, 0x0000000087200000|  0%| F|  |TAMS 0x0000000087100000, 0x0000000087100000| Untracked 
| 114|0x0000000087200000, 0x0000000087200000, 0x0000000087300000|  0%| F|  |TAMS 0x0000000087200000, 0x0000000087200000| Untracked 
| 115|0x0000000087300000, 0x0000000087300000, 0x0000000087400000|  0%| F|  |TAMS 0x0000000087300000, 0x0000000087300000| Untracked 
| 116|0x0000000087400000, 0x0000000087400000, 0x0000000087500000|  0%| F|  |TAMS 0x0000000087400000, 0x0000000087400000| Untracked 
| 117|0x0000000087500000, 0x0000000087500000, 0x0000000087600000|  0%| F|  |TAMS 0x0000000087500000, 0x0000000087500000| Untracked 
| 118|0x0000000087600000, 0x0000000087600000, 0x0000000087700000|  0%| F|  |TAMS 0x0000000087600000, 0x0000000087600000| Untracked 
| 119|0x0000000087700000, 0x0000000087700000, 0x0000000087800000|  0%| F|  |TAMS 0x0000000087700000, 0x0000000087700000| Untracked 
| 120|0x0000000087800000, 0x0000000087800000, 0x0000000087900000|  0%| F|  |TAMS 0x0000000087800000, 0x0000000087800000| Untracked 
| 121|0x0000000087900000, 0x0000000087900000, 0x0000000087a00000|  0%| F|  |TAMS 0x0000000087900000, 0x0000000087900000| Untracked 
| 122|0x0000000087a00000, 0x0000000087a00000, 0x0000000087b00000|  0%| F|  |TAMS 0x0000000087a00000, 0x0000000087a00000| Untracked 
| 123|0x0000000087b00000, 0x0000000087b00000, 0x0000000087c00000|  0%| F|  |TAMS 0x0000000087b00000, 0x0000000087b00000| Untracked 
| 124|0x0000000087c00000, 0x0000000087c00000, 0x0000000087d00000|  0%| F|  |TAMS 0x0000000087c00000, 0x0000000087c00000| Untracked 
| 125|0x0000000087d00000, 0x0000000087d00000, 0x0000000087e00000|  0%| F|  |TAMS 0x0000000087d00000, 0x0000000087d00000| Untracked 
| 126|0x0000000087e00000, 0x0000000087e00000, 0x0000000087f00000|  0%| F|  |TAMS 0x0000000087e00000, 0x0000000087e00000| Untracked 
| 127|0x0000000087f00000, 0x0000000087f00000, 0x0000000088000000|  0%| F|  |TAMS 0x0000000087f00000, 0x0000000087f00000| Untracked 
| 128|0x0000000088000000, 0x0000000088000000, 0x0000000088100000|  0%| F|  |TAMS 0x0000000088000000, 0x0000000088000000| Untracked 
| 129|0x0000000088100000, 0x0000000088100000, 0x0000000088200000|  0%| F|  |TAMS 0x0000000088100000, 0x0000000088100000| Untracked 
| 130|0x0000000088200000, 0x0000000088200000, 0x0000000088300000|  0%| F|  |TAMS 0x0000000088200000, 0x0000000088200000| Untracked 
| 131|0x0000000088300000, 0x0000000088300000, 0x0000000088400000|  0%| F|  |TAMS 0x0000000088300000, 0x0000000088300000| Untracked 
| 132|0x0000000088400000, 0x0000000088400000, 0x0000000088500000|  0%| F|  |TAMS 0x0000000088400000, 0x0000000088400000| Untracked 
| 133|0x0000000088500000, 0x0000000088500000, 0x0000000088600000|  0%| F|  |TAMS 0x0000000088500000, 0x0000000088500000| Untracked 
| 134|0x0000000088600000, 0x0000000088600000, 0x0000000088700000|  0%| F|  |TAMS 0x0000000088600000, 0x0000000088600000| Untracked 
| 135|0x0000000088700000, 0x0000000088700000, 0x0000000088800000|  0%| F|  |TAMS 0x0000000088700000, 0x0000000088700000| Untracked 
| 136|0x0000000088800000, 0x0000000088800000, 0x0000000088900000|  0%| F|  |TAMS 0x0000000088800000, 0x0000000088800000| Untracked 
| 137|0x0000000088900000, 0x0000000088900000, 0x0000000088a00000|  0%| F|  |TAMS 0x0000000088900000, 0x0000000088900000| Untracked 
| 138|0x0000000088a00000, 0x0000000088a876b0, 0x0000000088b00000| 52%| E|  |TAMS 0x0000000088a00000, 0x0000000088a00000| Complete 
| 139|0x0000000088b00000, 0x0000000088c00000, 0x0000000088c00000|100%| E|CS|TAMS 0x0000000088b00000, 0x0000000088b00000| Complete 
| 140|0x0000000088c00000, 0x0000000088d00000, 0x0000000088d00000|100%| E|CS|TAMS 0x0000000088c00000, 0x0000000088c00000| Complete 
| 141|0x0000000088d00000, 0x0000000088dfeb50, 0x0000000088e00000| 99%| S|CS|TAMS 0x0000000088d00000, 0x0000000088d00000| Complete 
| 142|0x0000000088e00000, 0x0000000088f00000, 0x0000000088f00000|100%| S|CS|TAMS 0x0000000088e00000, 0x0000000088e00000| Complete 
| 143|0x0000000088f00000, 0x0000000089000000, 0x0000000089000000|100%| S|CS|TAMS 0x0000000088f00000, 0x0000000088f00000| Complete 
| 144|0x0000000089000000, 0x0000000089100000, 0x0000000089100000|100%| S|CS|TAMS 0x0000000089000000, 0x0000000089000000| Complete 
| 145|0x0000000089100000, 0x0000000089200000, 0x0000000089200000|100%| E|CS|TAMS 0x0000000089100000, 0x0000000089100000| Complete 
| 146|0x0000000089200000, 0x0000000089300000, 0x0000000089300000|100%| E|CS|TAMS 0x0000000089200000, 0x0000000089200000| Complete 
| 147|0x0000000089300000, 0x0000000089400000, 0x0000000089400000|100%| E|CS|TAMS 0x0000000089300000, 0x0000000089300000| Complete 
| 148|0x0000000089400000, 0x0000000089500000, 0x0000000089500000|100%| E|CS|TAMS 0x0000000089400000, 0x0000000089400000| Complete 
| 149|0x0000000089500000, 0x0000000089600000, 0x0000000089600000|100%| E|CS|TAMS 0x0000000089500000, 0x0000000089500000| Complete 
| 150|0x0000000089600000, 0x0000000089700000, 0x0000000089700000|100%| E|CS|TAMS 0x0000000089600000, 0x0000000089600000| Complete 
| 151|0x0000000089700000, 0x0000000089800000, 0x0000000089800000|100%| E|CS|TAMS 0x0000000089700000, 0x0000000089700000| Complete 
| 152|0x0000000089800000, 0x0000000089900000, 0x0000000089900000|100%| E|CS|TAMS 0x0000000089800000, 0x0000000089800000| Complete 
| 153|0x0000000089900000, 0x0000000089a00000, 0x0000000089a00000|100%| E|CS|TAMS 0x0000000089900000, 0x0000000089900000| Complete 
| 154|0x0000000089a00000, 0x0000000089b00000, 0x0000000089b00000|100%| E|CS|TAMS 0x0000000089a00000, 0x0000000089a00000| Complete 
| 155|0x0000000089b00000, 0x0000000089c00000, 0x0000000089c00000|100%| E|CS|TAMS 0x0000000089b00000, 0x0000000089b00000| Complete 
| 156|0x0000000089c00000, 0x0000000089d00000, 0x0000000089d00000|100%| E|CS|TAMS 0x0000000089c00000, 0x0000000089c00000| Complete 
| 157|0x0000000089d00000, 0x0000000089e00000, 0x0000000089e00000|100%| E|CS|TAMS 0x0000000089d00000, 0x0000000089d00000| Complete 
| 158|0x0000000089e00000, 0x0000000089f00000, 0x0000000089f00000|100%| E|CS|TAMS 0x0000000089e00000, 0x0000000089e00000| Complete 
| 159|0x0000000089f00000, 0x000000008a000000, 0x000000008a000000|100%| E|CS|TAMS 0x0000000089f00000, 0x0000000089f00000| Complete 
| 160|0x000000008a000000, 0x000000008a100000, 0x000000008a100000|100%| E|CS|TAMS 0x000000008a000000, 0x000000008a000000| Complete 
| 161|0x000000008a100000, 0x000000008a200000, 0x000000008a200000|100%| E|CS|TAMS 0x000000008a100000, 0x000000008a100000| Complete 
| 162|0x000000008a200000, 0x000000008a300000, 0x000000008a300000|100%| E|CS|TAMS 0x000000008a200000, 0x000000008a200000| Complete 
| 163|0x000000008a300000, 0x000000008a400000, 0x000000008a400000|100%| E|CS|TAMS 0x000000008a300000, 0x000000008a300000| Complete 
| 164|0x000000008a400000, 0x000000008a500000, 0x000000008a500000|100%| E|CS|TAMS 0x000000008a400000, 0x000000008a400000| Complete 
| 165|0x000000008a500000, 0x000000008a600000, 0x000000008a600000|100%| E|CS|TAMS 0x000000008a500000, 0x000000008a500000| Complete 
| 166|0x000000008a600000, 0x000000008a700000, 0x000000008a700000|100%| E|CS|TAMS 0x000000008a600000, 0x000000008a600000| Complete 
| 167|0x000000008a700000, 0x000000008a800000, 0x000000008a800000|100%| E|CS|TAMS 0x000000008a700000, 0x000000008a700000| Complete 
| 168|0x000000008a800000, 0x000000008a900000, 0x000000008a900000|100%| E|CS|TAMS 0x000000008a800000, 0x000000008a800000| Complete 
| 169|0x000000008a900000, 0x000000008aa00000, 0x000000008aa00000|100%| E|CS|TAMS 0x000000008a900000, 0x000000008a900000| Complete 
| 170|0x000000008aa00000, 0x000000008ab00000, 0x000000008ab00000|100%| E|CS|TAMS 0x000000008aa00000, 0x000000008aa00000| Complete 
| 171|0x000000008ab00000, 0x000000008ac00000, 0x000000008ac00000|100%| E|CS|TAMS 0x000000008ab00000, 0x000000008ab00000| Complete 
| 172|0x000000008ac00000, 0x000000008ad00000, 0x000000008ad00000|100%| E|CS|TAMS 0x000000008ac00000, 0x000000008ac00000| Complete 
| 173|0x000000008ad00000, 0x000000008ae00000, 0x000000008ae00000|100%| E|CS|TAMS 0x000000008ad00000, 0x000000008ad00000| Complete 
| 174|0x000000008ae00000, 0x000000008af00000, 0x000000008af00000|100%| E|CS|TAMS 0x000000008ae00000, 0x000000008ae00000| Complete 
| 175|0x000000008af00000, 0x000000008b000000, 0x000000008b000000|100%| E|CS|TAMS 0x000000008af00000, 0x000000008af00000| Complete 

Card table byte_map: [0x00000223afb50000,0x00000223aff50000] _byte_map_base: 0x00000223af750000

Marking Bits (Prev, Next): (CMBitMap*) 0x000002239d2d67f0, (CMBitMap*) 0x000002239d2d6830
 Prev Bits: [0x00000223b0350000, 0x00000223b2350000)
 Next Bits: [0x00000223b2350000, 0x00000223b4350000)

Polling page: 0x000002239b210000

Metaspace:

Usage:
  Non-class:     58.07 MB used.
      Class:      8.83 MB used.
       Both:     66.91 MB used.

Virtual space:
  Non-class space:       64.00 MB reserved,      58.44 MB ( 91%) committed,  8 nodes.
      Class space:        1.00 GB reserved,       9.12 MB ( <1%) committed,  1 nodes.
             Both:        1.06 GB reserved,      67.56 MB (  6%) committed. 

Chunk freelists:
   Non-Class:  960.00 KB
       Class:  2.83 MB
        Both:  3.77 MB

MaxMetaspaceSize: unlimited
CompressedClassSpaceSize: 1.00 GB
Initial GC threshold: 21.00 MB
Current GC threshold: 108.69 MB
CDS: off
MetaspaceReclaimPolicy: balanced
 - commit_granule_bytes: 65536.
 - commit_granule_words: 8192.
 - virtual_space_node_default_size: 1048576.
 - enlarge_chunks_in_place: 1.
 - new_chunks_are_fully_committed: 0.
 - uncommit_free_chunks: 1.
 - use_allocation_guard: 0.
 - handle_deallocations: 1.


Internal statistics:

num_allocs_failed_limit: 3.
num_arena_births: 704.
num_arena_deaths: 0.
num_vsnodes_births: 9.
num_vsnodes_deaths: 0.
num_space_committed: 1081.
num_space_uncommitted: 0.
num_chunks_returned_to_freelist: 3.
num_chunks_taken_from_freelist: 3019.
num_chunk_merges: 0.
num_chunk_splits: 1983.
num_chunks_enlarged: 1331.
num_purges: 0.
num_inconsistent_stats: 0.

CodeHeap 'non-profiled nmethods': size=120000Kb used=2860Kb max_used=3420Kb free=117139Kb
 bounds [0x00000223a8220000, 0x00000223a8580000, 0x00000223af750000]
CodeHeap 'profiled nmethods': size=120000Kb used=11466Kb max_used=12725Kb free=108533Kb
 bounds [0x00000223a0750000, 0x00000223a13d0000, 0x00000223a7c80000]
CodeHeap 'non-nmethods': size=5760Kb used=2351Kb max_used=2410Kb free=3408Kb
 bounds [0x00000223a7c80000, 0x00000223a7ef0000, 0x00000223a8220000]
 total_blobs=7020 nmethods=6144 adapters=787
 compilation: enabled
              stopped_count=0, restarted_count=0
 full_count=0

Compilation events (20 events):
Event: 11.899 Thread 0x00000223b7411a20 6878       3       org.objectweb.asm.ByteVector::putInt (74 bytes)
Event: 11.899 Thread 0x00000223b7411a20 nmethod 6878 0x00000223a07cf990 code [0x00000223a07cfb40, 0x00000223a07cfda8]
Event: 11.899 Thread 0x00000223b7411a20 6879       3       org.objectweb.asm.MethodWriter::visitAbstractType (8 bytes)
Event: 11.899 Thread 0x00000223b7411a20 nmethod 6879 0x00000223a07cf410 code [0x00000223a07cf5a0, 0x00000223a07cf6d8]
Event: 11.899 Thread 0x00000223b7411a20 6880       1       org.objectweb.asm.SymbolTable::getClassName (5 bytes)
Event: 11.899 Thread 0x00000223b7411a20 nmethod 6880 0x00000223a83c9b10 code [0x00000223a83c9ca0, 0x00000223a83c9d78]
Event: 11.907 Thread 0x00000223b7411a20 6882       1       org.gradle.model.internal.asm.AsmClassGenerator::getTargetType (5 bytes)
Event: 11.907 Thread 0x00000223b7411a20 nmethod 6882 0x00000223a8362f10 code [0x00000223a83630a0, 0x00000223a8363178]
Event: 11.908 Thread 0x00000223b7411a20 6883       1       org.gradle.internal.instantiation.generator.AsmBackedClassGenerator$ClassBuilderImpl::access$7500 (5 bytes)
Event: 11.908 Thread 0x00000223b7411a20 nmethod 6883 0x00000223a8362c10 code [0x00000223a8362da0, 0x00000223a8362e58]
Event: 11.908 Thread 0x00000223b7411a20 6884       1       org.gradle.internal.instantiation.generator.AsmBackedClassGenerator$ClassBuilderImpl::access$7600 (5 bytes)
Event: 11.908 Thread 0x00000223b7411a20 nmethod 6884 0x00000223a8362910 code [0x00000223a8362aa0, 0x00000223a8362b58]
Event: 11.908 Thread 0x00000223b7411a20 6886       3       org.gradle.model.internal.asm.ClassVisitorScope::privateSyntheticMethod (12 bytes)
Event: 11.908 Thread 0x00000223b7411a20 nmethod 6886 0x00000223a0802490 code [0x00000223a0802640, 0x00000223a08027a8]
Event: 11.908 Thread 0x00000223b7411a20 6885       1       org.gradle.internal.instantiation.generator.AsmBackedClassGenerator$ClassBuilderImpl::access$4200 (5 bytes)
Event: 11.908 Thread 0x00000223b7411a20 nmethod 6885 0x00000223a8362610 code [0x00000223a83627a0, 0x00000223a8362858]
Event: 11.919 Thread 0x00000223b7411a20 6887       3       org.objectweb.asm.Type::getOpcode (284 bytes)
Event: 11.919 Thread 0x00000223b7411a20 nmethod 6887 0x00000223a0c9db90 code [0x00000223a0c9de20, 0x00000223a0c9eaf8]
Event: 11.920 Thread 0x00000223b7411a20 6888       3       org.objectweb.asm.ByteVector::put122 (93 bytes)
Event: 11.920 Thread 0x00000223b7411a20 nmethod 6888 0x00000223a0801e90 code [0x00000223a0802040, 0x00000223a08022c8]

GC Heap History (20 events):
Event: 6.810 GC heap before
{Heap before GC invocations=18 (full 0):
 garbage-first heap   total 107520K, used 59727K [0x0000000080000000, 0x0000000100000000)
  region size 1024K, 5 young (5120K), 3 survivors (3072K)
 Metaspace       used 46133K, committed 46592K, reserved 1089536K
  class space    used 6128K, committed 6336K, reserved 1048576K
}
Event: 6.815 GC heap after
{Heap after GC invocations=19 (full 0):
 garbage-first heap   total 107520K, used 59611K [0x0000000080000000, 0x0000000100000000)
  region size 1024K, 1 young (1024K), 1 survivors (1024K)
 Metaspace       used 46133K, committed 46592K, reserved 1089536K
  class space    used 6128K, committed 6336K, reserved 1048576K
}
Event: 6.886 GC heap before
{Heap before GC invocations=20 (full 0):
 garbage-first heap   total 107520K, used 62683K [0x0000000080000000, 0x0000000100000000)
  region size 1024K, 2 young (2048K), 1 survivors (1024K)
 Metaspace       used 46134K, committed 46592K, reserved 1089536K
  class space    used 6128K, committed 6336K, reserved 1048576K
}
Event: 6.888 GC heap after
{Heap after GC invocations=21 (full 0):
 garbage-first heap   total 107520K, used 62837K [0x0000000080000000, 0x0000000100000000)
  region size 1024K, 2 young (2048K), 2 survivors (2048K)
 Metaspace       used 46134K, committed 46592K, reserved 1089536K
  class space    used 6128K, committed 6336K, reserved 1048576K
}
Event: 7.417 GC heap before
{Heap before GC invocations=22 (full 0):
 garbage-first heap   total 114688K, used 84341K [0x0000000080000000, 0x0000000100000000)
  region size 1024K, 20 young (20480K), 2 survivors (2048K)
 Metaspace       used 48300K, committed 48768K, reserved 1097728K
  class space    used 6306K, committed 6528K, reserved 1048576K
}
Event: 7.420 GC heap after
{Heap after GC invocations=23 (full 0):
 garbage-first heap   total 114688K, used 68006K [0x0000000080000000, 0x0000000100000000)
  region size 1024K, 3 young (3072K), 3 survivors (3072K)
 Metaspace       used 48300K, committed 48768K, reserved 1097728K
  class space    used 6306K, committed 6528K, reserved 1048576K
}
Event: 7.476 GC heap before
{Heap before GC invocations=23 (full 0):
 garbage-first heap   total 114688K, used 70054K [0x0000000080000000, 0x0000000100000000)
  region size 1024K, 5 young (5120K), 3 survivors (3072K)
 Metaspace       used 48418K, committed 48896K, reserved 1097728K
  class space    used 6322K, committed 6528K, reserved 1048576K
}
Event: 7.481 GC heap after
{Heap after GC invocations=24 (full 0):
 garbage-first heap   total 114688K, used 68537K [0x0000000080000000, 0x0000000100000000)
  region size 1024K, 1 young (1024K), 1 survivors (1024K)
 Metaspace       used 48418K, committed 48896K, reserved 1097728K
  class space    used 6322K, committed 6528K, reserved 1048576K
}
Event: 7.999 GC heap before
{Heap before GC invocations=24 (full 0):
 garbage-first heap   total 114688K, used 89017K [0x0000000080000000, 0x0000000100000000)
  region size 1024K, 21 young (21504K), 1 survivors (1024K)
 Metaspace       used 49599K, committed 50048K, reserved 1097728K
  class space    used 6516K, committed 6720K, reserved 1048576K
}
Event: 8.010 GC heap after
{Heap after GC invocations=25 (full 0):
 garbage-first heap   total 114688K, used 70604K [0x0000000080000000, 0x0000000100000000)
  region size 1024K, 3 young (3072K), 3 survivors (3072K)
 Metaspace       used 49599K, committed 50048K, reserved 1097728K
  class space    used 6516K, committed 6720K, reserved 1048576K
}
Event: 8.311 GC heap before
{Heap before GC invocations=26 (full 0):
 garbage-first heap   total 124928K, used 90060K [0x0000000080000000, 0x0000000100000000)
  region size 1024K, 22 young (22528K), 3 survivors (3072K)
 Metaspace       used 51658K, committed 52224K, reserved 1097728K
  class space    used 6882K, committed 7104K, reserved 1048576K
}
Event: 8.315 GC heap after
{Heap after GC invocations=27 (full 0):
 garbage-first heap   total 124928K, used 72251K [0x0000000080000000, 0x0000000100000000)
  region size 1024K, 2 young (2048K), 2 survivors (2048K)
 Metaspace       used 51658K, committed 52224K, reserved 1097728K
  class space    used 6882K, committed 7104K, reserved 1048576K
}
Event: 8.409 GC heap before
{Heap before GC invocations=27 (full 0):
 garbage-first heap   total 124928K, used 76347K [0x0000000080000000, 0x0000000100000000)
  region size 1024K, 6 young (6144K), 2 survivors (2048K)
 Metaspace       used 52056K, committed 52608K, reserved 1097728K
  class space    used 6954K, committed 7168K, reserved 1048576K
}
Event: 8.415 GC heap after
{Heap after GC invocations=28 (full 0):
 garbage-first heap   total 124928K, used 72107K [0x0000000080000000, 0x0000000100000000)
  region size 1024K, 1 young (1024K), 1 survivors (1024K)
 Metaspace       used 52056K, committed 52608K, reserved 1097728K
  class space    used 6954K, committed 7168K, reserved 1048576K
}
Event: 9.055 GC heap before
{Heap before GC invocations=28 (full 0):
 garbage-first heap   total 124928K, used 97707K [0x0000000080000000, 0x0000000100000000)
  region size 1024K, 27 young (27648K), 1 survivors (1024K)
 Metaspace       used 54029K, committed 54592K, reserved 1097728K
  class space    used 7206K, committed 7424K, reserved 1048576K
}
Event: 9.061 GC heap after
{Heap after GC invocations=29 (full 0):
 garbage-first heap   total 180224K, used 74139K [0x0000000080000000, 0x0000000100000000)
  region size 1024K, 3 young (3072K), 3 survivors (3072K)
 Metaspace       used 54029K, committed 54592K, reserved 1097728K
  class space    used 7206K, committed 7424K, reserved 1048576K
}
Event: 10.454 GC heap before
{Heap before GC invocations=30 (full 0):
 garbage-first heap   total 180224K, used 139675K [0x0000000080000000, 0x0000000100000000)
  region size 1024K, 63 young (64512K), 3 survivors (3072K)
 Metaspace       used 60853K, committed 61440K, reserved 1105920K
  class space    used 8041K, committed 8256K, reserved 1048576K
}
Event: 10.463 GC heap after
{Heap after GC invocations=31 (full 0):
 garbage-first heap   total 180224K, used 86008K [0x0000000080000000, 0x0000000100000000)
  region size 1024K, 8 young (8192K), 8 survivors (8192K)
 Metaspace       used 60853K, committed 61440K, reserved 1105920K
  class space    used 8041K, committed 8256K, reserved 1048576K
}
Event: 11.528 GC heap before
{Heap before GC invocations=31 (full 0):
 garbage-first heap   total 180224K, used 119800K [0x0000000080000000, 0x0000000100000000)
  region size 1024K, 39 young (39936K), 8 survivors (8192K)
 Metaspace       used 66056K, committed 66752K, reserved 1114112K
  class space    used 8723K, committed 9024K, reserved 1048576K
}
Event: 11.535 GC heap after
{Heap after GC invocations=32 (full 0):
 garbage-first heap   total 180224K, used 93178K [0x0000000080000000, 0x0000000100000000)
  region size 1024K, 4 young (4096K), 4 survivors (4096K)
 Metaspace       used 66056K, committed 66752K, reserved 1114112K
  class space    used 8723K, committed 9024K, reserved 1048576K
}

Dll operation events (2 events):
Event: 0.009 Loaded shared library C:\Program Files\Android\Android Studio\jbr\bin\java.dll
Event: 0.499 Loaded shared library C:\Program Files\Android\Android Studio\jbr\bin\verify.dll

Deoptimization events (20 events):
Event: 11.628 Thread 0x00000223b8e6b7e0 DEOPT PACKING pc=0x00000223a129826e sp=0x0000002847ef1fc0
Event: 11.628 Thread 0x00000223b8e6b7e0 DEOPT UNPACKING pc=0x00000223a7cd7143 sp=0x0000002847ef1418 mode 0
Event: 11.635 Thread 0x00000223b8e6b7e0 Uncommon trap: trap_request=0xffffffc6 fr.pc=0x00000223a8493ec4 relative=0x0000000000001da4
Event: 11.635 Thread 0x00000223b8e6b7e0 Uncommon trap: reason=bimorphic_or_optimized_type_check action=maybe_recompile pc=0x00000223a8493ec4 method=jdk.internal.loader.Resource.getBytes()[B @ 117 c2
Event: 11.635 Thread 0x00000223b8e6b7e0 DEOPT PACKING pc=0x00000223a8493ec4 sp=0x0000002847ef25f0
Event: 11.635 Thread 0x00000223b8e6b7e0 DEOPT UNPACKING pc=0x00000223a7cd69a3 sp=0x0000002847ef2600 mode 2
Event: 11.639 Thread 0x00000223b8e6b7e0 Uncommon trap: trap_request=0xffffffc6 fr.pc=0x00000223a8493ec4 relative=0x0000000000001da4
Event: 11.639 Thread 0x00000223b8e6b7e0 Uncommon trap: reason=bimorphic_or_optimized_type_check action=maybe_recompile pc=0x00000223a8493ec4 method=jdk.internal.loader.Resource.getBytes()[B @ 117 c2
Event: 11.639 Thread 0x00000223b8e6b7e0 DEOPT PACKING pc=0x00000223a8493ec4 sp=0x0000002847ef0a00
Event: 11.639 Thread 0x00000223b8e6b7e0 DEOPT UNPACKING pc=0x00000223a7cd69a3 sp=0x0000002847ef0a10 mode 2
Event: 11.639 Thread 0x00000223b8e6b7e0 Uncommon trap: trap_request=0xffffff45 fr.pc=0x00000223a84e2c90 relative=0x0000000000001550
Event: 11.639 Thread 0x00000223b8e6b7e0 Uncommon trap: reason=unstable_if action=reinterpret pc=0x00000223a84e2c90 method=java.security.CodeSource.matchCerts(Ljava/security/CodeSource;Z)Z @ 11 c2
Event: 11.639 Thread 0x00000223b8e6b7e0 DEOPT PACKING pc=0x00000223a84e2c90 sp=0x0000002847ef0a00
Event: 11.639 Thread 0x00000223b8e6b7e0 DEOPT UNPACKING pc=0x00000223a7cd69a3 sp=0x0000002847ef0880 mode 2
Event: 11.728 Thread 0x00000223b8e6b7e0 Uncommon trap: trap_request=0xffffff45 fr.pc=0x00000223a82b76d8 relative=0x0000000000002e98
Event: 11.728 Thread 0x00000223b8e6b7e0 Uncommon trap: reason=unstable_if action=reinterpret pc=0x00000223a82b76d8 method=java.util.regex.Pattern.compile()V @ 133 c2
Event: 11.728 Thread 0x00000223b8e6b7e0 DEOPT PACKING pc=0x00000223a82b76d8 sp=0x0000002847ef5770
Event: 11.728 Thread 0x00000223b8e6b7e0 DEOPT UNPACKING pc=0x00000223a7cd69a3 sp=0x0000002847ef5758 mode 2
Event: 11.800 Thread 0x00000223b8e6b7e0 DEOPT PACKING pc=0x00000223a0ebfa2a sp=0x0000002847ef43e0
Event: 11.800 Thread 0x00000223b8e6b7e0 DEOPT UNPACKING pc=0x00000223a7cd7143 sp=0x0000002847ef38a0 mode 0

Classes unloaded (0 events):
No events

Classes redefined (0 events):
No events

Internal exceptions (20 events):
Event: 8.599 Thread 0x00000223b8e6b7e0 Exception <a 'java/lang/NoSuchMethodError'{0x00000000871f4ea8}: 'java.lang.Object java.lang.invoke.Invokers$Holder.invoker(java.lang.Object, java.lang.Object, java.lang.Object, java.lang.Object, java.lang.Object, java.lang.Object, java.lang.Object, java.lang.Object, java.lang.Object, java.lang.Object, java.lang.Object, java.lang.Object, java.lang.Object, java.lang.Object, java.lang.Object, java.lang.Object, java.lang.Object, java.lang.Object, java.lang.Object, java.lang.Object, java.lang.Object)'> (0x00000
Event: 8.600 Thread 0x00000223b8e6b7e0 Exception <a 'java/lang/NoSuchMethodError'{0x00000000871fc0d8}: 'java.lang.Object java.lang.invoke.DelegatingMethodHandle$Holder.delegate(java.lang.Object, java.lang.Object, java.lang.Object, java.lang.Object, java.lang.Object, java.lang.Object, java.lang.Object, java.lang.Object, java.lang.Object, java.lang.Object, java.lang.Object, java.lang.Object, java.lang.Object, java.lang.Object, java.lang.Object, java.lang.Object, java.lang.Object, java.lang.Object, java.lang.Object, java.lang.Object, java.lang.Obj
Event: 8.610 Thread 0x00000223b8e6b7e0 Exception <a 'java/lang/NoSuchMethodError'{0x000000008707faf0}: 'java.lang.Object java.lang.invoke.DirectMethodHandle$Holder.invokeStatic(java.lang.Object, java.lang.Object, java.lang.Object, java.lang.Object, java.lang.Object, java.lang.Object, java.lang.Object, java.lang.Object, java.lang.Object, java.lang.Object, java.lang.Object, java.lang.Object, java.lang.Object, java.lang.Object, java.lang.Object, java.lang.Object, java.lang.Object)'> (0x000000008707faf0) 
thrown [s\src\hotspot\share\interpreter\lin
Event: 8.612 Thread 0x00000223b8e6b7e0 Exception <a 'java/lang/NoSuchMethodError'{0x00000000870a80f0}: 'java.lang.Object java.lang.invoke.DirectMethodHandle$Holder.invokeStatic(java.lang.Object, java.lang.Object, java.lang.Object, java.lang.Object, java.lang.Object, java.lang.Object, java.lang.Object, java.lang.Object, java.lang.Object, java.lang.Object, java.lang.Object, java.lang.Object, java.lang.Object, java.lang.Object, java.lang.Object, java.lang.Object, java.lang.Object, java.lang.Object)'> (0x00000000870a80f0) 
thrown [s\src\hotspot\sha
Event: 8.614 Thread 0x00000223b8e6b7e0 Exception <a 'java/lang/NoSuchMethodError'{0x00000000870d0c88}: 'java.lang.Object java.lang.invoke.DirectMethodHandle$Holder.invokeStatic(java.lang.Object, java.lang.Object, java.lang.Object, java.lang.Object, java.lang.Object, java.lang.Object, java.lang.Object, java.lang.Object, java.lang.Object, java.lang.Object, java.lang.Object, java.lang.Object, java.lang.Object, java.lang.Object, java.lang.Object, java.lang.Object, java.lang.Object, java.lang.Object, java.lang.Object)'> (0x00000000870d0c88) 
thrown 
Event: 8.617 Thread 0x00000223b8e6b7e0 Exception <a 'java/lang/NoSuchMethodError'{0x00000000870faae0}: 'java.lang.Object java.lang.invoke.DirectMethodHandle$Holder.invokeStatic(java.lang.Object, java.lang.Object, java.lang.Object, java.lang.Object, java.lang.Object, java.lang.Object, java.lang.Object, java.lang.Object, java.lang.Object, java.lang.Object, java.lang.Object, java.lang.Object, java.lang.Object, java.lang.Object, java.lang.Object, java.lang.Object, java.lang.Object, java.lang.Object, java.lang.Object, java.lang.Object)'> (0x00000000
Event: 8.620 Thread 0x00000223b8e6b7e0 Exception <a 'java/lang/NoSuchMethodError'{0x0000000086f25e48}: 'java.lang.Object java.lang.invoke.DirectMethodHandle$Holder.invokeStatic(java.lang.Object, java.lang.Object, java.lang.Object, java.lang.Object, java.lang.Object, java.lang.Object, java.lang.Object, java.lang.Object, java.lang.Object, java.lang.Object, java.lang.Object, java.lang.Object, java.lang.Object, java.lang.Object, java.lang.Object, java.lang.Object, java.lang.Object, java.lang.Object, java.lang.Object, java.lang.Object, java.lang.Obj
Event: 8.624 Thread 0x00000223b8e6b7e0 Exception <a 'java/lang/NoSuchMethodError'{0x0000000086f516a0}: 'java.lang.Object java.lang.invoke.DirectMethodHandle$Holder.invokeStatic(java.lang.Object, java.lang.Object, java.lang.Object, java.lang.Object, java.lang.Object, java.lang.Object, java.lang.Object, java.lang.Object, java.lang.Object, java.lang.Object, java.lang.Object, java.lang.Object, java.lang.Object, java.lang.Object, java.lang.Object, java.lang.Object, java.lang.Object, java.lang.Object, java.lang.Object, java.lang.Object, java.lang.Obj
Event: 8.626 Thread 0x00000223b8e6b7e0 Exception <a 'java/lang/NoSuchMethodError'{0x0000000086f7e990}: 'java.lang.Object java.lang.invoke.DirectMethodHandle$Holder.invokeStatic(java.lang.Object, java.lang.Object, java.lang.Object, java.lang.Object, java.lang.Object, java.lang.Object, java.lang.Object, java.lang.Object, java.lang.Object, java.lang.Object, java.lang.Object, java.lang.Object, java.lang.Object, java.lang.Object, java.lang.Object, java.lang.Object, java.lang.Object, java.lang.Object, java.lang.Object, java.lang.Object, java.lang.Obj
Event: 8.628 Thread 0x00000223b8e6b7e0 Exception <a 'java/lang/NoSuchMethodError'{0x0000000086fae490}: 'java.lang.Object java.lang.invoke.DirectMethodHandle$Holder.invokeStatic(java.lang.Object, java.lang.Object, java.lang.Object, java.lang.Object, java.lang.Object, java.lang.Object, java.lang.Object, java.lang.Object, java.lang.Object, java.lang.Object, java.lang.Object, java.lang.Object, java.lang.Object, java.lang.Object, java.lang.Object, java.lang.Object, java.lang.Object, java.lang.Object, java.lang.Object, java.lang.Object, java.lang.Obj
Event: 9.366 Thread 0x00000223b8e6b7e0 Exception <a 'java/lang/ClassNotFoundException'{0x000000008a47e578}: build_f1k5u2q72h1s5t3ey4fx8ai8aBeanInfo> (0x000000008a47e578) 
thrown [s\src\hotspot\share\classfile\systemDictionary.cpp, line 256]
Event: 9.366 Thread 0x00000223b8e6b7e0 Exception <a 'java/lang/ClassNotFoundException'{0x000000008a491190}: build_f1k5u2q72h1s5t3ey4fx8ai8aCustomizer> (0x000000008a491190) 
thrown [s\src\hotspot\share\classfile\systemDictionary.cpp, line 256]
Event: 9.911 Thread 0x00000223b8e6b7e0 Exception <a 'java/lang/NoSuchMethodError'{0x00000000892e09b8}: 'java.lang.Object java.lang.invoke.DirectMethodHandle$Holder.newInvokeSpecial(java.lang.Object, java.lang.Object, java.lang.Object, java.lang.Object, int)'> (0x00000000892e09b8) 
thrown [s\src\hotspot\share\interpreter\linkResolver.cpp, line 771]
Event: 9.911 Thread 0x00000223b8e6b7e0 Exception <a 'java/lang/NoSuchMethodError'{0x00000000892e5e00}: 'java.lang.Object java.lang.invoke.DirectMethodHandle$Holder.invokeSpecial(java.lang.Object, java.lang.Object, java.lang.Object, java.lang.Object, java.lang.Object, int)'> (0x00000000892e5e00) 
thrown [s\src\hotspot\share\interpreter\linkResolver.cpp, line 771]
Event: 9.911 Thread 0x00000223b8e6b7e0 Exception <a 'java/lang/NoSuchMethodError'{0x00000000892eab80}: 'java.lang.Object java.lang.invoke.Invokers$Holder.linkToTargetMethod(java.lang.Object, java.lang.Object, java.lang.Object, int, java.lang.Object)'> (0x00000000892eab80) 
thrown [s\src\hotspot\share\interpreter\linkResolver.cpp, line 771]
Event: 10.137 Thread 0x00000223b8e6b7e0 Exception <a 'java/lang/NoSuchMethodError'{0x000000008841adc8}: 'int java.lang.invoke.DirectMethodHandle$Holder.invokeInterface(java.lang.Object, java.lang.Object, java.lang.Object, java.lang.Object)'> (0x000000008841adc8) 
thrown [s\src\hotspot\share\interpreter\linkResolver.cpp, line 771]
Event: 11.048 Thread 0x00000223b8e6b7e0 Exception <a 'java/lang/IncompatibleClassChangeError'{0x000000008a1a9fd8}: Found class java.lang.Object, but interface was expected> (0x000000008a1a9fd8) 
thrown [s\src\hotspot\share\interpreter\linkResolver.cpp, line 838]
Event: 11.219 Thread 0x00000223b8e6b7e0 Implicit null exception at 0x00000223a853cb54 to 0x00000223a853cd00
Event: 11.438 Thread 0x00000223b8e6b7e0 Implicit null exception at 0x00000223a83cd88c to 0x00000223a83cd9c6
Event: 11.643 Thread 0x00000223b8e6b7e0 Exception <a 'sun/nio/fs/WindowsException'{0x000000008a7672f8}> (0x000000008a7672f8) 
thrown [s\src\hotspot\share\prims\jni.cpp, line 517]

VM Operations (20 events):
Event: 10.454 Executing VM operation: G1CollectForAllocation
Event: 10.463 Executing VM operation: G1CollectForAllocation done
Event: 11.094 Executing VM operation: HandshakeAllThreads
Event: 11.095 Executing VM operation: HandshakeAllThreads done
Event: 11.109 Executing VM operation: HandshakeAllThreads
Event: 11.109 Executing VM operation: HandshakeAllThreads done
Event: 11.164 Executing VM operation: HandshakeAllThreads
Event: 11.164 Executing VM operation: HandshakeAllThreads done
Event: 11.171 Executing VM operation: ICBufferFull
Event: 11.191 Executing VM operation: ICBufferFull done
Event: 11.408 Executing VM operation: HandshakeAllThreads
Event: 11.408 Executing VM operation: HandshakeAllThreads done
Event: 11.451 Executing VM operation: HandshakeAllThreads
Event: 11.451 Executing VM operation: HandshakeAllThreads done
Event: 11.528 Executing VM operation: G1TryInitiateConcMark
Event: 11.535 Executing VM operation: G1TryInitiateConcMark done
Event: 11.604 Executing VM operation: G1Concurrent
Event: 11.608 Executing VM operation: G1Concurrent done
Event: 11.641 Executing VM operation: G1Concurrent
Event: 11.641 Executing VM operation: G1Concurrent done

Events (20 events):
Event: 11.482 loading class java/security/SignatureException
Event: 11.482 loading class java/security/SignatureException done
Event: 11.484 loading class sun/security/rsa/RSASignature$SHA256withRSA
Event: 11.484 loading class sun/security/rsa/RSASignature$SHA256withRSA done
Event: 11.486 loading class sun/security/provider/DSA$SHA256withDSA
Event: 11.486 loading class sun/security/provider/DSA$SHA256withDSA done
Event: 11.514 loading class java/util/Base64
Event: 11.514 loading class java/util/Base64 done
Event: 11.514 loading class java/util/Base64$Decoder
Event: 11.515 loading class java/util/Base64$Decoder done
Event: 11.515 loading class java/util/Base64$Encoder
Event: 11.515 loading class java/util/Base64$Encoder done
Event: 11.516 loading class java/util/jar/JarVerifier$VerifierStream
Event: 11.516 loading class java/util/jar/JarVerifier$VerifierStream done
Event: 11.516 loading class sun/security/util/ManifestEntryVerifier$SunProviderHolder
Event: 11.516 loading class sun/security/util/ManifestEntryVerifier$SunProviderHolder done
Event: 11.640 loading class java/security/KeyStore$ProtectionParameter
Event: 11.640 loading class java/security/KeyStore$ProtectionParameter done
Event: 11.643 loading class sun/nio/fs/WindowsException
Event: 11.643 loading class sun/nio/fs/WindowsException done


Dynamic libraries:
0x00007ff7d0430000 - 0x00007ff7d043a000 	C:\Program Files\Android\Android Studio\jbr\bin\java.exe
0x00007ffc0d690000 - 0x00007ffc0d888000 	C:\Windows\SYSTEM32\ntdll.dll
0x00007ffc0b960000 - 0x00007ffc0ba1d000 	C:\Windows\System32\KERNEL32.DLL
0x00007ffc0b150000 - 0x00007ffc0b446000 	C:\Windows\System32\KERNELBASE.dll
0x00007ffc0afb0000 - 0x00007ffc0b0b0000 	C:\Windows\System32\ucrtbase.dll
0x00007ffc061b0000 - 0x00007ffc061cb000 	C:\Program Files\Android\Android Studio\jbr\bin\VCRUNTIME140.dll
0x00007ffbec300000 - 0x00007ffbec317000 	C:\Program Files\Android\Android Studio\jbr\bin\jli.dll
0x00007ffc0d390000 - 0x00007ffc0d52e000 	C:\Windows\System32\USER32.dll
0x00007ffbf2c10000 - 0x00007ffbf2eaa000 	C:\Windows\WinSxS\amd64_microsoft.windows.common-controls_6595b64144ccf1df_6.0.19041.3636_none_60b6a03d71f818d5\COMCTL32.dll
0x00007ffc0c530000 - 0x00007ffc0c5ce000 	C:\Windows\System32\msvcrt.dll
0x00007ffc0b530000 - 0x00007ffc0b552000 	C:\Windows\System32\win32u.dll
0x00007ffc0b6f0000 - 0x00007ffc0b71c000 	C:\Windows\System32\GDI32.dll
0x00007ffc0b5d0000 - 0x00007ffc0b6ea000 	C:\Windows\System32\gdi32full.dll
0x00007ffc0b0b0000 - 0x00007ffc0b14d000 	C:\Windows\System32\msvcp_win.dll
0x00007ffc0d360000 - 0x00007ffc0d390000 	C:\Windows\System32\IMM32.DLL
0x00007ffc05a20000 - 0x00007ffc05a2c000 	C:\Program Files\Android\Android Studio\jbr\bin\vcruntime140_1.dll
0x00007ffbe5980000 - 0x00007ffbe5a0d000 	C:\Program Files\Android\Android Studio\jbr\bin\msvcp140.dll
0x00007ffb9e7c0000 - 0x00007ffb9f42e000 	C:\Program Files\Android\Android Studio\jbr\bin\server\jvm.dll
0x00007ffc0ceb0000 - 0x00007ffc0cf5f000 	C:\Windows\System32\ADVAPI32.dll
0x00007ffc0d0b0000 - 0x00007ffc0d14c000 	C:\Windows\System32\sechost.dll
0x00007ffc0c320000 - 0x00007ffc0c446000 	C:\Windows\System32\RPCRT4.dll
0x00007ffbf2b50000 - 0x00007ffbf2b77000 	C:\Windows\SYSTEM32\WINMM.dll
0x00007ffc01b90000 - 0x00007ffc01b9a000 	C:\Windows\SYSTEM32\VERSION.dll
0x00007ffc06220000 - 0x00007ffc06229000 	C:\Windows\SYSTEM32\WSOCK32.dll
0x00007ffc0ce40000 - 0x00007ffc0ceab000 	C:\Windows\System32\WS2_32.dll
0x00007ffc08e10000 - 0x00007ffc08e22000 	C:\Windows\SYSTEM32\kernel.appcore.dll
0x00007ffc061f0000 - 0x00007ffc061fa000 	C:\Program Files\Android\Android Studio\jbr\bin\jimage.dll
0x00007ffc08b30000 - 0x00007ffc08d14000 	C:\Windows\SYSTEM32\DBGHELP.DLL
0x00007ffbf76f0000 - 0x00007ffbf7724000 	C:\Windows\SYSTEM32\dbgcore.DLL
0x00007ffc0af20000 - 0x00007ffc0afa2000 	C:\Windows\System32\bcryptPrimitives.dll
0x00007ffbe97f0000 - 0x00007ffbe9815000 	C:\Program Files\Android\Android Studio\jbr\bin\java.dll
0x00007ffbf7e40000 - 0x00007ffbf7e58000 	C:\Program Files\Android\Android Studio\jbr\bin\zip.dll
0x00007ffc0bbd0000 - 0x00007ffc0c315000 	C:\Windows\System32\SHELL32.dll
0x00007ffc08e30000 - 0x00007ffc095cb000 	C:\Windows\SYSTEM32\windows.storage.dll
0x00007ffc0c5d0000 - 0x00007ffc0c924000 	C:\Windows\System32\combase.dll
0x00007ffc0a6e0000 - 0x00007ffc0a70d000 	C:\Windows\SYSTEM32\Wldp.dll
0x00007ffc0b800000 - 0x00007ffc0b8ad000 	C:\Windows\System32\SHCORE.dll
0x00007ffc0cfd0000 - 0x00007ffc0d025000 	C:\Windows\System32\shlwapi.dll
0x00007ffc0aca0000 - 0x00007ffc0acc5000 	C:\Windows\SYSTEM32\profapi.dll
0x00007ffbf5180000 - 0x00007ffbf5199000 	C:\Program Files\Android\Android Studio\jbr\bin\net.dll
0x00007ffc01c90000 - 0x00007ffc01d9a000 	C:\Windows\SYSTEM32\WINHTTP.dll
0x00007ffc0a440000 - 0x00007ffc0a4aa000 	C:\Windows\system32\mswsock.dll
0x00007ffbec4b0000 - 0x00007ffbec4c6000 	C:\Program Files\Android\Android Studio\jbr\bin\nio.dll
0x00007ffc055a0000 - 0x00007ffc055b0000 	C:\Program Files\Android\Android Studio\jbr\bin\verify.dll
0x00007ffbe6560000 - 0x00007ffbe6587000 	C:\Users\LENOVO\.gradle\native\68d5fa5c4cc2d200863cafc0d521ce42e7d3e7ee720ec0a83991735586a16f82\windows-amd64\native-platform.dll
0x00007ffbd7070000 - 0x00007ffbd71b4000 	C:\Users\LENOVO\.gradle\native\e376f236ea51e6404a007f0833ffe2c6e607c4080706a723a18a27aeea778392\windows-amd64\native-platform-file-events.dll
0x00007ffc04920000 - 0x00007ffc04929000 	C:\Program Files\Android\Android Studio\jbr\bin\management.dll
0x00007ffbf6050000 - 0x00007ffbf605b000 	C:\Program Files\Android\Android Studio\jbr\bin\management_ext.dll
0x00007ffc0cfc0000 - 0x00007ffc0cfc8000 	C:\Windows\System32\PSAPI.DLL
0x00007ffc0a640000 - 0x00007ffc0a658000 	C:\Windows\SYSTEM32\CRYPTSP.dll
0x00007ffc09d70000 - 0x00007ffc09da4000 	C:\Windows\system32\rsaenh.dll
0x00007ffc0b450000 - 0x00007ffc0b477000 	C:\Windows\System32\bcrypt.dll
0x00007ffc0ac60000 - 0x00007ffc0ac8e000 	C:\Windows\SYSTEM32\USERENV.dll
0x00007ffc0a630000 - 0x00007ffc0a63c000 	C:\Windows\SYSTEM32\CRYPTBASE.dll
0x00007ffc0a130000 - 0x00007ffc0a16b000 	C:\Windows\SYSTEM32\IPHLPAPI.DLL
0x00007ffc0c520000 - 0x00007ffc0c528000 	C:\Windows\System32\NSI.dll
0x00007ffc026b0000 - 0x00007ffc026c7000 	C:\Windows\SYSTEM32\dhcpcsvc6.DLL
0x00007ffc02e60000 - 0x00007ffc02e7d000 	C:\Windows\SYSTEM32\dhcpcsvc.DLL
0x00007ffc0a170000 - 0x00007ffc0a23a000 	C:\Windows\SYSTEM32\DNSAPI.dll
0x00007ffc05320000 - 0x00007ffc05327000 	C:\Windows\system32\wshunix.dll

dbghelp: loaded successfully - version: 4.0.5 - missing functions: none
symbol engine: initialized successfully - sym options: 0x614 - pdb path: .;C:\Program Files\Android\Android Studio\jbr\bin;C:\Windows\SYSTEM32;C:\Windows\WinSxS\amd64_microsoft.windows.common-controls_6595b64144ccf1df_6.0.19041.3636_none_60b6a03d71f818d5;C:\Program Files\Android\Android Studio\jbr\bin\server;C:\Users\LENOVO\.gradle\native\68d5fa5c4cc2d200863cafc0d521ce42e7d3e7ee720ec0a83991735586a16f82\windows-amd64;C:\Users\LENOVO\.gradle\native\e376f236ea51e6404a007f0833ffe2c6e607c4080706a723a18a27aeea778392\windows-amd64

VM Arguments:
jvm_args: --add-opens=java.base/java.util=ALL-UNNAMED --add-opens=java.base/java.lang=ALL-UNNAMED --add-opens=java.base/java.lang.invoke=ALL-UNNAMED --add-opens=java.prefs/java.util.prefs=ALL-UNNAMED --add-opens=java.base/java.nio.charset=ALL-UNNAMED --add-opens=java.base/java.net=ALL-UNNAMED --add-opens=java.base/java.util.concurrent.atomic=ALL-UNNAMED -Xmx2048m -Dfile.encoding=UTF-8 -Duser.country=US -Duser.language=en -Duser.variant 
java_command: org.gradle.launcher.daemon.bootstrap.GradleDaemon 8.0
java_class_path (initial): C:\Users\LENOVO\.gradle\wrapper\dists\gradle-8.0-bin\ca5e32bp14vu59qr306oxotwh\gradle-8.0\lib\gradle-launcher-8.0.jar
Launcher Type: SUN_STANDARD

[Global flags]
     intx CICompilerCount                          = 3                                         {product} {ergonomic}
     uint ConcGCThreads                            = 1                                         {product} {ergonomic}
     uint G1ConcRefinementThreads                  = 4                                         {product} {ergonomic}
   size_t G1HeapRegionSize                         = 1048576                                   {product} {ergonomic}
    uintx GCDrainStackTargetSize                   = 64                                        {product} {ergonomic}
   size_t InitialHeapSize                          = 134217728                                 {product} {ergonomic}
   size_t MarkStackSize                            = 4194304                                   {product} {ergonomic}
   size_t MaxHeapSize                              = 2147483648                                {product} {command line}
   size_t MaxNewSize                               = 1287651328                                {product} {ergonomic}
   size_t MinHeapDeltaBytes                        = 1048576                                   {product} {ergonomic}
   size_t MinHeapSize                              = 8388608                                   {product} {ergonomic}
    uintx NonNMethodCodeHeapSize                   = 5832780                                {pd product} {ergonomic}
    uintx NonProfiledCodeHeapSize                  = 122912730                              {pd product} {ergonomic}
    uintx ProfiledCodeHeapSize                     = 122912730                              {pd product} {ergonomic}
    uintx ReservedCodeCacheSize                    = 251658240                              {pd product} {ergonomic}
     bool SegmentedCodeCache                       = true                                      {product} {ergonomic}
   size_t SoftMaxHeapSize                          = 2147483648                             {manageable} {ergonomic}
     bool UseCompressedClassPointers               = true                           {product lp64_product} {ergonomic}
     bool UseCompressedOops                        = true                           {product lp64_product} {ergonomic}
     bool UseG1GC                                  = true                                      {product} {ergonomic}
     bool UseLargePagesIndividualAllocation        = false                                  {pd product} {ergonomic}

Logging:
Log output configuration:
 #0: stdout all=warning uptime,level,tags
 #1: stderr all=off uptime,level,tags

Environment Variables:
PATH=C:\Program Files\Common Files\Oracle\Java\javapath;C:\Windows\system32;C:\Windows;C:\Windows\System32\Wbem;C:\Windows\System32\WindowsPowerShell\v1.0\;C:\Windows\System32\OpenSSH\;C:\Program Files\Git\cmd;C:\Program Files\Java\jdk-20\bin;C:\Program Files\nodejs\;C:\src\flutter\bin;C:\Users\LENOVO\AppData\Local\Microsoft\WindowsApps;C:\Users\LENOVO\AppData\Roaming\npm;C:\Users\LENOVO\AppData\Local\Programs\Microsoft VS Code\bin
USERNAME=LENOVO
OS=Windows_NT
PROCESSOR_IDENTIFIER=Intel64 Family 6 Model 142 Stepping 12, GenuineIntel
TMP=C:\Users\LENOVO\AppData\Local\Temp
TEMP=C:\Users\LENOVO\AppData\Local\Temp


JNI global refs:
JNI global refs: 23, weak refs: 3

JNI global refs memory usage: 843, weak refs: 841


---------------  S Y S T E M  ---------------

OS:
 Windows 10 , 64 bit Build 19041 (10.0.19041.3636)
OS uptime: 2 days 1:33 hours

CPU: total 4 (initial active 4) (2 cores per cpu, 2 threads per core) family 6 model 142 stepping 12 microcode 0xb8, cx8, cmov, fxsr, ht, mmx, 3dnowpref, sse, sse2, sse3, ssse3, sse4.1, sse4.2, popcnt, lzcnt, tsc, tscinvbit, avx, avx2, aes, erms, clmul, bmi1, bmi2, adx, fma, vzeroupper, clflush, clflushopt

Memory: 4k page, system-wide physical 8072M (270M free)
TotalPageFile size 32648M (AvailPageFile size 1M)
current process WorkingSet (physical memory assigned to process): 364M, peak: 364M
current process commit charge ("private bytes"): 393M, peak: 393M

vm_info: OpenJDK 64-Bit Server VM (17.0.6+0-b2043.56-10027231) for windows-amd64 JRE (17.0.6+0-b2043.56-10027231), built on Apr 28 2023 00:43:19 by "androidbuild" with MS VC++ 16.10 / 16.11 (VS2019)

END.
