#
# There is insufficient memory for the Java Runtime Environment to continue.
# Native memory allocation (mmap) failed to map 239075328 bytes for G1 virtual space
# Possible reasons:
#   The system is out of physical RAM or swap space
#   The process is running with CompressedOops enabled, and the Java Heap may be blocking the growth of the native heap
# Possible solutions:
#   Reduce memory load on the system
#   Increase physical memory or swap space
#   Check if swap backing store is full
#   Decrease Java heap size (-Xmx/-Xms)
#   Decrease number of Java threads
#   Decrease Java thread stack sizes (-Xss)
#   Set larger code cache with -XX:ReservedCodeCacheSize=
#   JVM is running with Unscaled Compressed Oops mode in which the Java heap is
#     placed in the first 4GB address space. The Java Heap base address is the
#     maximum limit for the native heap growth. Please use -XX:HeapBaseMinAddress
#     to set the Java Heap base and to place the Java Heap above 4GB virtual address.
# This output file may be truncated or incomplete.
#
#  Out of Memory Error (os_windows.cpp:3769), pid=11608, tid=6476
#
# JRE version: OpenJDK Runtime Environment (17.0.6) (build 17.0.6+0-b2043.56-10027231)
# Java VM: OpenJDK 64-Bit Server VM (17.0.6+0-b2043.56-10027231, mixed mode, tiered, compressed oops, compressed class ptrs, g1 gc, windows-amd64)
# No core dump will be written. Minidumps are not enabled by default on client versions of Windows
#

---------------  S U M M A R Y ------------

Command Line: --add-opens=java.base/java.util=ALL-UNNAMED --add-opens=java.base/java.lang=ALL-UNNAMED --add-opens=java.base/java.lang.invoke=ALL-UNNAMED --add-opens=java.prefs/java.util.prefs=ALL-UNNAMED --add-opens=java.base/java.nio.charset=ALL-UNNAMED --add-opens=java.base/java.net=ALL-UNNAMED --add-opens=java.base/java.util.concurrent.atomic=ALL-UNNAMED -Xmx2048m -Dfile.encoding=UTF-8 -Duser.country=US -Duser.language=en -Duser.variant org.gradle.launcher.daemon.bootstrap.GradleDaemon 8.0

Host: Intel(R) Core(TM) i3-8145U CPU @ 2.10GHz, 4 cores, 7G,  Windows 10 , 64 bit Build 19041 (10.0.19041.3636)
Time: Mon Jan  1 18:26:56 2024 Pakistan Standard Time elapsed time: 29.451087 seconds (0d 0h 0m 29s)

---------------  T H R E A D  ---------------

Current thread (0x00000225ed52a3e0):  VMThread "VM Thread" [stack: 0x0000007a57d00000,0x0000007a57e00000] [id=6476]

Stack: [0x0000007a57d00000,0x0000007a57e00000]
Native frames: (J=compiled Java code, j=interpreted, Vv=VM code, C=native code)
V  [jvm.dll+0x683c9a]
V  [jvm.dll+0x8427a4]
V  [jvm.dll+0x843f9e]
V  [jvm.dll+0x844603]
V  [jvm.dll+0x249b75]
V  [jvm.dll+0x680b69]
V  [jvm.dll+0x67505a]
V  [jvm.dll+0x309acb]
V  [jvm.dll+0x310f86]
V  [jvm.dll+0x3608ee]
V  [jvm.dll+0x360b1f]
V  [jvm.dll+0x2dfbf8]
V  [jvm.dll+0x2ddec4]
V  [jvm.dll+0x2dd4cc]
V  [jvm.dll+0x321f3b]
V  [jvm.dll+0x848ccb]
V  [jvm.dll+0x849a04]
V  [jvm.dll+0x849f1d]
V  [jvm.dll+0x84a2f4]
V  [jvm.dll+0x84a3c0]
V  [jvm.dll+0x7f274a]
V  [jvm.dll+0x682ad5]
C  [ucrtbase.dll+0x21bb2]
C  [KERNEL32.DLL+0x17344]
C  [ntdll.dll+0x526b1]

VM_Operation (0x0000007a5ddfb5a0): G1CollectForAllocation, mode: safepoint, requested by thread 0x00000225f2b130b0


---------------  P R O C E S S  ---------------

Threads class SMR info:
_java_thread_list=0x00000225f2718780, length=94, elements={
0x00000225d1f9d800, 0x00000225ed52f8f0, 0x00000225ed562010, 0x00000225ee015900,
0x00000225ee0185d0, 0x00000225ee019ea0, 0x00000225ee01c770, 0x00000225ee01df80,
0x00000225ee02c130, 0x00000225ee02ce40, 0x00000225ee1c91b0, 0x00000225ee1cbaa0,
0x00000225ef0de010, 0x00000225ef0dccd0, 0x00000225ef0de4e0, 0x00000225ef0de9b0,
0x00000225ef0dd1a0, 0x00000225ef0dbe60, 0x00000225ef0dc800, 0x00000225ef0dc330,
0x00000225f20dbd20, 0x00000225f20d96a0, 0x00000225f20d74f0, 0x00000225f20dded0,
0x00000225f20da040, 0x00000225f20dcb90, 0x00000225f20dc1f0, 0x00000225f20dda00,
0x00000225ef97b080, 0x00000225ef9741d0, 0x00000225ef9746a0, 0x00000225ef976850,
0x00000225ef974b70, 0x00000225ef979870, 0x00000225ef975040, 0x00000225ef975510,
0x00000225ef9771f0, 0x00000225ef976d20, 0x00000225ef97a210, 0x00000225ef97a6e0,
0x00000225ef975eb0, 0x00000225ef976380, 0x00000225ef9776c0, 0x00000225ef977b90,
0x00000225ef978060, 0x00000225ef97b550, 0x00000225ef978530, 0x00000225f20d9b70,
0x00000225f20d8830, 0x00000225f20dd530, 0x00000225f20d8d00, 0x00000225f20d8360,
0x00000225f20d7020, 0x00000225f20d79c0, 0x00000225f20d91d0, 0x00000225f20daeb0,
0x00000225f20db380, 0x00000225ef0dd670, 0x00000225ef0ddb40, 0x00000225ef0dee80,
0x00000225ef0db4c0, 0x00000225ef0db990, 0x00000225f2967320, 0x00000225f29677f0,
0x00000225f2965170, 0x00000225f2968190, 0x00000225f2968660, 0x00000225f2965640,
0x00000225f2965b10, 0x00000225f2966e50, 0x00000225f2965fe0, 0x00000225f29664b0,
0x00000225f2966980, 0x00000225f2964ca0, 0x00000225f2967cc0, 0x00000225f2205dc0,
0x00000225f22045b0, 0x00000225f2203740, 0x00000225f2206290, 0x00000225f22028d0,
0x00000225f2203c10, 0x00000225f22058f0, 0x00000225f2204a80, 0x00000225f2205420,
0x00000225f22040e0, 0x00000225f2204f50, 0x00000225f80b5900, 0x00000225f80b7f80,
0x00000225f80b8450, 0x00000225f80b28e0, 0x00000225f2b13580, 0x00000225f2b130b0,
0x00000225f4fd4050, 0x00000225f4fd4520
}

Java Threads: ( => current thread )
  0x00000225d1f9d800 JavaThread "main" [_thread_blocked, id=7120, stack(0x0000007a57700000,0x0000007a57800000)]
  0x00000225ed52f8f0 JavaThread "Reference Handler" daemon [_thread_blocked, id=11364, stack(0x0000007a57e00000,0x0000007a57f00000)]
  0x00000225ed562010 JavaThread "Finalizer" daemon [_thread_blocked, id=13288, stack(0x0000007a57f00000,0x0000007a58000000)]
  0x00000225ee015900 JavaThread "Signal Dispatcher" daemon [_thread_blocked, id=4176, stack(0x0000007a58000000,0x0000007a58100000)]
  0x00000225ee0185d0 JavaThread "Attach Listener" daemon [_thread_blocked, id=11024, stack(0x0000007a58100000,0x0000007a58200000)]
  0x00000225ee019ea0 JavaThread "Service Thread" daemon [_thread_blocked, id=11052, stack(0x0000007a58200000,0x0000007a58300000)]
  0x00000225ee01c770 JavaThread "Monitor Deflation Thread" daemon [_thread_blocked, id=13116, stack(0x0000007a58300000,0x0000007a58400000)]
  0x00000225ee01df80 JavaThread "C2 CompilerThread0" daemon [_thread_blocked, id=3776, stack(0x0000007a58400000,0x0000007a58500000)]
  0x00000225ee02c130 JavaThread "C1 CompilerThread0" daemon [_thread_blocked, id=6968, stack(0x0000007a58500000,0x0000007a58600000)]
  0x00000225ee02ce40 JavaThread "Sweeper thread" daemon [_thread_blocked, id=4348, stack(0x0000007a58600000,0x0000007a58700000)]
  0x00000225ee1c91b0 JavaThread "Common-Cleaner" daemon [_thread_blocked, id=5376, stack(0x0000007a58700000,0x0000007a58800000)]
  0x00000225ee1cbaa0 JavaThread "Notification Thread" daemon [_thread_blocked, id=6284, stack(0x0000007a58800000,0x0000007a58900000)]
  0x00000225ef0de010 JavaThread "Daemon health stats" [_thread_blocked, id=6872, stack(0x0000007a58d00000,0x0000007a58e00000)]
  0x00000225ef0dccd0 JavaThread "Incoming local TCP Connector on port 54322" [_thread_in_native, id=9460, stack(0x0000007a58e00000,0x0000007a58f00000)]
  0x00000225ef0de4e0 JavaThread "Daemon periodic checks" [_thread_blocked, id=8572, stack(0x0000007a58f00000,0x0000007a59000000)]
  0x00000225ef0de9b0 JavaThread "Daemon" [_thread_blocked, id=9804, stack(0x0000007a59000000,0x0000007a59100000)]
  0x00000225ef0dd1a0 JavaThread "Daemon worker" [_thread_blocked, id=12908, stack(0x0000007a59300000,0x0000007a59400000)]
  0x00000225ef0dbe60 JavaThread "Cache worker for journal cache (C:\Users\LENOVO\.gradle\caches\journal-1)" [_thread_blocked, id=11304, stack(0x0000007a59700000,0x0000007a59800000)]
  0x00000225ef0dc800 JavaThread "File lock request listener" [_thread_in_native, id=13284, stack(0x0000007a59800000,0x0000007a59900000)]
  0x00000225ef0dc330 JavaThread "Cache worker for file hash cache (C:\Users\LENOVO\.gradle\caches\8.0\fileHashes)" [_thread_blocked, id=10512, stack(0x0000007a59900000,0x0000007a59a00000)]
  0x00000225f20dbd20 JavaThread "File watcher server" daemon [_thread_blocked, id=9860, stack(0x0000007a59a00000,0x0000007a59b00000)]
  0x00000225f20d96a0 JavaThread "File watcher consumer" daemon [_thread_blocked, id=1456, stack(0x0000007a59b00000,0x0000007a59c00000)]
  0x00000225f20d74f0 JavaThread "Cache worker for file content cache (C:\Users\LENOVO\.gradle\caches\8.0\fileContent)" [_thread_blocked, id=5404, stack(0x0000007a59e00000,0x0000007a59f00000)]
  0x00000225f20dded0 JavaThread "Cache worker for execution history cache (C:\Users\LENOVO\.gradle\caches\8.0\executionHistory)" [_thread_blocked, id=10936, stack(0x0000007a5a100000,0x0000007a5a200000)]
  0x00000225f20da040 JavaThread "jar transforms" [_thread_blocked, id=1424, stack(0x0000007a5a200000,0x0000007a5a300000)]
  0x00000225f20dcb90 JavaThread "jar transforms Thread 2" [_thread_blocked, id=6684, stack(0x0000007a5a300000,0x0000007a5a400000)]
  0x00000225f20dc1f0 JavaThread "jar transforms Thread 3" [_thread_blocked, id=9980, stack(0x0000007a5a500000,0x0000007a5a600000)]
  0x00000225f20dda00 JavaThread "jar transforms Thread 4" [_thread_blocked, id=2668, stack(0x0000007a5a600000,0x0000007a5a700000)]
  0x00000225ef97b080 JavaThread "Memory manager" [_thread_blocked, id=10480, stack(0x0000007a5d200000,0x0000007a5d300000)]
  0x00000225ef9741d0 JavaThread "pool-3-thread-1" [_thread_blocked, id=10564, stack(0x0000007a5d300000,0x0000007a5d400000)]
  0x00000225ef9746a0 JavaThread "included builds" [_thread_blocked, id=540, stack(0x0000007a5d500000,0x0000007a5d600000)]
  0x00000225ef976850 JavaThread "Handler for socket connection from /127.0.0.1:54322 to /127.0.0.1:54324" [_thread_in_native, id=8468, stack(0x0000007a59100000,0x0000007a59200000)]
  0x00000225ef974b70 JavaThread "Cancel handler" [_thread_blocked, id=12756, stack(0x0000007a59200000,0x0000007a59300000)]
  0x00000225ef979870 JavaThread "Asynchronous log dispatcher for DefaultDaemonConnection: socket connection from /127.0.0.1:54322 to /127.0.0.1:54324" [_thread_blocked, id=484, stack(0x0000007a59400000,0x0000007a59500000)]
  0x00000225ef975040 JavaThread "Stdin handler" [_thread_blocked, id=13012, stack(0x0000007a59500000,0x0000007a59600000)]
  0x00000225ef975510 JavaThread "Daemon client event forwarder" [_thread_blocked, id=12028, stack(0x0000007a59600000,0x0000007a59700000)]
  0x00000225ef9771f0 JavaThread "Cache worker for checksums cache (C:\Users\LENOVO\AndroidStudioProjectsFlutter\GenerateAIImage\.gradle\8.0\checksums)" [_thread_blocked, id=11628, stack(0x0000007a59c00000,0x0000007a59d00000)]
  0x00000225ef976d20 JavaThread "Cache worker for cache directory md-rule (C:\Users\LENOVO\.gradle\caches\8.0\md-rule)" [_thread_blocked, id=12612, stack(0x0000007a59d00000,0x0000007a59e00000)]
  0x00000225ef97a210 JavaThread "Cache worker for file hash cache (C:\Users\LENOVO\AndroidStudioProjectsFlutter\GenerateAIImage\.gradle\8.0\fileHashes)" [_thread_blocked, id=4676, stack(0x0000007a59f00000,0x0000007a5a000000)]
  0x00000225ef97a6e0 JavaThread "Cache worker for cache directory md-supplier (C:\Users\LENOVO\.gradle\caches\8.0\md-supplier)" [_thread_blocked, id=13072, stack(0x0000007a5a000000,0x0000007a5a100000)]
  0x00000225ef975eb0 JavaThread "Cache worker for dependencies-accessors (C:\Users\LENOVO\AndroidStudioProjectsFlutter\GenerateAIImage\.gradle\8.0\dependencies-accessors)" [_thread_blocked, id=4352, stack(0x0000007a5a700000,0x0000007a5a800000)]
  0x00000225ef976380 JavaThread "Cache worker for Build Output Cleanup Cache (C:\Users\LENOVO\AndroidStudioProjectsFlutter\GenerateAIImage\.gradle\buildOutputCleanup)" [_thread_blocked, id=3468, stack(0x0000007a5a800000,0x0000007a5a900000)]
  0x00000225ef9776c0 JavaThread "Unconstrained build operations" [_thread_blocked, id=7768, stack(0x0000007a5a900000,0x0000007a5aa00000)]
  0x00000225ef977b90 JavaThread "Unconstrained build operations Thread 2" [_thread_blocked, id=460, stack(0x0000007a5aa00000,0x0000007a5ab00000)]
  0x00000225ef978060 JavaThread "Unconstrained build operations Thread 3" [_thread_blocked, id=12984, stack(0x0000007a5ab00000,0x0000007a5ac00000)]
  0x00000225ef97b550 JavaThread "Unconstrained build operations Thread 4" [_thread_blocked, id=11292, stack(0x0000007a5ac00000,0x0000007a5ad00000)]
  0x00000225ef978530 JavaThread "Unconstrained build operations Thread 5" [_thread_blocked, id=6528, stack(0x0000007a5ad00000,0x0000007a5ae00000)]
  0x00000225f20d9b70 JavaThread "Unconstrained build operations Thread 6" [_thread_blocked, id=9744, stack(0x0000007a5ae00000,0x0000007a5af00000)]
  0x00000225f20d8830 JavaThread "Unconstrained build operations Thread 7" [_thread_blocked, id=6796, stack(0x0000007a5af00000,0x0000007a5b000000)]
  0x00000225f20dd530 JavaThread "Unconstrained build operations Thread 8" [_thread_blocked, id=3148, stack(0x0000007a5b000000,0x0000007a5b100000)]
  0x00000225f20d8d00 JavaThread "Unconstrained build operations Thread 9" [_thread_blocked, id=12176, stack(0x0000007a5b100000,0x0000007a5b200000)]
  0x00000225f20d8360 JavaThread "Unconstrained build operations Thread 10" [_thread_blocked, id=4292, stack(0x0000007a5b200000,0x0000007a5b300000)]
  0x00000225f20d7020 JavaThread "Unconstrained build operations Thread 11" [_thread_blocked, id=7544, stack(0x0000007a5b300000,0x0000007a5b400000)]
  0x00000225f20d79c0 JavaThread "Unconstrained build operations Thread 12" [_thread_blocked, id=1444, stack(0x0000007a5b400000,0x0000007a5b500000)]
  0x00000225f20d91d0 JavaThread "Unconstrained build operations Thread 13" [_thread_blocked, id=7652, stack(0x0000007a5b500000,0x0000007a5b600000)]
  0x00000225f20daeb0 JavaThread "Unconstrained build operations Thread 14" [_thread_blocked, id=6624, stack(0x0000007a5b600000,0x0000007a5b700000)]
  0x00000225f20db380 JavaThread "Unconstrained build operations Thread 15" [_thread_blocked, id=6864, stack(0x0000007a5b700000,0x0000007a5b800000)]
  0x00000225ef0dd670 JavaThread "Unconstrained build operations Thread 16" [_thread_blocked, id=2232, stack(0x0000007a5b800000,0x0000007a5b900000)]
  0x00000225ef0ddb40 JavaThread "Unconstrained build operations Thread 17" [_thread_blocked, id=4512, stack(0x0000007a5b900000,0x0000007a5ba00000)]
  0x00000225ef0dee80 JavaThread "Unconstrained build operations Thread 18" [_thread_blocked, id=3472, stack(0x0000007a5ba00000,0x0000007a5bb00000)]
  0x00000225ef0db4c0 JavaThread "Unconstrained build operations Thread 19" [_thread_blocked, id=2952, stack(0x0000007a5bb00000,0x0000007a5bc00000)]
  0x00000225ef0db990 JavaThread "Unconstrained build operations Thread 20" [_thread_blocked, id=9404, stack(0x0000007a5bc00000,0x0000007a5bd00000)]
  0x00000225f2967320 JavaThread "Unconstrained build operations Thread 21" [_thread_blocked, id=5036, stack(0x0000007a5bd00000,0x0000007a5be00000)]
  0x00000225f29677f0 JavaThread "Unconstrained build operations Thread 22" [_thread_blocked, id=12912, stack(0x0000007a5be00000,0x0000007a5bf00000)]
  0x00000225f2965170 JavaThread "Unconstrained build operations Thread 23" [_thread_blocked, id=11496, stack(0x0000007a5bf00000,0x0000007a5c000000)]
  0x00000225f2968190 JavaThread "Unconstrained build operations Thread 24" [_thread_blocked, id=13172, stack(0x0000007a5c000000,0x0000007a5c100000)]
  0x00000225f2968660 JavaThread "Unconstrained build operations Thread 25" [_thread_blocked, id=9428, stack(0x0000007a5c100000,0x0000007a5c200000)]
  0x00000225f2965640 JavaThread "Unconstrained build operations Thread 26" [_thread_blocked, id=5944, stack(0x0000007a5c200000,0x0000007a5c300000)]
  0x00000225f2965b10 JavaThread "Unconstrained build operations Thread 27" [_thread_blocked, id=120, stack(0x0000007a5c300000,0x0000007a5c400000)]
  0x00000225f2966e50 JavaThread "Unconstrained build operations Thread 28" [_thread_blocked, id=12624, stack(0x0000007a5c400000,0x0000007a5c500000)]
  0x00000225f2965fe0 JavaThread "Unconstrained build operations Thread 29" [_thread_blocked, id=12780, stack(0x0000007a5c500000,0x0000007a5c600000)]
  0x00000225f29664b0 JavaThread "Unconstrained build operations Thread 30" [_thread_blocked, id=12316, stack(0x0000007a5c600000,0x0000007a5c700000)]
  0x00000225f2966980 JavaThread "Unconstrained build operations Thread 31" [_thread_blocked, id=7952, stack(0x0000007a5c700000,0x0000007a5c800000)]
  0x00000225f2964ca0 JavaThread "Unconstrained build operations Thread 32" [_thread_blocked, id=5092, stack(0x0000007a5c800000,0x0000007a5c900000)]
  0x00000225f2967cc0 JavaThread "Unconstrained build operations Thread 33" [_thread_blocked, id=11480, stack(0x0000007a5c900000,0x0000007a5ca00000)]
  0x00000225f2205dc0 JavaThread "Unconstrained build operations Thread 34" [_thread_blocked, id=3780, stack(0x0000007a5ca00000,0x0000007a5cb00000)]
  0x00000225f22045b0 JavaThread "Unconstrained build operations Thread 35" [_thread_blocked, id=9108, stack(0x0000007a5cb00000,0x0000007a5cc00000)]
  0x00000225f2203740 JavaThread "Unconstrained build operations Thread 36" [_thread_blocked, id=12384, stack(0x0000007a5cc00000,0x0000007a5cd00000)]
  0x00000225f2206290 JavaThread "Unconstrained build operations Thread 37" [_thread_blocked, id=7984, stack(0x0000007a5cd00000,0x0000007a5ce00000)]
  0x00000225f22028d0 JavaThread "Unconstrained build operations Thread 38" [_thread_blocked, id=10248, stack(0x0000007a5ce00000,0x0000007a5cf00000)]
  0x00000225f2203c10 JavaThread "Unconstrained build operations Thread 39" [_thread_blocked, id=5204, stack(0x0000007a5cf00000,0x0000007a5d000000)]
  0x00000225f22058f0 JavaThread "Unconstrained build operations Thread 40" [_thread_blocked, id=7424, stack(0x0000007a5d000000,0x0000007a5d100000)]
  0x00000225f2204a80 JavaThread "build event listener" [_thread_blocked, id=740, stack(0x0000007a5d100000,0x0000007a5d200000)]
  0x00000225f2205420 JavaThread "pool-6-thread-1" [_thread_blocked, id=8800, stack(0x0000007a5d400000,0x0000007a5d500000)]
  0x00000225f22040e0 JavaThread "build event listener" [_thread_blocked, id=4684, stack(0x0000007a5d600000,0x0000007a5d700000)]
  0x00000225f2204f50 JavaThread "included builds" [_thread_blocked, id=7592, stack(0x0000007a5d700000,0x0000007a5d800000)]
  0x00000225f80b5900 JavaThread "Execution worker" [_thread_blocked, id=9676, stack(0x0000007a5d800000,0x0000007a5d900000)]
  0x00000225f80b7f80 JavaThread "Execution worker Thread 2" [_thread_blocked, id=8220, stack(0x0000007a5d900000,0x0000007a5da00000)]
  0x00000225f80b8450 JavaThread "Execution worker Thread 3" [_thread_blocked, id=9584, stack(0x0000007a5da00000,0x0000007a5db00000)]
  0x00000225f80b28e0 JavaThread "Cache worker for execution history cache (C:\Users\LENOVO\AndroidStudioProjectsFlutter\GenerateAIImage\.gradle\8.0\executionHistory)" [_thread_blocked, id=7916, stack(0x0000007a5db00000,0x0000007a5dc00000)]
  0x00000225f2b13580 JavaThread "WorkerExecutor Queue" [_thread_blocked, id=6168, stack(0x0000007a5dc00000,0x0000007a5dd00000)]
  0x00000225f2b130b0 JavaThread "WorkerExecutor Queue Thread 2" [_thread_blocked, id=10904, stack(0x0000007a5dd00000,0x0000007a5de00000)]
  0x00000225f4fd4050 JavaThread "WorkerExecutor Queue Thread 3" [_thread_blocked, id=9500, stack(0x0000007a5df00000,0x0000007a5e000000)]
  0x00000225f4fd4520 JavaThread "WorkerExecutor Queue Thread 4" [_thread_blocked, id=1360, stack(0x0000007a5e000000,0x0000007a5e100000)]

Other Threads:
=>0x00000225ed52a3e0 VMThread "VM Thread" [stack: 0x0000007a57d00000,0x0000007a57e00000] [id=6476]
  0x00000225ee1cc380 WatcherThread [stack: 0x0000007a58900000,0x0000007a58a00000] [id=12700]
  0x00000225d3fd6c00 GCTaskThread "GC Thread#0" [stack: 0x0000007a57800000,0x0000007a57900000] [id=3052]
  0x00000225ee6cdfe0 GCTaskThread "GC Thread#1" [stack: 0x0000007a58a00000,0x0000007a58b00000] [id=8668]
  0x00000225ee43bc60 GCTaskThread "GC Thread#2" [stack: 0x0000007a58b00000,0x0000007a58c00000] [id=7640]
  0x00000225eedc8fa0 GCTaskThread "GC Thread#3" [stack: 0x0000007a58c00000,0x0000007a58d00000] [id=8888]
  0x00000225d3fe7a50 ConcurrentGCThread "G1 Main Marker" [stack: 0x0000007a57900000,0x0000007a57a00000] [id=10284]
  0x00000225d3fe8370 ConcurrentGCThread "G1 Conc#0" [stack: 0x0000007a57a00000,0x0000007a57b00000] [id=5332]
  0x00000225d404da20 ConcurrentGCThread "G1 Refine#0" [stack: 0x0000007a57b00000,0x0000007a57c00000] [id=9304]
  0x00000225f0a38810 ConcurrentGCThread "G1 Refine#1" [stack: 0x0000007a5a400000,0x0000007a5a500000] [id=9072]
  0x00000225f11829d0 ConcurrentGCThread "G1 Refine#2" [stack: 0x0000007a5de00000,0x0000007a5df00000] [id=10412]
  0x00000225d404e350 ConcurrentGCThread "G1 Service" [stack: 0x0000007a57c00000,0x0000007a57d00000] [id=3240]

Threads with active compile tasks:
C2 CompilerThread0    29519 12630       4       com.android.utils.XmlUtils::append (597 bytes)
C1 CompilerThread0    29519 12723       3       java.io.ObjectInputStream$PeekInputStream::readFully (48 bytes)

VM state: at safepoint (normal execution)

VM Mutex/Monitor currently owned by a thread:  ([mutex/lock_event])
[0x00000225d3f79900] Threads_lock - owner thread: 0x00000225ed52a3e0
[0x00000225d3f7a3b0] Heap_lock - owner thread: 0x00000225f2b130b0

Heap address: 0x0000000080000000, size: 2048 MB, Compressed Oops mode: 32-bit

CDS archive(s) not mapped
Compressed class space mapped at: 0x0000000100000000-0x0000000140000000, reserved size: 1073741824
Narrow klass base: 0x0000000000000000, Narrow klass shift: 3, Narrow klass range: 0x140000000

GC Precious Log:
 CPUs: 4 total, 4 available
 Memory: 8072M
 Large Page Support: Disabled
 NUMA Support: Disabled
 Compressed Oops: Enabled (32-bit)
 Heap Region Size: 1M
 Heap Min Capacity: 8M
 Heap Initial Capacity: 128M
 Heap Max Capacity: 2G
 Pre-touch: Disabled
 Parallel Workers: 4
 Concurrent Workers: 1
 Concurrent Refinement Workers: 4
 Periodic GC: Disabled

Heap:
 garbage-first heap   total 242688K, used 126040K [0x0000000080000000, 0x0000000100000000)
  region size 1024K, 7 young (7168K), 7 survivors (7168K)
 Metaspace       used 100282K, committed 100992K, reserved 1138688K
  class space    used 13178K, committed 13504K, reserved 1048576K

Heap Regions: E=young(eden), S=young(survivor), O=old, HS=humongous(starts), HC=humongous(continues), CS=collection set, F=free, OA=open archive, CA=closed archive, TAMS=top-at-mark-start (previous, next)
|   0|0x0000000080000000, 0x0000000080100000, 0x0000000080100000|100%| O|  |TAMS 0x0000000080100000, 0x0000000080000000| Untracked 
|   1|0x0000000080100000, 0x0000000080200000, 0x0000000080200000|100%| O|  |TAMS 0x0000000080200000, 0x0000000080100000| Untracked 
|   2|0x0000000080200000, 0x0000000080300000, 0x0000000080300000|100%|HS|  |TAMS 0x0000000080300000, 0x0000000080200000| Complete 
|   3|0x0000000080300000, 0x0000000080400000, 0x0000000080400000|100%|HC|  |TAMS 0x0000000080400000, 0x0000000080300000| Complete 
|   4|0x0000000080400000, 0x0000000080500000, 0x0000000080500000|100%|HC|  |TAMS 0x0000000080500000, 0x0000000080400000| Complete 
|   5|0x0000000080500000, 0x0000000080600000, 0x0000000080600000|100%|HC|  |TAMS 0x0000000080600000, 0x0000000080500000| Complete 
|   6|0x0000000080600000, 0x0000000080700000, 0x0000000080700000|100%| O|  |TAMS 0x0000000080700000, 0x0000000080600000| Untracked 
|   7|0x0000000080700000, 0x0000000080800000, 0x0000000080800000|100%| O|  |TAMS 0x0000000080800000, 0x0000000080700000| Untracked 
|   8|0x0000000080800000, 0x0000000080900000, 0x0000000080900000|100%| O|  |TAMS 0x0000000080900000, 0x0000000080800000| Untracked 
|   9|0x0000000080900000, 0x0000000080a00000, 0x0000000080a00000|100%| O|  |TAMS 0x0000000080a00000, 0x0000000080900000| Untracked 
|  10|0x0000000080a00000, 0x0000000080b00000, 0x0000000080b00000|100%| O|  |TAMS 0x0000000080b00000, 0x0000000080a00000| Untracked 
|  11|0x0000000080b00000, 0x0000000080c00000, 0x0000000080c00000|100%| O|  |TAMS 0x0000000080c00000, 0x0000000080b00000| Untracked 
|  12|0x0000000080c00000, 0x0000000080d00000, 0x0000000080d00000|100%| O|  |TAMS 0x0000000080d00000, 0x0000000080c00000| Untracked 
|  13|0x0000000080d00000, 0x0000000080e00000, 0x0000000080e00000|100%| O|  |TAMS 0x0000000080e00000, 0x0000000080d00000| Untracked 
|  14|0x0000000080e00000, 0x0000000080f00000, 0x0000000080f00000|100%| O|  |TAMS 0x0000000080f00000, 0x0000000080e00000| Untracked 
|  15|0x0000000080f00000, 0x0000000081000000, 0x0000000081000000|100%| O|  |TAMS 0x0000000081000000, 0x0000000080f00000| Untracked 
|  16|0x0000000081000000, 0x0000000081100000, 0x0000000081100000|100%| O|  |TAMS 0x0000000081100000, 0x0000000081000000| Untracked 
|  17|0x0000000081100000, 0x0000000081200000, 0x0000000081200000|100%| O|  |TAMS 0x0000000081200000, 0x0000000081100000| Untracked 
|  18|0x0000000081200000, 0x0000000081300000, 0x0000000081300000|100%| O|  |TAMS 0x0000000081300000, 0x0000000081200000| Untracked 
|  19|0x0000000081300000, 0x0000000081400000, 0x0000000081400000|100%| O|  |TAMS 0x0000000081400000, 0x0000000081300000| Untracked 
|  20|0x0000000081400000, 0x0000000081500000, 0x0000000081500000|100%| O|  |TAMS 0x0000000081500000, 0x0000000081400000| Untracked 
|  21|0x0000000081500000, 0x0000000081600000, 0x0000000081600000|100%| O|  |TAMS 0x0000000081600000, 0x0000000081500000| Untracked 
|  22|0x0000000081600000, 0x0000000081700000, 0x0000000081700000|100%| O|  |TAMS 0x0000000081700000, 0x0000000081600000| Untracked 
|  23|0x0000000081700000, 0x0000000081800000, 0x0000000081800000|100%| O|  |TAMS 0x0000000081700000, 0x0000000081700000| Untracked 
|  24|0x0000000081800000, 0x0000000081900000, 0x0000000081900000|100%| O|  |TAMS 0x0000000081900000, 0x0000000081800000| Untracked 
|  25|0x0000000081900000, 0x0000000081a00000, 0x0000000081a00000|100%| O|  |TAMS 0x0000000081a00000, 0x0000000081900000| Untracked 
|  26|0x0000000081a00000, 0x0000000081b00000, 0x0000000081b00000|100%| O|  |TAMS 0x0000000081a00000, 0x0000000081a00000| Untracked 
|  27|0x0000000081b00000, 0x0000000081c00000, 0x0000000081c00000|100%| O|  |TAMS 0x0000000081c00000, 0x0000000081b00000| Untracked 
|  28|0x0000000081c00000, 0x0000000081d00000, 0x0000000081d00000|100%| O|  |TAMS 0x0000000081d00000, 0x0000000081c00000| Untracked 
|  29|0x0000000081d00000, 0x0000000081e00000, 0x0000000081e00000|100%| O|  |TAMS 0x0000000081e00000, 0x0000000081d00000| Untracked 
|  30|0x0000000081e00000, 0x0000000081f00000, 0x0000000081f00000|100%| O|  |TAMS 0x0000000081f00000, 0x0000000081e00000| Untracked 
|  31|0x0000000081f00000, 0x0000000082000000, 0x0000000082000000|100%| O|  |TAMS 0x0000000082000000, 0x0000000081f00000| Untracked 
|  32|0x0000000082000000, 0x0000000082100000, 0x0000000082100000|100%| O|  |TAMS 0x0000000082100000, 0x0000000082000000| Untracked 
|  33|0x0000000082100000, 0x0000000082200000, 0x0000000082200000|100%|HS|  |TAMS 0x0000000082200000, 0x0000000082100000| Complete 
|  34|0x0000000082200000, 0x0000000082300000, 0x0000000082300000|100%|HS|  |TAMS 0x0000000082300000, 0x0000000082200000| Complete 
|  35|0x0000000082300000, 0x0000000082400000, 0x0000000082400000|100%| O|  |TAMS 0x0000000082400000, 0x0000000082300000| Untracked 
|  36|0x0000000082400000, 0x0000000082500000, 0x0000000082500000|100%| O|  |TAMS 0x0000000082500000, 0x0000000082400000| Untracked 
|  37|0x0000000082500000, 0x0000000082600000, 0x0000000082600000|100%| O|  |TAMS 0x0000000082600000, 0x0000000082500000| Untracked 
|  38|0x0000000082600000, 0x0000000082700000, 0x0000000082700000|100%|HS|  |TAMS 0x0000000082700000, 0x0000000082600000| Complete 
|  39|0x0000000082700000, 0x0000000082800000, 0x0000000082800000|100%| O|  |TAMS 0x0000000082800000, 0x0000000082700000| Untracked 
|  40|0x0000000082800000, 0x0000000082900000, 0x0000000082900000|100%| O|  |TAMS 0x0000000082900000, 0x0000000082800000| Untracked 
|  41|0x0000000082900000, 0x0000000082a00000, 0x0000000082a00000|100%| O|  |TAMS 0x0000000082a00000, 0x0000000082900000| Untracked 
|  42|0x0000000082a00000, 0x0000000082b00000, 0x0000000082b00000|100%| O|  |TAMS 0x0000000082b00000, 0x0000000082a00000| Untracked 
|  43|0x0000000082b00000, 0x0000000082c00000, 0x0000000082c00000|100%| O|  |TAMS 0x0000000082c00000, 0x0000000082b00000| Untracked 
|  44|0x0000000082c00000, 0x0000000082d00000, 0x0000000082d00000|100%| O|  |TAMS 0x0000000082d00000, 0x0000000082c00000| Untracked 
|  45|0x0000000082d00000, 0x0000000082e00000, 0x0000000082e00000|100%| O|  |TAMS 0x0000000082e00000, 0x0000000082d00000| Untracked 
|  46|0x0000000082e00000, 0x0000000082f00000, 0x0000000082f00000|100%| O|  |TAMS 0x0000000082f00000, 0x0000000082e00000| Untracked 
|  47|0x0000000082f00000, 0x0000000083000000, 0x0000000083000000|100%| O|  |TAMS 0x0000000083000000, 0x0000000082f00000| Untracked 
|  48|0x0000000083000000, 0x0000000083100000, 0x0000000083100000|100%| O|  |TAMS 0x0000000083100000, 0x0000000083000000| Untracked 
|  49|0x0000000083100000, 0x0000000083200000, 0x0000000083200000|100%| O|  |TAMS 0x0000000083110a00, 0x0000000083100000| Untracked 
|  50|0x0000000083200000, 0x0000000083300000, 0x0000000083300000|100%| O|  |TAMS 0x0000000083200000, 0x0000000083200000| Untracked 
|  51|0x0000000083300000, 0x0000000083400000, 0x0000000083400000|100%| O|  |TAMS 0x0000000083300000, 0x0000000083300000| Untracked 
|  52|0x0000000083400000, 0x0000000083500000, 0x0000000083500000|100%| O|  |TAMS 0x0000000083400000, 0x0000000083400000| Untracked 
|  53|0x0000000083500000, 0x0000000083600000, 0x0000000083600000|100%| O|  |TAMS 0x0000000083500000, 0x0000000083500000| Untracked 
|  54|0x0000000083600000, 0x0000000083700000, 0x0000000083700000|100%| O|  |TAMS 0x0000000083600000, 0x0000000083600000| Untracked 
|  55|0x0000000083700000, 0x0000000083800000, 0x0000000083800000|100%| O|  |TAMS 0x0000000083700000, 0x0000000083700000| Untracked 
|  56|0x0000000083800000, 0x0000000083900000, 0x0000000083900000|100%| O|  |TAMS 0x0000000083800000, 0x0000000083800000| Untracked 
|  57|0x0000000083900000, 0x0000000083a00000, 0x0000000083a00000|100%| O|  |TAMS 0x0000000083900000, 0x0000000083900000| Untracked 
|  58|0x0000000083a00000, 0x0000000083b00000, 0x0000000083b00000|100%| O|  |TAMS 0x0000000083a00000, 0x0000000083a00000| Untracked 
|  59|0x0000000083b00000, 0x0000000083c00000, 0x0000000083c00000|100%| O|  |TAMS 0x0000000083b00000, 0x0000000083b00000| Untracked 
|  60|0x0000000083c00000, 0x0000000083d00000, 0x0000000083d00000|100%| O|  |TAMS 0x0000000083c00000, 0x0000000083c00000| Untracked 
|  61|0x0000000083d00000, 0x0000000083e00000, 0x0000000083e00000|100%| O|  |TAMS 0x0000000083d00000, 0x0000000083d00000| Untracked 
|  62|0x0000000083e00000, 0x0000000083f00000, 0x0000000083f00000|100%| O|  |TAMS 0x0000000083e00000, 0x0000000083e00000| Untracked 
|  63|0x0000000083f00000, 0x0000000084000000, 0x0000000084000000|100%| O|  |TAMS 0x0000000083f00000, 0x0000000083f00000| Untracked 
|  64|0x0000000084000000, 0x0000000084100000, 0x0000000084100000|100%| O|  |TAMS 0x0000000084000000, 0x0000000084000000| Untracked 
|  65|0x0000000084100000, 0x0000000084200000, 0x0000000084200000|100%| O|  |TAMS 0x0000000084100000, 0x0000000084100000| Untracked 
|  66|0x0000000084200000, 0x0000000084300000, 0x0000000084300000|100%| O|  |TAMS 0x0000000084200000, 0x0000000084200000| Untracked 
|  67|0x0000000084300000, 0x0000000084400000, 0x0000000084400000|100%| O|  |TAMS 0x0000000084300000, 0x0000000084300000| Untracked 
|  68|0x0000000084400000, 0x0000000084500000, 0x0000000084500000|100%| O|  |TAMS 0x0000000084400000, 0x0000000084400000| Untracked 
|  69|0x0000000084500000, 0x0000000084600000, 0x0000000084600000|100%| O|  |TAMS 0x0000000084500000, 0x0000000084500000| Untracked 
|  70|0x0000000084600000, 0x0000000084700000, 0x0000000084700000|100%| O|  |TAMS 0x0000000084600000, 0x0000000084600000| Untracked 
|  71|0x0000000084700000, 0x0000000084800000, 0x0000000084800000|100%| O|  |TAMS 0x0000000084700000, 0x0000000084700000| Untracked 
|  72|0x0000000084800000, 0x0000000084900000, 0x0000000084900000|100%| O|  |TAMS 0x0000000084800000, 0x0000000084800000| Untracked 
|  73|0x0000000084900000, 0x0000000084a00000, 0x0000000084a00000|100%| O|  |TAMS 0x0000000084900000, 0x0000000084900000| Untracked 
|  74|0x0000000084a00000, 0x0000000084b00000, 0x0000000084b00000|100%| O|  |TAMS 0x0000000084a00000, 0x0000000084a00000| Untracked 
|  75|0x0000000084b00000, 0x0000000084c00000, 0x0000000084c00000|100%| O|  |TAMS 0x0000000084b00000, 0x0000000084b00000| Untracked 
|  76|0x0000000084c00000, 0x0000000084d00000, 0x0000000084d00000|100%| O|  |TAMS 0x0000000084c00000, 0x0000000084c00000| Untracked 
|  77|0x0000000084d00000, 0x0000000084d00000, 0x0000000084e00000|  0%| F|  |TAMS 0x0000000084d00000, 0x0000000084d00000| Untracked 
|  78|0x0000000084e00000, 0x0000000084e00000, 0x0000000084f00000|  0%| F|  |TAMS 0x0000000084e00000, 0x0000000084e00000| Untracked 
|  79|0x0000000084f00000, 0x0000000084f00000, 0x0000000085000000|  0%| F|  |TAMS 0x0000000084f00000, 0x0000000084f00000| Untracked 
|  80|0x0000000085000000, 0x0000000085000000, 0x0000000085100000|  0%| F|  |TAMS 0x0000000085000000, 0x0000000085000000| Untracked 
|  81|0x0000000085100000, 0x0000000085100000, 0x0000000085200000|  0%| F|  |TAMS 0x0000000085100000, 0x0000000085100000| Untracked 
|  82|0x0000000085200000, 0x0000000085200000, 0x0000000085300000|  0%| F|  |TAMS 0x0000000085200000, 0x0000000085200000| Untracked 
|  83|0x0000000085300000, 0x0000000085300000, 0x0000000085400000|  0%| F|  |TAMS 0x0000000085300000, 0x0000000085300000| Untracked 
|  84|0x0000000085400000, 0x0000000085500000, 0x0000000085500000|100%|HS|  |TAMS 0x0000000085400000, 0x0000000085400000| Complete 
|  85|0x0000000085500000, 0x0000000085600000, 0x0000000085600000|100%|HC|  |TAMS 0x0000000085500000, 0x0000000085500000| Complete 
|  86|0x0000000085600000, 0x0000000085700000, 0x0000000085700000|100%| O|  |TAMS 0x0000000085600000, 0x0000000085600000| Untracked 
|  87|0x0000000085700000, 0x0000000085800000, 0x0000000085800000|100%| O|  |TAMS 0x0000000085700000, 0x0000000085700000| Untracked 
|  88|0x0000000085800000, 0x0000000085900000, 0x0000000085900000|100%| O|  |TAMS 0x0000000085800000, 0x0000000085800000| Untracked 
|  89|0x0000000085900000, 0x0000000085a00000, 0x0000000085a00000|100%| O|  |TAMS 0x0000000085900000, 0x0000000085900000| Untracked 
|  90|0x0000000085a00000, 0x0000000085b00000, 0x0000000085b00000|100%| O|  |TAMS 0x0000000085a00000, 0x0000000085a00000| Untracked 
|  91|0x0000000085b00000, 0x0000000085c00000, 0x0000000085c00000|100%| O|  |TAMS 0x0000000085b00000, 0x0000000085b00000| Untracked 
|  92|0x0000000085c00000, 0x0000000085d00000, 0x0000000085d00000|100%| O|  |TAMS 0x0000000085c00000, 0x0000000085c00000| Untracked 
|  93|0x0000000085d00000, 0x0000000085e00000, 0x0000000085e00000|100%| O|  |TAMS 0x0000000085d00000, 0x0000000085d00000| Untracked 
|  94|0x0000000085e00000, 0x0000000085f00000, 0x0000000085f00000|100%| O|  |TAMS 0x0000000085e00000, 0x0000000085e00000| Untracked 
|  95|0x0000000085f00000, 0x0000000086000000, 0x0000000086000000|100%| O|  |TAMS 0x0000000085f00000, 0x0000000085f00000| Untracked 
|  96|0x0000000086000000, 0x0000000086100000, 0x0000000086100000|100%| O|  |TAMS 0x0000000086000000, 0x0000000086000000| Untracked 
|  97|0x0000000086100000, 0x0000000086200000, 0x0000000086200000|100%| O|  |TAMS 0x0000000086100000, 0x0000000086100000| Untracked 
|  98|0x0000000086200000, 0x0000000086300000, 0x0000000086300000|100%| O|  |TAMS 0x0000000086200000, 0x0000000086200000| Untracked 
|  99|0x0000000086300000, 0x0000000086400000, 0x0000000086400000|100%| O|  |TAMS 0x0000000086300000, 0x0000000086300000| Untracked 
| 100|0x0000000086400000, 0x0000000086500000, 0x0000000086500000|100%| O|  |TAMS 0x0000000086400000, 0x0000000086400000| Untracked 
| 101|0x0000000086500000, 0x0000000086600000, 0x0000000086600000|100%| O|  |TAMS 0x0000000086500000, 0x0000000086500000| Untracked 
| 102|0x0000000086600000, 0x0000000086700000, 0x0000000086700000|100%| O|  |TAMS 0x0000000086600000, 0x0000000086600000| Untracked 
| 103|0x0000000086700000, 0x0000000086800000, 0x0000000086800000|100%| O|  |TAMS 0x0000000086700000, 0x0000000086700000| Untracked 
| 104|0x0000000086800000, 0x0000000086900000, 0x0000000086900000|100%| O|  |TAMS 0x0000000086800000, 0x0000000086800000| Untracked 
| 105|0x0000000086900000, 0x0000000086a00000, 0x0000000086a00000|100%| O|  |TAMS 0x0000000086900000, 0x0000000086900000| Untracked 
| 106|0x0000000086a00000, 0x0000000086b00000, 0x0000000086b00000|100%| O|  |TAMS 0x0000000086a00000, 0x0000000086a00000| Untracked 
| 107|0x0000000086b00000, 0x0000000086c00000, 0x0000000086c00000|100%| O|  |TAMS 0x0000000086b00000, 0x0000000086b00000| Untracked 
| 108|0x0000000086c00000, 0x0000000086d00000, 0x0000000086d00000|100%| O|  |TAMS 0x0000000086c00000, 0x0000000086c00000| Untracked 
| 109|0x0000000086d00000, 0x0000000086d00000, 0x0000000086e00000|  0%| F|  |TAMS 0x0000000086d00000, 0x0000000086d00000| Untracked 
| 110|0x0000000086e00000, 0x0000000086e00000, 0x0000000086f00000|  0%| F|  |TAMS 0x0000000086e00000, 0x0000000086e00000| Untracked 
| 111|0x0000000086f00000, 0x0000000086f00000, 0x0000000087000000|  0%| F|  |TAMS 0x0000000086f00000, 0x0000000086f00000| Untracked 
| 112|0x0000000087000000, 0x0000000087000000, 0x0000000087100000|  0%| F|  |TAMS 0x0000000087000000, 0x0000000087000000| Untracked 
| 113|0x0000000087100000, 0x0000000087100000, 0x0000000087200000|  0%| F|  |TAMS 0x0000000087100000, 0x0000000087100000| Untracked 
| 114|0x0000000087200000, 0x0000000087200000, 0x0000000087300000|  0%| F|  |TAMS 0x0000000087200000, 0x0000000087200000| Untracked 
| 115|0x0000000087300000, 0x0000000087300000, 0x0000000087400000|  0%| F|  |TAMS 0x0000000087300000, 0x0000000087300000| Untracked 
| 116|0x0000000087400000, 0x0000000087400000, 0x0000000087500000|  0%| F|  |TAMS 0x0000000087400000, 0x0000000087400000| Untracked 
| 117|0x0000000087500000, 0x0000000087500000, 0x0000000087600000|  0%| F|  |TAMS 0x0000000087500000, 0x0000000087500000| Untracked 
| 118|0x0000000087600000, 0x0000000087600000, 0x0000000087700000|  0%| F|  |TAMS 0x0000000087600000, 0x0000000087600000| Untracked 
| 119|0x0000000087700000, 0x0000000087700000, 0x0000000087800000|  0%| F|  |TAMS 0x0000000087700000, 0x0000000087700000| Untracked 
| 120|0x0000000087800000, 0x0000000087800000, 0x0000000087900000|  0%| F|  |TAMS 0x0000000087800000, 0x0000000087800000| Untracked 
| 121|0x0000000087900000, 0x0000000087900000, 0x0000000087a00000|  0%| F|  |TAMS 0x0000000087900000, 0x0000000087900000| Untracked 
| 122|0x0000000087a00000, 0x0000000087a00000, 0x0000000087b00000|  0%| F|  |TAMS 0x0000000087a00000, 0x0000000087a00000| Untracked 
| 123|0x0000000087b00000, 0x0000000087c00000, 0x0000000087c00000|100%| O|  |TAMS 0x0000000087b00000, 0x0000000087b00000| Untracked 
| 124|0x0000000087c00000, 0x0000000087d00000, 0x0000000087d00000|100%| O|  |TAMS 0x0000000087c00000, 0x0000000087c00000| Untracked 
| 125|0x0000000087d00000, 0x0000000087d00000, 0x0000000087e00000|  0%| F|  |TAMS 0x0000000087d00000, 0x0000000087d00000| Untracked 
| 126|0x0000000087e00000, 0x0000000087e00000, 0x0000000087f00000|  0%| F|  |TAMS 0x0000000087e00000, 0x0000000087e00000| Untracked 
| 127|0x0000000087f00000, 0x0000000087f00000, 0x0000000088000000|  0%| F|  |TAMS 0x0000000087f00000, 0x0000000087f00000| Untracked 
| 128|0x0000000088000000, 0x0000000088000000, 0x0000000088100000|  0%| F|  |TAMS 0x0000000088000000, 0x0000000088000000| Untracked 
| 129|0x0000000088100000, 0x0000000088100000, 0x0000000088200000|  0%| F|  |TAMS 0x0000000088100000, 0x0000000088100000| Untracked 
| 130|0x0000000088200000, 0x0000000088200000, 0x0000000088300000|  0%| F|  |TAMS 0x0000000088200000, 0x0000000088200000| Untracked 
| 131|0x0000000088300000, 0x0000000088300000, 0x0000000088400000|  0%| F|  |TAMS 0x0000000088300000, 0x0000000088300000| Untracked 
| 132|0x0000000088400000, 0x0000000088400000, 0x0000000088500000|  0%| F|  |TAMS 0x0000000088400000, 0x0000000088400000| Untracked 
| 133|0x0000000088500000, 0x0000000088500000, 0x0000000088600000|  0%| F|  |TAMS 0x0000000088500000, 0x0000000088500000| Untracked 
| 134|0x0000000088600000, 0x0000000088600000, 0x0000000088700000|  0%| F|  |TAMS 0x0000000088600000, 0x0000000088600000| Untracked 
| 135|0x0000000088700000, 0x0000000088800000, 0x0000000088800000|100%| O|  |TAMS 0x0000000088700000, 0x0000000088700000| Untracked 
| 136|0x0000000088800000, 0x0000000088800000, 0x0000000088900000|  0%| F|  |TAMS 0x0000000088800000, 0x0000000088800000| Untracked 
| 137|0x0000000088900000, 0x0000000088900000, 0x0000000088a00000|  0%| F|  |TAMS 0x0000000088900000, 0x0000000088900000| Untracked 
| 138|0x0000000088a00000, 0x0000000088a00000, 0x0000000088b00000|  0%| F|  |TAMS 0x0000000088a00000, 0x0000000088a00000| Untracked 
| 139|0x0000000088b00000, 0x0000000088b00000, 0x0000000088c00000|  0%| F|  |TAMS 0x0000000088b00000, 0x0000000088b00000| Untracked 
| 140|0x0000000088c00000, 0x0000000088c00000, 0x0000000088d00000|  0%| F|  |TAMS 0x0000000088c00000, 0x0000000088c00000| Untracked 
| 141|0x0000000088d00000, 0x0000000088d00000, 0x0000000088e00000|  0%| F|  |TAMS 0x0000000088d00000, 0x0000000088d00000| Untracked 
| 142|0x0000000088e00000, 0x0000000088e00000, 0x0000000088f00000|  0%| F|  |TAMS 0x0000000088e00000, 0x0000000088e00000| Untracked 
| 143|0x0000000088f00000, 0x0000000088f00000, 0x0000000089000000|  0%| F|  |TAMS 0x0000000088f00000, 0x0000000088f00000| Untracked 
| 144|0x0000000089000000, 0x0000000089100000, 0x0000000089100000|100%| O|  |TAMS 0x0000000089000000, 0x0000000089000000| Untracked 
| 145|0x0000000089100000, 0x0000000089200000, 0x0000000089200000|100%| O|  |TAMS 0x0000000089100000, 0x0000000089100000| Untracked 
| 146|0x0000000089200000, 0x0000000089300000, 0x0000000089300000|100%| O|  |TAMS 0x0000000089200000, 0x0000000089200000| Untracked 
| 147|0x0000000089300000, 0x0000000089400000, 0x0000000089400000|100%| O|  |TAMS 0x0000000089300000, 0x0000000089300000| Untracked 
| 148|0x0000000089400000, 0x0000000089500000, 0x0000000089500000|100%| O|  |TAMS 0x0000000089400000, 0x0000000089400000| Untracked 
| 149|0x0000000089500000, 0x0000000089600000, 0x0000000089600000|100%| O|  |TAMS 0x0000000089500000, 0x0000000089500000| Untracked 
| 150|0x0000000089600000, 0x0000000089700000, 0x0000000089700000|100%| O|  |TAMS 0x0000000089600000, 0x0000000089600000| Untracked 
| 151|0x0000000089700000, 0x0000000089800000, 0x0000000089800000|100%| O|  |TAMS 0x0000000089700000, 0x0000000089700000| Untracked 
| 152|0x0000000089800000, 0x0000000089900000, 0x0000000089900000|100%| O|  |TAMS 0x0000000089800000, 0x0000000089800000| Untracked 
| 153|0x0000000089900000, 0x0000000089a00000, 0x0000000089a00000|100%| O|  |TAMS 0x0000000089900000, 0x0000000089900000| Untracked 
| 154|0x0000000089a00000, 0x0000000089b00000, 0x0000000089b00000|100%| O|  |TAMS 0x0000000089a00000, 0x0000000089a00000| Untracked 
| 155|0x0000000089b00000, 0x0000000089b80000, 0x0000000089c00000| 50%| O|  |TAMS 0x0000000089b00000, 0x0000000089b00000| Untracked 
| 156|0x0000000089c00000, 0x0000000089c00000, 0x0000000089d00000|  0%| F|  |TAMS 0x0000000089c00000, 0x0000000089c00000| Untracked 
| 157|0x0000000089d00000, 0x0000000089d00000, 0x0000000089e00000|  0%| F|  |TAMS 0x0000000089d00000, 0x0000000089d00000| Untracked 
| 158|0x0000000089e00000, 0x0000000089e00000, 0x0000000089f00000|  0%| F|  |TAMS 0x0000000089e00000, 0x0000000089e00000| Untracked 
| 159|0x0000000089f00000, 0x0000000089f00000, 0x000000008a000000|  0%| F|  |TAMS 0x0000000089f00000, 0x0000000089f00000| Untracked 
| 160|0x000000008a000000, 0x000000008a000000, 0x000000008a100000|  0%| F|  |TAMS 0x000000008a000000, 0x000000008a000000| Untracked 
| 161|0x000000008a100000, 0x000000008a100000, 0x000000008a200000|  0%| F|  |TAMS 0x000000008a100000, 0x000000008a100000| Untracked 
| 162|0x000000008a200000, 0x000000008a200000, 0x000000008a300000|  0%| F|  |TAMS 0x000000008a200000, 0x000000008a200000| Untracked 
| 163|0x000000008a300000, 0x000000008a300000, 0x000000008a400000|  0%| F|  |TAMS 0x000000008a300000, 0x000000008a300000| Untracked 
| 164|0x000000008a400000, 0x000000008a400000, 0x000000008a500000|  0%| F|  |TAMS 0x000000008a400000, 0x000000008a400000| Untracked 
| 165|0x000000008a500000, 0x000000008a500000, 0x000000008a600000|  0%| F|  |TAMS 0x000000008a500000, 0x000000008a500000| Untracked 
| 166|0x000000008a600000, 0x000000008a600000, 0x000000008a700000|  0%| F|  |TAMS 0x000000008a600000, 0x000000008a600000| Untracked 
| 167|0x000000008a700000, 0x000000008a700000, 0x000000008a800000|  0%| F|  |TAMS 0x000000008a700000, 0x000000008a700000| Untracked 
| 168|0x000000008a800000, 0x000000008a800000, 0x000000008a900000|  0%| F|  |TAMS 0x000000008a800000, 0x000000008a800000| Untracked 
| 169|0x000000008a900000, 0x000000008a996010, 0x000000008aa00000| 58%| S|CS|TAMS 0x000000008a900000, 0x000000008a900000| Complete 
| 170|0x000000008aa00000, 0x000000008ab00000, 0x000000008ab00000|100%| S|CS|TAMS 0x000000008aa00000, 0x000000008aa00000| Complete 
| 171|0x000000008ab00000, 0x000000008ac00000, 0x000000008ac00000|100%| S|CS|TAMS 0x000000008ab00000, 0x000000008ab00000| Complete 
| 172|0x000000008ac00000, 0x000000008ad00000, 0x000000008ad00000|100%| S|CS|TAMS 0x000000008ac00000, 0x000000008ac00000| Complete 
| 173|0x000000008ad00000, 0x000000008ae00000, 0x000000008ae00000|100%| S|CS|TAMS 0x000000008ad00000, 0x000000008ad00000| Complete 
| 174|0x000000008ae00000, 0x000000008af00000, 0x000000008af00000|100%| S|CS|TAMS 0x000000008ae00000, 0x000000008ae00000| Complete 
| 175|0x000000008af00000, 0x000000008b000000, 0x000000008b000000|100%| S|CS|TAMS 0x000000008af00000, 0x000000008af00000| Complete 
| 176|0x000000008b000000, 0x000000008b000000, 0x000000008b100000|  0%| F|  |TAMS 0x000000008b000000, 0x000000008b000000| Untracked 
| 177|0x000000008b100000, 0x000000008b100000, 0x000000008b200000|  0%| F|  |TAMS 0x000000008b100000, 0x000000008b100000| Untracked 
| 178|0x000000008b200000, 0x000000008b200000, 0x000000008b300000|  0%| F|  |TAMS 0x000000008b200000, 0x000000008b200000| Untracked 
| 179|0x000000008b300000, 0x000000008b300000, 0x000000008b400000|  0%| F|  |TAMS 0x000000008b300000, 0x000000008b300000| Untracked 
| 180|0x000000008b400000, 0x000000008b400000, 0x000000008b500000|  0%| F|  |TAMS 0x000000008b400000, 0x000000008b400000| Untracked 
| 181|0x000000008b500000, 0x000000008b500000, 0x000000008b600000|  0%| F|  |TAMS 0x000000008b500000, 0x000000008b500000| Untracked 
| 182|0x000000008b600000, 0x000000008b600000, 0x000000008b700000|  0%| F|  |TAMS 0x000000008b600000, 0x000000008b600000| Untracked 
| 183|0x000000008b700000, 0x000000008b700000, 0x000000008b800000|  0%| F|  |TAMS 0x000000008b700000, 0x000000008b700000| Untracked 
| 184|0x000000008b800000, 0x000000008b800000, 0x000000008b900000|  0%| F|  |TAMS 0x000000008b800000, 0x000000008b800000| Untracked 
| 185|0x000000008b900000, 0x000000008b900000, 0x000000008ba00000|  0%| F|  |TAMS 0x000000008b900000, 0x000000008b900000| Untracked 
| 186|0x000000008ba00000, 0x000000008ba00000, 0x000000008bb00000|  0%| F|  |TAMS 0x000000008ba00000, 0x000000008ba00000| Untracked 
| 187|0x000000008bb00000, 0x000000008bb00000, 0x000000008bc00000|  0%| F|  |TAMS 0x000000008bb00000, 0x000000008bb00000| Untracked 
| 188|0x000000008bc00000, 0x000000008bc00000, 0x000000008bd00000|  0%| F|  |TAMS 0x000000008bc00000, 0x000000008bc00000| Untracked 
| 189|0x000000008bd00000, 0x000000008bd00000, 0x000000008be00000|  0%| F|  |TAMS 0x000000008bd00000, 0x000000008bd00000| Untracked 
| 190|0x000000008be00000, 0x000000008be00000, 0x000000008bf00000|  0%| F|  |TAMS 0x000000008be00000, 0x000000008be00000| Untracked 
| 191|0x000000008bf00000, 0x000000008bf00000, 0x000000008c000000|  0%| F|  |TAMS 0x000000008bf00000, 0x000000008bf00000| Untracked 
| 192|0x000000008c000000, 0x000000008c000000, 0x000000008c100000|  0%| F|  |TAMS 0x000000008c000000, 0x000000008c000000| Untracked 
| 193|0x000000008c100000, 0x000000008c100000, 0x000000008c200000|  0%| F|  |TAMS 0x000000008c100000, 0x000000008c100000| Untracked 
| 194|0x000000008c200000, 0x000000008c200000, 0x000000008c300000|  0%| F|  |TAMS 0x000000008c200000, 0x000000008c200000| Untracked 
| 195|0x000000008c300000, 0x000000008c300000, 0x000000008c400000|  0%| F|  |TAMS 0x000000008c300000, 0x000000008c300000| Untracked 
| 196|0x000000008c400000, 0x000000008c400000, 0x000000008c500000|  0%| F|  |TAMS 0x000000008c400000, 0x000000008c400000| Untracked 
| 197|0x000000008c500000, 0x000000008c500000, 0x000000008c600000|  0%| F|  |TAMS 0x000000008c500000, 0x000000008c500000| Untracked 
| 198|0x000000008c600000, 0x000000008c600000, 0x000000008c700000|  0%| F|  |TAMS 0x000000008c600000, 0x000000008c600000| Untracked 
| 199|0x000000008c700000, 0x000000008c700000, 0x000000008c800000|  0%| F|  |TAMS 0x000000008c700000, 0x000000008c700000| Untracked 
| 200|0x000000008c800000, 0x000000008c800000, 0x000000008c900000|  0%| F|  |TAMS 0x000000008c800000, 0x000000008c800000| Untracked 
| 201|0x000000008c900000, 0x000000008c900000, 0x000000008ca00000|  0%| F|  |TAMS 0x000000008c900000, 0x000000008c900000| Untracked 
| 202|0x000000008ca00000, 0x000000008ca00000, 0x000000008cb00000|  0%| F|  |TAMS 0x000000008ca00000, 0x000000008ca00000| Untracked 
| 203|0x000000008cb00000, 0x000000008cb00000, 0x000000008cc00000|  0%| F|  |TAMS 0x000000008cb00000, 0x000000008cb00000| Untracked 
| 204|0x000000008cc00000, 0x000000008cc00000, 0x000000008cd00000|  0%| F|  |TAMS 0x000000008cc00000, 0x000000008cc00000| Untracked 
| 205|0x000000008cd00000, 0x000000008cd00000, 0x000000008ce00000|  0%| F|  |TAMS 0x000000008cd00000, 0x000000008cd00000| Untracked 
| 206|0x000000008ce00000, 0x000000008ce00000, 0x000000008cf00000|  0%| F|  |TAMS 0x000000008ce00000, 0x000000008ce00000| Untracked 
| 207|0x000000008cf00000, 0x000000008cf00000, 0x000000008d000000|  0%| F|  |TAMS 0x000000008cf00000, 0x000000008cf00000| Untracked 
| 208|0x000000008d000000, 0x000000008d000000, 0x000000008d100000|  0%| F|  |TAMS 0x000000008d000000, 0x000000008d000000| Untracked 
| 209|0x000000008d100000, 0x000000008d100000, 0x000000008d200000|  0%| F|  |TAMS 0x000000008d100000, 0x000000008d100000| Untracked 
| 210|0x000000008d200000, 0x000000008d200000, 0x000000008d300000|  0%| F|  |TAMS 0x000000008d200000, 0x000000008d200000| Untracked 
| 211|0x000000008d300000, 0x000000008d300000, 0x000000008d400000|  0%| F|  |TAMS 0x000000008d300000, 0x000000008d300000| Untracked 
| 212|0x000000008d400000, 0x000000008d400000, 0x000000008d500000|  0%| F|  |TAMS 0x000000008d400000, 0x000000008d400000| Untracked 
| 213|0x000000008d500000, 0x000000008d500000, 0x000000008d600000|  0%| F|  |TAMS 0x000000008d500000, 0x000000008d500000| Untracked 
| 214|0x000000008d600000, 0x000000008d600000, 0x000000008d700000|  0%| F|  |TAMS 0x000000008d600000, 0x000000008d600000| Untracked 
| 215|0x000000008d700000, 0x000000008d700000, 0x000000008d800000|  0%| F|  |TAMS 0x000000008d700000, 0x000000008d700000| Untracked 
| 216|0x000000008d800000, 0x000000008d800000, 0x000000008d900000|  0%| F|  |TAMS 0x000000008d800000, 0x000000008d800000| Untracked 
| 217|0x000000008d900000, 0x000000008d900000, 0x000000008da00000|  0%| F|  |TAMS 0x000000008d900000, 0x000000008d900000| Untracked 
| 218|0x000000008da00000, 0x000000008da00000, 0x000000008db00000|  0%| F|  |TAMS 0x000000008da00000, 0x000000008da00000| Untracked 
| 219|0x000000008db00000, 0x000000008db00000, 0x000000008dc00000|  0%| F|  |TAMS 0x000000008db00000, 0x000000008db00000| Untracked 
| 220|0x000000008dc00000, 0x000000008dc00000, 0x000000008dd00000|  0%| F|  |TAMS 0x000000008dc00000, 0x000000008dc00000| Untracked 
| 221|0x000000008dd00000, 0x000000008dd00000, 0x000000008de00000|  0%| F|  |TAMS 0x000000008dd00000, 0x000000008dd00000| Untracked 
| 222|0x000000008de00000, 0x000000008de00000, 0x000000008df00000|  0%| F|  |TAMS 0x000000008de00000, 0x000000008de00000| Untracked 
| 223|0x000000008df00000, 0x000000008df00000, 0x000000008e000000|  0%| F|  |TAMS 0x000000008df00000, 0x000000008df00000| Untracked 
| 224|0x000000008e000000, 0x000000008e000000, 0x000000008e100000|  0%| F|  |TAMS 0x000000008e000000, 0x000000008e000000| Untracked 
| 225|0x000000008e100000, 0x000000008e100000, 0x000000008e200000|  0%| F|  |TAMS 0x000000008e100000, 0x000000008e100000| Untracked 
| 226|0x000000008e200000, 0x000000008e200000, 0x000000008e300000|  0%| F|  |TAMS 0x000000008e200000, 0x000000008e200000| Untracked 
| 227|0x000000008e300000, 0x000000008e300000, 0x000000008e400000|  0%| F|  |TAMS 0x000000008e300000, 0x000000008e300000| Untracked 
| 228|0x000000008e400000, 0x000000008e400000, 0x000000008e500000|  0%| F|  |TAMS 0x000000008e400000, 0x000000008e400000| Untracked 
| 229|0x000000008e500000, 0x000000008e500000, 0x000000008e600000|  0%| F|  |TAMS 0x000000008e500000, 0x000000008e500000| Untracked 
| 230|0x000000008e600000, 0x000000008e600000, 0x000000008e700000|  0%| F|  |TAMS 0x000000008e600000, 0x000000008e600000| Untracked 
| 231|0x000000008e700000, 0x000000008e700000, 0x000000008e800000|  0%| F|  |TAMS 0x000000008e700000, 0x000000008e700000| Untracked 
| 232|0x000000008e800000, 0x000000008e800000, 0x000000008e900000|  0%| F|  |TAMS 0x000000008e800000, 0x000000008e800000| Untracked 
| 233|0x000000008e900000, 0x000000008e900000, 0x000000008ea00000|  0%| F|  |TAMS 0x000000008e900000, 0x000000008e900000| Untracked 
| 234|0x000000008ea00000, 0x000000008ea00000, 0x000000008eb00000|  0%| F|  |TAMS 0x000000008ea00000, 0x000000008ea00000| Untracked 
| 235|0x000000008eb00000, 0x000000008eb00000, 0x000000008ec00000|  0%| F|  |TAMS 0x000000008eb00000, 0x000000008eb00000| Untracked 
| 236|0x000000008ec00000, 0x000000008ec00000, 0x000000008ed00000|  0%| F|  |TAMS 0x000000008ec00000, 0x000000008ec00000| Untracked 

Card table byte_map: [0x00000225e6850000,0x00000225e6c50000] _byte_map_base: 0x00000225e6450000

Marking Bits (Prev, Next): (CMBitMap*) 0x00000225d3fd7160, (CMBitMap*) 0x00000225d3fd7120
 Prev Bits: [0x00000225e9050000, 0x00000225eb050000)
 Next Bits: [0x00000225e7050000, 0x00000225e9050000)

Polling page: 0x00000225d1e50000

Metaspace:

Usage:
  Non-class:     85.06 MB used.
      Class:     12.87 MB used.
       Both:     97.93 MB used.

Virtual space:
  Non-class space:       88.00 MB reserved,      85.44 MB ( 97%) committed,  11 nodes.
      Class space:        1.00 GB reserved,      13.19 MB (  1%) committed,  1 nodes.
             Both:        1.09 GB reserved,      98.62 MB (  9%) committed. 

Chunk freelists:
   Non-Class:  1.69 MB
       Class:  2.85 MB
        Both:  4.54 MB

MaxMetaspaceSize: unlimited
CompressedClassSpaceSize: 1.00 GB
Initial GC threshold: 21.00 MB
Current GC threshold: 104.94 MB
CDS: off
MetaspaceReclaimPolicy: balanced
 - commit_granule_bytes: 65536.
 - commit_granule_words: 8192.
 - virtual_space_node_default_size: 1048576.
 - enlarge_chunks_in_place: 1.
 - new_chunks_are_fully_committed: 0.
 - uncommit_free_chunks: 1.
 - use_allocation_guard: 0.
 - handle_deallocations: 1.


Internal statistics:

num_allocs_failed_limit: 6.
num_arena_births: 1034.
num_arena_deaths: 0.
num_vsnodes_births: 12.
num_vsnodes_deaths: 0.
num_space_committed: 1576.
num_space_uncommitted: 0.
num_chunks_returned_to_freelist: 6.
num_chunks_taken_from_freelist: 4746.
num_chunk_merges: 6.
num_chunk_splits: 3110.
num_chunks_enlarged: 2063.
num_purges: 0.
num_inconsistent_stats: 0.

CodeHeap 'non-profiled nmethods': size=120000Kb used=5017Kb max_used=5194Kb free=114982Kb
 bounds [0x00000225def20000, 0x00000225df440000, 0x00000225e6450000]
CodeHeap 'profiled nmethods': size=120000Kb used=20050Kb max_used=21835Kb free=99949Kb
 bounds [0x00000225d7450000, 0x00000225d89b0000, 0x00000225de980000]
CodeHeap 'non-nmethods': size=5760Kb used=2382Kb max_used=2457Kb free=3377Kb
 bounds [0x00000225de980000, 0x00000225debf0000, 0x00000225def20000]
 total_blobs=11788 nmethods=10870 adapters=830
 compilation: enabled
              stopped_count=0, restarted_count=0
 full_count=0

Compilation events (20 events):
Event: 29.379 Thread 0x00000225ee02c130 nmethod 12711% 0x00000225d8748690 code [0x00000225d8748c00, 0x00000225d874be58]
Event: 29.379 Thread 0x00000225ee02c130 12713 %     3       java.io.ObjectStreamClass$FieldReflector::setObjFieldValues @ 18 (259 bytes)
Event: 29.381 Thread 0x00000225ee02c130 nmethod 12713% 0x00000225d7cb0990 code [0x00000225d7cb0d80, 0x00000225d7cb24b8]
Event: 29.381 Thread 0x00000225ee02c130 12712 %     3       java.io.ObjectStreamClass$FieldReflector::setPrimFieldValues @ 14 (329 bytes)
Event: 29.382 Thread 0x00000225ee02c130 nmethod 12712% 0x00000225d87c8990 code [0x00000225d87c8c00, 0x00000225d87c9978]
Event: 29.382 Thread 0x00000225ee02c130 12717   !   3       java.io.ObjectInputStream::readSerialData (549 bytes)
Event: 29.385 Thread 0x00000225ee02c130 nmethod 12717 0x00000225d8267690 code [0x00000225d8267be0, 0x00000225d826ad18]
Event: 29.385 Thread 0x00000225ee02c130 12715       3       java.io.ObjectStreamClass$FieldReflector::setObjFieldValues (259 bytes)
Event: 29.386 Thread 0x00000225ee02c130 nmethod 12715 0x00000225d875c790 code [0x00000225d875cb60, 0x00000225d875e198]
Event: 29.386 Thread 0x00000225ee02c130 12716 %     3       java.io.ObjectInputStream$PeekInputStream::readFully @ 3 (48 bytes)
Event: 29.387 Thread 0x00000225ee02c130 nmethod 12716% 0x00000225d80cb690 code [0x00000225d80cb860, 0x00000225d80cbbf8]
Event: 29.387 Thread 0x00000225ee02c130 12718       3       java.io.ObjectStreamClass$FieldReflector::setPrimFieldValues (329 bytes)
Event: 29.387 Thread 0x00000225ee02c130 nmethod 12718 0x00000225d79fe310 code [0x00000225d79fe580, 0x00000225d79ff1f8]
Event: 29.387 Thread 0x00000225ee02c130 12719       2       org.gradle.internal.classloader.VisitableURLClassLoader::visit (38 bytes)
Event: 29.388 Thread 0x00000225ee02c130 nmethod 12719 0x00000225d798cc10 code [0x00000225d798ce40, 0x00000225d798d618]
Event: 29.388 Thread 0x00000225ee02c130 12721 %     3       java.io.ObjectInputStream$FieldValues::<init> @ 130 (217 bytes)
Event: 29.389 Thread 0x00000225ee02c130 nmethod 12721% 0x00000225d7e50e90 code [0x00000225d7e510e0, 0x00000225d7e51ea8]
Event: 29.389 Thread 0x00000225ee02c130 12720       2       org.gradle.internal.classloader.ClassLoaderVisitor::visitClassPath (1 bytes)
Event: 29.389 Thread 0x00000225ee02c130 nmethod 12720 0x00000225d7522590 code [0x00000225d7522720, 0x00000225d7522818]
Event: 29.389 Thread 0x00000225ee02c130 12723       3       java.io.ObjectInputStream$PeekInputStream::readFully (48 bytes)

GC Heap History (20 events):
Event: 8.268 GC heap after
{Heap after GC invocations=22 (full 0):
 garbage-first heap   total 95232K, used 49952K [0x0000000080000000, 0x0000000100000000)
  region size 1024K, 3 young (3072K), 3 survivors (3072K)
 Metaspace       used 61900K, committed 62400K, reserved 1105920K
  class space    used 8144K, committed 8384K, reserved 1048576K
}
Event: 8.278 GC heap before
{Heap before GC invocations=22 (full 0):
 garbage-first heap   total 95232K, used 50976K [0x0000000080000000, 0x0000000100000000)
  region size 1024K, 4 young (4096K), 3 survivors (3072K)
 Metaspace       used 61978K, committed 62464K, reserved 1105920K
  class space    used 8161K, committed 8384K, reserved 1048576K
}
Event: 8.284 GC heap after
{Heap after GC invocations=23 (full 0):
 garbage-first heap   total 95232K, used 49490K [0x0000000080000000, 0x0000000100000000)
  region size 1024K, 1 young (1024K), 1 survivors (1024K)
 Metaspace       used 61978K, committed 62464K, reserved 1105920K
  class space    used 8161K, committed 8384K, reserved 1048576K
}
Event: 8.465 GC heap before
{Heap before GC invocations=23 (full 0):
 garbage-first heap   total 95232K, used 56658K [0x0000000080000000, 0x0000000100000000)
  region size 1024K, 10 young (10240K), 1 survivors (1024K)
 Metaspace       used 63898K, committed 64448K, reserved 1105920K
  class space    used 8394K, committed 8640K, reserved 1048576K
}
Event: 8.467 GC heap after
{Heap after GC invocations=24 (full 0):
 garbage-first heap   total 95232K, used 50707K [0x0000000080000000, 0x0000000100000000)
  region size 1024K, 2 young (2048K), 2 survivors (2048K)
 Metaspace       used 63898K, committed 64448K, reserved 1105920K
  class space    used 8394K, committed 8640K, reserved 1048576K
}
Event: 8.795 GC heap before
{Heap before GC invocations=25 (full 0):
 garbage-first heap   total 117760K, used 80403K [0x0000000080000000, 0x0000000100000000)
  region size 1024K, 25 young (25600K), 2 survivors (2048K)
 Metaspace       used 65314K, committed 65856K, reserved 1114112K
  class space    used 8578K, committed 8832K, reserved 1048576K
}
Event: 8.801 GC heap after
{Heap after GC invocations=26 (full 0):
 garbage-first heap   total 117760K, used 52993K [0x0000000080000000, 0x0000000100000000)
  region size 1024K, 4 young (4096K), 4 survivors (4096K)
 Metaspace       used 65314K, committed 65856K, reserved 1114112K
  class space    used 8578K, committed 8832K, reserved 1048576K
}
Event: 8.816 GC heap before
{Heap before GC invocations=26 (full 0):
 garbage-first heap   total 117760K, used 54017K [0x0000000080000000, 0x0000000100000000)
  region size 1024K, 5 young (5120K), 4 survivors (4096K)
 Metaspace       used 65412K, committed 65984K, reserved 1114112K
  class space    used 8593K, committed 8832K, reserved 1048576K
}
Event: 8.822 GC heap after
{Heap after GC invocations=27 (full 0):
 garbage-first heap   total 242688K, used 53000K [0x0000000080000000, 0x0000000100000000)
  region size 1024K, 1 young (1024K), 1 survivors (1024K)
 Metaspace       used 65412K, committed 65984K, reserved 1114112K
  class space    used 8593K, committed 8832K, reserved 1048576K
}
Event: 9.876 GC heap before
{Heap before GC invocations=27 (full 0):
 garbage-first heap   total 242688K, used 150280K [0x0000000080000000, 0x0000000100000000)
  region size 1024K, 95 young (97280K), 1 survivors (1024K)
 Metaspace       used 72083K, committed 72576K, reserved 1114112K
  class space    used 9576K, committed 9792K, reserved 1048576K
}
Event: 9.884 GC heap after
{Heap after GC invocations=28 (full 0):
 garbage-first heap   total 242688K, used 59516K [0x0000000080000000, 0x0000000100000000)
  region size 1024K, 7 young (7168K), 7 survivors (7168K)
 Metaspace       used 72083K, committed 72576K, reserved 1114112K
  class space    used 9576K, committed 9792K, reserved 1048576K
}
Event: 22.472 GC heap before
{Heap before GC invocations=28 (full 0):
 garbage-first heap   total 242688K, used 170108K [0x0000000080000000, 0x0000000100000000)
  region size 1024K, 115 young (117760K), 7 survivors (7168K)
 Metaspace       used 84064K, committed 84736K, reserved 1122304K
  class space    used 11072K, committed 11392K, reserved 1048576K
}
Event: 22.496 GC heap after
{Heap after GC invocations=29 (full 0):
 garbage-first heap   total 242688K, used 68881K [0x0000000080000000, 0x0000000100000000)
  region size 1024K, 15 young (15360K), 15 survivors (15360K)
 Metaspace       used 84064K, committed 84736K, reserved 1122304K
  class space    used 11072K, committed 11392K, reserved 1048576K
}
Event: 24.156 GC heap before
{Heap before GC invocations=29 (full 0):
 garbage-first heap   total 242688K, used 176401K [0x0000000080000000, 0x0000000100000000)
  region size 1024K, 121 young (123904K), 15 survivors (15360K)
 Metaspace       used 91541K, committed 92160K, reserved 1130496K
  class space    used 12103K, committed 12416K, reserved 1048576K
}
Event: 24.224 GC heap after
{Heap after GC invocations=30 (full 0):
 garbage-first heap   total 242688K, used 79162K [0x0000000080000000, 0x0000000100000000)
  region size 1024K, 11 young (11264K), 11 survivors (11264K)
 Metaspace       used 91541K, committed 92160K, reserved 1130496K
  class space    used 12103K, committed 12416K, reserved 1048576K
}
Event: 25.620 GC heap before
{Heap before GC invocations=30 (full 0):
 garbage-first heap   total 242688K, used 181562K [0x0000000080000000, 0x0000000100000000)
  region size 1024K, 112 young (114688K), 11 survivors (11264K)
 Metaspace       used 93474K, committed 94208K, reserved 1138688K
  class space    used 12391K, committed 12736K, reserved 1048576K
}
Event: 25.648 GC heap after
{Heap after GC invocations=31 (full 0):
 garbage-first heap   total 242688K, used 91648K [0x0000000080000000, 0x0000000100000000)
  region size 1024K, 13 young (13312K), 13 survivors (13312K)
 Metaspace       used 93474K, committed 94208K, reserved 1138688K
  class space    used 12391K, committed 12736K, reserved 1048576K
}
Event: 27.456 GC heap before
{Heap before GC invocations=31 (full 0):
 garbage-first heap   total 242688K, used 195072K [0x0000000080000000, 0x0000000100000000)
  region size 1024K, 106 young (108544K), 13 survivors (13312K)
 Metaspace       used 97490K, committed 98176K, reserved 1138688K
  class space    used 12830K, committed 13120K, reserved 1048576K
}
Event: 27.523 GC heap after
{Heap after GC invocations=32 (full 0):
 garbage-first heap   total 242688K, used 118738K [0x0000000080000000, 0x0000000100000000)
  region size 1024K, 14 young (14336K), 14 survivors (14336K)
 Metaspace       used 97490K, committed 98176K, reserved 1138688K
  class space    used 12830K, committed 13120K, reserved 1048576K
}
Event: 29.406 GC heap before
{Heap before GC invocations=32 (full 0):
 garbage-first heap   total 242688K, used 205778K [0x0000000080000000, 0x0000000100000000)
  region size 1024K, 75 young (76800K), 14 survivors (14336K)
 Metaspace       used 100282K, committed 100992K, reserved 1138688K
  class space    used 13178K, committed 13504K, reserved 1048576K
}

Dll operation events (2 events):
Event: 0.029 Loaded shared library C:\Program Files\Android\Android Studio\jbr\bin\java.dll
Event: 0.378 Loaded shared library C:\Program Files\Android\Android Studio\jbr\bin\verify.dll

Deoptimization events (20 events):
Event: 29.302 Thread 0x00000225f80b8450 DEOPT PACKING pc=0x00000225d7510b3d sp=0x0000007a5daf8a20
Event: 29.302 Thread 0x00000225f80b8450 DEOPT UNPACKING pc=0x00000225de9d7143 sp=0x0000007a5daf7eb8 mode 0
Event: 29.307 Thread 0x00000225f80b8450 DEOPT PACKING pc=0x00000225d7510b3d sp=0x0000007a5daf8680
Event: 29.307 Thread 0x00000225f80b8450 DEOPT UNPACKING pc=0x00000225de9d7143 sp=0x0000007a5daf7b18 mode 0
Event: 29.320 Thread 0x00000225f80b8450 DEOPT PACKING pc=0x00000225d7510b3d sp=0x0000007a5daf9df0
Event: 29.320 Thread 0x00000225f80b8450 DEOPT UNPACKING pc=0x00000225de9d7143 sp=0x0000007a5daf9278 mode 0
Event: 29.324 Thread 0x00000225f80b8450 DEOPT PACKING pc=0x00000225d84be2f0 sp=0x0000007a5daf92d0
Event: 29.324 Thread 0x00000225f80b8450 DEOPT UNPACKING pc=0x00000225de9d7143 sp=0x0000007a5daf87c0 mode 0
Event: 29.338 Thread 0x00000225f80b8450 DEOPT PACKING pc=0x00000225d7510b3d sp=0x0000007a5daf9df0
Event: 29.338 Thread 0x00000225f80b8450 DEOPT UNPACKING pc=0x00000225de9d7143 sp=0x0000007a5daf9278 mode 0
Event: 29.363 Thread 0x00000225f80b8450 DEOPT PACKING pc=0x00000225d7510b3d sp=0x0000007a5daf92c0
Event: 29.363 Thread 0x00000225f80b8450 DEOPT UNPACKING pc=0x00000225de9d7143 sp=0x0000007a5daf8748 mode 0
Event: 29.366 Thread 0x00000225f80b8450 DEOPT PACKING pc=0x00000225d84b71d0 sp=0x0000007a5daf9e30
Event: 29.366 Thread 0x00000225f80b8450 DEOPT UNPACKING pc=0x00000225de9d7143 sp=0x0000007a5daf9298 mode 0
Event: 29.383 Thread 0x00000225f2b130b0 DEOPT PACKING pc=0x00000225d7cad952 sp=0x0000007a5ddfc040
Event: 29.383 Thread 0x00000225f2b130b0 DEOPT UNPACKING pc=0x00000225de9d7143 sp=0x0000007a5ddfb520 mode 0
Event: 29.384 Thread 0x00000225f2b130b0 DEOPT PACKING pc=0x00000225d84ddc7a sp=0x0000007a5ddfbb90
Event: 29.385 Thread 0x00000225f80b8450 DEOPT PACKING pc=0x00000225d7510b3d sp=0x0000007a5daf9320
Event: 29.385 Thread 0x00000225f80b8450 DEOPT UNPACKING pc=0x00000225de9d7143 sp=0x0000007a5daf87a8 mode 0
Event: 29.388 Thread 0x00000225f2b130b0 DEOPT UNPACKING pc=0x00000225de9d7143 sp=0x0000007a5ddfb090 mode 0

Classes unloaded (0 events):
No events

Classes redefined (0 events):
No events

Internal exceptions (20 events):
Event: 27.311 Thread 0x00000225f80b8450 Exception <a 'java/lang/NoSuchMethodError'{0x0000000089657c78}: static Ljava/lang/Object;.<clinit>()V> (0x0000000089657c78) 
thrown [s\src\hotspot\share\prims\jni.cpp, line 1108]
Event: 27.313 Thread 0x00000225f80b8450 Exception <a 'java/lang/NoSuchMethodError'{0x0000000089674470}: static Ljava/lang/Object;.<clinit>()V> (0x0000000089674470) 
thrown [s\src\hotspot\share\prims\jni.cpp, line 1108]
Event: 27.314 Thread 0x00000225f80b8450 Exception <a 'java/lang/NoSuchMethodError'{0x0000000089686898}: static [Lcom/android/ide/common/resources/configuration/ResourceQualifier;.<clinit>()V> (0x0000000089686898) 
thrown [s\src\hotspot\share\prims\jni.cpp, line 1108]
Event: 27.317 Thread 0x00000225f80b8450 Exception <a 'java/lang/NoSuchMethodError'{0x00000000896bfba8}: static Lcom/android/ide/common/resources/configuration/EnumBasedResourceQualifier;.<clinit>()V> (0x00000000896bfba8) 
thrown [s\src\hotspot\share\prims\jni.cpp, line 1108]
Event: 27.317 Thread 0x00000225f80b8450 Exception <a 'java/lang/NoSuchMethodError'{0x00000000896c2fa8}: static Lcom/android/ide/common/resources/configuration/EnumBasedResourceQualifier;.<clinit>()V> (0x00000000896c2fa8) 
thrown [s\src\hotspot\share\prims\jni.cpp, line 1108]
Event: 27.317 Thread 0x00000225f80b8450 Exception <a 'java/lang/NoSuchMethodError'{0x00000000896c5bc0}: static Lcom/android/ide/common/resources/configuration/ResourceQualifier;.<clinit>()V> (0x00000000896c5bc0) 
thrown [s\src\hotspot\share\prims\jni.cpp, line 1108]
Event: 27.319 Thread 0x00000225f80b8450 Exception <a 'java/lang/NoSuchMethodError'{0x00000000896ddb88}: static Lcom/android/ide/common/resources/configuration/EnumBasedResourceQualifier;.<clinit>()V> (0x00000000896ddb88) 
thrown [s\src\hotspot\share\prims\jni.cpp, line 1108]
Event: 27.320 Thread 0x00000225f80b8450 Exception <a 'java/lang/NoSuchMethodError'{0x00000000896f4c58}: static Lcom/android/ide/common/resources/configuration/EnumBasedResourceQualifier;.<clinit>()V> (0x00000000896f4c58) 
thrown [s\src\hotspot\share\prims\jni.cpp, line 1108]
Event: 27.321 Thread 0x00000225f80b8450 Exception <a 'java/lang/NoSuchMethodError'{0x00000000895099e0}: static Lcom/android/ide/common/resources/configuration/ResourceQualifier;.<clinit>()V> (0x00000000895099e0) 
thrown [s\src\hotspot\share\prims\jni.cpp, line 1108]
Event: 27.322 Thread 0x00000225f80b8450 Exception <a 'java/lang/NoSuchMethodError'{0x0000000089527658}: static Lcom/android/ide/common/rendering/api/ResourceNamespace$ResAutoNamespace;.<clinit>()V> (0x0000000089527658) 
thrown [s\src\hotspot\share\prims\jni.cpp, line 1108]
Event: 27.323 Thread 0x00000225f80b8450 Exception <a 'java/lang/NoSuchMethodError'{0x000000008952ad58}: static Ljava/lang/Object;.<clinit>()V> (0x000000008952ad58) 
thrown [s\src\hotspot\share\prims\jni.cpp, line 1108]
Event: 27.324 Thread 0x00000225f80b8450 Exception <a 'java/lang/NoSuchMethodError'{0x000000008954d4d0}: static Lcom/android/build/gradle/tasks/MergeResources$MergeResourcesVectorDrawableRenderer;.<clinit>()V> (0x000000008954d4d0) 
thrown [s\src\hotspot\share\prims\jni.cpp, line 1108]
Event: 27.324 Thread 0x00000225f80b8450 Exception <a 'java/lang/NoSuchMethodError'{0x0000000089551a80}: static Ljava/lang/Object;.<clinit>()V> (0x0000000089551a80) 
thrown [s\src\hotspot\share\prims\jni.cpp, line 1108]
Event: 27.325 Thread 0x00000225f80b8450 Exception <a 'java/lang/NoSuchMethodError'{0x0000000089562f00}: static Lcom/android/build/gradle/internal/LoggerWrapper$LoggerSupplier;.<clinit>()V> (0x0000000089562f00) 
thrown [s\src\hotspot\share\prims\jni.cpp, line 1108]
Event: 28.192 Thread 0x00000225f80b8450 Exception <a 'java/lang/NoSuchMethodError'{0x000000008d6b6050}: 'java.lang.Object java.lang.invoke.Invokers$Holder.invoke_MT(java.lang.Object, java.lang.Object, java.lang.Object)'> (0x000000008d6b6050) 
thrown [s\src\hotspot\share\interpreter\linkResolver.cpp, line 771]
Event: 29.292 Thread 0x00000225f80b8450 Exception <a 'java/lang/NoSuchMethodError'{0x000000008bcf6f18}: static Lcom/android/ide/common/resources/CompileResourceRequest;.<clinit>()V> (0x000000008bcf6f18) 
thrown [s\src\hotspot\share\prims\jni.cpp, line 1108]
Event: 29.296 Thread 0x00000225f80b8450 Exception <a 'java/lang/NoSuchMethodError'{0x000000008bb0ded8}: static Ljava/lang/Object;.<clinit>()V> (0x000000008bb0ded8) 
thrown [s\src\hotspot\share\prims\jni.cpp, line 1108]
Event: 29.297 Thread 0x00000225f80b8450 Exception <a 'java/lang/NoSuchMethodError'{0x000000008bb1f700}: static Ljava/lang/Object;.<clinit>()V> (0x000000008bb1f700) 
thrown [s\src\hotspot\share\prims\jni.cpp, line 1108]
Event: 29.298 Thread 0x00000225f80b8450 Exception <a 'java/lang/NoSuchMethodError'{0x000000008bb30d78}: static Ljava/lang/Object;.<clinit>()V> (0x000000008bb30d78) 
thrown [s\src\hotspot\share\prims\jni.cpp, line 1108]
Event: 29.317 Thread 0x00000225f80b8450 Exception <a 'java/lang/NoSuchMethodError'{0x000000008bab4c40}: static Lkotlin/InitializedLazyImpl;.<clinit>()V> (0x000000008bab4c40) 
thrown [s\src\hotspot\share\prims\jni.cpp, line 1108]

VM Operations (20 events):
Event: 28.152 Executing VM operation: HandshakeAllThreads done
Event: 28.162 Executing VM operation: HandshakeAllThreads
Event: 28.163 Executing VM operation: HandshakeAllThreads done
Event: 28.165 Executing VM operation: HandshakeAllThreads
Event: 28.165 Executing VM operation: HandshakeAllThreads done
Event: 28.167 Executing VM operation: HandshakeAllThreads
Event: 28.167 Executing VM operation: HandshakeAllThreads done
Event: 28.300 Executing VM operation: HandshakeAllThreads
Event: 28.301 Executing VM operation: HandshakeAllThreads done
Event: 28.306 Executing VM operation: ICBufferFull
Event: 28.306 Executing VM operation: ICBufferFull done
Event: 28.320 Executing VM operation: ICBufferFull
Event: 28.320 Executing VM operation: ICBufferFull done
Event: 28.326 Executing VM operation: HandshakeAllThreads
Event: 28.326 Executing VM operation: HandshakeAllThreads done
Event: 28.400 Executing VM operation: HandshakeAllThreads
Event: 28.400 Executing VM operation: HandshakeAllThreads done
Event: 29.142 Executing VM operation: ICBufferFull
Event: 29.143 Executing VM operation: ICBufferFull done
Event: 29.390 Executing VM operation: G1CollectForAllocation

Events (20 events):
Event: 28.417 Thread 0x00000225ee02ce40 flushing nmethod 0x00000225d8935710
Event: 28.417 Thread 0x00000225ee02ce40 flushing nmethod 0x00000225d8935c10
Event: 28.417 Thread 0x00000225ee02ce40 flushing nmethod 0x00000225d8936790
Event: 28.417 Thread 0x00000225ee02ce40 flushing nmethod 0x00000225d893ad90
Event: 28.417 Thread 0x00000225ee02ce40 flushing nmethod 0x00000225d894c210
Event: 28.417 Thread 0x00000225ee02ce40 flushing nmethod 0x00000225d8966510
Event: 28.417 Thread 0x00000225ee02ce40 flushing nmethod 0x00000225d8966e90
Event: 28.417 Thread 0x00000225ee02ce40 flushing nmethod 0x00000225d8967310
Event: 28.417 Thread 0x00000225ee02ce40 flushing nmethod 0x00000225d896ba10
Event: 28.417 Thread 0x00000225ee02ce40 flushing nmethod 0x00000225d8972d90
Event: 28.417 Thread 0x00000225ee02ce40 flushing nmethod 0x00000225d8978390
Event: 28.417 Thread 0x00000225ee02ce40 flushing nmethod 0x00000225d8978f10
Event: 29.066 loading class javax/xml/transform/stream/StreamResult
Event: 29.067 loading class javax/xml/transform/stream/StreamResult done
Event: 29.067 loading class javax/xml/transform/sax/SAXResult
Event: 29.067 loading class javax/xml/transform/sax/SAXResult done
Event: 29.067 loading class javax/xml/transform/dom/DOMResult
Event: 29.068 loading class javax/xml/transform/dom/DOMResult done
Event: 29.356 Thread 0x00000225f4fd4050 Thread added: 0x00000225f4fd4050
Event: 29.387 Thread 0x00000225f4fd4520 Thread added: 0x00000225f4fd4520


Dynamic libraries:
0x00007ff6884c0000 - 0x00007ff6884ca000 	C:\Program Files\Android\Android Studio\jbr\bin\java.exe
0x00007ffc0d690000 - 0x00007ffc0d888000 	C:\Windows\SYSTEM32\ntdll.dll
0x00007ffc0b960000 - 0x00007ffc0ba1d000 	C:\Windows\System32\KERNEL32.DLL
0x00007ffc0b150000 - 0x00007ffc0b446000 	C:\Windows\System32\KERNELBASE.dll
0x00007ffc0afb0000 - 0x00007ffc0b0b0000 	C:\Windows\System32\ucrtbase.dll
0x00007ffbec300000 - 0x00007ffbec317000 	C:\Program Files\Android\Android Studio\jbr\bin\jli.dll
0x00007ffc03cf0000 - 0x00007ffc03d0b000 	C:\Program Files\Android\Android Studio\jbr\bin\VCRUNTIME140.dll
0x00007ffc0d390000 - 0x00007ffc0d52e000 	C:\Windows\System32\USER32.dll
0x00007ffbf2c10000 - 0x00007ffbf2eaa000 	C:\Windows\WinSxS\amd64_microsoft.windows.common-controls_6595b64144ccf1df_6.0.19041.3636_none_60b6a03d71f818d5\COMCTL32.dll
0x00007ffc0c530000 - 0x00007ffc0c5ce000 	C:\Windows\System32\msvcrt.dll
0x00007ffc0b530000 - 0x00007ffc0b552000 	C:\Windows\System32\win32u.dll
0x00007ffc0b6f0000 - 0x00007ffc0b71c000 	C:\Windows\System32\GDI32.dll
0x00007ffc0b5d0000 - 0x00007ffc0b6ea000 	C:\Windows\System32\gdi32full.dll
0x00007ffc0b0b0000 - 0x00007ffc0b14d000 	C:\Windows\System32\msvcp_win.dll
0x00007ffc0d360000 - 0x00007ffc0d390000 	C:\Windows\System32\IMM32.DLL
0x00007ffc05ca0000 - 0x00007ffc05cac000 	C:\Program Files\Android\Android Studio\jbr\bin\vcruntime140_1.dll
0x00007ffbf4800000 - 0x00007ffbf488d000 	C:\Program Files\Android\Android Studio\jbr\bin\msvcp140.dll
0x00007ffb9e7c0000 - 0x00007ffb9f42e000 	C:\Program Files\Android\Android Studio\jbr\bin\server\jvm.dll
0x00007ffc0ceb0000 - 0x00007ffc0cf5f000 	C:\Windows\System32\ADVAPI32.dll
0x00007ffc0d0b0000 - 0x00007ffc0d14c000 	C:\Windows\System32\sechost.dll
0x00007ffc0c320000 - 0x00007ffc0c446000 	C:\Windows\System32\RPCRT4.dll
0x00007ffc06220000 - 0x00007ffc06229000 	C:\Windows\SYSTEM32\WSOCK32.dll
0x00007ffc0ce40000 - 0x00007ffc0ceab000 	C:\Windows\System32\WS2_32.dll
0x00007ffc01b90000 - 0x00007ffc01b9a000 	C:\Windows\SYSTEM32\VERSION.dll
0x00007ffbf2b50000 - 0x00007ffbf2b77000 	C:\Windows\SYSTEM32\WINMM.dll
0x00007ffc08e10000 - 0x00007ffc08e22000 	C:\Windows\SYSTEM32\kernel.appcore.dll
0x00007ffc061f0000 - 0x00007ffc061fa000 	C:\Program Files\Android\Android Studio\jbr\bin\jimage.dll
0x00007ffc08b30000 - 0x00007ffc08d14000 	C:\Windows\SYSTEM32\DBGHELP.DLL
0x00007ffbf76f0000 - 0x00007ffbf7724000 	C:\Windows\SYSTEM32\dbgcore.DLL
0x00007ffc0af20000 - 0x00007ffc0afa2000 	C:\Windows\System32\bcryptPrimitives.dll
0x00007ffbe97f0000 - 0x00007ffbe9815000 	C:\Program Files\Android\Android Studio\jbr\bin\java.dll
0x00007ffbf7e40000 - 0x00007ffbf7e58000 	C:\Program Files\Android\Android Studio\jbr\bin\zip.dll
0x00007ffc0bbd0000 - 0x00007ffc0c315000 	C:\Windows\System32\SHELL32.dll
0x00007ffc08e30000 - 0x00007ffc095cb000 	C:\Windows\SYSTEM32\windows.storage.dll
0x00007ffc0c5d0000 - 0x00007ffc0c924000 	C:\Windows\System32\combase.dll
0x00007ffc0a6e0000 - 0x00007ffc0a70d000 	C:\Windows\SYSTEM32\Wldp.dll
0x00007ffc0b800000 - 0x00007ffc0b8ad000 	C:\Windows\System32\SHCORE.dll
0x00007ffc0cfd0000 - 0x00007ffc0d025000 	C:\Windows\System32\shlwapi.dll
0x00007ffc0aca0000 - 0x00007ffc0acc5000 	C:\Windows\SYSTEM32\profapi.dll
0x00007ffbf5180000 - 0x00007ffbf5199000 	C:\Program Files\Android\Android Studio\jbr\bin\net.dll
0x00007ffc01c90000 - 0x00007ffc01d9a000 	C:\Windows\SYSTEM32\WINHTTP.dll
0x00007ffc0a440000 - 0x00007ffc0a4aa000 	C:\Windows\system32\mswsock.dll
0x00007ffbec4b0000 - 0x00007ffbec4c6000 	C:\Program Files\Android\Android Studio\jbr\bin\nio.dll
0x00007ffc055a0000 - 0x00007ffc055b0000 	C:\Program Files\Android\Android Studio\jbr\bin\verify.dll
0x00007ffbe6560000 - 0x00007ffbe6587000 	C:\Users\LENOVO\.gradle\native\68d5fa5c4cc2d200863cafc0d521ce42e7d3e7ee720ec0a83991735586a16f82\windows-amd64\native-platform.dll
0x00007ffbec650000 - 0x00007ffbec794000 	C:\Users\LENOVO\.gradle\native\e376f236ea51e6404a007f0833ffe2c6e607c4080706a723a18a27aeea778392\windows-amd64\native-platform-file-events.dll
0x00007ffc04920000 - 0x00007ffc04929000 	C:\Program Files\Android\Android Studio\jbr\bin\management.dll
0x00007ffbf6050000 - 0x00007ffbf605b000 	C:\Program Files\Android\Android Studio\jbr\bin\management_ext.dll
0x00007ffc0cfc0000 - 0x00007ffc0cfc8000 	C:\Windows\System32\PSAPI.DLL
0x00007ffc0a640000 - 0x00007ffc0a658000 	C:\Windows\SYSTEM32\CRYPTSP.dll
0x00007ffc09d70000 - 0x00007ffc09da4000 	C:\Windows\system32\rsaenh.dll
0x00007ffc0b450000 - 0x00007ffc0b477000 	C:\Windows\System32\bcrypt.dll
0x00007ffc0ac60000 - 0x00007ffc0ac8e000 	C:\Windows\SYSTEM32\USERENV.dll
0x00007ffc0a630000 - 0x00007ffc0a63c000 	C:\Windows\SYSTEM32\CRYPTBASE.dll
0x00007ffc0a130000 - 0x00007ffc0a16b000 	C:\Windows\SYSTEM32\IPHLPAPI.DLL
0x00007ffc0c520000 - 0x00007ffc0c528000 	C:\Windows\System32\NSI.dll
0x00007ffc026b0000 - 0x00007ffc026c7000 	C:\Windows\SYSTEM32\dhcpcsvc6.DLL
0x00007ffc02e60000 - 0x00007ffc02e7d000 	C:\Windows\SYSTEM32\dhcpcsvc.DLL
0x00007ffc0a170000 - 0x00007ffc0a23a000 	C:\Windows\SYSTEM32\DNSAPI.dll
0x00007ffc05320000 - 0x00007ffc05327000 	C:\Windows\system32\wshunix.dll

dbghelp: loaded successfully - version: 4.0.5 - missing functions: none
symbol engine: initialized successfully - sym options: 0x614 - pdb path: .;C:\Program Files\Android\Android Studio\jbr\bin;C:\Windows\SYSTEM32;C:\Windows\WinSxS\amd64_microsoft.windows.common-controls_6595b64144ccf1df_6.0.19041.3636_none_60b6a03d71f818d5;C:\Program Files\Android\Android Studio\jbr\bin\server;C:\Users\LENOVO\.gradle\native\68d5fa5c4cc2d200863cafc0d521ce42e7d3e7ee720ec0a83991735586a16f82\windows-amd64;C:\Users\LENOVO\.gradle\native\e376f236ea51e6404a007f0833ffe2c6e607c4080706a723a18a27aeea778392\windows-amd64

VM Arguments:
jvm_args: --add-opens=java.base/java.util=ALL-UNNAMED --add-opens=java.base/java.lang=ALL-UNNAMED --add-opens=java.base/java.lang.invoke=ALL-UNNAMED --add-opens=java.prefs/java.util.prefs=ALL-UNNAMED --add-opens=java.base/java.nio.charset=ALL-UNNAMED --add-opens=java.base/java.net=ALL-UNNAMED --add-opens=java.base/java.util.concurrent.atomic=ALL-UNNAMED -Xmx2048m -Dfile.encoding=UTF-8 -Duser.country=US -Duser.language=en -Duser.variant 
java_command: org.gradle.launcher.daemon.bootstrap.GradleDaemon 8.0
java_class_path (initial): C:\Users\LENOVO\.gradle\wrapper\dists\gradle-8.0-bin\ca5e32bp14vu59qr306oxotwh\gradle-8.0\lib\gradle-launcher-8.0.jar
Launcher Type: SUN_STANDARD

[Global flags]
     intx CICompilerCount                          = 3                                         {product} {ergonomic}
     uint ConcGCThreads                            = 1                                         {product} {ergonomic}
     uint G1ConcRefinementThreads                  = 4                                         {product} {ergonomic}
   size_t G1HeapRegionSize                         = 1048576                                   {product} {ergonomic}
    uintx GCDrainStackTargetSize                   = 64                                        {product} {ergonomic}
   size_t InitialHeapSize                          = 134217728                                 {product} {ergonomic}
   size_t MarkStackSize                            = 4194304                                   {product} {ergonomic}
   size_t MaxHeapSize                              = 2147483648                                {product} {command line}
   size_t MaxNewSize                               = 1287651328                                {product} {ergonomic}
   size_t MinHeapDeltaBytes                        = 1048576                                   {product} {ergonomic}
   size_t MinHeapSize                              = 8388608                                   {product} {ergonomic}
    uintx NonNMethodCodeHeapSize                   = 5832780                                {pd product} {ergonomic}
    uintx NonProfiledCodeHeapSize                  = 122912730                              {pd product} {ergonomic}
    uintx ProfiledCodeHeapSize                     = 122912730                              {pd product} {ergonomic}
    uintx ReservedCodeCacheSize                    = 251658240                              {pd product} {ergonomic}
     bool SegmentedCodeCache                       = true                                      {product} {ergonomic}
   size_t SoftMaxHeapSize                          = 2147483648                             {manageable} {ergonomic}
     bool UseCompressedClassPointers               = true                           {product lp64_product} {ergonomic}
     bool UseCompressedOops                        = true                           {product lp64_product} {ergonomic}
     bool UseG1GC                                  = true                                      {product} {ergonomic}
     bool UseLargePagesIndividualAllocation        = false                                  {pd product} {ergonomic}

Logging:
Log output configuration:
 #0: stdout all=warning uptime,level,tags
 #1: stderr all=off uptime,level,tags

Environment Variables:
PATH=C:\Program Files\Common Files\Oracle\Java\javapath;C:\Windows\system32;C:\Windows;C:\Windows\System32\Wbem;C:\Windows\System32\WindowsPowerShell\v1.0\;C:\Windows\System32\OpenSSH\;C:\Program Files\Git\cmd;C:\Program Files\Java\jdk-20\bin;C:\Program Files\nodejs\;C:\src\flutter\bin;C:\Users\LENOVO\AppData\Local\Microsoft\WindowsApps;C:\Users\LENOVO\AppData\Roaming\npm;C:\Users\LENOVO\AppData\Local\Programs\Microsoft VS Code\bin
USERNAME=LENOVO
OS=Windows_NT
PROCESSOR_IDENTIFIER=Intel64 Family 6 Model 142 Stepping 12, GenuineIntel
TMP=C:\Users\LENOVO\AppData\Local\Temp
TEMP=C:\Users\LENOVO\AppData\Local\Temp


JNI global refs:
JNI global refs: 25, weak refs: 14

JNI global refs memory usage: 843, weak refs: 841


---------------  S Y S T E M  ---------------

OS:
 Windows 10 , 64 bit Build 19041 (10.0.19041.3636)
OS uptime: 2 days 1:26 hours

CPU: total 4 (initial active 4) (2 cores per cpu, 2 threads per core) family 6 model 142 stepping 12 microcode 0xb8, cx8, cmov, fxsr, ht, mmx, 3dnowpref, sse, sse2, sse3, ssse3, sse4.1, sse4.2, popcnt, lzcnt, tsc, tscinvbit, avx, avx2, aes, erms, clmul, bmi1, bmi2, adx, fma, vzeroupper, clflush, clflushopt

Memory: 4k page, system-wide physical 8072M (279M free)
TotalPageFile size 32648M (AvailPageFile size 182M)
current process WorkingSet (physical memory assigned to process): 393M, peak: 402M
current process commit charge ("private bytes"): 514M, peak: 742M

vm_info: OpenJDK 64-Bit Server VM (17.0.6+0-b2043.56-10027231) for windows-amd64 JRE (17.0.6+0-b2043.56-10027231), built on Apr 28 2023 00:43:19 by "androidbuild" with MS VC++ 16.10 / 16.11 (VS2019)

END.
