#
# There is insufficient memory for the Java Runtime Environment to continue.
# Native memory allocation (malloc) failed to allocate 32744 bytes for ChunkPool::allocate
# Possible reasons:
#   The system is out of physical RAM or swap space
#   The process is running with CompressedOops enabled, and the Java Heap may be blocking the growth of the native heap
# Possible solutions:
#   Reduce memory load on the system
#   Increase physical memory or swap space
#   Check if swap backing store is full
#   Decrease Java heap size (-Xmx/-Xms)
#   Decrease number of Java threads
#   Decrease Java thread stack sizes (-Xss)
#   Set larger code cache with -XX:ReservedCodeCacheSize=
#   JVM is running with Unscaled Compressed Oops mode in which the Java heap is
#     placed in the first 4GB address space. The Java Heap base address is the
#     maximum limit for the native heap growth. Please use -XX:HeapBaseMinAddress
#     to set the Java Heap base and to place the Java Heap above 4GB virtual address.
# This output file may be truncated or incomplete.
#
#  Out of Memory Error (arena.cpp:78), pid=3920, tid=8512
#
# JRE version: OpenJDK Runtime Environment (17.0.6) (build 17.0.6+0-b2043.56-10027231)
# Java VM: OpenJDK 64-Bit Server VM (17.0.6+0-b2043.56-10027231, mixed mode, tiered, compressed oops, compressed class ptrs, g1 gc, windows-amd64)
# No core dump will be written. Minidumps are not enabled by default on client versions of Windows
#

---------------  S U M M A R Y ------------

Command Line: --add-opens=java.base/java.util=ALL-UNNAMED --add-opens=java.base/java.lang=ALL-UNNAMED --add-opens=java.base/java.lang.invoke=ALL-UNNAMED --add-opens=java.prefs/java.util.prefs=ALL-UNNAMED --add-opens=java.base/java.nio.charset=ALL-UNNAMED --add-opens=java.base/java.net=ALL-UNNAMED --add-opens=java.base/java.util.concurrent.atomic=ALL-UNNAMED -Xmx2048m -Dfile.encoding=UTF-8 -Duser.country=US -Duser.language=en -Duser.variant org.gradle.launcher.daemon.bootstrap.GradleDaemon 8.0

Host: Intel(R) Core(TM) i3-8145U CPU @ 2.10GHz, 4 cores, 7G,  Windows 10 , 64 bit Build 19041 (10.0.19041.3636)
Time: Mon Jan  1 18:19:32 2024 Pakistan Standard Time elapsed time: 11.905490 seconds (0d 0h 0m 11s)

---------------  T H R E A D  ---------------

Current thread (0x00000225b73d9570):  JavaThread "C2 CompilerThread1" daemon [_thread_in_native, id=8512, stack(0x000000e8e8e00000,0x000000e8e8f00000)]


Current CompileTask:
C2:  11905 7788       4       org.gradle.internal.reflect.ClassInspector::inspectClass (179 bytes)

Stack: [0x000000e8e8e00000,0x000000e8e8f00000]
Native frames: (J=compiled Java code, j=interpreted, Vv=VM code, C=native code)
V  [jvm.dll+0x683c9a]
V  [jvm.dll+0x8427a4]
V  [jvm.dll+0x843f9e]
V  [jvm.dll+0x844603]
V  [jvm.dll+0x249b75]
V  [jvm.dll+0xabecc]
V  [jvm.dll+0xac27c]
V  [jvm.dll+0x125d5a]
V  [jvm.dll+0x124e03]
V  [jvm.dll+0x6891b5]
V  [jvm.dll+0x21c5cf]
V  [jvm.dll+0x21b621]
V  [jvm.dll+0x1a4fdd]
V  [jvm.dll+0x22b098]
V  [jvm.dll+0x229159]
V  [jvm.dll+0x7f81ec]
V  [jvm.dll+0x7f274a]
V  [jvm.dll+0x682ad5]
C  [ucrtbase.dll+0x21bb2]
C  [KERNEL32.DLL+0x17344]
C  [ntdll.dll+0x526b1]


---------------  P R O C E S S  ---------------

Threads class SMR info:
_java_thread_list=0x00000225bbe85d60, length=82, elements={
0x000002259beb98e0, 0x00000225b5394250, 0x00000225b5396df0, 0x00000225b53a4700,
0x00000225b5d180e0, 0x00000225b5d189a0, 0x00000225b5d19260, 0x00000225b5d19e50,
0x00000225b5d1e4e0, 0x00000225b5d1ede0, 0x00000225b5eaf030, 0x00000225b5eaf910,
0x00000225b757e320, 0x00000225b71a5020, 0x00000225b6e92dd0, 0x00000225b6ce4e00,
0x00000225b88867d0, 0x00000225b8b422d0, 0x00000225b8b40f90, 0x00000225b8b3f780,
0x00000225b8b42c70, 0x00000225b8b3fc50, 0x00000225b8b427a0, 0x00000225b8b40120,
0x00000225b8b3f2b0, 0x00000225b8b405f0, 0x00000225b8b40ac0, 0x00000225b8b41460,
0x00000225b8b41930, 0x00000225b8b41e00, 0x00000225b9592d80, 0x00000225b958f890,
0x00000225b95910a0, 0x00000225b9591f10, 0x00000225b9593250, 0x00000225b9593720,
0x00000225b9596270, 0x00000225b9593bf0, 0x00000225b9596c10, 0x00000225b9591a40,
0x00000225b9596740, 0x00000225b95940c0, 0x00000225b9595400, 0x00000225b9594f30,
0x00000225b95923e0, 0x00000225b9590230, 0x00000225b9594590, 0x00000225b9590bd0,
0x00000225b95958d0, 0x00000225b95928b0, 0x00000225b9362ac0, 0x00000225b9363e00,
0x00000225b93677c0, 0x00000225b9362f90, 0x00000225b9363930, 0x00000225b9367c90,
0x00000225b93642d0, 0x00000225b9368630, 0x00000225b9365140, 0x00000225b9365ae0,
0x00000225b9368fd0, 0x00000225b9368160, 0x00000225b93647a0, 0x00000225b9368b00,
0x00000225b9364c70, 0x00000225b9365610, 0x00000225b9365fb0, 0x00000225b9366480,
0x00000225b9366950, 0x00000225b9366e20, 0x00000225b93672f0, 0x00000225b93694a0,
0x00000225b9369970, 0x00000225b9369e40, 0x00000225b9363460, 0x00000225b93625f0,
0x00000225b8b57870, 0x00000225b8b5c570, 0x00000225b8b56a00, 0x00000225b8b5ca40,
0x00000225b8b5c0a0, 0x00000225b73d9570
}

Java Threads: ( => current thread )
  0x000002259beb98e0 JavaThread "main" [_thread_blocked, id=7216, stack(0x000000e8e6b00000,0x000000e8e6c00000)]
  0x00000225b5394250 JavaThread "Reference Handler" daemon [_thread_blocked, id=2412, stack(0x000000e8e7200000,0x000000e8e7300000)]
  0x00000225b5396df0 JavaThread "Finalizer" daemon [_thread_blocked, id=1856, stack(0x000000e8e7300000,0x000000e8e7400000)]
  0x00000225b53a4700 JavaThread "Signal Dispatcher" daemon [_thread_blocked, id=2720, stack(0x000000e8e7400000,0x000000e8e7500000)]
  0x00000225b5d180e0 JavaThread "Attach Listener" daemon [_thread_blocked, id=10952, stack(0x000000e8e7500000,0x000000e8e7600000)]
  0x00000225b5d189a0 JavaThread "Service Thread" daemon [_thread_blocked, id=5756, stack(0x000000e8e7600000,0x000000e8e7700000)]
  0x00000225b5d19260 JavaThread "Monitor Deflation Thread" daemon [_thread_blocked, id=11548, stack(0x000000e8e7700000,0x000000e8e7800000)]
  0x00000225b5d19e50 JavaThread "C2 CompilerThread0" daemon [_thread_in_native, id=10740, stack(0x000000e8e7800000,0x000000e8e7900000)]
  0x00000225b5d1e4e0 JavaThread "C1 CompilerThread0" daemon [_thread_blocked, id=392, stack(0x000000e8e7900000,0x000000e8e7a00000)]
  0x00000225b5d1ede0 JavaThread "Sweeper thread" daemon [_thread_blocked, id=6980, stack(0x000000e8e7a00000,0x000000e8e7b00000)]
  0x00000225b5eaf030 JavaThread "Common-Cleaner" daemon [_thread_blocked, id=3928, stack(0x000000e8e7b00000,0x000000e8e7c00000)]
  0x00000225b5eaf910 JavaThread "Notification Thread" daemon [_thread_blocked, id=4156, stack(0x000000e8e7c00000,0x000000e8e7d00000)]
  0x00000225b757e320 JavaThread "Daemon health stats" [_thread_blocked, id=11924, stack(0x000000e8e8200000,0x000000e8e8300000)]
  0x00000225b71a5020 JavaThread "Incoming local TCP Connector on port 54275" [_thread_in_native, id=5112, stack(0x000000e8e8300000,0x000000e8e8400000)]
  0x00000225b6e92dd0 JavaThread "Daemon periodic checks" [_thread_blocked, id=10028, stack(0x000000e8e8400000,0x000000e8e8500000)]
  0x00000225b6ce4e00 JavaThread "Daemon" [_thread_blocked, id=7092, stack(0x000000e8e8500000,0x000000e8e8600000)]
  0x00000225b88867d0 JavaThread "Handler for socket connection from /127.0.0.1:54275 to /127.0.0.1:54276" [_thread_in_native, id=6140, stack(0x000000e8e8600000,0x000000e8e8700000)]
  0x00000225b8b422d0 JavaThread "Cancel handler" [_thread_blocked, id=10944, stack(0x000000e8e8700000,0x000000e8e8800000)]
  0x00000225b8b40f90 JavaThread "Daemon worker" [_thread_in_vm, id=6688, stack(0x000000e8e8800000,0x000000e8e8900000)]
  0x00000225b8b3f780 JavaThread "Asynchronous log dispatcher for DefaultDaemonConnection: socket connection from /127.0.0.1:54275 to /127.0.0.1:54276" [_thread_blocked, id=10832, stack(0x000000e8e8900000,0x000000e8e8a00000)]
  0x00000225b8b42c70 JavaThread "Stdin handler" [_thread_blocked, id=3156, stack(0x000000e8e8a00000,0x000000e8e8b00000)]
  0x00000225b8b3fc50 JavaThread "Daemon client event forwarder" [_thread_blocked, id=11144, stack(0x000000e8e8b00000,0x000000e8e8c00000)]
  0x00000225b8b427a0 JavaThread "Cache worker for journal cache (C:\Users\LENOVO\.gradle\caches\journal-1)" [_thread_blocked, id=11356, stack(0x000000e8e8100000,0x000000e8e8200000)]
  0x00000225b8b40120 JavaThread "File lock request listener" [_thread_in_native, id=592, stack(0x000000e8e8c00000,0x000000e8e8d00000)]
  0x00000225b8b3f2b0 JavaThread "Cache worker for file hash cache (C:\Users\LENOVO\.gradle\caches\8.0\fileHashes)" [_thread_blocked, id=1328, stack(0x000000e8e8d00000,0x000000e8e8e00000)]
  0x00000225b8b405f0 JavaThread "File watcher server" daemon [_thread_in_native, id=10440, stack(0x000000e8e8f00000,0x000000e8e9000000)]
  0x00000225b8b40ac0 JavaThread "File watcher consumer" daemon [_thread_blocked, id=2500, stack(0x000000e8e9000000,0x000000e8e9100000)]
  0x00000225b8b41460 JavaThread "Cache worker for checksums cache (C:\Users\LENOVO\AndroidStudioProjectsFlutter\GenerateAIImage\.gradle\8.0\checksums)" [_thread_blocked, id=5252, stack(0x000000e8e9100000,0x000000e8e9200000)]
  0x00000225b8b41930 JavaThread "Cache worker for cache directory md-rule (C:\Users\LENOVO\.gradle\caches\8.0\md-rule)" [_thread_blocked, id=11488, stack(0x000000e8e9200000,0x000000e8e9300000)]
  0x00000225b8b41e00 JavaThread "Cache worker for file content cache (C:\Users\LENOVO\.gradle\caches\8.0\fileContent)" [_thread_blocked, id=8196, stack(0x000000e8e9300000,0x000000e8e9400000)]
  0x00000225b9592d80 JavaThread "Cache worker for file hash cache (C:\Users\LENOVO\AndroidStudioProjectsFlutter\GenerateAIImage\.gradle\8.0\fileHashes)" [_thread_blocked, id=9308, stack(0x000000e8e9400000,0x000000e8e9500000)]
  0x00000225b958f890 JavaThread "Cache worker for cache directory md-supplier (C:\Users\LENOVO\.gradle\caches\8.0\md-supplier)" [_thread_blocked, id=2152, stack(0x000000e8e9500000,0x000000e8e9600000)]
  0x00000225b95910a0 JavaThread "Cache worker for execution history cache (C:\Users\LENOVO\.gradle\caches\8.0\executionHistory)" [_thread_blocked, id=7404, stack(0x000000e8e9600000,0x000000e8e9700000)]
  0x00000225b9591f10 JavaThread "jar transforms" [_thread_blocked, id=2900, stack(0x000000e8e9700000,0x000000e8e9800000)]
  0x00000225b9593250 JavaThread "jar transforms Thread 2" [_thread_blocked, id=10000, stack(0x000000e8e9800000,0x000000e8e9900000)]
  0x00000225b9593720 JavaThread "jar transforms Thread 3" [_thread_blocked, id=6068, stack(0x000000e8e9900000,0x000000e8e9a00000)]
  0x00000225b9596270 JavaThread "jar transforms Thread 4" [_thread_blocked, id=9572, stack(0x000000e8e9a00000,0x000000e8e9b00000)]
  0x00000225b9593bf0 JavaThread "Cache worker for dependencies-accessors (C:\Users\LENOVO\AndroidStudioProjectsFlutter\GenerateAIImage\.gradle\8.0\dependencies-accessors)" [_thread_blocked, id=1668, stack(0x000000e8e9b00000,0x000000e8e9c00000)]
  0x00000225b9596c10 JavaThread "Cache worker for Build Output Cleanup Cache (C:\Users\LENOVO\AndroidStudioProjectsFlutter\GenerateAIImage\.gradle\buildOutputCleanup)" [_thread_blocked, id=10220, stack(0x000000e8e9c00000,0x000000e8e9d00000)]
  0x00000225b9591a40 JavaThread "Unconstrained build operations" [_thread_blocked, id=11580, stack(0x000000e8e9d00000,0x000000e8e9e00000)]
  0x00000225b9596740 JavaThread "Unconstrained build operations Thread 2" [_thread_blocked, id=2328, stack(0x000000e8e9e00000,0x000000e8e9f00000)]
  0x00000225b95940c0 JavaThread "Unconstrained build operations Thread 3" [_thread_blocked, id=10372, stack(0x000000e8e9f00000,0x000000e8ea000000)]
  0x00000225b9595400 JavaThread "Unconstrained build operations Thread 4" [_thread_blocked, id=12996, stack(0x000000e8ea000000,0x000000e8ea100000)]
  0x00000225b9594f30 JavaThread "Unconstrained build operations Thread 5" [_thread_blocked, id=7860, stack(0x000000e8ea100000,0x000000e8ea200000)]
  0x00000225b95923e0 JavaThread "Unconstrained build operations Thread 6" [_thread_blocked, id=10096, stack(0x000000e8ea200000,0x000000e8ea300000)]
  0x00000225b9590230 JavaThread "Unconstrained build operations Thread 7" [_thread_blocked, id=11328, stack(0x000000e8ea300000,0x000000e8ea400000)]
  0x00000225b9594590 JavaThread "Unconstrained build operations Thread 8" [_thread_blocked, id=632, stack(0x000000e8ea400000,0x000000e8ea500000)]
  0x00000225b9590bd0 JavaThread "Unconstrained build operations Thread 9" [_thread_blocked, id=3044, stack(0x000000e8ea500000,0x000000e8ea600000)]
  0x00000225b95958d0 JavaThread "Unconstrained build operations Thread 10" [_thread_blocked, id=11664, stack(0x000000e8ea600000,0x000000e8ea700000)]
  0x00000225b95928b0 JavaThread "Unconstrained build operations Thread 11" [_thread_blocked, id=860, stack(0x000000e8ea700000,0x000000e8ea800000)]
  0x00000225b9362ac0 JavaThread "Unconstrained build operations Thread 12" [_thread_blocked, id=11732, stack(0x000000e8ea800000,0x000000e8ea900000)]
  0x00000225b9363e00 JavaThread "Unconstrained build operations Thread 13" [_thread_blocked, id=12596, stack(0x000000e8ea900000,0x000000e8eaa00000)]
  0x00000225b93677c0 JavaThread "Unconstrained build operations Thread 14" [_thread_blocked, id=9324, stack(0x000000e8eaa00000,0x000000e8eab00000)]
  0x00000225b9362f90 JavaThread "Unconstrained build operations Thread 15" [_thread_blocked, id=12692, stack(0x000000e8eab00000,0x000000e8eac00000)]
  0x00000225b9363930 JavaThread "Unconstrained build operations Thread 16" [_thread_blocked, id=11752, stack(0x000000e8eac00000,0x000000e8ead00000)]
  0x00000225b9367c90 JavaThread "Unconstrained build operations Thread 17" [_thread_blocked, id=5240, stack(0x000000e8ead00000,0x000000e8eae00000)]
  0x00000225b93642d0 JavaThread "Unconstrained build operations Thread 18" [_thread_blocked, id=8296, stack(0x000000e8eae00000,0x000000e8eaf00000)]
  0x00000225b9368630 JavaThread "Unconstrained build operations Thread 19" [_thread_blocked, id=7472, stack(0x000000e8eaf00000,0x000000e8eb000000)]
  0x00000225b9365140 JavaThread "Unconstrained build operations Thread 20" [_thread_blocked, id=5328, stack(0x000000e8eb000000,0x000000e8eb100000)]
  0x00000225b9365ae0 JavaThread "Unconstrained build operations Thread 21" [_thread_blocked, id=11476, stack(0x000000e8eb100000,0x000000e8eb200000)]
  0x00000225b9368fd0 JavaThread "Unconstrained build operations Thread 22" [_thread_blocked, id=10844, stack(0x000000e8eb200000,0x000000e8eb300000)]
  0x00000225b9368160 JavaThread "Unconstrained build operations Thread 23" [_thread_blocked, id=12676, stack(0x000000e8eb300000,0x000000e8eb400000)]
  0x00000225b93647a0 JavaThread "Unconstrained build operations Thread 24" [_thread_blocked, id=10576, stack(0x000000e8eb400000,0x000000e8eb500000)]
  0x00000225b9368b00 JavaThread "Unconstrained build operations Thread 25" [_thread_blocked, id=7356, stack(0x000000e8eb500000,0x000000e8eb600000)]
  0x00000225b9364c70 JavaThread "Unconstrained build operations Thread 26" [_thread_blocked, id=2424, stack(0x000000e8eb600000,0x000000e8eb700000)]
  0x00000225b9365610 JavaThread "Unconstrained build operations Thread 27" [_thread_blocked, id=11372, stack(0x000000e8eb700000,0x000000e8eb800000)]
  0x00000225b9365fb0 JavaThread "Unconstrained build operations Thread 28" [_thread_blocked, id=12012, stack(0x000000e8eb800000,0x000000e8eb900000)]
  0x00000225b9366480 JavaThread "Unconstrained build operations Thread 29" [_thread_blocked, id=11988, stack(0x000000e8eb900000,0x000000e8eba00000)]
  0x00000225b9366950 JavaThread "Unconstrained build operations Thread 30" [_thread_blocked, id=7368, stack(0x000000e8eba00000,0x000000e8ebb00000)]
  0x00000225b9366e20 JavaThread "Unconstrained build operations Thread 31" [_thread_blocked, id=4320, stack(0x000000e8ebb00000,0x000000e8ebc00000)]
  0x00000225b93672f0 JavaThread "Unconstrained build operations Thread 32" [_thread_blocked, id=10400, stack(0x000000e8ebc00000,0x000000e8ebd00000)]
  0x00000225b93694a0 JavaThread "Unconstrained build operations Thread 33" [_thread_blocked, id=10176, stack(0x000000e8ebd00000,0x000000e8ebe00000)]
  0x00000225b9369970 JavaThread "Unconstrained build operations Thread 34" [_thread_blocked, id=8616, stack(0x000000e8ebe00000,0x000000e8ebf00000)]
  0x00000225b9369e40 JavaThread "Unconstrained build operations Thread 35" [_thread_blocked, id=10724, stack(0x000000e8ebf00000,0x000000e8ec000000)]
  0x00000225b9363460 JavaThread "Unconstrained build operations Thread 36" [_thread_blocked, id=3764, stack(0x000000e8ec000000,0x000000e8ec100000)]
  0x00000225b93625f0 JavaThread "Unconstrained build operations Thread 37" [_thread_blocked, id=11236, stack(0x000000e8ec100000,0x000000e8ec200000)]
  0x00000225b8b57870 JavaThread "Unconstrained build operations Thread 38" [_thread_blocked, id=6488, stack(0x000000e8ec200000,0x000000e8ec300000)]
  0x00000225b8b5c570 JavaThread "Unconstrained build operations Thread 39" [_thread_blocked, id=13056, stack(0x000000e8ec300000,0x000000e8ec400000)]
  0x00000225b8b56a00 JavaThread "Unconstrained build operations Thread 40" [_thread_blocked, id=12436, stack(0x000000e8ec400000,0x000000e8ec500000)]
  0x00000225b8b5ca40 JavaThread "build event listener" [_thread_blocked, id=9396, stack(0x000000e8ec500000,0x000000e8ec600000)]
  0x00000225b8b5c0a0 JavaThread "Memory manager" [_thread_blocked, id=5212, stack(0x000000e8ec600000,0x000000e8ec700000)]
=>0x00000225b73d9570 JavaThread "C2 CompilerThread1" daemon [_thread_in_native, id=8512, stack(0x000000e8e8e00000,0x000000e8e8f00000)]

Other Threads:
  0x00000225b5372640 VMThread "VM Thread" [stack: 0x000000e8e7100000,0x000000e8e7200000] [id=12052]
  0x00000225b5eb1df0 WatcherThread [stack: 0x000000e8e7d00000,0x000000e8e7e00000] [id=256]
  0x000002259bf15fb0 GCTaskThread "GC Thread#0" [stack: 0x000000e8e6c00000,0x000000e8e6d00000] [id=4580]
  0x00000225b60e1810 GCTaskThread "GC Thread#1" [stack: 0x000000e8e7e00000,0x000000e8e7f00000] [id=12360]
  0x00000225b60e1ac0 GCTaskThread "GC Thread#2" [stack: 0x000000e8e7f00000,0x000000e8e8000000] [id=12736]
  0x00000225b6b70b00 GCTaskThread "GC Thread#3" [stack: 0x000000e8e8000000,0x000000e8e8100000] [id=536]
  0x000002259bf26e70 ConcurrentGCThread "G1 Main Marker" [stack: 0x000000e8e6d00000,0x000000e8e6e00000] [id=3204]
  0x000002259bf27f30 ConcurrentGCThread "G1 Conc#0" [stack: 0x000000e8e6e00000,0x000000e8e6f00000] [id=10532]
  0x000002259bf8d500 ConcurrentGCThread "G1 Refine#0" [stack: 0x000000e8e6f00000,0x000000e8e7000000] [id=11584]
  0x000002259bf8e340 ConcurrentGCThread "G1 Service" [stack: 0x000000e8e7000000,0x000000e8e7100000] [id=12184]

Threads with active compile tasks:
C2 CompilerThread0    11940 7799       4       org.gradle.internal.instantiation.generator.AbstractClassGenerator::inspectType (560 bytes)
C2 CompilerThread1    11940 7788       4       org.gradle.internal.reflect.ClassInspector::inspectClass (179 bytes)

VM state: not at safepoint (normal execution)

VM Mutex/Monitor currently owned by a thread: None

Heap address: 0x0000000080000000, size: 2048 MB, Compressed Oops mode: 32-bit

CDS archive(s) not mapped
Compressed class space mapped at: 0x0000000100000000-0x0000000140000000, reserved size: 1073741824
Narrow klass base: 0x0000000000000000, Narrow klass shift: 3, Narrow klass range: 0x140000000

GC Precious Log:
 CPUs: 4 total, 4 available
 Memory: 8072M
 Large Page Support: Disabled
 NUMA Support: Disabled
 Compressed Oops: Enabled (32-bit)
 Heap Region Size: 1M
 Heap Min Capacity: 8M
 Heap Initial Capacity: 128M
 Heap Max Capacity: 2G
 Pre-touch: Disabled
 Parallel Workers: 4
 Concurrent Workers: 1
 Concurrent Refinement Workers: 4
 Periodic GC: Disabled

Heap:
 garbage-first heap   total 150528K, used 81419K [0x0000000080000000, 0x0000000100000000)
  region size 1024K, 24 young (24576K), 4 survivors (4096K)
 Metaspace       used 78329K, committed 78912K, reserved 1122304K
  class space    used 10552K, committed 10816K, reserved 1048576K

Heap Regions: E=young(eden), S=young(survivor), O=old, HS=humongous(starts), HC=humongous(continues), CS=collection set, F=free, OA=open archive, CA=closed archive, TAMS=top-at-mark-start (previous, next)
|   0|0x0000000080000000, 0x0000000080100000, 0x0000000080100000|100%| O|  |TAMS 0x0000000080100000, 0x0000000080000000| Untracked 
|   1|0x0000000080100000, 0x0000000080200000, 0x0000000080200000|100%| O|  |TAMS 0x0000000080200000, 0x0000000080100000| Untracked 
|   2|0x0000000080200000, 0x0000000080300000, 0x0000000080300000|100%|HS|  |TAMS 0x0000000080300000, 0x0000000080200000| Complete 
|   3|0x0000000080300000, 0x0000000080400000, 0x0000000080400000|100%|HC|  |TAMS 0x0000000080400000, 0x0000000080300000| Complete 
|   4|0x0000000080400000, 0x0000000080500000, 0x0000000080500000|100%|HC|  |TAMS 0x0000000080500000, 0x0000000080400000| Complete 
|   5|0x0000000080500000, 0x0000000080600000, 0x0000000080600000|100%|HC|  |TAMS 0x0000000080600000, 0x0000000080500000| Complete 
|   6|0x0000000080600000, 0x0000000080700000, 0x0000000080700000|100%| O|  |TAMS 0x0000000080700000, 0x0000000080600000| Untracked 
|   7|0x0000000080700000, 0x0000000080800000, 0x0000000080800000|100%| O|  |TAMS 0x0000000080800000, 0x0000000080700000| Untracked 
|   8|0x0000000080800000, 0x0000000080900000, 0x0000000080900000|100%| O|  |TAMS 0x0000000080900000, 0x0000000080800000| Untracked 
|   9|0x0000000080900000, 0x0000000080a00000, 0x0000000080a00000|100%| O|  |TAMS 0x0000000080a00000, 0x0000000080900000| Untracked 
|  10|0x0000000080a00000, 0x0000000080b00000, 0x0000000080b00000|100%| O|  |TAMS 0x0000000080b00000, 0x0000000080a00000| Untracked 
|  11|0x0000000080b00000, 0x0000000080c00000, 0x0000000080c00000|100%| O|  |TAMS 0x0000000080c00000, 0x0000000080b00000| Untracked 
|  12|0x0000000080c00000, 0x0000000080d00000, 0x0000000080d00000|100%| O|  |TAMS 0x0000000080d00000, 0x0000000080c00000| Untracked 
|  13|0x0000000080d00000, 0x0000000080e00000, 0x0000000080e00000|100%| O|  |TAMS 0x0000000080e00000, 0x0000000080d00000| Untracked 
|  14|0x0000000080e00000, 0x0000000080f00000, 0x0000000080f00000|100%| O|  |TAMS 0x0000000080f00000, 0x0000000080e00000| Untracked 
|  15|0x0000000080f00000, 0x0000000081000000, 0x0000000081000000|100%| O|  |TAMS 0x0000000081000000, 0x0000000080f00000| Untracked 
|  16|0x0000000081000000, 0x0000000081100000, 0x0000000081100000|100%| O|  |TAMS 0x0000000081100000, 0x0000000081000000| Untracked 
|  17|0x0000000081100000, 0x0000000081200000, 0x0000000081200000|100%| O|  |TAMS 0x0000000081200000, 0x0000000081100000| Untracked 
|  18|0x0000000081200000, 0x0000000081300000, 0x0000000081300000|100%| O|  |TAMS 0x0000000081300000, 0x0000000081200000| Untracked 
|  19|0x0000000081300000, 0x0000000081400000, 0x0000000081400000|100%| O|  |TAMS 0x0000000081400000, 0x0000000081300000| Untracked 
|  20|0x0000000081400000, 0x0000000081500000, 0x0000000081500000|100%|HS|  |TAMS 0x0000000081500000, 0x0000000081400000| Complete 
|  21|0x0000000081500000, 0x0000000081600000, 0x0000000081600000|100%| O|  |TAMS 0x0000000081600000, 0x0000000081500000| Untracked 
|  22|0x0000000081600000, 0x0000000081700000, 0x0000000081700000|100%| O|  |TAMS 0x0000000081700000, 0x0000000081600000| Untracked 
|  23|0x0000000081700000, 0x0000000081800000, 0x0000000081800000|100%| O|  |TAMS 0x0000000081800000, 0x0000000081700000| Untracked 
|  24|0x0000000081800000, 0x0000000081900000, 0x0000000081900000|100%| O|  |TAMS 0x0000000081900000, 0x0000000081800000| Untracked 
|  25|0x0000000081900000, 0x0000000081a00000, 0x0000000081a00000|100%| O|  |TAMS 0x0000000081a00000, 0x0000000081900000| Untracked 
|  26|0x0000000081a00000, 0x0000000081b00000, 0x0000000081b00000|100%| O|  |TAMS 0x0000000081b00000, 0x0000000081a00000| Untracked 
|  27|0x0000000081b00000, 0x0000000081c00000, 0x0000000081c00000|100%| O|  |TAMS 0x0000000081c00000, 0x0000000081b00000| Untracked 
|  28|0x0000000081c00000, 0x0000000081d00000, 0x0000000081d00000|100%| O|  |TAMS 0x0000000081d00000, 0x0000000081c00000| Untracked 
|  29|0x0000000081d00000, 0x0000000081e00000, 0x0000000081e00000|100%| O|  |TAMS 0x0000000081e00000, 0x0000000081d00000| Untracked 
|  30|0x0000000081e00000, 0x0000000081f00000, 0x0000000081f00000|100%| O|  |TAMS 0x0000000081f00000, 0x0000000081e00000| Untracked 
|  31|0x0000000081f00000, 0x0000000082000000, 0x0000000082000000|100%| O|  |TAMS 0x0000000082000000, 0x0000000081f00000| Untracked 
|  32|0x0000000082000000, 0x0000000082100000, 0x0000000082100000|100%|HS|  |TAMS 0x0000000082100000, 0x0000000082000000| Complete 
|  33|0x0000000082100000, 0x0000000082200000, 0x0000000082200000|100%|HS|  |TAMS 0x0000000082200000, 0x0000000082100000| Complete 
|  34|0x0000000082200000, 0x0000000082200000, 0x0000000082300000|  0%| F|  |TAMS 0x0000000082200000, 0x0000000082200000| Untracked 
|  35|0x0000000082300000, 0x0000000082400000, 0x0000000082400000|100%| O|  |TAMS 0x0000000082400000, 0x0000000082300000| Untracked 
|  36|0x0000000082400000, 0x0000000082500000, 0x0000000082500000|100%| O|  |TAMS 0x0000000082400000, 0x0000000082400000| Untracked 
|  37|0x0000000082500000, 0x0000000082600000, 0x0000000082600000|100%| O|  |TAMS 0x0000000082500000, 0x0000000082500000| Untracked 
|  38|0x0000000082600000, 0x0000000082700000, 0x0000000082700000|100%| O|  |TAMS 0x0000000082600000, 0x0000000082600000| Untracked 
|  39|0x0000000082700000, 0x0000000082800000, 0x0000000082800000|100%| O|  |TAMS 0x0000000082700000, 0x0000000082700000| Untracked 
|  40|0x0000000082800000, 0x0000000082900000, 0x0000000082900000|100%| O|  |TAMS 0x0000000082800000, 0x0000000082800000| Untracked 
|  41|0x0000000082900000, 0x0000000082a00000, 0x0000000082a00000|100%| O|  |TAMS 0x0000000082a00000, 0x0000000082900000| Untracked 
|  42|0x0000000082a00000, 0x0000000082b00000, 0x0000000082b00000|100%| O|  |TAMS 0x0000000082b00000, 0x0000000082a00000| Untracked 
|  43|0x0000000082b00000, 0x0000000082c00000, 0x0000000082c00000|100%| O|  |TAMS 0x0000000082c00000, 0x0000000082b00000| Untracked 
|  44|0x0000000082c00000, 0x0000000082d00000, 0x0000000082d00000|100%| O|  |TAMS 0x0000000082d00000, 0x0000000082c00000| Untracked 
|  45|0x0000000082d00000, 0x0000000082e00000, 0x0000000082e00000|100%| O|  |TAMS 0x0000000082e00000, 0x0000000082d00000| Untracked 
|  46|0x0000000082e00000, 0x0000000082f00000, 0x0000000082f00000|100%| O|  |TAMS 0x0000000082f00000, 0x0000000082e00000| Untracked 
|  47|0x0000000082f00000, 0x0000000083000000, 0x0000000083000000|100%| O|  |TAMS 0x0000000083000000, 0x0000000082f00000| Untracked 
|  48|0x0000000083000000, 0x0000000083100000, 0x0000000083100000|100%| O|  |TAMS 0x0000000083100000, 0x0000000083000000| Untracked 
|  49|0x0000000083100000, 0x0000000083200000, 0x0000000083200000|100%| O|  |TAMS 0x0000000083200000, 0x0000000083100000| Untracked 
|  50|0x0000000083200000, 0x0000000083300000, 0x0000000083300000|100%| O|  |TAMS 0x0000000083286e00, 0x0000000083200000| Untracked 
|  51|0x0000000083300000, 0x0000000083400000, 0x0000000083400000|100%| O|  |TAMS 0x0000000083300000, 0x0000000083300000| Untracked 
|  52|0x0000000083400000, 0x0000000083500000, 0x0000000083500000|100%| O|  |TAMS 0x0000000083400000, 0x0000000083400000| Untracked 
|  53|0x0000000083500000, 0x0000000083600000, 0x0000000083600000|100%| O|  |TAMS 0x0000000083500000, 0x0000000083500000| Untracked 
|  54|0x0000000083600000, 0x0000000083700000, 0x0000000083700000|100%| O|  |TAMS 0x0000000083600000, 0x0000000083600000| Untracked 
|  55|0x0000000083700000, 0x0000000083800000, 0x0000000083800000|100%| O|  |TAMS 0x0000000083700000, 0x0000000083700000| Untracked 
|  56|0x0000000083800000, 0x0000000083900000, 0x0000000083900000|100%| O|  |TAMS 0x0000000083800000, 0x0000000083800000| Untracked 
|  57|0x0000000083900000, 0x000000008399a200, 0x0000000083a00000| 60%| O|  |TAMS 0x0000000083900000, 0x0000000083900000| Untracked 
|  58|0x0000000083a00000, 0x0000000083a00000, 0x0000000083b00000|  0%| F|  |TAMS 0x0000000083a00000, 0x0000000083a00000| Untracked 
|  59|0x0000000083b00000, 0x0000000083b00000, 0x0000000083c00000|  0%| F|  |TAMS 0x0000000083b00000, 0x0000000083b00000| Untracked 
|  60|0x0000000083c00000, 0x0000000083c00000, 0x0000000083d00000|  0%| F|  |TAMS 0x0000000083c00000, 0x0000000083c00000| Untracked 
|  61|0x0000000083d00000, 0x0000000083d00000, 0x0000000083e00000|  0%| F|  |TAMS 0x0000000083d00000, 0x0000000083d00000| Untracked 
|  62|0x0000000083e00000, 0x0000000083e00000, 0x0000000083f00000|  0%| F|  |TAMS 0x0000000083e00000, 0x0000000083e00000| Untracked 
|  63|0x0000000083f00000, 0x0000000083f00000, 0x0000000084000000|  0%| F|  |TAMS 0x0000000083f00000, 0x0000000083f00000| Untracked 
|  64|0x0000000084000000, 0x0000000084000000, 0x0000000084100000|  0%| F|  |TAMS 0x0000000084000000, 0x0000000084000000| Untracked 
|  65|0x0000000084100000, 0x0000000084100000, 0x0000000084200000|  0%| F|  |TAMS 0x0000000084100000, 0x0000000084100000| Untracked 
|  66|0x0000000084200000, 0x0000000084200000, 0x0000000084300000|  0%| F|  |TAMS 0x0000000084200000, 0x0000000084200000| Untracked 
|  67|0x0000000084300000, 0x0000000084300000, 0x0000000084400000|  0%| F|  |TAMS 0x0000000084300000, 0x0000000084300000| Untracked 
|  68|0x0000000084400000, 0x0000000084400000, 0x0000000084500000|  0%| F|  |TAMS 0x0000000084400000, 0x0000000084400000| Untracked 
|  69|0x0000000084500000, 0x0000000084500000, 0x0000000084600000|  0%| F|  |TAMS 0x0000000084500000, 0x0000000084500000| Untracked 
|  70|0x0000000084600000, 0x0000000084600000, 0x0000000084700000|  0%| F|  |TAMS 0x0000000084600000, 0x0000000084600000| Untracked 
|  71|0x0000000084700000, 0x0000000084700000, 0x0000000084800000|  0%| F|  |TAMS 0x0000000084700000, 0x0000000084700000| Untracked 
|  72|0x0000000084800000, 0x0000000084800000, 0x0000000084900000|  0%| F|  |TAMS 0x0000000084800000, 0x0000000084800000| Untracked 
|  73|0x0000000084900000, 0x0000000084900000, 0x0000000084a00000|  0%| F|  |TAMS 0x0000000084900000, 0x0000000084900000| Untracked 
|  74|0x0000000084a00000, 0x0000000084a00000, 0x0000000084b00000|  0%| F|  |TAMS 0x0000000084a00000, 0x0000000084a00000| Untracked 
|  75|0x0000000084b00000, 0x0000000084b00000, 0x0000000084c00000|  0%| F|  |TAMS 0x0000000084b00000, 0x0000000084b00000| Untracked 
|  76|0x0000000084c00000, 0x0000000084c00000, 0x0000000084d00000|  0%| F|  |TAMS 0x0000000084c00000, 0x0000000084c00000| Untracked 
|  77|0x0000000084d00000, 0x0000000084d00000, 0x0000000084e00000|  0%| F|  |TAMS 0x0000000084d00000, 0x0000000084d00000| Untracked 
|  78|0x0000000084e00000, 0x0000000084e00000, 0x0000000084f00000|  0%| F|  |TAMS 0x0000000084e00000, 0x0000000084e00000| Untracked 
|  79|0x0000000084f00000, 0x0000000084f00000, 0x0000000085000000|  0%| F|  |TAMS 0x0000000084f00000, 0x0000000084f00000| Untracked 
|  80|0x0000000085000000, 0x0000000085000000, 0x0000000085100000|  0%| F|  |TAMS 0x0000000085000000, 0x0000000085000000| Untracked 
|  81|0x0000000085100000, 0x0000000085100000, 0x0000000085200000|  0%| F|  |TAMS 0x0000000085100000, 0x0000000085100000| Untracked 
|  82|0x0000000085200000, 0x0000000085200000, 0x0000000085300000|  0%| F|  |TAMS 0x0000000085200000, 0x0000000085200000| Untracked 
|  83|0x0000000085300000, 0x0000000085300000, 0x0000000085400000|  0%| F|  |TAMS 0x0000000085300000, 0x0000000085300000| Untracked 
|  84|0x0000000085400000, 0x0000000085400000, 0x0000000085500000|  0%| F|  |TAMS 0x0000000085400000, 0x0000000085400000| Untracked 
|  85|0x0000000085500000, 0x0000000085500000, 0x0000000085600000|  0%| F|  |TAMS 0x0000000085500000, 0x0000000085500000| Untracked 
|  86|0x0000000085600000, 0x0000000085600000, 0x0000000085700000|  0%| F|  |TAMS 0x0000000085600000, 0x0000000085600000| Untracked 
|  87|0x0000000085700000, 0x0000000085700000, 0x0000000085800000|  0%| F|  |TAMS 0x0000000085700000, 0x0000000085700000| Untracked 
|  88|0x0000000085800000, 0x00000000858e8db8, 0x0000000085900000| 90%| S|CS|TAMS 0x0000000085800000, 0x0000000085800000| Complete 
|  89|0x0000000085900000, 0x0000000085a00000, 0x0000000085a00000|100%| S|CS|TAMS 0x0000000085900000, 0x0000000085900000| Complete 
|  90|0x0000000085a00000, 0x0000000085b00000, 0x0000000085b00000|100%| S|CS|TAMS 0x0000000085a00000, 0x0000000085a00000| Complete 
|  91|0x0000000085b00000, 0x0000000085c00000, 0x0000000085c00000|100%| S|CS|TAMS 0x0000000085b00000, 0x0000000085b00000| Complete 
|  92|0x0000000085c00000, 0x0000000085c00000, 0x0000000085d00000|  0%| F|  |TAMS 0x0000000085c00000, 0x0000000085c00000| Untracked 
|  93|0x0000000085d00000, 0x0000000085d00000, 0x0000000085e00000|  0%| F|  |TAMS 0x0000000085d00000, 0x0000000085d00000| Untracked 
|  94|0x0000000085e00000, 0x0000000085e00000, 0x0000000085f00000|  0%| F|  |TAMS 0x0000000085e00000, 0x0000000085e00000| Untracked 
|  95|0x0000000085f00000, 0x0000000085f00000, 0x0000000086000000|  0%| F|  |TAMS 0x0000000085f00000, 0x0000000085f00000| Untracked 
|  96|0x0000000086000000, 0x0000000086000000, 0x0000000086100000|  0%| F|  |TAMS 0x0000000086000000, 0x0000000086000000| Untracked 
|  97|0x0000000086100000, 0x0000000086100000, 0x0000000086200000|  0%| F|  |TAMS 0x0000000086100000, 0x0000000086100000| Untracked 
|  98|0x0000000086200000, 0x0000000086200000, 0x0000000086300000|  0%| F|  |TAMS 0x0000000086200000, 0x0000000086200000| Untracked 
|  99|0x0000000086300000, 0x0000000086300000, 0x0000000086400000|  0%| F|  |TAMS 0x0000000086300000, 0x0000000086300000| Untracked 
| 100|0x0000000086400000, 0x0000000086400000, 0x0000000086500000|  0%| F|  |TAMS 0x0000000086400000, 0x0000000086400000| Untracked 
| 101|0x0000000086500000, 0x0000000086500000, 0x0000000086600000|  0%| F|  |TAMS 0x0000000086500000, 0x0000000086500000| Untracked 
| 102|0x0000000086600000, 0x0000000086600000, 0x0000000086700000|  0%| F|  |TAMS 0x0000000086600000, 0x0000000086600000| Untracked 
| 103|0x0000000086700000, 0x0000000086700000, 0x0000000086800000|  0%| F|  |TAMS 0x0000000086700000, 0x0000000086700000| Untracked 
| 104|0x0000000086800000, 0x0000000086800000, 0x0000000086900000|  0%| F|  |TAMS 0x0000000086800000, 0x0000000086800000| Untracked 
| 105|0x0000000086900000, 0x0000000086900000, 0x0000000086a00000|  0%| F|  |TAMS 0x0000000086900000, 0x0000000086900000| Untracked 
| 106|0x0000000086a00000, 0x0000000086a00000, 0x0000000086b00000|  0%| F|  |TAMS 0x0000000086a00000, 0x0000000086a00000| Untracked 
| 107|0x0000000086b00000, 0x0000000086b00000, 0x0000000086c00000|  0%| F|  |TAMS 0x0000000086b00000, 0x0000000086b00000| Untracked 
| 108|0x0000000086c00000, 0x0000000086c00000, 0x0000000086d00000|  0%| F|  |TAMS 0x0000000086c00000, 0x0000000086c00000| Untracked 
| 109|0x0000000086d00000, 0x0000000086d00000, 0x0000000086e00000|  0%| F|  |TAMS 0x0000000086d00000, 0x0000000086d00000| Untracked 
| 110|0x0000000086e00000, 0x0000000086e00000, 0x0000000086f00000|  0%| F|  |TAMS 0x0000000086e00000, 0x0000000086e00000| Untracked 
| 111|0x0000000086f00000, 0x0000000086f00000, 0x0000000087000000|  0%| F|  |TAMS 0x0000000086f00000, 0x0000000086f00000| Untracked 
| 112|0x0000000087000000, 0x0000000087000000, 0x0000000087100000|  0%| F|  |TAMS 0x0000000087000000, 0x0000000087000000| Untracked 
| 113|0x0000000087100000, 0x0000000087100000, 0x0000000087200000|  0%| F|  |TAMS 0x0000000087100000, 0x0000000087100000| Untracked 
| 114|0x0000000087200000, 0x0000000087200000, 0x0000000087300000|  0%| F|  |TAMS 0x0000000087200000, 0x0000000087200000| Untracked 
| 115|0x0000000087300000, 0x0000000087300000, 0x0000000087400000|  0%| F|  |TAMS 0x0000000087300000, 0x0000000087300000| Untracked 
| 116|0x0000000087400000, 0x0000000087400000, 0x0000000087500000|  0%| F|  |TAMS 0x0000000087400000, 0x0000000087400000| Untracked 
| 117|0x0000000087500000, 0x0000000087500000, 0x0000000087600000|  0%| F|  |TAMS 0x0000000087500000, 0x0000000087500000| Untracked 
| 118|0x0000000087600000, 0x0000000087600000, 0x0000000087700000|  0%| F|  |TAMS 0x0000000087600000, 0x0000000087600000| Untracked 
| 119|0x0000000087700000, 0x0000000087700000, 0x0000000087800000|  0%| F|  |TAMS 0x0000000087700000, 0x0000000087700000| Untracked 
| 120|0x0000000087800000, 0x0000000087800000, 0x0000000087900000|  0%| F|  |TAMS 0x0000000087800000, 0x0000000087800000| Untracked 
| 121|0x0000000087900000, 0x0000000087900000, 0x0000000087a00000|  0%| F|  |TAMS 0x0000000087900000, 0x0000000087900000| Untracked 
| 122|0x0000000087a00000, 0x0000000087a00000, 0x0000000087b00000|  0%| F|  |TAMS 0x0000000087a00000, 0x0000000087a00000| Untracked 
| 123|0x0000000087b00000, 0x0000000087b00000, 0x0000000087c00000|  0%| F|  |TAMS 0x0000000087b00000, 0x0000000087b00000| Untracked 
| 124|0x0000000087c00000, 0x0000000087c00000, 0x0000000087d00000|  0%| F|  |TAMS 0x0000000087c00000, 0x0000000087c00000| Untracked 
| 125|0x0000000087d00000, 0x0000000087d00000, 0x0000000087e00000|  0%| F|  |TAMS 0x0000000087d00000, 0x0000000087d00000| Untracked 
| 126|0x0000000087e00000, 0x0000000087e00000, 0x0000000087f00000|  0%| F|  |TAMS 0x0000000087e00000, 0x0000000087e00000| Untracked 
| 127|0x0000000087f00000, 0x0000000088000000, 0x0000000088000000|100%| E|  |TAMS 0x0000000087f00000, 0x0000000087f00000| Complete 
| 128|0x0000000088000000, 0x0000000088100000, 0x0000000088100000|100%| E|CS|TAMS 0x0000000088000000, 0x0000000088000000| Complete 
| 129|0x0000000088100000, 0x0000000088200000, 0x0000000088200000|100%| E|CS|TAMS 0x0000000088100000, 0x0000000088100000| Complete 
| 130|0x0000000088200000, 0x0000000088300000, 0x0000000088300000|100%| E|CS|TAMS 0x0000000088200000, 0x0000000088200000| Complete 
| 131|0x0000000088300000, 0x0000000088400000, 0x0000000088400000|100%| E|CS|TAMS 0x0000000088300000, 0x0000000088300000| Complete 
| 132|0x0000000088400000, 0x0000000088500000, 0x0000000088500000|100%| E|CS|TAMS 0x0000000088400000, 0x0000000088400000| Complete 
| 133|0x0000000088500000, 0x0000000088600000, 0x0000000088600000|100%| E|CS|TAMS 0x0000000088500000, 0x0000000088500000| Complete 
| 134|0x0000000088600000, 0x0000000088700000, 0x0000000088700000|100%| E|CS|TAMS 0x0000000088600000, 0x0000000088600000| Complete 
| 135|0x0000000088700000, 0x0000000088800000, 0x0000000088800000|100%| E|CS|TAMS 0x0000000088700000, 0x0000000088700000| Complete 
| 136|0x0000000088800000, 0x0000000088900000, 0x0000000088900000|100%| E|CS|TAMS 0x0000000088800000, 0x0000000088800000| Complete 
| 137|0x0000000088900000, 0x0000000088a00000, 0x0000000088a00000|100%| E|CS|TAMS 0x0000000088900000, 0x0000000088900000| Complete 
| 138|0x0000000088a00000, 0x0000000088b00000, 0x0000000088b00000|100%| E|CS|TAMS 0x0000000088a00000, 0x0000000088a00000| Complete 
| 139|0x0000000088b00000, 0x0000000088c00000, 0x0000000088c00000|100%| E|CS|TAMS 0x0000000088b00000, 0x0000000088b00000| Complete 
| 140|0x0000000088c00000, 0x0000000088d00000, 0x0000000088d00000|100%| E|CS|TAMS 0x0000000088c00000, 0x0000000088c00000| Complete 
| 141|0x0000000088d00000, 0x0000000088e00000, 0x0000000088e00000|100%| E|CS|TAMS 0x0000000088d00000, 0x0000000088d00000| Complete 
| 142|0x0000000088e00000, 0x0000000088f00000, 0x0000000088f00000|100%| E|CS|TAMS 0x0000000088e00000, 0x0000000088e00000| Complete 
| 143|0x0000000088f00000, 0x0000000089000000, 0x0000000089000000|100%| E|CS|TAMS 0x0000000088f00000, 0x0000000088f00000| Complete 
| 144|0x0000000089000000, 0x0000000089100000, 0x0000000089100000|100%| E|CS|TAMS 0x0000000089000000, 0x0000000089000000| Complete 
| 145|0x0000000089100000, 0x0000000089200000, 0x0000000089200000|100%| E|CS|TAMS 0x0000000089100000, 0x0000000089100000| Complete 
| 146|0x0000000089200000, 0x0000000089300000, 0x0000000089300000|100%| E|CS|TAMS 0x0000000089200000, 0x0000000089200000| Complete 

Card table byte_map: [0x00000225ae790000,0x00000225aeb90000] _byte_map_base: 0x00000225ae390000

Marking Bits (Prev, Next): (CMBitMap*) 0x000002259bf164d0, (CMBitMap*) 0x000002259bf16510
 Prev Bits: [0x00000225aef90000, 0x00000225b0f90000)
 Next Bits: [0x00000225b0f90000, 0x00000225b2f90000)

Polling page: 0x0000022599bf0000

Metaspace:

Usage:
  Non-class:     66.19 MB used.
      Class:     10.30 MB used.
       Both:     76.49 MB used.

Virtual space:
  Non-class space:       72.00 MB reserved,      66.50 MB ( 92%) committed,  9 nodes.
      Class space:        1.00 GB reserved,      10.56 MB (  1%) committed,  1 nodes.
             Both:        1.07 GB reserved,      77.06 MB (  7%) committed. 

Chunk freelists:
   Non-Class:  1.27 MB
       Class:  1.47 MB
        Both:  2.73 MB

MaxMetaspaceSize: unlimited
CompressedClassSpaceSize: 1.00 GB
Initial GC threshold: 21.00 MB
Current GC threshold: 110.62 MB
CDS: off
MetaspaceReclaimPolicy: balanced
 - commit_granule_bytes: 65536.
 - commit_granule_words: 8192.
 - virtual_space_node_default_size: 1048576.
 - enlarge_chunks_in_place: 1.
 - new_chunks_are_fully_committed: 0.
 - uncommit_free_chunks: 1.
 - use_allocation_guard: 0.
 - handle_deallocations: 1.


Internal statistics:

num_allocs_failed_limit: 12.
num_arena_births: 672.
num_arena_deaths: 0.
num_vsnodes_births: 10.
num_vsnodes_deaths: 0.
num_space_committed: 1233.
num_space_uncommitted: 0.
num_chunks_returned_to_freelist: 12.
num_chunks_taken_from_freelist: 3401.
num_chunk_merges: 9.
num_chunk_splits: 2268.
num_chunks_enlarged: 1558.
num_purges: 0.
num_inconsistent_stats: 0.

CodeHeap 'non-profiled nmethods': size=120000Kb used=4061Kb max_used=4061Kb free=115939Kb
 bounds [0x00000225a6e60000, 0x00000225a7260000, 0x00000225ae390000]
CodeHeap 'profiled nmethods': size=120000Kb used=14016Kb max_used=14016Kb free=105983Kb
 bounds [0x000002259f390000, 0x00000225a0150000, 0x00000225a68c0000]
CodeHeap 'non-nmethods': size=5760Kb used=2419Kb max_used=2446Kb free=3340Kb
 bounds [0x00000225a68c0000, 0x00000225a6b30000, 0x00000225a6e60000]
 total_blobs=7931 nmethods=7040 adapters=799
 compilation: enabled
              stopped_count=0, restarted_count=0
 full_count=0

Compilation events (20 events):
Event: 11.836 Thread 0x00000225b5d1e4e0 7888       1       org.gradle.internal.properties.bean.RuntimeBeanNode::getBean (5 bytes)
Event: 11.837 Thread 0x00000225b5d1e4e0 nmethod 7888 0x00000225a7256e10 code [0x00000225a7256fa0, 0x00000225a7257078]
Event: 11.840 Thread 0x00000225b5d1e4e0 7889       3       java.util.ArrayDeque::toArray (7 bytes)
Event: 11.841 Thread 0x00000225b5d1e4e0 nmethod 7889 0x00000225a013c390 code [0x00000225a013c540, 0x00000225a013c688]
Event: 11.841 Thread 0x00000225b5d1e4e0 7890       3       java.util.ArrayDeque::toArray (99 bytes)
Event: 11.841 Thread 0x00000225b5d1e4e0 nmethod 7890 0x00000225a013c710 code [0x00000225a013c900, 0x00000225a013ced8]
Event: 11.880 Thread 0x00000225b5d1e4e0 7891       3       java.util.Locale::equals (75 bytes)
Event: 11.881 Thread 0x00000225b5d1e4e0 nmethod 7891 0x00000225a013d090 code [0x00000225a013d2a0, 0x00000225a013d9d8]
Event: 11.883 Thread 0x00000225b5d1e4e0 7892       3       java.lang.reflect.ProxyGenerator::collectCompatibleTypes (93 bytes)
Event: 11.883 Thread 0x00000225b5d1e4e0 nmethod 7892 0x00000225a013db90 code [0x00000225a013dd80, 0x00000225a013e268]
Event: 11.890 Thread 0x00000225b5d1e4e0 7893       3       java.util.Formatter$Flags::contains (22 bytes)
Event: 11.890 Thread 0x00000225b5d1e4e0 nmethod 7893 0x00000225a013e510 code [0x00000225a013e6a0, 0x00000225a013e858]
Event: 11.893 Thread 0x00000225b5d1e4e0 7894       3       java.util.regex.CharPredicates$$Lambda$5/0x00000001000c15e8::is (5 bytes)
Event: 11.893 Thread 0x00000225b5d1e4e0 nmethod 7894 0x00000225a013e910 code [0x00000225a013eac0, 0x00000225a013ed98]
Event: 11.893 Thread 0x00000225b5d1e4e0 7895       3       java.util.regex.CharPredicates::lambda$ASCII_DIGIT$18 (20 bytes)
Event: 11.893 Thread 0x00000225b5d1e4e0 nmethod 7895 0x00000225a013ee90 code [0x00000225a013f040, 0x00000225a013f298]
Event: 11.893 Thread 0x00000225b5d1e4e0 7896       1       java.util.Formatter$FixedString::index (3 bytes)
Event: 11.893 Thread 0x00000225b5d1e4e0 nmethod 7896 0x00000225a7257110 code [0x00000225a72572a0, 0x00000225a7257378]
Event: 11.898 Thread 0x00000225b5d1e4e0 7897       3       java.util.regex.Pattern$CharPropertyGreedy::match (160 bytes)
Event: 11.899 Thread 0x00000225b5d1e4e0 nmethod 7897 0x00000225a013f390 code [0x00000225a013f5c0, 0x00000225a013ff88]

GC Heap History (20 events):
Event: 5.564 GC heap before
{Heap before GC invocations=10 (full 0):
 garbage-first heap   total 68608K, used 50379K [0x0000000080000000, 0x0000000100000000)
  region size 1024K, 31 young (31744K), 4 survivors (4096K)
 Metaspace       used 40366K, committed 40704K, reserved 1089536K
  class space    used 5355K, committed 5504K, reserved 1048576K
}
Event: 5.575 GC heap after
{Heap after GC invocations=11 (full 0):
 garbage-first heap   total 68608K, used 27610K [0x0000000080000000, 0x0000000100000000)
  region size 1024K, 4 young (4096K), 4 survivors (4096K)
 Metaspace       used 40366K, committed 40704K, reserved 1089536K
  class space    used 5355K, committed 5504K, reserved 1048576K
}
Event: 5.874 GC heap before
{Heap before GC invocations=12 (full 0):
 garbage-first heap   total 68608K, used 53210K [0x0000000080000000, 0x0000000100000000)
  region size 1024K, 27 young (27648K), 4 survivors (4096K)
 Metaspace       used 42544K, committed 42880K, reserved 1089536K
  class space    used 5567K, committed 5696K, reserved 1048576K
}
Event: 5.881 GC heap after
{Heap after GC invocations=13 (full 0):
 garbage-first heap   total 68608K, used 29357K [0x0000000080000000, 0x0000000100000000)
  region size 1024K, 3 young (3072K), 3 survivors (3072K)
 Metaspace       used 42544K, committed 42880K, reserved 1089536K
  class space    used 5567K, committed 5696K, reserved 1048576K
}
Event: 5.887 GC heap before
{Heap before GC invocations=13 (full 0):
 garbage-first heap   total 68608K, used 30381K [0x0000000080000000, 0x0000000100000000)
  region size 1024K, 4 young (4096K), 3 survivors (3072K)
 Metaspace       used 42544K, committed 42880K, reserved 1089536K
  class space    used 5567K, committed 5696K, reserved 1048576K
}
Event: 5.891 GC heap after
{Heap after GC invocations=14 (full 0):
 garbage-first heap   total 68608K, used 29474K [0x0000000080000000, 0x0000000100000000)
  region size 1024K, 1 young (1024K), 1 survivors (1024K)
 Metaspace       used 42544K, committed 42880K, reserved 1089536K
  class space    used 5567K, committed 5696K, reserved 1048576K
}
Event: 6.268 GC heap before
{Heap before GC invocations=14 (full 0):
 garbage-first heap   total 68608K, used 52002K [0x0000000080000000, 0x0000000100000000)
  region size 1024K, 23 young (23552K), 1 survivors (1024K)
 Metaspace       used 45116K, committed 45568K, reserved 1089536K
  class space    used 5983K, committed 6208K, reserved 1048576K
}
Event: 6.272 GC heap after
{Heap after GC invocations=15 (full 0):
 garbage-first heap   total 68608K, used 31164K [0x0000000080000000, 0x0000000100000000)
  region size 1024K, 3 young (3072K), 3 survivors (3072K)
 Metaspace       used 45116K, committed 45568K, reserved 1089536K
  class space    used 5983K, committed 6208K, reserved 1048576K
}
Event: 6.564 GC heap before
{Heap before GC invocations=15 (full 0):
 garbage-first heap   total 68608K, used 52668K [0x0000000080000000, 0x0000000100000000)
  region size 1024K, 24 young (24576K), 3 survivors (3072K)
 Metaspace       used 48382K, committed 48832K, reserved 1097728K
  class space    used 6395K, committed 6592K, reserved 1048576K
}
Event: 6.569 GC heap after
{Heap after GC invocations=16 (full 0):
 garbage-first heap   total 150528K, used 32134K [0x0000000080000000, 0x0000000100000000)
  region size 1024K, 1 young (1024K), 1 survivors (1024K)
 Metaspace       used 48382K, committed 48832K, reserved 1097728K
  class space    used 6395K, committed 6592K, reserved 1048576K
}
Event: 8.078 GC heap before
{Heap before GC invocations=16 (full 0):
 garbage-first heap   total 150528K, used 110982K [0x0000000080000000, 0x0000000100000000)
  region size 1024K, 75 young (76800K), 1 survivors (1024K)
 Metaspace       used 54113K, committed 54592K, reserved 1097728K
  class space    used 7157K, committed 7360K, reserved 1048576K
}
Event: 8.087 GC heap after
{Heap after GC invocations=17 (full 0):
 garbage-first heap   total 150528K, used 45463K [0x0000000080000000, 0x0000000100000000)
  region size 1024K, 10 young (10240K), 10 survivors (10240K)
 Metaspace       used 54113K, committed 54592K, reserved 1097728K
  class space    used 7157K, committed 7360K, reserved 1048576K
}
Event: 9.242 GC heap before
{Heap before GC invocations=17 (full 0):
 garbage-first heap   total 150528K, used 117143K [0x0000000080000000, 0x0000000100000000)
  region size 1024K, 74 young (75776K), 10 survivors (10240K)
 Metaspace       used 64091K, committed 64576K, reserved 1105920K
  class space    used 8400K, committed 8640K, reserved 1048576K
}
Event: 9.253 GC heap after
{Heap after GC invocations=18 (full 0):
 garbage-first heap   total 150528K, used 56859K [0x0000000080000000, 0x0000000100000000)
  region size 1024K, 7 young (7168K), 7 survivors (7168K)
 Metaspace       used 64091K, committed 64576K, reserved 1105920K
  class space    used 8400K, committed 8640K, reserved 1048576K
}
Event: 9.781 GC heap before
{Heap before GC invocations=18 (full 0):
 garbage-first heap   total 150528K, used 88603K [0x0000000080000000, 0x0000000100000000)
  region size 1024K, 39 young (39936K), 7 survivors (7168K)
 Metaspace       used 67362K, committed 67840K, reserved 1114112K
  class space    used 8812K, committed 9024K, reserved 1048576K
}
Event: 9.789 GC heap after
{Heap after GC invocations=19 (full 0):
 garbage-first heap   total 150528K, used 53360K [0x0000000080000000, 0x0000000100000000)
  region size 1024K, 3 young (3072K), 3 survivors (3072K)
 Metaspace       used 67362K, committed 67840K, reserved 1114112K
  class space    used 8812K, committed 9024K, reserved 1048576K
}
Event: 10.638 GC heap before
{Heap before GC invocations=20 (full 0):
 garbage-first heap   total 150528K, used 112752K [0x0000000080000000, 0x0000000100000000)
  region size 1024K, 61 young (62464K), 3 survivors (3072K)
 Metaspace       used 70059K, committed 70592K, reserved 1114112K
  class space    used 9199K, committed 9408K, reserved 1048576K
}
Event: 10.649 GC heap after
{Heap after GC invocations=21 (full 0):
 garbage-first heap   total 150528K, used 58170K [0x0000000080000000, 0x0000000100000000)
  region size 1024K, 8 young (8192K), 8 survivors (8192K)
 Metaspace       used 70059K, committed 70592K, reserved 1114112K
  class space    used 9199K, committed 9408K, reserved 1048576K
}
Event: 11.559 GC heap before
{Heap before GC invocations=21 (full 0):
 garbage-first heap   total 150528K, used 114490K [0x0000000080000000, 0x0000000100000000)
  region size 1024K, 63 young (64512K), 8 survivors (8192K)
 Metaspace       used 76507K, committed 76992K, reserved 1122304K
  class space    used 10285K, committed 10496K, reserved 1048576K
}
Event: 11.573 GC heap after
{Heap after GC invocations=22 (full 0):
 garbage-first heap   total 150528K, used 61963K [0x0000000080000000, 0x0000000100000000)
  region size 1024K, 4 young (4096K), 4 survivors (4096K)
 Metaspace       used 76507K, committed 76992K, reserved 1122304K
  class space    used 10285K, committed 10496K, reserved 1048576K
}

Dll operation events (2 events):
Event: 0.025 Loaded shared library C:\Program Files\Android\Android Studio\jbr\bin\java.dll
Event: 0.406 Loaded shared library C:\Program Files\Android\Android Studio\jbr\bin\verify.dll

Deoptimization events (20 events):
Event: 11.650 Thread 0x00000225b8b40f90 Uncommon trap: trap_request=0xffffff45 fr.pc=0x00000225a7168b60 relative=0x0000000000001120
Event: 11.650 Thread 0x00000225b8b40f90 Uncommon trap: reason=unstable_if action=reinterpret pc=0x00000225a7168b60 method=java.util.HashMap.getNode(Ljava/lang/Object;)Ljava/util/HashMap$Node; @ 85 c2
Event: 11.650 Thread 0x00000225b8b40f90 DEOPT PACKING pc=0x00000225a7168b60 sp=0x000000e8e88f9230
Event: 11.650 Thread 0x00000225b8b40f90 DEOPT UNPACKING pc=0x00000225a69169a3 sp=0x000000e8e88f9108 mode 2
Event: 11.651 Thread 0x00000225b8b40f90 Uncommon trap: trap_request=0xffffff45 fr.pc=0x00000225a6eaed0c relative=0x00000000000002ec
Event: 11.651 Thread 0x00000225b8b40f90 Uncommon trap: reason=unstable_if action=reinterpret pc=0x00000225a6eaed0c method=java.util.HashMap.getNode(Ljava/lang/Object;)Ljava/util/HashMap$Node; @ 85 c2
Event: 11.651 Thread 0x00000225b8b40f90 DEOPT PACKING pc=0x00000225a6eaed0c sp=0x000000e8e88f91d0
Event: 11.651 Thread 0x00000225b8b40f90 DEOPT UNPACKING pc=0x00000225a69169a3 sp=0x000000e8e88f90f0 mode 2
Event: 11.651 Thread 0x00000225b8b40f90 Uncommon trap: trap_request=0xffffff45 fr.pc=0x00000225a6febcdc relative=0x000000000000023c
Event: 11.651 Thread 0x00000225b8b40f90 Uncommon trap: reason=unstable_if action=reinterpret pc=0x00000225a6febcdc method=java.util.HashMap.getNode(Ljava/lang/Object;)Ljava/util/HashMap$Node; @ 85 c2
Event: 11.651 Thread 0x00000225b8b40f90 DEOPT PACKING pc=0x00000225a6febcdc sp=0x000000e8e88f9170
Event: 11.651 Thread 0x00000225b8b40f90 DEOPT UNPACKING pc=0x00000225a69169a3 sp=0x000000e8e88f90f0 mode 2
Event: 11.658 Thread 0x00000225b8b40f90 DEOPT PACKING pc=0x000002259f3ad576 sp=0x000000e8e88f9460
Event: 11.658 Thread 0x00000225b8b40f90 DEOPT UNPACKING pc=0x00000225a6917143 sp=0x000000e8e88f8a00 mode 0
Event: 11.781 Thread 0x00000225b8b40f90 DEOPT PACKING pc=0x000002259f3ad576 sp=0x000000e8e88f9330
Event: 11.781 Thread 0x00000225b8b40f90 DEOPT UNPACKING pc=0x00000225a6917143 sp=0x000000e8e88f88d0 mode 0
Event: 11.809 Thread 0x00000225b8b40f90 DEOPT PACKING pc=0x000002259f3ad576 sp=0x000000e8e88f92c0
Event: 11.809 Thread 0x00000225b8b40f90 DEOPT UNPACKING pc=0x00000225a6917143 sp=0x000000e8e88f8860 mode 0
Event: 11.848 Thread 0x00000225b8b40f90 DEOPT PACKING pc=0x000002259f3ada7d sp=0x000000e8e88f91f0
Event: 11.848 Thread 0x00000225b8b40f90 DEOPT UNPACKING pc=0x00000225a6917143 sp=0x000000e8e88f8790 mode 0

Classes unloaded (0 events):
No events

Classes redefined (0 events):
No events

Internal exceptions (20 events):
Event: 10.384 Thread 0x00000225b8b40f90 Exception <a 'java/lang/ClassNotFoundException'{0x00000000867c6438}: com/android/build/gradle/internal/dsl/ApplicationBuildFeaturesImpl_DecoratedBeanInfo> (0x00000000867c6438) 
thrown [s\src\hotspot\share\classfile\systemDictionary.cpp, line 256]
Event: 10.385 Thread 0x00000225b8b40f90 Exception <a 'java/lang/ClassNotFoundException'{0x00000000867d3c10}: com/android/build/gradle/internal/dsl/ApplicationBuildFeaturesImplBeanInfo> (0x00000000867d3c10) 
thrown [s\src\hotspot\share\classfile\systemDictionary.cpp, line 256]
Event: 10.385 Thread 0x00000225b8b40f90 Exception <a 'java/lang/ClassNotFoundException'{0x00000000867e1200}: com/android/build/gradle/internal/dsl/BuildFeaturesImplBeanInfo> (0x00000000867e1200) 
thrown [s\src\hotspot\share\classfile\systemDictionary.cpp, line 256]
Event: 10.385 Thread 0x00000225b8b40f90 Exception <a 'java/lang/ClassNotFoundException'{0x00000000867ee808}: com/android/build/gradle/internal/dsl/BuildFeaturesImplCustomizer> (0x00000000867ee808) 
thrown [s\src\hotspot\share\classfile\systemDictionary.cpp, line 256]
Event: 10.386 Thread 0x00000225b8b40f90 Exception <a 'java/lang/ClassNotFoundException'{0x0000000086607fb0}: com/android/build/gradle/internal/dsl/ApplicationBuildFeaturesImplCustomizer> (0x0000000086607fb0) 
thrown [s\src\hotspot\share\classfile\systemDictionary.cpp, line 256]
Event: 10.387 Thread 0x00000225b8b40f90 Exception <a 'java/lang/ClassNotFoundException'{0x000000008661b850}: com/android/build/gradle/internal/dsl/ApplicationBuildFeaturesImpl_DecoratedCustomizer> (0x000000008661b850) 
thrown [s\src\hotspot\share\classfile\systemDictionary.cpp, line 256]
Event: 10.392 Thread 0x00000225b8b40f90 Exception <a 'java/lang/ClassNotFoundException'{0x00000000866ad0f8}: org/gradle/api/internal/artifacts/dsl/dependencies/DefaultDependencyHandler_DecoratedBeanInfo> (0x00000000866ad0f8) 
thrown [s\src\hotspot\share\classfile\systemDictionary.cpp, line 256]
Event: 10.393 Thread 0x00000225b8b40f90 Exception <a 'java/lang/ClassNotFoundException'{0x00000000866c7080}: org/gradle/api/internal/artifacts/dsl/dependencies/DefaultDependencyHandlerBeanInfo> (0x00000000866c7080) 
thrown [s\src\hotspot\share\classfile\systemDictionary.cpp, line 256]
Event: 10.394 Thread 0x00000225b8b40f90 Exception <a 'java/lang/ClassNotFoundException'{0x00000000866e0fc8}: org/gradle/api/internal/artifacts/dsl/dependencies/DefaultDependencyHandlerCustomizer> (0x00000000866e0fc8) 
thrown [s\src\hotspot\share\classfile\systemDictionary.cpp, line 256]
Event: 10.396 Thread 0x00000225b8b40f90 Exception <a 'java/lang/ClassNotFoundException'{0x0000000086522938}: org/gradle/api/internal/artifacts/dsl/dependencies/DefaultDependencyHandler_DecoratedCustomizer> (0x0000000086522938) 
thrown [s\src\hotspot\share\classfile\systemDictionary.cpp, line 256]
Event: 11.127 Thread 0x00000225b8b40f90 Exception <a 'java/lang/NoSuchMethodError'{0x00000000876d0c18}: 'int java.lang.invoke.DirectMethodHandle$Holder.invokeSpecialIFC(java.lang.Object, java.lang.Object, java.lang.Object, java.lang.Object, java.lang.Object)'> (0x00000000876d0c18) 
thrown [s\src\hotspot\share\interpreter\linkResolver.cpp, line 771]
Event: 11.309 Thread 0x00000225b8b40f90 Exception <a 'java/lang/ClassNotFoundException'{0x00000000869c3368}: com/android/build/gradle/internal/api/ApkVariantOutputImpl_DecoratedBeanInfo> (0x00000000869c3368) 
thrown [s\src\hotspot\share\classfile\systemDictionary.cpp, line 256]
Event: 11.310 Thread 0x00000225b8b40f90 Exception <a 'java/lang/ClassNotFoundException'{0x00000000869cff40}: com/android/build/gradle/internal/api/ApkVariantOutputImplBeanInfo> (0x00000000869cff40) 
thrown [s\src\hotspot\share\classfile\systemDictionary.cpp, line 256]
Event: 11.310 Thread 0x00000225b8b40f90 Exception <a 'java/lang/ClassNotFoundException'{0x00000000869dcdd0}: com/android/build/gradle/internal/api/BaseVariantOutputImplBeanInfo> (0x00000000869dcdd0) 
thrown [s\src\hotspot\share\classfile\systemDictionary.cpp, line 256]
Event: 11.311 Thread 0x00000225b8b40f90 Exception <a 'java/lang/ClassNotFoundException'{0x00000000869e9c38}: com/android/build/gradle/internal/api/BaseVariantOutputImplCustomizer> (0x00000000869e9c38) 
thrown [s\src\hotspot\share\classfile\systemDictionary.cpp, line 256]
Event: 11.312 Thread 0x00000225b8b40f90 Exception <a 'java/lang/ClassNotFoundException'{0x0000000086809ea0}: com/android/build/gradle/internal/api/ApkVariantOutputImplCustomizer> (0x0000000086809ea0) 
thrown [s\src\hotspot\share\classfile\systemDictionary.cpp, line 256]
Event: 11.312 Thread 0x00000225b8b40f90 Exception <a 'java/lang/ClassNotFoundException'{0x00000000868243e0}: com/android/build/gradle/internal/api/ApkVariantOutputImpl_DecoratedCustomizer> (0x00000000868243e0) 
thrown [s\src\hotspot\share\classfile\systemDictionary.cpp, line 256]
Event: 11.323 Thread 0x00000225b8b40f90 Exception <a 'java/lang/NoClassDefFoundError'{0x0000000086747488}: org/jetbrains/kotlin/gradle/plugin/KotlinBasePluginWrapper> (0x0000000086747488) 
thrown [s\src\hotspot\share\classfile\systemDictionary.cpp, line 245]
Event: 11.440 Thread 0x00000225b8b40f90 Implicit null exception at 0x00000225a7103b0f to 0x00000225a7104260
Event: 11.858 Thread 0x00000225b8b40f90 Exception <a 'sun/nio/fs/WindowsException'{0x00000000882f7498}> (0x00000000882f7498) 
thrown [s\src\hotspot\share\prims\jni.cpp, line 517]

VM Operations (20 events):
Event: 9.781 Executing VM operation: CollectForMetadataAllocation
Event: 9.789 Executing VM operation: CollectForMetadataAllocation done
Event: 9.861 Executing VM operation: G1Concurrent
Event: 9.866 Executing VM operation: G1Concurrent done
Event: 9.896 Executing VM operation: G1Concurrent
Event: 9.901 Executing VM operation: G1Concurrent done
Event: 10.424 Executing VM operation: HandshakeAllThreads
Event: 10.424 Executing VM operation: HandshakeAllThreads done
Event: 10.593 Executing VM operation: ICBufferFull
Event: 10.593 Executing VM operation: ICBufferFull done
Event: 10.638 Executing VM operation: G1CollectForAllocation
Event: 10.649 Executing VM operation: G1CollectForAllocation done
Event: 11.337 Executing VM operation: ICBufferFull
Event: 11.337 Executing VM operation: ICBufferFull done
Event: 11.558 Executing VM operation: G1CollectForAllocation
Event: 11.573 Executing VM operation: G1CollectForAllocation done
Event: 11.682 Executing VM operation: HandshakeAllThreads
Event: 11.682 Executing VM operation: HandshakeAllThreads done
Event: 11.845 Executing VM operation: ICBufferFull
Event: 11.845 Executing VM operation: ICBufferFull done

Events (20 events):
Event: 10.186 loading class org/xml/sax/Attributes done
Event: 10.188 Thread 0x00000225b73d9570 Thread added: 0x00000225b73d9570
Event: 10.299 loading class java/beans/IntrospectionException
Event: 10.299 loading class java/beans/IntrospectionException done
Event: 10.719 loading class sun/reflect/generics/repository/FieldRepository
Event: 10.719 loading class sun/reflect/generics/repository/FieldRepository done
Event: 10.727 loading class jdk/internal/vm/annotation/ForceInline
Event: 10.727 loading class jdk/internal/vm/annotation/ForceInline done
Event: 10.798 loading class java/util/regex/Pattern$Caret
Event: 10.798 loading class java/util/regex/Pattern$Caret done
Event: 11.321 loading class java/io/CharArrayWriter
Event: 11.321 loading class java/io/CharArrayWriter done
Event: 11.517 loading class java/util/zip/ZipOutputStream
Event: 11.518 loading class java/util/zip/ZipOutputStream done
Event: 11.850 loading class java/net/Proxy
Event: 11.850 loading class java/net/Proxy done
Event: 11.850 loading class java/net/Proxy$Type
Event: 11.850 loading class java/net/Proxy$Type done
Event: 11.880 loading class javax/xml/namespace/QName
Event: 11.880 loading class javax/xml/namespace/QName done


Dynamic libraries:
0x00007ff7410e0000 - 0x00007ff7410ea000 	C:\Program Files\Android\Android Studio\jbr\bin\java.exe
0x00007ffc0d690000 - 0x00007ffc0d888000 	C:\Windows\SYSTEM32\ntdll.dll
0x00007ffc0b960000 - 0x00007ffc0ba1d000 	C:\Windows\System32\KERNEL32.DLL
0x00007ffc0b150000 - 0x00007ffc0b446000 	C:\Windows\System32\KERNELBASE.dll
0x00007ffc0afb0000 - 0x00007ffc0b0b0000 	C:\Windows\System32\ucrtbase.dll
0x00007ffc03b10000 - 0x00007ffc03b2b000 	C:\Program Files\Android\Android Studio\jbr\bin\VCRUNTIME140.dll
0x00007ffbec300000 - 0x00007ffbec317000 	C:\Program Files\Android\Android Studio\jbr\bin\jli.dll
0x00007ffc0d390000 - 0x00007ffc0d52e000 	C:\Windows\System32\USER32.dll
0x00007ffc0b530000 - 0x00007ffc0b552000 	C:\Windows\System32\win32u.dll
0x00007ffc0b6f0000 - 0x00007ffc0b71c000 	C:\Windows\System32\GDI32.dll
0x00007ffc0b5d0000 - 0x00007ffc0b6ea000 	C:\Windows\System32\gdi32full.dll
0x00007ffc0b0b0000 - 0x00007ffc0b14d000 	C:\Windows\System32\msvcp_win.dll
0x00007ffbf2c10000 - 0x00007ffbf2eaa000 	C:\Windows\WinSxS\amd64_microsoft.windows.common-controls_6595b64144ccf1df_6.0.19041.3636_none_60b6a03d71f818d5\COMCTL32.dll
0x00007ffc0c530000 - 0x00007ffc0c5ce000 	C:\Windows\System32\msvcrt.dll
0x00007ffc0d360000 - 0x00007ffc0d390000 	C:\Windows\System32\IMM32.DLL
0x00007ffc05a20000 - 0x00007ffc05a2c000 	C:\Program Files\Android\Android Studio\jbr\bin\vcruntime140_1.dll
0x00007ffbe4990000 - 0x00007ffbe4a1d000 	C:\Program Files\Android\Android Studio\jbr\bin\msvcp140.dll
0x00007ffb9e7c0000 - 0x00007ffb9f42e000 	C:\Program Files\Android\Android Studio\jbr\bin\server\jvm.dll
0x00007ffc0ceb0000 - 0x00007ffc0cf5f000 	C:\Windows\System32\ADVAPI32.dll
0x00007ffc0d0b0000 - 0x00007ffc0d14c000 	C:\Windows\System32\sechost.dll
0x00007ffc0c320000 - 0x00007ffc0c446000 	C:\Windows\System32\RPCRT4.dll
0x00007ffc06220000 - 0x00007ffc06229000 	C:\Windows\SYSTEM32\WSOCK32.dll
0x00007ffc0ce40000 - 0x00007ffc0ceab000 	C:\Windows\System32\WS2_32.dll
0x00007ffc01b90000 - 0x00007ffc01b9a000 	C:\Windows\SYSTEM32\VERSION.dll
0x00007ffbf2b50000 - 0x00007ffbf2b77000 	C:\Windows\SYSTEM32\WINMM.dll
0x00007ffc08e10000 - 0x00007ffc08e22000 	C:\Windows\SYSTEM32\kernel.appcore.dll
0x00007ffc061f0000 - 0x00007ffc061fa000 	C:\Program Files\Android\Android Studio\jbr\bin\jimage.dll
0x00007ffc08b30000 - 0x00007ffc08d14000 	C:\Windows\SYSTEM32\DBGHELP.DLL
0x00007ffbf76f0000 - 0x00007ffbf7724000 	C:\Windows\SYSTEM32\dbgcore.DLL
0x00007ffc0af20000 - 0x00007ffc0afa2000 	C:\Windows\System32\bcryptPrimitives.dll
0x00007ffbe97f0000 - 0x00007ffbe9815000 	C:\Program Files\Android\Android Studio\jbr\bin\java.dll
0x00007ffbf7e40000 - 0x00007ffbf7e58000 	C:\Program Files\Android\Android Studio\jbr\bin\zip.dll
0x00007ffc0bbd0000 - 0x00007ffc0c315000 	C:\Windows\System32\SHELL32.dll
0x00007ffc08e30000 - 0x00007ffc095cb000 	C:\Windows\SYSTEM32\windows.storage.dll
0x00007ffc0c5d0000 - 0x00007ffc0c924000 	C:\Windows\System32\combase.dll
0x00007ffc0a6e0000 - 0x00007ffc0a70d000 	C:\Windows\SYSTEM32\Wldp.dll
0x00007ffc0b800000 - 0x00007ffc0b8ad000 	C:\Windows\System32\SHCORE.dll
0x00007ffc0cfd0000 - 0x00007ffc0d025000 	C:\Windows\System32\shlwapi.dll
0x00007ffc0aca0000 - 0x00007ffc0acc5000 	C:\Windows\SYSTEM32\profapi.dll
0x00007ffbf5180000 - 0x00007ffbf5199000 	C:\Program Files\Android\Android Studio\jbr\bin\net.dll
0x00007ffc01c90000 - 0x00007ffc01d9a000 	C:\Windows\SYSTEM32\WINHTTP.dll
0x00007ffc0a440000 - 0x00007ffc0a4aa000 	C:\Windows\system32\mswsock.dll
0x00007ffbec4b0000 - 0x00007ffbec4c6000 	C:\Program Files\Android\Android Studio\jbr\bin\nio.dll
0x00007ffc055a0000 - 0x00007ffc055b0000 	C:\Program Files\Android\Android Studio\jbr\bin\verify.dll
0x00007ffbe6560000 - 0x00007ffbe6587000 	C:\Users\LENOVO\.gradle\native\68d5fa5c4cc2d200863cafc0d521ce42e7d3e7ee720ec0a83991735586a16f82\windows-amd64\native-platform.dll
0x00007ffbd2fa0000 - 0x00007ffbd30e4000 	C:\Users\LENOVO\.gradle\native\e376f236ea51e6404a007f0833ffe2c6e607c4080706a723a18a27aeea778392\windows-amd64\native-platform-file-events.dll
0x00007ffc04920000 - 0x00007ffc04929000 	C:\Program Files\Android\Android Studio\jbr\bin\management.dll
0x00007ffbf6050000 - 0x00007ffbf605b000 	C:\Program Files\Android\Android Studio\jbr\bin\management_ext.dll
0x00007ffc0cfc0000 - 0x00007ffc0cfc8000 	C:\Windows\System32\PSAPI.DLL
0x00007ffc0a640000 - 0x00007ffc0a658000 	C:\Windows\SYSTEM32\CRYPTSP.dll
0x00007ffc09d70000 - 0x00007ffc09da4000 	C:\Windows\system32\rsaenh.dll
0x00007ffc0b450000 - 0x00007ffc0b477000 	C:\Windows\System32\bcrypt.dll
0x00007ffc0ac60000 - 0x00007ffc0ac8e000 	C:\Windows\SYSTEM32\USERENV.dll
0x00007ffc0a630000 - 0x00007ffc0a63c000 	C:\Windows\SYSTEM32\CRYPTBASE.dll
0x00007ffc0a130000 - 0x00007ffc0a16b000 	C:\Windows\SYSTEM32\IPHLPAPI.DLL
0x00007ffc0c520000 - 0x00007ffc0c528000 	C:\Windows\System32\NSI.dll
0x00007ffc026b0000 - 0x00007ffc026c7000 	C:\Windows\SYSTEM32\dhcpcsvc6.DLL
0x00007ffc02e60000 - 0x00007ffc02e7d000 	C:\Windows\SYSTEM32\dhcpcsvc.DLL
0x00007ffc0a170000 - 0x00007ffc0a23a000 	C:\Windows\SYSTEM32\DNSAPI.dll
0x00007ffc05320000 - 0x00007ffc05327000 	C:\Windows\system32\wshunix.dll

dbghelp: loaded successfully - version: 4.0.5 - missing functions: none
symbol engine: initialized successfully - sym options: 0x614 - pdb path: .;C:\Program Files\Android\Android Studio\jbr\bin;C:\Windows\SYSTEM32;C:\Windows\WinSxS\amd64_microsoft.windows.common-controls_6595b64144ccf1df_6.0.19041.3636_none_60b6a03d71f818d5;C:\Program Files\Android\Android Studio\jbr\bin\server;C:\Users\LENOVO\.gradle\native\68d5fa5c4cc2d200863cafc0d521ce42e7d3e7ee720ec0a83991735586a16f82\windows-amd64;C:\Users\LENOVO\.gradle\native\e376f236ea51e6404a007f0833ffe2c6e607c4080706a723a18a27aeea778392\windows-amd64

VM Arguments:
jvm_args: --add-opens=java.base/java.util=ALL-UNNAMED --add-opens=java.base/java.lang=ALL-UNNAMED --add-opens=java.base/java.lang.invoke=ALL-UNNAMED --add-opens=java.prefs/java.util.prefs=ALL-UNNAMED --add-opens=java.base/java.nio.charset=ALL-UNNAMED --add-opens=java.base/java.net=ALL-UNNAMED --add-opens=java.base/java.util.concurrent.atomic=ALL-UNNAMED -Xmx2048m -Dfile.encoding=UTF-8 -Duser.country=US -Duser.language=en -Duser.variant 
java_command: org.gradle.launcher.daemon.bootstrap.GradleDaemon 8.0
java_class_path (initial): C:\Users\LENOVO\.gradle\wrapper\dists\gradle-8.0-bin\ca5e32bp14vu59qr306oxotwh\gradle-8.0\lib\gradle-launcher-8.0.jar
Launcher Type: SUN_STANDARD

[Global flags]
     intx CICompilerCount                          = 3                                         {product} {ergonomic}
     uint ConcGCThreads                            = 1                                         {product} {ergonomic}
     uint G1ConcRefinementThreads                  = 4                                         {product} {ergonomic}
   size_t G1HeapRegionSize                         = 1048576                                   {product} {ergonomic}
    uintx GCDrainStackTargetSize                   = 64                                        {product} {ergonomic}
   size_t InitialHeapSize                          = 134217728                                 {product} {ergonomic}
   size_t MarkStackSize                            = 4194304                                   {product} {ergonomic}
   size_t MaxHeapSize                              = 2147483648                                {product} {command line}
   size_t MaxNewSize                               = 1287651328                                {product} {ergonomic}
   size_t MinHeapDeltaBytes                        = 1048576                                   {product} {ergonomic}
   size_t MinHeapSize                              = 8388608                                   {product} {ergonomic}
    uintx NonNMethodCodeHeapSize                   = 5832780                                {pd product} {ergonomic}
    uintx NonProfiledCodeHeapSize                  = 122912730                              {pd product} {ergonomic}
    uintx ProfiledCodeHeapSize                     = 122912730                              {pd product} {ergonomic}
    uintx ReservedCodeCacheSize                    = 251658240                              {pd product} {ergonomic}
     bool SegmentedCodeCache                       = true                                      {product} {ergonomic}
   size_t SoftMaxHeapSize                          = 2147483648                             {manageable} {ergonomic}
     bool UseCompressedClassPointers               = true                           {product lp64_product} {ergonomic}
     bool UseCompressedOops                        = true                           {product lp64_product} {ergonomic}
     bool UseG1GC                                  = true                                      {product} {ergonomic}
     bool UseLargePagesIndividualAllocation        = false                                  {pd product} {ergonomic}

Logging:
Log output configuration:
 #0: stdout all=warning uptime,level,tags
 #1: stderr all=off uptime,level,tags

Environment Variables:
PATH=C:\Program Files\Common Files\Oracle\Java\javapath;C:\Windows\system32;C:\Windows;C:\Windows\System32\Wbem;C:\Windows\System32\WindowsPowerShell\v1.0\;C:\Windows\System32\OpenSSH\;C:\Program Files\Git\cmd;C:\Program Files\Java\jdk-20\bin;C:\Program Files\nodejs\;C:\src\flutter\bin;C:\Users\LENOVO\AppData\Local\Microsoft\WindowsApps;C:\Users\LENOVO\AppData\Roaming\npm;C:\Users\LENOVO\AppData\Local\Programs\Microsoft VS Code\bin
USERNAME=LENOVO
OS=Windows_NT
PROCESSOR_IDENTIFIER=Intel64 Family 6 Model 142 Stepping 12, GenuineIntel
TMP=C:\Users\LENOVO\AppData\Local\Temp
TEMP=C:\Users\LENOVO\AppData\Local\Temp


JNI global refs:
JNI global refs: 25, weak refs: 4

JNI global refs memory usage: 843, weak refs: 841


---------------  S Y S T E M  ---------------

OS:
 Windows 10 , 64 bit Build 19041 (10.0.19041.3636)
OS uptime: 2 days 1:18 hours

CPU: total 4 (initial active 4) (2 cores per cpu, 2 threads per core) family 6 model 142 stepping 12 microcode 0xb8, cx8, cmov, fxsr, ht, mmx, 3dnowpref, sse, sse2, sse3, ssse3, sse4.1, sse4.2, popcnt, lzcnt, tsc, tscinvbit, avx, avx2, aes, erms, clmul, bmi1, bmi2, adx, fma, vzeroupper, clflush, clflushopt

Memory: 4k page, system-wide physical 8072M (366M free)
TotalPageFile size 32648M (AvailPageFile size 0M)
current process WorkingSet (physical memory assigned to process): 369M, peak: 369M
current process commit charge ("private bytes"): 403M, peak: 403M

vm_info: OpenJDK 64-Bit Server VM (17.0.6+0-b2043.56-10027231) for windows-amd64 JRE (17.0.6+0-b2043.56-10027231), built on Apr 28 2023 00:43:19 by "androidbuild" with MS VC++ 16.10 / 16.11 (VS2019)

END.
