#
# There is insufficient memory for the Java Runtime Environment to continue.
# Native memory allocation (mmap) failed to map 134217728 bytes for G1 virtual space
# Possible reasons:
#   The system is out of physical RAM or swap space
#   The process is running with CompressedOops enabled, and the Java Heap may be blocking the growth of the native heap
# Possible solutions:
#   Reduce memory load on the system
#   Increase physical memory or swap space
#   Check if swap backing store is full
#   Decrease Java heap size (-Xmx/-Xms)
#   Decrease number of Java threads
#   Decrease Java thread stack sizes (-Xss)
#   Set larger code cache with -XX:ReservedCodeCacheSize=
#   JVM is running with Unscaled Compressed Oops mode in which the Java heap is
#     placed in the first 4GB address space. The Java Heap base address is the
#     maximum limit for the native heap growth. Please use -XX:HeapBaseMinAddress
#     to set the Java Heap base and to place the Java Heap above 4GB virtual address.
# This output file may be truncated or incomplete.
#
#  Out of Memory Error (os_windows.cpp:3769), pid=2968, tid=12212
#
# JRE version: OpenJDK Runtime Environment (17.0.6) (build 17.0.6+0-b2043.56-10027231)
# Java VM: OpenJDK 64-Bit Server VM (17.0.6+0-b2043.56-10027231, mixed mode, tiered, compressed oops, compressed class ptrs, g1 gc, windows-amd64)
# No core dump will be written. Minidumps are not enabled by default on client versions of Windows
#

---------------  S U M M A R Y ------------

Command Line: --add-opens=java.base/java.util=ALL-UNNAMED --add-opens=java.base/java.lang=ALL-UNNAMED --add-opens=java.base/java.lang.invoke=ALL-UNNAMED --add-opens=java.prefs/java.util.prefs=ALL-UNNAMED --add-opens=java.base/java.nio.charset=ALL-UNNAMED --add-opens=java.base/java.net=ALL-UNNAMED --add-opens=java.base/java.util.concurrent.atomic=ALL-UNNAMED -Xmx2048m -Dfile.encoding=UTF-8 -Duser.country=US -Duser.language=en -Duser.variant org.gradle.launcher.daemon.bootstrap.GradleDaemon 8.0

Host: Intel(R) Core(TM) i3-8145U CPU @ 2.10GHz, 4 cores, 7G,  Windows 10 , 64 bit Build 19041 (10.0.19041.3636)
Time: Mon Jan  1 18:25:15 2024 Pakistan Standard Time elapsed time: 27.221677 seconds (0d 0h 0m 27s)

---------------  T H R E A D  ---------------

Current thread (0x000001e9fe9867c0):  VMThread "VM Thread" [stack: 0x000000d362e00000,0x000000d362f00000] [id=12212]

Stack: [0x000000d362e00000,0x000000d362f00000]
Native frames: (J=compiled Java code, j=interpreted, Vv=VM code, C=native code)
V  [jvm.dll+0x683c9a]
V  [jvm.dll+0x8427a4]
V  [jvm.dll+0x843f9e]
V  [jvm.dll+0x844603]
V  [jvm.dll+0x249b75]
V  [jvm.dll+0x680b69]
V  [jvm.dll+0x67505a]
V  [jvm.dll+0x309acb]
V  [jvm.dll+0x310f86]
V  [jvm.dll+0x3608ee]
V  [jvm.dll+0x360b1f]
V  [jvm.dll+0x2dfbf8]
V  [jvm.dll+0x2e2ce6]
V  [jvm.dll+0x2ed478]
V  [jvm.dll+0x322150]
V  [jvm.dll+0x848ccb]
V  [jvm.dll+0x849a04]
V  [jvm.dll+0x849f1d]
V  [jvm.dll+0x84a2f4]
V  [jvm.dll+0x84a3c0]
V  [jvm.dll+0x7f274a]
V  [jvm.dll+0x682ad5]
C  [ucrtbase.dll+0x21bb2]
C  [KERNEL32.DLL+0x17344]
C  [ntdll.dll+0x526b1]

VM_Operation (0x000000d362aff630): G1Concurrent, mode: safepoint, requested by thread 0x000001e9f84369b0


---------------  P R O C E S S  ---------------

Threads class SMR info:
_java_thread_list=0x000001e99ac01550, length=99, elements={
0x000001e9f83c74f0, 0x000001e9fe9ad610, 0x000001e9fe9af4e0, 0x000001e9fe9cb130,
0x000001e9fe9cce00, 0x000001e9fe9cd6c0, 0x000001e9fe9cdf80, 0x000001e9ff408070,
0x000001e9ff413140, 0x000001e9ff42f660, 0x000001e9ff591140, 0x000001e9ff599cf0,
0x000001e99499a080, 0x000001e9fff91040, 0x000001e9938d3890, 0x000001e995351300,
0x000001e9939e13d0, 0x000001e993b4a0a0, 0x000001e994f73400, 0x000001e9950c5430,
0x000001e9950c2410, 0x000001e9950c1a70, 0x000001e9950c3c20, 0x000001e9950c1f40,
0x000001e9950c2db0, 0x000001e9950c3750, 0x000001e9950c4a90, 0x000001e9950c4f60,
0x000001e9950c40f0, 0x000001e9950c45c0, 0x000001e9956d20c0, 0x000001e9956d2a60,
0x000001e9956d1720, 0x000001e9956d2590, 0x000001e9956d7290, 0x000001e9956d08b0,
0x000001e9956d4c10, 0x000001e9956d3da0, 0x000001e9956d1250, 0x000001e9956d5a80,
0x000001e9956d4270, 0x000001e9956d4740, 0x000001e9956d50e0, 0x000001e9956d5f50,
0x000001e9956d6420, 0x000001e9956d68f0, 0x000001e9956d6dc0, 0x000001e9956d7760,
0x000001e9956d0d80, 0x000001e9ffce4610, 0x000001e9ffce37a0, 0x000001e9ffce7160,
0x000001e9ffce1120, 0x000001e9ffce7b00, 0x000001e9ffce4ae0, 0x000001e9ffce6c90,
0x000001e9ffce3c70, 0x000001e9ffce4140, 0x000001e9ffce1f90, 0x000001e9ffce02b0,
0x000001e9ffce32d0, 0x000001e9ffce0780, 0x000001e9ffce0c50, 0x000001e9ffce15f0,
0x000001e9ffce2460, 0x000001e9ffce1ac0, 0x000001e9ffce2e00, 0x000001e9ffce2930,
0x000001e9ffce5950, 0x000001e9ffce7630, 0x000001e9ffce67c0, 0x000001e9ffce4fb0,
0x000001e9ffce5e20, 0x000001e9ffce5480, 0x000001e9ffce62f0, 0x000001e9973ff870,
0x000001e997401ef0, 0x000001e9973feed0, 0x000001e997401080, 0x000001e997402890,
0x000001e997402d60, 0x000001e997403230, 0x000001e997400210, 0x000001e9974023c0,
0x000001e9973fe530, 0x000001e997400bb0, 0x000001e9974040a0, 0x000001e9973fe060,
0x000001e99d075bb0, 0x000001e99d076080, 0x000001e99d076550, 0x000001e994dbe530,
0x000001e997401550, 0x000001e99b8e4a10, 0x000001e99b8e4ee0, 0x000001e9970d36b0,
0x000001e994dbea00, 0x000001e9956d1bf0, 0x000001e994dbe060
}

Java Threads: ( => current thread )
  0x000001e9f83c74f0 JavaThread "main" [_thread_blocked, id=7524, stack(0x000000d362800000,0x000000d362900000)]
  0x000001e9fe9ad610 JavaThread "Reference Handler" daemon [_thread_blocked, id=11504, stack(0x000000d362f00000,0x000000d363000000)]
  0x000001e9fe9af4e0 JavaThread "Finalizer" daemon [_thread_blocked, id=10804, stack(0x000000d363000000,0x000000d363100000)]
  0x000001e9fe9cb130 JavaThread "Signal Dispatcher" daemon [_thread_blocked, id=6644, stack(0x000000d363100000,0x000000d363200000)]
  0x000001e9fe9cce00 JavaThread "Attach Listener" daemon [_thread_blocked, id=4092, stack(0x000000d363200000,0x000000d363300000)]
  0x000001e9fe9cd6c0 JavaThread "Service Thread" daemon [_thread_blocked, id=10672, stack(0x000000d363300000,0x000000d363400000)]
  0x000001e9fe9cdf80 JavaThread "Monitor Deflation Thread" daemon [_thread_blocked, id=5476, stack(0x000000d363400000,0x000000d363500000)]
  0x000001e9ff408070 JavaThread "C2 CompilerThread0" daemon [_thread_blocked, id=1300, stack(0x000000d363500000,0x000000d363600000)]
  0x000001e9ff413140 JavaThread "C1 CompilerThread0" daemon [_thread_blocked, id=1580, stack(0x000000d363600000,0x000000d363700000)]
  0x000001e9ff42f660 JavaThread "Sweeper thread" daemon [_thread_blocked, id=8836, stack(0x000000d363700000,0x000000d363800000)]
  0x000001e9ff591140 JavaThread "Common-Cleaner" daemon [_thread_blocked, id=6844, stack(0x000000d363800000,0x000000d363900000)]
  0x000001e9ff599cf0 JavaThread "Notification Thread" daemon [_thread_blocked, id=10100, stack(0x000000d363900000,0x000000d363a00000)]
  0x000001e99499a080 JavaThread "Daemon health stats" [_thread_blocked, id=9576, stack(0x000000d363f00000,0x000000d364000000)]
  0x000001e9fff91040 JavaThread "Incoming local TCP Connector on port 54316" [_thread_in_native, id=3056, stack(0x000000d363b00000,0x000000d363c00000)]
  0x000001e9938d3890 JavaThread "Daemon periodic checks" [_thread_blocked, id=11760, stack(0x000000d364000000,0x000000d364100000)]
  0x000001e995351300 JavaThread "Daemon" [_thread_blocked, id=4828, stack(0x000000d364100000,0x000000d364200000)]
  0x000001e9939e13d0 JavaThread "Handler for socket connection from /127.0.0.1:54316 to /127.0.0.1:54317" [_thread_in_native, id=8140, stack(0x000000d364200000,0x000000d364300000)]
  0x000001e993b4a0a0 JavaThread "Cancel handler" [_thread_blocked, id=13068, stack(0x000000d364300000,0x000000d364400000)]
  0x000001e994f73400 JavaThread "Daemon worker" [_thread_blocked, id=5336, stack(0x000000d364400000,0x000000d364500000)]
  0x000001e9950c5430 JavaThread "Asynchronous log dispatcher for DefaultDaemonConnection: socket connection from /127.0.0.1:54316 to /127.0.0.1:54317" [_thread_blocked, id=8808, stack(0x000000d364500000,0x000000d364600000)]
  0x000001e9950c2410 JavaThread "Stdin handler" [_thread_blocked, id=6332, stack(0x000000d364600000,0x000000d364700000)]
  0x000001e9950c1a70 JavaThread "Daemon client event forwarder" [_thread_blocked, id=4404, stack(0x000000d364700000,0x000000d364800000)]
  0x000001e9950c3c20 JavaThread "Cache worker for journal cache (C:\Users\LENOVO\.gradle\caches\journal-1)" [_thread_blocked, id=8444, stack(0x000000d364800000,0x000000d364900000)]
  0x000001e9950c1f40 JavaThread "File lock request listener" [_thread_in_native, id=11892, stack(0x000000d364900000,0x000000d364a00000)]
  0x000001e9950c2db0 JavaThread "Cache worker for file hash cache (C:\Users\LENOVO\.gradle\caches\8.0\fileHashes)" [_thread_blocked, id=10208, stack(0x000000d364a00000,0x000000d364b00000)]
  0x000001e9950c3750 JavaThread "File watcher server" daemon [_thread_blocked, id=11804, stack(0x000000d364c00000,0x000000d364d00000)]
  0x000001e9950c4a90 JavaThread "File watcher consumer" daemon [_thread_blocked, id=3172, stack(0x000000d364d00000,0x000000d364e00000)]
  0x000001e9950c4f60 JavaThread "Cache worker for checksums cache (C:\Users\LENOVO\AndroidStudioProjectsFlutter\GenerateAIImage\.gradle\8.0\checksums)" [_thread_blocked, id=3900, stack(0x000000d364e00000,0x000000d364f00000)]
  0x000001e9950c40f0 JavaThread "Cache worker for cache directory md-rule (C:\Users\LENOVO\.gradle\caches\8.0\md-rule)" [_thread_blocked, id=12636, stack(0x000000d364f00000,0x000000d365000000)]
  0x000001e9950c45c0 JavaThread "Cache worker for file content cache (C:\Users\LENOVO\.gradle\caches\8.0\fileContent)" [_thread_blocked, id=4036, stack(0x000000d365000000,0x000000d365100000)]
  0x000001e9956d20c0 JavaThread "Cache worker for file hash cache (C:\Users\LENOVO\AndroidStudioProjectsFlutter\GenerateAIImage\.gradle\8.0\fileHashes)" [_thread_blocked, id=6516, stack(0x000000d365100000,0x000000d365200000)]
  0x000001e9956d2a60 JavaThread "Cache worker for cache directory md-supplier (C:\Users\LENOVO\.gradle\caches\8.0\md-supplier)" [_thread_blocked, id=1944, stack(0x000000d365200000,0x000000d365300000)]
  0x000001e9956d1720 JavaThread "Cache worker for execution history cache (C:\Users\LENOVO\.gradle\caches\8.0\executionHistory)" [_thread_blocked, id=11272, stack(0x000000d365400000,0x000000d365500000)]
  0x000001e9956d2590 JavaThread "jar transforms" [_thread_blocked, id=1144, stack(0x000000d365500000,0x000000d365600000)]
  0x000001e9956d7290 JavaThread "jar transforms Thread 2" [_thread_blocked, id=13296, stack(0x000000d365600000,0x000000d365700000)]
  0x000001e9956d08b0 JavaThread "jar transforms Thread 3" [_thread_blocked, id=4104, stack(0x000000d365700000,0x000000d365800000)]
  0x000001e9956d4c10 JavaThread "jar transforms Thread 4" [_thread_blocked, id=11184, stack(0x000000d365800000,0x000000d365900000)]
  0x000001e9956d3da0 JavaThread "Cache worker for dependencies-accessors (C:\Users\LENOVO\AndroidStudioProjectsFlutter\GenerateAIImage\.gradle\8.0\dependencies-accessors)" [_thread_blocked, id=10116, stack(0x000000d365900000,0x000000d365a00000)]
  0x000001e9956d1250 JavaThread "Cache worker for Build Output Cleanup Cache (C:\Users\LENOVO\AndroidStudioProjectsFlutter\GenerateAIImage\.gradle\buildOutputCleanup)" [_thread_blocked, id=11296, stack(0x000000d365a00000,0x000000d365b00000)]
  0x000001e9956d5a80 JavaThread "Unconstrained build operations" [_thread_blocked, id=11168, stack(0x000000d365b00000,0x000000d365c00000)]
  0x000001e9956d4270 JavaThread "Unconstrained build operations Thread 2" [_thread_blocked, id=10432, stack(0x000000d365c00000,0x000000d365d00000)]
  0x000001e9956d4740 JavaThread "Unconstrained build operations Thread 3" [_thread_blocked, id=5692, stack(0x000000d365d00000,0x000000d365e00000)]
  0x000001e9956d50e0 JavaThread "Unconstrained build operations Thread 4" [_thread_blocked, id=9208, stack(0x000000d365e00000,0x000000d365f00000)]
  0x000001e9956d5f50 JavaThread "Unconstrained build operations Thread 5" [_thread_blocked, id=12900, stack(0x000000d365f00000,0x000000d366000000)]
  0x000001e9956d6420 JavaThread "Unconstrained build operations Thread 6" [_thread_blocked, id=4580, stack(0x000000d366000000,0x000000d366100000)]
  0x000001e9956d68f0 JavaThread "Unconstrained build operations Thread 7" [_thread_blocked, id=3204, stack(0x000000d366100000,0x000000d366200000)]
  0x000001e9956d6dc0 JavaThread "Unconstrained build operations Thread 8" [_thread_blocked, id=10532, stack(0x000000d366200000,0x000000d366300000)]
  0x000001e9956d7760 JavaThread "Unconstrained build operations Thread 9" [_thread_blocked, id=11584, stack(0x000000d366300000,0x000000d366400000)]
  0x000001e9956d0d80 JavaThread "Unconstrained build operations Thread 10" [_thread_blocked, id=12184, stack(0x000000d366400000,0x000000d366500000)]
  0x000001e9ffce4610 JavaThread "Unconstrained build operations Thread 11" [_thread_blocked, id=12052, stack(0x000000d366500000,0x000000d366600000)]
  0x000001e9ffce37a0 JavaThread "Unconstrained build operations Thread 12" [_thread_blocked, id=2412, stack(0x000000d366600000,0x000000d366700000)]
  0x000001e9ffce7160 JavaThread "Unconstrained build operations Thread 13" [_thread_blocked, id=1856, stack(0x000000d366700000,0x000000d366800000)]
  0x000001e9ffce1120 JavaThread "Unconstrained build operations Thread 14" [_thread_blocked, id=2720, stack(0x000000d366800000,0x000000d366900000)]
  0x000001e9ffce7b00 JavaThread "Unconstrained build operations Thread 15" [_thread_blocked, id=10952, stack(0x000000d366900000,0x000000d366a00000)]
  0x000001e9ffce4ae0 JavaThread "Unconstrained build operations Thread 16" [_thread_blocked, id=5756, stack(0x000000d366a00000,0x000000d366b00000)]
  0x000001e9ffce6c90 JavaThread "Unconstrained build operations Thread 17" [_thread_blocked, id=11548, stack(0x000000d366b00000,0x000000d366c00000)]
  0x000001e9ffce3c70 JavaThread "Unconstrained build operations Thread 18" [_thread_blocked, id=10740, stack(0x000000d366c00000,0x000000d366d00000)]
  0x000001e9ffce4140 JavaThread "Unconstrained build operations Thread 19" [_thread_blocked, id=392, stack(0x000000d366d00000,0x000000d366e00000)]
  0x000001e9ffce1f90 JavaThread "Unconstrained build operations Thread 20" [_thread_blocked, id=6980, stack(0x000000d366e00000,0x000000d366f00000)]
  0x000001e9ffce02b0 JavaThread "Unconstrained build operations Thread 21" [_thread_blocked, id=3928, stack(0x000000d366f00000,0x000000d367000000)]
  0x000001e9ffce32d0 JavaThread "Unconstrained build operations Thread 22" [_thread_blocked, id=4156, stack(0x000000d367000000,0x000000d367100000)]
  0x000001e9ffce0780 JavaThread "Unconstrained build operations Thread 23" [_thread_blocked, id=256, stack(0x000000d367100000,0x000000d367200000)]
  0x000001e9ffce0c50 JavaThread "Unconstrained build operations Thread 24" [_thread_blocked, id=9184, stack(0x000000d367200000,0x000000d367300000)]
  0x000001e9ffce15f0 JavaThread "Unconstrained build operations Thread 25" [_thread_blocked, id=13148, stack(0x000000d367300000,0x000000d367400000)]
  0x000001e9ffce2460 JavaThread "Unconstrained build operations Thread 26" [_thread_blocked, id=5512, stack(0x000000d367400000,0x000000d367500000)]
  0x000001e9ffce1ac0 JavaThread "Unconstrained build operations Thread 27" [_thread_blocked, id=12360, stack(0x000000d367500000,0x000000d367600000)]
  0x000001e9ffce2e00 JavaThread "Unconstrained build operations Thread 28" [_thread_blocked, id=12736, stack(0x000000d367600000,0x000000d367700000)]
  0x000001e9ffce2930 JavaThread "Unconstrained build operations Thread 29" [_thread_blocked, id=536, stack(0x000000d367700000,0x000000d367800000)]
  0x000001e9ffce5950 JavaThread "Unconstrained build operations Thread 30" [_thread_blocked, id=11924, stack(0x000000d367800000,0x000000d367900000)]
  0x000001e9ffce7630 JavaThread "Unconstrained build operations Thread 31" [_thread_blocked, id=5112, stack(0x000000d367900000,0x000000d367a00000)]
  0x000001e9ffce67c0 JavaThread "Unconstrained build operations Thread 32" [_thread_blocked, id=7216, stack(0x000000d367a00000,0x000000d367b00000)]
  0x000001e9ffce4fb0 JavaThread "Unconstrained build operations Thread 33" [_thread_blocked, id=10028, stack(0x000000d367b00000,0x000000d367c00000)]
  0x000001e9ffce5e20 JavaThread "Unconstrained build operations Thread 34" [_thread_blocked, id=7092, stack(0x000000d367c00000,0x000000d367d00000)]
  0x000001e9ffce5480 JavaThread "Unconstrained build operations Thread 35" [_thread_blocked, id=6140, stack(0x000000d367d00000,0x000000d367e00000)]
  0x000001e9ffce62f0 JavaThread "Unconstrained build operations Thread 36" [_thread_blocked, id=10944, stack(0x000000d367e00000,0x000000d367f00000)]
  0x000001e9973ff870 JavaThread "Unconstrained build operations Thread 37" [_thread_blocked, id=6688, stack(0x000000d367f00000,0x000000d368000000)]
  0x000001e997401ef0 JavaThread "Unconstrained build operations Thread 38" [_thread_blocked, id=3156, stack(0x000000d368000000,0x000000d368100000)]
  0x000001e9973feed0 JavaThread "Unconstrained build operations Thread 39" [_thread_blocked, id=11356, stack(0x000000d368100000,0x000000d368200000)]
  0x000001e997401080 JavaThread "Unconstrained build operations Thread 40" [_thread_blocked, id=592, stack(0x000000d368200000,0x000000d368300000)]
  0x000001e997402890 JavaThread "build event listener" [_thread_blocked, id=10440, stack(0x000000d368300000,0x000000d368400000)]
  0x000001e997402d60 JavaThread "Memory manager" [_thread_blocked, id=5252, stack(0x000000d368400000,0x000000d368500000)]
  0x000001e997403230 JavaThread "pool-3-thread-1" [_thread_blocked, id=6068, stack(0x000000d368500000,0x000000d368600000)]
  0x000001e997400210 JavaThread "build event listener" [_thread_blocked, id=9572, stack(0x000000d368600000,0x000000d368700000)]
  0x000001e9974023c0 JavaThread "included builds" [_thread_blocked, id=1668, stack(0x000000d368700000,0x000000d368800000)]
  0x000001e9973fe530 JavaThread "Execution worker" [_thread_blocked, id=11144, stack(0x000000d368800000,0x000000d368900000)]
  0x000001e997400bb0 JavaThread "Execution worker Thread 2" [_thread_blocked, id=10220, stack(0x000000d368900000,0x000000d368a00000)]
  0x000001e9974040a0 JavaThread "Execution worker Thread 3" [_thread_blocked, id=11328, stack(0x000000d368a00000,0x000000d368b00000)]
  0x000001e9973fe060 JavaThread "Cache worker for execution history cache (C:\Users\LENOVO\AndroidStudioProjectsFlutter\GenerateAIImage\.gradle\8.0\executionHistory)" [_thread_blocked, id=11580, stack(0x000000d368b00000,0x000000d368c00000)]
  0x000001e99d075bb0 JavaThread "WorkerExecutor Queue Thread 2" [_thread_blocked, id=9324, stack(0x000000d368d00000,0x000000d368e00000)]
  0x000001e99d076080 JavaThread "WorkerExecutor Queue Thread 3" [_thread_blocked, id=12692, stack(0x000000d368e00000,0x000000d368f00000)]
  0x000001e99d076550 JavaThread "WorkerExecutor Queue Thread 4" [_thread_blocked, id=11752, stack(0x000000d368f00000,0x000000d369000000)]
  0x000001e994dbe530 JavaThread "WorkerExecutor Queue Thread 5" [_thread_blocked, id=3764, stack(0x000000d369100000,0x000000d369200000)]
  0x000001e997401550 JavaThread "pool-4-thread-1" [_thread_blocked, id=11236, stack(0x000000d369200000,0x000000d369300000)]
  0x000001e99b8e4a10 JavaThread "stderr" [_thread_in_native, id=5212, stack(0x000000d369300000,0x000000d369400000)]
  0x000001e99b8e4ee0 JavaThread "stdout" [_thread_in_native, id=8512, stack(0x000000d369400000,0x000000d369500000)]
  0x000001e9970d36b0 JavaThread "ForkJoinPool-1-worker-1" daemon [_thread_blocked, id=5168, stack(0x000000d364b00000,0x000000d364c00000)]
  0x000001e994dbea00 JavaThread "ForkJoinPool-1-worker-2" daemon [_thread_blocked, id=11672, stack(0x000000d369500000,0x000000d369600000)]
  0x000001e9956d1bf0 JavaThread "ForkJoinPool-1-worker-3" daemon [_thread_blocked, id=11856, stack(0x000000d369600000,0x000000d369700000)]
  0x000001e994dbe060 JavaThread "ForkJoinPool-1-worker-4" daemon [_thread_blocked, id=2188, stack(0x000000d369700000,0x000000d369800000)]

Other Threads:
=>0x000001e9fe9867c0 VMThread "VM Thread" [stack: 0x000000d362e00000,0x000000d362f00000] [id=12212]
  0x000001e9ff591a20 WatcherThread [stack: 0x000000d363a00000,0x000000d363b00000] [id=4712]
  0x000001e9f8425b60 GCTaskThread "GC Thread#0" [stack: 0x000000d362900000,0x000000d362a00000] [id=7924]
  0x000001e9ff96ca90 GCTaskThread "GC Thread#1" [stack: 0x000000d363c00000,0x000000d363d00000] [id=8552]
  0x000001e9ff793ed0 GCTaskThread "GC Thread#2" [stack: 0x000000d363d00000,0x000000d363e00000] [id=11020]
  0x000001e993609b60 GCTaskThread "GC Thread#3" [stack: 0x000000d363e00000,0x000000d363f00000] [id=13228]
  0x000001e9f84369b0 ConcurrentGCThread "G1 Main Marker" [stack: 0x000000d362a00000,0x000000d362b00000] [id=8568]
  0x000001e9f8437a70 ConcurrentGCThread "G1 Conc#0" [stack: 0x000000d362b00000,0x000000d362c00000] [id=3068]
  0x000001e9f849d4a0 ConcurrentGCThread "G1 Refine#0" [stack: 0x000000d362c00000,0x000000d362d00000] [id=6420]
  0x000001e996c46e50 ConcurrentGCThread "G1 Refine#1" [stack: 0x000000d365300000,0x000000d365400000] [id=10324]
  0x000001e99b294d70 ConcurrentGCThread "G1 Refine#2" [stack: 0x000000d368c00000,0x000000d368d00000] [id=3044]
  0x000001e9fe7e0490 ConcurrentGCThread "G1 Service" [stack: 0x000000d362d00000,0x000000d362e00000] [id=6416]

Threads with active compile tasks:

VM state: at safepoint (normal execution)

VM Mutex/Monitor currently owned by a thread:  ([mutex/lock_event])
[0x000001e9f83c1fd0] Threads_lock - owner thread: 0x000001e9fe9867c0
[0x000001e9f83c2720] Heap_lock - owner thread: 0x000001e9f84369b0

Heap address: 0x0000000080000000, size: 2048 MB, Compressed Oops mode: 32-bit

CDS archive(s) not mapped
Compressed class space mapped at: 0x0000000100000000-0x0000000140000000, reserved size: 1073741824
Narrow klass base: 0x0000000000000000, Narrow klass shift: 3, Narrow klass range: 0x140000000

GC Precious Log:
 CPUs: 4 total, 4 available
 Memory: 8072M
 Large Page Support: Disabled
 NUMA Support: Disabled
 Compressed Oops: Enabled (32-bit)
 Heap Region Size: 1M
 Heap Min Capacity: 8M
 Heap Initial Capacity: 128M
 Heap Max Capacity: 2G
 Pre-touch: Disabled
 Parallel Workers: 4
 Concurrent Workers: 1
 Concurrent Refinement Workers: 4
 Periodic GC: Disabled

Heap:
 garbage-first heap   total 323584K, used 269389K [0x0000000080000000, 0x0000000100000000)
  region size 1024K, 95 young (97280K), 12 survivors (12288K)
 Metaspace       used 117858K, committed 118592K, reserved 1155072K
  class space    used 15641K, committed 16000K, reserved 1048576K

Heap Regions: E=young(eden), S=young(survivor), O=old, HS=humongous(starts), HC=humongous(continues), CS=collection set, F=free, OA=open archive, CA=closed archive, TAMS=top-at-mark-start (previous, next)
|   0|0x0000000080000000, 0x0000000080100000, 0x0000000080100000|100%| O|  |TAMS 0x0000000080100000, 0x0000000080000000| Untracked 
|   1|0x0000000080100000, 0x0000000080200000, 0x0000000080200000|100%| O|  |TAMS 0x0000000080200000, 0x0000000080100000| Untracked 
|   2|0x0000000080200000, 0x0000000080300000, 0x0000000080300000|100%|HS|  |TAMS 0x0000000080300000, 0x0000000080200000| Complete 
|   3|0x0000000080300000, 0x0000000080400000, 0x0000000080400000|100%|HC|  |TAMS 0x0000000080400000, 0x0000000080300000| Complete 
|   4|0x0000000080400000, 0x0000000080500000, 0x0000000080500000|100%|HC|  |TAMS 0x0000000080500000, 0x0000000080400000| Complete 
|   5|0x0000000080500000, 0x0000000080600000, 0x0000000080600000|100%|HC|  |TAMS 0x0000000080600000, 0x0000000080500000| Complete 
|   6|0x0000000080600000, 0x0000000080700000, 0x0000000080700000|100%| O|  |TAMS 0x0000000080700000, 0x0000000080600000| Untracked 
|   7|0x0000000080700000, 0x0000000080800000, 0x0000000080800000|100%| O|  |TAMS 0x0000000080800000, 0x0000000080700000| Untracked 
|   8|0x0000000080800000, 0x0000000080900000, 0x0000000080900000|100%| O|  |TAMS 0x0000000080900000, 0x0000000080800000| Untracked 
|   9|0x0000000080900000, 0x0000000080a00000, 0x0000000080a00000|100%| O|  |TAMS 0x0000000080a00000, 0x0000000080900000| Untracked 
|  10|0x0000000080a00000, 0x0000000080b00000, 0x0000000080b00000|100%| O|  |TAMS 0x0000000080b00000, 0x0000000080a00000| Untracked 
|  11|0x0000000080b00000, 0x0000000080c00000, 0x0000000080c00000|100%| O|  |TAMS 0x0000000080c00000, 0x0000000080b00000| Untracked 
|  12|0x0000000080c00000, 0x0000000080d00000, 0x0000000080d00000|100%| O|  |TAMS 0x0000000080d00000, 0x0000000080c00000| Untracked 
|  13|0x0000000080d00000, 0x0000000080e00000, 0x0000000080e00000|100%| O|  |TAMS 0x0000000080e00000, 0x0000000080d00000| Untracked 
|  14|0x0000000080e00000, 0x0000000080f00000, 0x0000000080f00000|100%| O|  |TAMS 0x0000000080f00000, 0x0000000080e00000| Untracked 
|  15|0x0000000080f00000, 0x0000000081000000, 0x0000000081000000|100%| O|  |TAMS 0x0000000081000000, 0x0000000080f00000| Untracked 
|  16|0x0000000081000000, 0x0000000081100000, 0x0000000081100000|100%| O|  |TAMS 0x0000000081100000, 0x0000000081000000| Untracked 
|  17|0x0000000081100000, 0x0000000081200000, 0x0000000081200000|100%| O|  |TAMS 0x0000000081200000, 0x0000000081100000| Untracked 
|  18|0x0000000081200000, 0x0000000081300000, 0x0000000081300000|100%| O|  |TAMS 0x0000000081300000, 0x0000000081200000| Untracked 
|  19|0x0000000081300000, 0x0000000081400000, 0x0000000081400000|100%| O|  |TAMS 0x0000000081400000, 0x0000000081300000| Updating 
|  20|0x0000000081400000, 0x0000000081500000, 0x0000000081500000|100%| O|  |TAMS 0x0000000081500000, 0x0000000081400000| Updating 
|  21|0x0000000081500000, 0x0000000081600000, 0x0000000081600000|100%| O|  |TAMS 0x0000000081600000, 0x0000000081500000| Untracked 
|  22|0x0000000081600000, 0x0000000081700000, 0x0000000081700000|100%| O|  |TAMS 0x0000000081700000, 0x0000000081600000| Updating 
|  23|0x0000000081700000, 0x0000000081800000, 0x0000000081800000|100%| O|  |TAMS 0x0000000081800000, 0x0000000081700000| Untracked 
|  24|0x0000000081800000, 0x0000000081900000, 0x0000000081900000|100%| O|  |TAMS 0x0000000081900000, 0x0000000081800000| Untracked 
|  25|0x0000000081900000, 0x0000000081a00000, 0x0000000081a00000|100%| O|  |TAMS 0x0000000081a00000, 0x0000000081900000| Untracked 
|  26|0x0000000081a00000, 0x0000000081b00000, 0x0000000081b00000|100%| O|  |TAMS 0x0000000081b00000, 0x0000000081a00000| Updating 
|  27|0x0000000081b00000, 0x0000000081c00000, 0x0000000081c00000|100%| O|  |TAMS 0x0000000081c00000, 0x0000000081b00000| Updating 
|  28|0x0000000081c00000, 0x0000000081d00000, 0x0000000081d00000|100%| O|  |TAMS 0x0000000081d00000, 0x0000000081c00000| Updating 
|  29|0x0000000081d00000, 0x0000000081e00000, 0x0000000081e00000|100%| O|  |TAMS 0x0000000081e00000, 0x0000000081d00000| Untracked 
|  30|0x0000000081e00000, 0x0000000081f00000, 0x0000000081f00000|100%| O|  |TAMS 0x0000000081f00000, 0x0000000081e00000| Untracked 
|  31|0x0000000081f00000, 0x0000000082000000, 0x0000000082000000|100%|HS|  |TAMS 0x0000000082000000, 0x0000000081f00000| Complete 
|  32|0x0000000082000000, 0x0000000082100000, 0x0000000082100000|100%|HS|  |TAMS 0x0000000082100000, 0x0000000082000000| Complete 
|  33|0x0000000082100000, 0x0000000082200000, 0x0000000082200000|100%|HS|  |TAMS 0x0000000082200000, 0x0000000082100000| Complete 
|  34|0x0000000082200000, 0x0000000082300000, 0x0000000082300000|100%| O|  |TAMS 0x0000000082300000, 0x0000000082200000| Untracked 
|  35|0x0000000082300000, 0x0000000082400000, 0x0000000082400000|100%| O|  |TAMS 0x0000000082400000, 0x0000000082300000| Untracked 
|  36|0x0000000082400000, 0x0000000082500000, 0x0000000082500000|100%| O|  |TAMS 0x0000000082500000, 0x0000000082400000| Untracked 
|  37|0x0000000082500000, 0x0000000082600000, 0x0000000082600000|100%| O|  |TAMS 0x0000000082600000, 0x0000000082500000| Untracked 
|  38|0x0000000082600000, 0x0000000082700000, 0x0000000082700000|100%| O|  |TAMS 0x0000000082700000, 0x0000000082600000| Updating 
|  39|0x0000000082700000, 0x0000000082800000, 0x0000000082800000|100%| O|  |TAMS 0x0000000082800000, 0x0000000082700000| Updating 
|  40|0x0000000082800000, 0x0000000082900000, 0x0000000082900000|100%| O|  |TAMS 0x0000000082900000, 0x0000000082800000| Updating 
|  41|0x0000000082900000, 0x0000000082a00000, 0x0000000082a00000|100%| O|  |TAMS 0x0000000082917a00, 0x0000000082900000| Untracked 
|  42|0x0000000082a00000, 0x0000000082b00000, 0x0000000082b00000|100%| O|  |TAMS 0x0000000082b00000, 0x0000000082a00000| Untracked 
|  43|0x0000000082b00000, 0x0000000082c00000, 0x0000000082c00000|100%| O|  |TAMS 0x0000000082c00000, 0x0000000082b00000| Untracked 
|  44|0x0000000082c00000, 0x0000000082d00000, 0x0000000082d00000|100%| O|  |TAMS 0x0000000082d00000, 0x0000000082c00000| Untracked 
|  45|0x0000000082d00000, 0x0000000082e00000, 0x0000000082e00000|100%| O|  |TAMS 0x0000000082e00000, 0x0000000082d00000| Untracked 
|  46|0x0000000082e00000, 0x0000000082f00000, 0x0000000082f00000|100%| O|  |TAMS 0x0000000082f00000, 0x0000000082e00000| Untracked 
|  47|0x0000000082f00000, 0x0000000083000000, 0x0000000083000000|100%| O|  |TAMS 0x0000000083000000, 0x0000000082f00000| Updating 
|  48|0x0000000083000000, 0x0000000083100000, 0x0000000083100000|100%| O|  |TAMS 0x0000000083100000, 0x0000000083000000| Untracked 
|  49|0x0000000083100000, 0x0000000083200000, 0x0000000083200000|100%| O|  |TAMS 0x0000000083200000, 0x0000000083100000| Updating 
|  50|0x0000000083200000, 0x0000000083300000, 0x0000000083300000|100%| O|  |TAMS 0x0000000083300000, 0x0000000083200000| Untracked 
|  51|0x0000000083300000, 0x0000000083400000, 0x0000000083400000|100%| O|  |TAMS 0x0000000083400000, 0x0000000083300000| Untracked 
|  52|0x0000000083400000, 0x0000000083500000, 0x0000000083500000|100%| O|  |TAMS 0x0000000083500000, 0x0000000083400000| Updating 
|  53|0x0000000083500000, 0x0000000083600000, 0x0000000083600000|100%| O|  |TAMS 0x0000000083600000, 0x0000000083500000| Untracked 
|  54|0x0000000083600000, 0x0000000083700000, 0x0000000083700000|100%| O|  |TAMS 0x0000000083700000, 0x0000000083600000| Updating 
|  55|0x0000000083700000, 0x0000000083800000, 0x0000000083800000|100%| O|  |TAMS 0x0000000083800000, 0x0000000083700000| Untracked 
|  56|0x0000000083800000, 0x0000000083900000, 0x0000000083900000|100%| O|  |TAMS 0x0000000083900000, 0x0000000083800000| Untracked 
|  57|0x0000000083900000, 0x0000000083a00000, 0x0000000083a00000|100%| O|  |TAMS 0x0000000083a00000, 0x0000000083900000| Untracked 
|  58|0x0000000083a00000, 0x0000000083b00000, 0x0000000083b00000|100%|HS|  |TAMS 0x0000000083b00000, 0x0000000083a00000| Complete 
|  59|0x0000000083b00000, 0x0000000083c00000, 0x0000000083c00000|100%| O|  |TAMS 0x0000000083c00000, 0x0000000083b00000| Updating 
|  60|0x0000000083c00000, 0x0000000083d00000, 0x0000000083d00000|100%| O|  |TAMS 0x0000000083d00000, 0x0000000083c00000| Untracked 
|  61|0x0000000083d00000, 0x0000000083e00000, 0x0000000083e00000|100%| O|  |TAMS 0x0000000083e00000, 0x0000000083d00000| Untracked 
|  62|0x0000000083e00000, 0x0000000083f00000, 0x0000000083f00000|100%| O|  |TAMS 0x0000000083f00000, 0x0000000083e00000| Untracked 
|  63|0x0000000083f00000, 0x0000000084000000, 0x0000000084000000|100%| O|  |TAMS 0x0000000084000000, 0x0000000083f00000| Untracked 
|  64|0x0000000084000000, 0x0000000084100000, 0x0000000084100000|100%| O|  |TAMS 0x0000000084100000, 0x0000000084000000| Untracked 
|  65|0x0000000084100000, 0x0000000084200000, 0x0000000084200000|100%| O|  |TAMS 0x0000000084200000, 0x0000000084100000| Untracked 
|  66|0x0000000084200000, 0x0000000084300000, 0x0000000084300000|100%| O|  |TAMS 0x0000000084300000, 0x0000000084200000| Untracked 
|  67|0x0000000084300000, 0x0000000084400000, 0x0000000084400000|100%| O|  |TAMS 0x0000000084400000, 0x0000000084300000| Untracked 
|  68|0x0000000084400000, 0x0000000084500000, 0x0000000084500000|100%| O|  |TAMS 0x0000000084500000, 0x0000000084400000| Untracked 
|  69|0x0000000084500000, 0x0000000084600000, 0x0000000084600000|100%| O|  |TAMS 0x0000000084600000, 0x0000000084500000| Untracked 
|  70|0x0000000084600000, 0x0000000084700000, 0x0000000084700000|100%| O|  |TAMS 0x0000000084700000, 0x0000000084600000| Untracked 
|  71|0x0000000084700000, 0x0000000084800000, 0x0000000084800000|100%| O|  |TAMS 0x0000000084800000, 0x0000000084700000| Untracked 
|  72|0x0000000084800000, 0x0000000084900000, 0x0000000084900000|100%| O|  |TAMS 0x0000000084900000, 0x0000000084800000| Untracked 
|  73|0x0000000084900000, 0x0000000084a00000, 0x0000000084a00000|100%| O|  |TAMS 0x0000000084a00000, 0x0000000084900000| Untracked 
|  74|0x0000000084a00000, 0x0000000084b00000, 0x0000000084b00000|100%| O|  |TAMS 0x0000000084b00000, 0x0000000084a00000| Untracked 
|  75|0x0000000084b00000, 0x0000000084c00000, 0x0000000084c00000|100%| O|  |TAMS 0x0000000084c00000, 0x0000000084b00000| Untracked 
|  76|0x0000000084c00000, 0x0000000084d00000, 0x0000000084d00000|100%| O|  |TAMS 0x0000000084d00000, 0x0000000084c00000| Untracked 
|  77|0x0000000084d00000, 0x0000000084e00000, 0x0000000084e00000|100%| O|  |TAMS 0x0000000084e00000, 0x0000000084d00000| Untracked 
|  78|0x0000000084e00000, 0x0000000084f00000, 0x0000000084f00000|100%| O|  |TAMS 0x0000000084f00000, 0x0000000084e00000| Untracked 
|  79|0x0000000084f00000, 0x0000000085000000, 0x0000000085000000|100%| O|  |TAMS 0x0000000085000000, 0x0000000084f00000| Updating 
|  80|0x0000000085000000, 0x0000000085100000, 0x0000000085100000|100%| O|  |TAMS 0x0000000085100000, 0x0000000085000000| Untracked 
|  81|0x0000000085100000, 0x0000000085200000, 0x0000000085200000|100%| O|  |TAMS 0x0000000085200000, 0x0000000085100000| Untracked 
|  82|0x0000000085200000, 0x0000000085300000, 0x0000000085300000|100%| O|  |TAMS 0x0000000085300000, 0x0000000085200000| Updating 
|  83|0x0000000085300000, 0x0000000085400000, 0x0000000085400000|100%| O|  |TAMS 0x0000000085400000, 0x0000000085300000| Untracked 
|  84|0x0000000085400000, 0x0000000085500000, 0x0000000085500000|100%| O|  |TAMS 0x0000000085500000, 0x0000000085400000| Updating 
|  85|0x0000000085500000, 0x0000000085600000, 0x0000000085600000|100%| O|  |TAMS 0x0000000085600000, 0x0000000085500000| Updating 
|  86|0x0000000085600000, 0x0000000085700000, 0x0000000085700000|100%| O|  |TAMS 0x0000000085700000, 0x0000000085600000| Untracked 
|  87|0x0000000085700000, 0x0000000085800000, 0x0000000085800000|100%| O|  |TAMS 0x0000000085800000, 0x0000000085700000| Untracked 
|  88|0x0000000085800000, 0x0000000085900000, 0x0000000085900000|100%| O|  |TAMS 0x0000000085900000, 0x0000000085800000| Untracked 
|  89|0x0000000085900000, 0x0000000085a00000, 0x0000000085a00000|100%| O|  |TAMS 0x0000000085a00000, 0x0000000085900000| Updating 
|  90|0x0000000085a00000, 0x0000000085b00000, 0x0000000085b00000|100%| O|  |TAMS 0x0000000085b00000, 0x0000000085a00000| Updating 
|  91|0x0000000085b00000, 0x0000000085c00000, 0x0000000085c00000|100%| O|  |TAMS 0x0000000085c00000, 0x0000000085b00000| Updating 
|  92|0x0000000085c00000, 0x0000000085d00000, 0x0000000085d00000|100%| O|  |TAMS 0x0000000085d00000, 0x0000000085c00000| Updating 
|  93|0x0000000085d00000, 0x0000000085e00000, 0x0000000085e00000|100%| O|  |TAMS 0x0000000085e00000, 0x0000000085d00000| Updating 
|  94|0x0000000085e00000, 0x0000000085f00000, 0x0000000085f00000|100%| O|  |TAMS 0x0000000085f00000, 0x0000000085e00000| Updating 
|  95|0x0000000085f00000, 0x0000000086000000, 0x0000000086000000|100%| O|  |TAMS 0x0000000086000000, 0x0000000085f00000| Updating 
|  96|0x0000000086000000, 0x0000000086100000, 0x0000000086100000|100%| O|  |TAMS 0x0000000086100000, 0x0000000086000000| Updating 
|  97|0x0000000086100000, 0x0000000086100000, 0x0000000086200000|  0%| F|  |TAMS 0x0000000086100000, 0x0000000086100000| Untracked 
|  98|0x0000000086200000, 0x0000000086300000, 0x0000000086300000|100%| O|  |TAMS 0x0000000086300000, 0x0000000086200000| Updating 
|  99|0x0000000086300000, 0x0000000086400000, 0x0000000086400000|100%| O|  |TAMS 0x0000000086400000, 0x0000000086300000| Untracked 
| 100|0x0000000086400000, 0x0000000086500000, 0x0000000086500000|100%| O|  |TAMS 0x0000000086500000, 0x0000000086400000| Untracked 
| 101|0x0000000086500000, 0x0000000086600000, 0x0000000086600000|100%| O|  |TAMS 0x0000000086600000, 0x0000000086500000| Untracked 
| 102|0x0000000086600000, 0x0000000086700000, 0x0000000086700000|100%| O|  |TAMS 0x0000000086700000, 0x0000000086600000| Untracked 
| 103|0x0000000086700000, 0x0000000086800000, 0x0000000086800000|100%| O|  |TAMS 0x0000000086800000, 0x0000000086700000| Updating 
| 104|0x0000000086800000, 0x0000000086900000, 0x0000000086900000|100%| O|  |TAMS 0x0000000086900000, 0x0000000086800000| Updating 
| 105|0x0000000086900000, 0x0000000086a00000, 0x0000000086a00000|100%| O|  |TAMS 0x0000000086a00000, 0x0000000086900000| Updating 
| 106|0x0000000086a00000, 0x0000000086b00000, 0x0000000086b00000|100%| O|  |TAMS 0x0000000086b00000, 0x0000000086a00000| Updating 
| 107|0x0000000086b00000, 0x0000000086c00000, 0x0000000086c00000|100%|HS|  |TAMS 0x0000000086c00000, 0x0000000086b00000| Complete 
| 108|0x0000000086c00000, 0x0000000086c00000, 0x0000000086d00000|  0%| F|  |TAMS 0x0000000086c00000, 0x0000000086c00000| Untracked 
| 109|0x0000000086d00000, 0x0000000086d00000, 0x0000000086e00000|  0%| F|  |TAMS 0x0000000086d00000, 0x0000000086d00000| Untracked 
| 110|0x0000000086e00000, 0x0000000086f00000, 0x0000000086f00000|100%|HS|  |TAMS 0x0000000086f00000, 0x0000000086e00000| Complete 
| 111|0x0000000086f00000, 0x0000000087000000, 0x0000000087000000|100%|HC|  |TAMS 0x0000000087000000, 0x0000000086f00000| Complete 
| 112|0x0000000087000000, 0x0000000087100000, 0x0000000087100000|100%| O|  |TAMS 0x0000000087100000, 0x0000000087000000| Untracked 
| 113|0x0000000087100000, 0x0000000087200000, 0x0000000087200000|100%| O|  |TAMS 0x0000000087200000, 0x0000000087100000| Updating 
| 114|0x0000000087200000, 0x0000000087300000, 0x0000000087300000|100%| O|  |TAMS 0x0000000087300000, 0x0000000087200000| Updating 
| 115|0x0000000087300000, 0x0000000087400000, 0x0000000087400000|100%| O|  |TAMS 0x0000000087400000, 0x0000000087300000| Updating 
| 116|0x0000000087400000, 0x0000000087500000, 0x0000000087500000|100%| O|  |TAMS 0x0000000087500000, 0x0000000087400000| Updating 
| 117|0x0000000087500000, 0x0000000087600000, 0x0000000087600000|100%| O|  |TAMS 0x0000000087600000, 0x0000000087500000| Updating 
| 118|0x0000000087600000, 0x0000000087700000, 0x0000000087700000|100%| O|  |TAMS 0x0000000087700000, 0x0000000087600000| Updating 
| 119|0x0000000087700000, 0x0000000087800000, 0x0000000087800000|100%| O|  |TAMS 0x0000000087800000, 0x0000000087700000| Updating 
| 120|0x0000000087800000, 0x0000000087900000, 0x0000000087900000|100%| O|  |TAMS 0x0000000087900000, 0x0000000087800000| Untracked 
| 121|0x0000000087900000, 0x0000000087a00000, 0x0000000087a00000|100%|HS|  |TAMS 0x0000000087a00000, 0x0000000087900000| Complete 
| 122|0x0000000087a00000, 0x0000000087b00000, 0x0000000087b00000|100%|HS|  |TAMS 0x0000000087b00000, 0x0000000087a00000| Complete 
| 123|0x0000000087b00000, 0x0000000087c00000, 0x0000000087c00000|100%|HS|  |TAMS 0x0000000087c00000, 0x0000000087b00000| Complete 
| 124|0x0000000087c00000, 0x0000000087d00000, 0x0000000087d00000|100%|HC|  |TAMS 0x0000000087d00000, 0x0000000087c00000| Complete 
| 125|0x0000000087d00000, 0x0000000087e00000, 0x0000000087e00000|100%|HS|  |TAMS 0x0000000087e00000, 0x0000000087d00000| Complete 
| 126|0x0000000087e00000, 0x0000000087f00000, 0x0000000087f00000|100%|HC|  |TAMS 0x0000000087f00000, 0x0000000087e00000| Complete 
| 127|0x0000000087f00000, 0x0000000088000000, 0x0000000088000000|100%|HS|  |TAMS 0x0000000088000000, 0x0000000087f00000| Complete 
| 128|0x0000000088000000, 0x0000000088100000, 0x0000000088100000|100%|HC|  |TAMS 0x0000000088100000, 0x0000000088000000| Complete 
| 129|0x0000000088100000, 0x0000000088200000, 0x0000000088200000|100%|HC|  |TAMS 0x0000000088200000, 0x0000000088100000| Complete 
| 130|0x0000000088200000, 0x0000000088300000, 0x0000000088300000|100%|HS|  |TAMS 0x0000000088200000, 0x0000000088200000| Complete 
| 131|0x0000000088300000, 0x0000000088400000, 0x0000000088400000|100%|HS|  |TAMS 0x0000000088300000, 0x0000000088300000| Complete 
| 132|0x0000000088400000, 0x0000000088500000, 0x0000000088500000|100%|HS|  |TAMS 0x0000000088400000, 0x0000000088400000| Complete 
| 133|0x0000000088500000, 0x0000000088600000, 0x0000000088600000|100%|HS|  |TAMS 0x0000000088600000, 0x0000000088500000| Complete 
| 134|0x0000000088600000, 0x0000000088700000, 0x0000000088700000|100%|HC|  |TAMS 0x0000000088700000, 0x0000000088600000| Complete 
| 135|0x0000000088700000, 0x0000000088800000, 0x0000000088800000|100%|HS|  |TAMS 0x0000000088700000, 0x0000000088700000| Complete 
| 136|0x0000000088800000, 0x0000000088900000, 0x0000000088900000|100%|HS|  |TAMS 0x0000000088900000, 0x0000000088800000| Complete 
| 137|0x0000000088900000, 0x0000000088a00000, 0x0000000088a00000|100%|HS|  |TAMS 0x0000000088900000, 0x0000000088900000| Complete 
| 138|0x0000000088a00000, 0x0000000088b00000, 0x0000000088b00000|100%|HS|  |TAMS 0x0000000088b00000, 0x0000000088a00000| Complete 
| 139|0x0000000088b00000, 0x0000000088c00000, 0x0000000088c00000|100%|HS|  |TAMS 0x0000000088b00000, 0x0000000088b00000| Complete 
| 140|0x0000000088c00000, 0x0000000088d00000, 0x0000000088d00000|100%|HS|  |TAMS 0x0000000088d00000, 0x0000000088c00000| Complete 
| 141|0x0000000088d00000, 0x0000000088e00000, 0x0000000088e00000|100%|HS|  |TAMS 0x0000000088e00000, 0x0000000088d00000| Complete 
| 142|0x0000000088e00000, 0x0000000088f00000, 0x0000000088f00000|100%| O|  |TAMS 0x0000000088e00000, 0x0000000088e00000| Untracked 
| 143|0x0000000088f00000, 0x0000000089000000, 0x0000000089000000|100%| O|  |TAMS 0x0000000088f00000, 0x0000000088f00000| Untracked 
| 144|0x0000000089000000, 0x0000000089100000, 0x0000000089100000|100%| O|  |TAMS 0x0000000089000000, 0x0000000089000000| Untracked 
| 145|0x0000000089100000, 0x0000000089200000, 0x0000000089200000|100%| O|  |TAMS 0x0000000089100000, 0x0000000089100000| Untracked 
| 146|0x0000000089200000, 0x0000000089300000, 0x0000000089300000|100%| O|  |TAMS 0x0000000089200000, 0x0000000089200000| Untracked 
| 147|0x0000000089300000, 0x0000000089400000, 0x0000000089400000|100%| O|  |TAMS 0x0000000089300000, 0x0000000089300000| Untracked 
| 148|0x0000000089400000, 0x0000000089500000, 0x0000000089500000|100%| O|  |TAMS 0x0000000089400000, 0x0000000089400000| Untracked 
| 149|0x0000000089500000, 0x0000000089600000, 0x0000000089600000|100%| O|  |TAMS 0x0000000089500000, 0x0000000089500000| Untracked 
| 150|0x0000000089600000, 0x0000000089700000, 0x0000000089700000|100%| O|  |TAMS 0x0000000089600000, 0x0000000089600000| Untracked 
| 151|0x0000000089700000, 0x0000000089800000, 0x0000000089800000|100%| O|  |TAMS 0x0000000089700000, 0x0000000089700000| Untracked 
| 152|0x0000000089800000, 0x0000000089900000, 0x0000000089900000|100%| O|  |TAMS 0x0000000089800000, 0x0000000089800000| Untracked 
| 153|0x0000000089900000, 0x0000000089a00000, 0x0000000089a00000|100%| O|  |TAMS 0x0000000089900000, 0x0000000089900000| Untracked 
| 154|0x0000000089a00000, 0x0000000089b00000, 0x0000000089b00000|100%| O|  |TAMS 0x0000000089a00000, 0x0000000089a00000| Untracked 
| 155|0x0000000089b00000, 0x0000000089c00000, 0x0000000089c00000|100%| O|  |TAMS 0x0000000089b00000, 0x0000000089b00000| Untracked 
| 156|0x0000000089c00000, 0x0000000089d00000, 0x0000000089d00000|100%| O|  |TAMS 0x0000000089c00000, 0x0000000089c00000| Untracked 
| 157|0x0000000089d00000, 0x0000000089e00000, 0x0000000089e00000|100%|HS|  |TAMS 0x0000000089d00000, 0x0000000089d00000| Complete 
| 158|0x0000000089e00000, 0x0000000089f00000, 0x0000000089f00000|100%|HC|  |TAMS 0x0000000089e00000, 0x0000000089e00000| Complete 
| 159|0x0000000089f00000, 0x000000008a000000, 0x000000008a000000|100%|HS|  |TAMS 0x0000000089f00000, 0x0000000089f00000| Complete 
| 160|0x000000008a000000, 0x000000008a100000, 0x000000008a100000|100%|HC|  |TAMS 0x000000008a000000, 0x000000008a000000| Complete 
| 161|0x000000008a100000, 0x000000008a200000, 0x000000008a200000|100%|HS|  |TAMS 0x000000008a100000, 0x000000008a100000| Complete 
| 162|0x000000008a200000, 0x000000008a300000, 0x000000008a300000|100%|HC|  |TAMS 0x000000008a200000, 0x000000008a200000| Complete 
| 163|0x000000008a300000, 0x000000008a400000, 0x000000008a400000|100%|HS|  |TAMS 0x000000008a300000, 0x000000008a300000| Complete 
| 164|0x000000008a400000, 0x000000008a500000, 0x000000008a500000|100%|HC|  |TAMS 0x000000008a400000, 0x000000008a400000| Complete 
| 165|0x000000008a500000, 0x000000008a600000, 0x000000008a600000|100%|HS|  |TAMS 0x000000008a500000, 0x000000008a500000| Complete 
| 166|0x000000008a600000, 0x000000008a700000, 0x000000008a700000|100%|HC|  |TAMS 0x000000008a600000, 0x000000008a600000| Complete 
| 167|0x000000008a700000, 0x000000008a800000, 0x000000008a800000|100%|HS|  |TAMS 0x000000008a700000, 0x000000008a700000| Complete 
| 168|0x000000008a800000, 0x000000008a900000, 0x000000008a900000|100%|HC|  |TAMS 0x000000008a800000, 0x000000008a800000| Complete 
| 169|0x000000008a900000, 0x000000008aa00000, 0x000000008aa00000|100%|HC|  |TAMS 0x000000008a900000, 0x000000008a900000| Complete 
| 170|0x000000008aa00000, 0x000000008ab00000, 0x000000008ab00000|100%|HS|  |TAMS 0x000000008aa00000, 0x000000008aa00000| Complete 
| 171|0x000000008ab00000, 0x000000008ac00000, 0x000000008ac00000|100%|HC|  |TAMS 0x000000008ab00000, 0x000000008ab00000| Complete 
| 172|0x000000008ac00000, 0x000000008ad00000, 0x000000008ad00000|100%|HC|  |TAMS 0x000000008ac00000, 0x000000008ac00000| Complete 
| 173|0x000000008ad00000, 0x000000008ad00000, 0x000000008ae00000|  0%| F|  |TAMS 0x000000008ad00000, 0x000000008ad00000| Untracked 
| 174|0x000000008ae00000, 0x000000008ae13400, 0x000000008af00000|  7%| O|  |TAMS 0x000000008ae00000, 0x000000008ae00000| Updating 
| 175|0x000000008af00000, 0x000000008af00000, 0x000000008b000000|  0%| F|  |TAMS 0x000000008af00000, 0x000000008af00000| Untracked 
| 176|0x000000008b000000, 0x000000008b000000, 0x000000008b100000|  0%| F|  |TAMS 0x000000008b000000, 0x000000008b000000| Untracked 
| 177|0x000000008b100000, 0x000000008b100000, 0x000000008b200000|  0%| F|  |TAMS 0x000000008b100000, 0x000000008b100000| Untracked 
| 178|0x000000008b200000, 0x000000008b200000, 0x000000008b300000|  0%| F|  |TAMS 0x000000008b200000, 0x000000008b200000| Untracked 
| 179|0x000000008b300000, 0x000000008b300000, 0x000000008b400000|  0%| F|  |TAMS 0x000000008b300000, 0x000000008b300000| Untracked 
| 180|0x000000008b400000, 0x000000008b400000, 0x000000008b500000|  0%| F|  |TAMS 0x000000008b400000, 0x000000008b400000| Untracked 
| 181|0x000000008b500000, 0x000000008b500000, 0x000000008b600000|  0%| F|  |TAMS 0x000000008b500000, 0x000000008b500000| Untracked 
| 182|0x000000008b600000, 0x000000008b600000, 0x000000008b700000|  0%| F|  |TAMS 0x000000008b600000, 0x000000008b600000| Untracked 
| 183|0x000000008b700000, 0x000000008b700000, 0x000000008b800000|  0%| F|  |TAMS 0x000000008b700000, 0x000000008b700000| Untracked 
| 184|0x000000008b800000, 0x000000008b800000, 0x000000008b900000|  0%| F|  |TAMS 0x000000008b800000, 0x000000008b800000| Untracked 
| 185|0x000000008b900000, 0x000000008b900000, 0x000000008ba00000|  0%| F|  |TAMS 0x000000008b900000, 0x000000008b900000| Untracked 
| 186|0x000000008ba00000, 0x000000008ba00000, 0x000000008bb00000|  0%| F|  |TAMS 0x000000008ba00000, 0x000000008ba00000| Untracked 
| 187|0x000000008bb00000, 0x000000008bb00000, 0x000000008bc00000|  0%| F|  |TAMS 0x000000008bb00000, 0x000000008bb00000| Untracked 
| 188|0x000000008bc00000, 0x000000008bc00000, 0x000000008bd00000|  0%| F|  |TAMS 0x000000008bc00000, 0x000000008bc00000| Untracked 
| 189|0x000000008bd00000, 0x000000008bd00000, 0x000000008be00000|  0%| F|  |TAMS 0x000000008bd00000, 0x000000008bd00000| Untracked 
| 190|0x000000008be00000, 0x000000008be00000, 0x000000008bf00000|  0%| F|  |TAMS 0x000000008be00000, 0x000000008be00000| Untracked 
| 191|0x000000008bf00000, 0x000000008bf00000, 0x000000008c000000|  0%| F|  |TAMS 0x000000008bf00000, 0x000000008bf00000| Untracked 
| 192|0x000000008c000000, 0x000000008c000000, 0x000000008c100000|  0%| F|  |TAMS 0x000000008c000000, 0x000000008c000000| Untracked 
| 193|0x000000008c100000, 0x000000008c100000, 0x000000008c200000|  0%| F|  |TAMS 0x000000008c100000, 0x000000008c100000| Untracked 
| 194|0x000000008c200000, 0x000000008c200000, 0x000000008c300000|  0%| F|  |TAMS 0x000000008c200000, 0x000000008c200000| Untracked 
| 195|0x000000008c300000, 0x000000008c300000, 0x000000008c400000|  0%| F|  |TAMS 0x000000008c300000, 0x000000008c300000| Untracked 
| 196|0x000000008c400000, 0x000000008c400000, 0x000000008c500000|  0%| F|  |TAMS 0x000000008c400000, 0x000000008c400000| Untracked 
| 197|0x000000008c500000, 0x000000008c500000, 0x000000008c600000|  0%| F|  |TAMS 0x000000008c500000, 0x000000008c500000| Untracked 
| 198|0x000000008c600000, 0x000000008c600000, 0x000000008c700000|  0%| F|  |TAMS 0x000000008c600000, 0x000000008c600000| Untracked 
| 199|0x000000008c700000, 0x000000008c700000, 0x000000008c800000|  0%| F|  |TAMS 0x000000008c700000, 0x000000008c700000| Untracked 
| 200|0x000000008c800000, 0x000000008c800000, 0x000000008c900000|  0%| F|  |TAMS 0x000000008c800000, 0x000000008c800000| Untracked 
| 201|0x000000008c900000, 0x000000008c900000, 0x000000008ca00000|  0%| F|  |TAMS 0x000000008c900000, 0x000000008c900000| Untracked 
| 202|0x000000008ca00000, 0x000000008ca00000, 0x000000008cb00000|  0%| F|  |TAMS 0x000000008ca00000, 0x000000008ca00000| Untracked 
| 203|0x000000008cb00000, 0x000000008cb00000, 0x000000008cc00000|  0%| F|  |TAMS 0x000000008cb00000, 0x000000008cb00000| Untracked 
| 204|0x000000008cc00000, 0x000000008cc00000, 0x000000008cd00000|  0%| F|  |TAMS 0x000000008cc00000, 0x000000008cc00000| Untracked 
| 205|0x000000008cd00000, 0x000000008cd00000, 0x000000008ce00000|  0%| F|  |TAMS 0x000000008cd00000, 0x000000008cd00000| Untracked 
| 206|0x000000008ce00000, 0x000000008ce00000, 0x000000008cf00000|  0%| F|  |TAMS 0x000000008ce00000, 0x000000008ce00000| Untracked 
| 207|0x000000008cf00000, 0x000000008cf00000, 0x000000008d000000|  0%| F|  |TAMS 0x000000008cf00000, 0x000000008cf00000| Untracked 
| 208|0x000000008d000000, 0x000000008d000000, 0x000000008d100000|  0%| F|  |TAMS 0x000000008d000000, 0x000000008d000000| Untracked 
| 209|0x000000008d100000, 0x000000008d100000, 0x000000008d200000|  0%| F|  |TAMS 0x000000008d100000, 0x000000008d100000| Untracked 
| 210|0x000000008d200000, 0x000000008d200000, 0x000000008d300000|  0%| F|  |TAMS 0x000000008d200000, 0x000000008d200000| Untracked 
| 211|0x000000008d300000, 0x000000008d300000, 0x000000008d400000|  0%| F|  |TAMS 0x000000008d300000, 0x000000008d300000| Untracked 
| 212|0x000000008d400000, 0x000000008d400000, 0x000000008d500000|  0%| F|  |TAMS 0x000000008d400000, 0x000000008d400000| Untracked 
| 213|0x000000008d500000, 0x000000008d500000, 0x000000008d600000|  0%| F|  |TAMS 0x000000008d500000, 0x000000008d500000| Untracked 
| 214|0x000000008d600000, 0x000000008d600000, 0x000000008d700000|  0%| F|  |TAMS 0x000000008d600000, 0x000000008d600000| Untracked 
| 215|0x000000008d700000, 0x000000008d700000, 0x000000008d800000|  0%| F|  |TAMS 0x000000008d700000, 0x000000008d700000| Untracked 
| 216|0x000000008d800000, 0x000000008d800000, 0x000000008d900000|  0%| F|  |TAMS 0x000000008d800000, 0x000000008d800000| Untracked 
| 217|0x000000008d900000, 0x000000008d900000, 0x000000008da00000|  0%| F|  |TAMS 0x000000008d900000, 0x000000008d900000| Untracked 
| 218|0x000000008da00000, 0x000000008da00000, 0x000000008db00000|  0%| F|  |TAMS 0x000000008da00000, 0x000000008da00000| Untracked 
| 219|0x000000008db00000, 0x000000008db00000, 0x000000008dc00000|  0%| F|  |TAMS 0x000000008db00000, 0x000000008db00000| Untracked 
| 220|0x000000008dc00000, 0x000000008dc00000, 0x000000008dd00000|  0%| F|  |TAMS 0x000000008dc00000, 0x000000008dc00000| Untracked 
| 221|0x000000008dd00000, 0x000000008dd456e8, 0x000000008de00000| 27%| E|  |TAMS 0x000000008dd00000, 0x000000008dd00000| Complete 
| 222|0x000000008de00000, 0x000000008df00000, 0x000000008df00000|100%| E|CS|TAMS 0x000000008de00000, 0x000000008de00000| Complete 
| 223|0x000000008df00000, 0x000000008e000000, 0x000000008e000000|100%| E|CS|TAMS 0x000000008df00000, 0x000000008df00000| Complete 
| 224|0x000000008e000000, 0x000000008e100000, 0x000000008e100000|100%| E|CS|TAMS 0x000000008e000000, 0x000000008e000000| Complete 
| 225|0x000000008e100000, 0x000000008e200000, 0x000000008e200000|100%| E|CS|TAMS 0x000000008e100000, 0x000000008e100000| Complete 
| 226|0x000000008e200000, 0x000000008e300000, 0x000000008e300000|100%| E|CS|TAMS 0x000000008e200000, 0x000000008e200000| Complete 
| 227|0x000000008e300000, 0x000000008e400000, 0x000000008e400000|100%| E|CS|TAMS 0x000000008e300000, 0x000000008e300000| Complete 
| 228|0x000000008e400000, 0x000000008e500000, 0x000000008e500000|100%| E|CS|TAMS 0x000000008e400000, 0x000000008e400000| Complete 
| 229|0x000000008e500000, 0x000000008e600000, 0x000000008e600000|100%| E|CS|TAMS 0x000000008e500000, 0x000000008e500000| Complete 
| 230|0x000000008e600000, 0x000000008e700000, 0x000000008e700000|100%| E|CS|TAMS 0x000000008e600000, 0x000000008e600000| Complete 
| 231|0x000000008e700000, 0x000000008e800000, 0x000000008e800000|100%| E|CS|TAMS 0x000000008e700000, 0x000000008e700000| Complete 
| 232|0x000000008e800000, 0x000000008e900000, 0x000000008e900000|100%| E|CS|TAMS 0x000000008e800000, 0x000000008e800000| Complete 
| 233|0x000000008e900000, 0x000000008ea00000, 0x000000008ea00000|100%| E|CS|TAMS 0x000000008e900000, 0x000000008e900000| Complete 
| 234|0x000000008ea00000, 0x000000008eb00000, 0x000000008eb00000|100%| E|CS|TAMS 0x000000008ea00000, 0x000000008ea00000| Complete 
| 235|0x000000008eb00000, 0x000000008ec00000, 0x000000008ec00000|100%| E|CS|TAMS 0x000000008eb00000, 0x000000008eb00000| Complete 
| 236|0x000000008ec00000, 0x000000008ed00000, 0x000000008ed00000|100%| E|CS|TAMS 0x000000008ec00000, 0x000000008ec00000| Complete 
| 237|0x000000008ed00000, 0x000000008ee00000, 0x000000008ee00000|100%| E|CS|TAMS 0x000000008ed00000, 0x000000008ed00000| Complete 
| 238|0x000000008ee00000, 0x000000008ef00000, 0x000000008ef00000|100%| E|CS|TAMS 0x000000008ee00000, 0x000000008ee00000| Complete 
| 239|0x000000008ef00000, 0x000000008f000000, 0x000000008f000000|100%| E|CS|TAMS 0x000000008ef00000, 0x000000008ef00000| Complete 
| 240|0x000000008f000000, 0x000000008f100000, 0x000000008f100000|100%| S|CS|TAMS 0x000000008f000000, 0x000000008f000000| Complete 
| 241|0x000000008f100000, 0x000000008f200000, 0x000000008f200000|100%| S|CS|TAMS 0x000000008f100000, 0x000000008f100000| Complete 
| 242|0x000000008f200000, 0x000000008f300000, 0x000000008f300000|100%| S|CS|TAMS 0x000000008f200000, 0x000000008f200000| Complete 
| 243|0x000000008f300000, 0x000000008f400000, 0x000000008f400000|100%| S|CS|TAMS 0x000000008f300000, 0x000000008f300000| Complete 
| 244|0x000000008f400000, 0x000000008f500000, 0x000000008f500000|100%| S|CS|TAMS 0x000000008f400000, 0x000000008f400000| Complete 
| 245|0x000000008f500000, 0x000000008f600000, 0x000000008f600000|100%| S|CS|TAMS 0x000000008f500000, 0x000000008f500000| Complete 
| 246|0x000000008f600000, 0x000000008f700000, 0x000000008f700000|100%| S|CS|TAMS 0x000000008f600000, 0x000000008f600000| Complete 
| 247|0x000000008f700000, 0x000000008f800000, 0x000000008f800000|100%| S|CS|TAMS 0x000000008f700000, 0x000000008f700000| Complete 
| 248|0x000000008f800000, 0x000000008f900000, 0x000000008f900000|100%| S|CS|TAMS 0x000000008f800000, 0x000000008f800000| Complete 
| 249|0x000000008f900000, 0x000000008fa00000, 0x000000008fa00000|100%| S|CS|TAMS 0x000000008f900000, 0x000000008f900000| Complete 
| 250|0x000000008fa00000, 0x000000008fb00000, 0x000000008fb00000|100%| S|CS|TAMS 0x000000008fa00000, 0x000000008fa00000| Complete 
| 251|0x000000008fb00000, 0x000000008fc00000, 0x000000008fc00000|100%| S|CS|TAMS 0x000000008fb00000, 0x000000008fb00000| Complete 
| 252|0x000000008fc00000, 0x000000008fd00000, 0x000000008fd00000|100%| E|CS|TAMS 0x000000008fc00000, 0x000000008fc00000| Complete 
| 253|0x000000008fd00000, 0x000000008fe00000, 0x000000008fe00000|100%| E|CS|TAMS 0x000000008fd00000, 0x000000008fd00000| Complete 
| 254|0x000000008fe00000, 0x000000008ff00000, 0x000000008ff00000|100%| E|CS|TAMS 0x000000008fe00000, 0x000000008fe00000| Complete 
| 255|0x000000008ff00000, 0x0000000090000000, 0x0000000090000000|100%| E|CS|TAMS 0x000000008ff00000, 0x000000008ff00000| Complete 
| 256|0x0000000090000000, 0x0000000090100000, 0x0000000090100000|100%| E|CS|TAMS 0x0000000090000000, 0x0000000090000000| Complete 
| 257|0x0000000090100000, 0x0000000090200000, 0x0000000090200000|100%| E|CS|TAMS 0x0000000090100000, 0x0000000090100000| Complete 
| 258|0x0000000090200000, 0x0000000090300000, 0x0000000090300000|100%| E|CS|TAMS 0x0000000090200000, 0x0000000090200000| Complete 
| 259|0x0000000090300000, 0x0000000090400000, 0x0000000090400000|100%| E|CS|TAMS 0x0000000090300000, 0x0000000090300000| Complete 
| 260|0x0000000090400000, 0x0000000090500000, 0x0000000090500000|100%| E|CS|TAMS 0x0000000090400000, 0x0000000090400000| Complete 
| 261|0x0000000090500000, 0x0000000090600000, 0x0000000090600000|100%| E|CS|TAMS 0x0000000090500000, 0x0000000090500000| Complete 
| 262|0x0000000090600000, 0x0000000090700000, 0x0000000090700000|100%| E|CS|TAMS 0x0000000090600000, 0x0000000090600000| Complete 
| 263|0x0000000090700000, 0x0000000090800000, 0x0000000090800000|100%| E|CS|TAMS 0x0000000090700000, 0x0000000090700000| Complete 
| 264|0x0000000090800000, 0x0000000090900000, 0x0000000090900000|100%| E|CS|TAMS 0x0000000090800000, 0x0000000090800000| Complete 
| 265|0x0000000090900000, 0x0000000090a00000, 0x0000000090a00000|100%| E|CS|TAMS 0x0000000090900000, 0x0000000090900000| Complete 
| 266|0x0000000090a00000, 0x0000000090b00000, 0x0000000090b00000|100%| E|CS|TAMS 0x0000000090a00000, 0x0000000090a00000| Complete 
| 267|0x0000000090b00000, 0x0000000090c00000, 0x0000000090c00000|100%| E|CS|TAMS 0x0000000090b00000, 0x0000000090b00000| Complete 
| 268|0x0000000090c00000, 0x0000000090d00000, 0x0000000090d00000|100%| E|CS|TAMS 0x0000000090c00000, 0x0000000090c00000| Complete 
| 269|0x0000000090d00000, 0x0000000090e00000, 0x0000000090e00000|100%| E|CS|TAMS 0x0000000090d00000, 0x0000000090d00000| Complete 
| 270|0x0000000090e00000, 0x0000000090f00000, 0x0000000090f00000|100%| E|CS|TAMS 0x0000000090e00000, 0x0000000090e00000| Complete 
| 271|0x0000000090f00000, 0x0000000091000000, 0x0000000091000000|100%| E|CS|TAMS 0x0000000090f00000, 0x0000000090f00000| Complete 
| 272|0x0000000091000000, 0x0000000091100000, 0x0000000091100000|100%| E|CS|TAMS 0x0000000091000000, 0x0000000091000000| Complete 
| 273|0x0000000091100000, 0x0000000091200000, 0x0000000091200000|100%| E|CS|TAMS 0x0000000091100000, 0x0000000091100000| Complete 
| 274|0x0000000091200000, 0x0000000091300000, 0x0000000091300000|100%| E|  |TAMS 0x0000000091200000, 0x0000000091200000| Complete 
| 275|0x0000000091300000, 0x0000000091400000, 0x0000000091400000|100%| E|CS|TAMS 0x0000000091300000, 0x0000000091300000| Complete 
| 276|0x0000000091400000, 0x0000000091500000, 0x0000000091500000|100%| E|CS|TAMS 0x0000000091400000, 0x0000000091400000| Complete 
| 277|0x0000000091500000, 0x0000000091600000, 0x0000000091600000|100%| E|CS|TAMS 0x0000000091500000, 0x0000000091500000| Complete 
| 278|0x0000000091600000, 0x0000000091700000, 0x0000000091700000|100%| E|CS|TAMS 0x0000000091600000, 0x0000000091600000| Complete 
| 279|0x0000000091700000, 0x0000000091800000, 0x0000000091800000|100%| E|CS|TAMS 0x0000000091700000, 0x0000000091700000| Complete 
| 280|0x0000000091800000, 0x0000000091900000, 0x0000000091900000|100%| E|CS|TAMS 0x0000000091800000, 0x0000000091800000| Complete 
| 281|0x0000000091900000, 0x0000000091a00000, 0x0000000091a00000|100%| E|CS|TAMS 0x0000000091900000, 0x0000000091900000| Complete 
| 282|0x0000000091a00000, 0x0000000091b00000, 0x0000000091b00000|100%| E|CS|TAMS 0x0000000091a00000, 0x0000000091a00000| Complete 
| 283|0x0000000091b00000, 0x0000000091c00000, 0x0000000091c00000|100%| E|CS|TAMS 0x0000000091b00000, 0x0000000091b00000| Complete 
| 284|0x0000000091c00000, 0x0000000091d00000, 0x0000000091d00000|100%| E|CS|TAMS 0x0000000091c00000, 0x0000000091c00000| Complete 
| 285|0x0000000091d00000, 0x0000000091e00000, 0x0000000091e00000|100%| E|CS|TAMS 0x0000000091d00000, 0x0000000091d00000| Complete 
| 286|0x0000000091e00000, 0x0000000091f00000, 0x0000000091f00000|100%| E|CS|TAMS 0x0000000091e00000, 0x0000000091e00000| Complete 
| 287|0x0000000091f00000, 0x0000000092000000, 0x0000000092000000|100%| E|CS|TAMS 0x0000000091f00000, 0x0000000091f00000| Complete 
| 288|0x0000000092000000, 0x0000000092100000, 0x0000000092100000|100%| E|CS|TAMS 0x0000000092000000, 0x0000000092000000| Complete 
| 289|0x0000000092100000, 0x0000000092200000, 0x0000000092200000|100%| E|CS|TAMS 0x0000000092100000, 0x0000000092100000| Complete 
| 290|0x0000000092200000, 0x0000000092300000, 0x0000000092300000|100%| E|CS|TAMS 0x0000000092200000, 0x0000000092200000| Complete 
| 291|0x0000000092300000, 0x0000000092400000, 0x0000000092400000|100%| E|CS|TAMS 0x0000000092300000, 0x0000000092300000| Complete 
| 292|0x0000000092400000, 0x0000000092500000, 0x0000000092500000|100%| E|CS|TAMS 0x0000000092400000, 0x0000000092400000| Complete 
| 293|0x0000000092500000, 0x0000000092600000, 0x0000000092600000|100%| E|CS|TAMS 0x0000000092500000, 0x0000000092500000| Complete 
| 294|0x0000000092600000, 0x0000000092700000, 0x0000000092700000|100%| E|CS|TAMS 0x0000000092600000, 0x0000000092600000| Complete 
| 295|0x0000000092700000, 0x0000000092800000, 0x0000000092800000|100%| E|CS|TAMS 0x0000000092700000, 0x0000000092700000| Complete 
| 296|0x0000000092800000, 0x0000000092900000, 0x0000000092900000|100%| E|CS|TAMS 0x0000000092800000, 0x0000000092800000| Complete 
| 297|0x0000000092900000, 0x0000000092a00000, 0x0000000092a00000|100%| E|CS|TAMS 0x0000000092900000, 0x0000000092900000| Complete 
| 298|0x0000000092a00000, 0x0000000092b00000, 0x0000000092b00000|100%| E|CS|TAMS 0x0000000092a00000, 0x0000000092a00000| Complete 
| 299|0x0000000092b00000, 0x0000000092c00000, 0x0000000092c00000|100%| E|CS|TAMS 0x0000000092b00000, 0x0000000092b00000| Complete 
| 300|0x0000000092c00000, 0x0000000092d00000, 0x0000000092d00000|100%| E|CS|TAMS 0x0000000092c00000, 0x0000000092c00000| Complete 
| 301|0x0000000092d00000, 0x0000000092e00000, 0x0000000092e00000|100%| E|CS|TAMS 0x0000000092d00000, 0x0000000092d00000| Complete 
| 302|0x0000000092e00000, 0x0000000092f00000, 0x0000000092f00000|100%| E|CS|TAMS 0x0000000092e00000, 0x0000000092e00000| Complete 
| 303|0x0000000092f00000, 0x0000000093000000, 0x0000000093000000|100%| E|CS|TAMS 0x0000000092f00000, 0x0000000092f00000| Complete 
| 304|0x0000000093000000, 0x0000000093100000, 0x0000000093100000|100%| E|CS|TAMS 0x0000000093000000, 0x0000000093000000| Complete 
| 305|0x0000000093100000, 0x0000000093200000, 0x0000000093200000|100%| E|CS|TAMS 0x0000000093100000, 0x0000000093100000| Complete 
| 306|0x0000000093200000, 0x0000000093300000, 0x0000000093300000|100%| E|CS|TAMS 0x0000000093200000, 0x0000000093200000| Complete 
| 307|0x0000000093300000, 0x0000000093400000, 0x0000000093400000|100%| E|CS|TAMS 0x0000000093300000, 0x0000000093300000| Complete 
| 308|0x0000000093400000, 0x0000000093500000, 0x0000000093500000|100%| E|CS|TAMS 0x0000000093400000, 0x0000000093400000| Complete 
| 309|0x0000000093500000, 0x0000000093600000, 0x0000000093600000|100%| E|CS|TAMS 0x0000000093500000, 0x0000000093500000| Complete 
| 310|0x0000000093600000, 0x0000000093700000, 0x0000000093700000|100%| E|CS|TAMS 0x0000000093600000, 0x0000000093600000| Complete 
| 311|0x0000000093700000, 0x0000000093800000, 0x0000000093800000|100%| E|CS|TAMS 0x0000000093700000, 0x0000000093700000| Complete 
| 312|0x0000000093800000, 0x0000000093900000, 0x0000000093900000|100%| E|CS|TAMS 0x0000000093800000, 0x0000000093800000| Complete 
| 313|0x0000000093900000, 0x0000000093a00000, 0x0000000093a00000|100%| E|CS|TAMS 0x0000000093900000, 0x0000000093900000| Complete 
| 314|0x0000000093a00000, 0x0000000093b00000, 0x0000000093b00000|100%| E|CS|TAMS 0x0000000093a00000, 0x0000000093a00000| Complete 
| 315|0x0000000093b00000, 0x0000000093c00000, 0x0000000093c00000|100%| E|CS|TAMS 0x0000000093b00000, 0x0000000093b00000| Complete 

Card table byte_map: [0x000001e9fbca0000,0x000001e9fc0a0000] _byte_map_base: 0x000001e9fb8a0000

Marking Bits (Prev, Next): (CMBitMap*) 0x000001e9f84260c0, (CMBitMap*) 0x000001e9f8426080
 Prev Bits: [0x000001e98f000000, 0x000001e991000000)
 Next Bits: [0x000001e9fc4a0000, 0x000001e9fe4a0000)

Polling page: 0x000001e9f7ba0000

Metaspace:

Usage:
  Non-class:     99.82 MB used.
      Class:     15.28 MB used.
       Both:    115.10 MB used.

Virtual space:
  Non-class space:      104.00 MB reserved,     100.19 MB ( 96%) committed,  13 nodes.
      Class space:        1.00 GB reserved,      15.62 MB (  2%) committed,  1 nodes.
             Both:        1.10 GB reserved,     115.81 MB ( 10%) committed. 

Chunk freelists:
   Non-Class:  3.59 MB
       Class:  320.00 KB
        Both:  3.91 MB

MaxMetaspaceSize: unlimited
CompressedClassSpaceSize: 1.00 GB
Initial GC threshold: 21.00 MB
Current GC threshold: 150.62 MB
CDS: off
MetaspaceReclaimPolicy: balanced
 - commit_granule_bytes: 65536.
 - commit_granule_words: 8192.
 - virtual_space_node_default_size: 1048576.
 - enlarge_chunks_in_place: 1.
 - new_chunks_are_fully_committed: 0.
 - uncommit_free_chunks: 1.
 - use_allocation_guard: 0.
 - handle_deallocations: 1.


Internal statistics:

num_allocs_failed_limit: 9.
num_arena_births: 1072.
num_arena_deaths: 0.
num_vsnodes_births: 14.
num_vsnodes_deaths: 0.
num_space_committed: 1851.
num_space_uncommitted: 0.
num_chunks_returned_to_freelist: 9.
num_chunks_taken_from_freelist: 5334.
num_chunk_merges: 9.
num_chunk_splits: 3587.
num_chunks_enlarged: 2454.
num_purges: 0.
num_inconsistent_stats: 0.

CodeHeap 'non-profiled nmethods': size=120000Kb used=7091Kb max_used=7222Kb free=112908Kb
 bounds [0x000001e987ad0000, 0x000001e988200000, 0x000001e98f000000]
CodeHeap 'profiled nmethods': size=120000Kb used=25714Kb max_used=26399Kb free=94285Kb
 bounds [0x000001e980000000, 0x000001e981a00000, 0x000001e987530000]
CodeHeap 'non-nmethods': size=5760Kb used=2469Kb max_used=2533Kb free=3290Kb
 bounds [0x000001e987530000, 0x000001e9877b0000, 0x000001e987ad0000]
 total_blobs=13868 nmethods=12857 adapters=922
 compilation: enabled
              stopped_count=0, restarted_count=0
 full_count=0

Compilation events (20 events):
Event: 27.108 Thread 0x000001e9ff408070 15361       4       com.android.tools.r8.dex.s::f (8 bytes)
Event: 27.109 Thread 0x000001e9ff408070 nmethod 15361 0x000001e98808d590 code [0x000001e98808d720, 0x000001e98808d878]
Event: 27.109 Thread 0x000001e9ff408070 15223       4       com.android.tools.r8.graph.u2::s0 (18 bytes)
Event: 27.109 Thread 0x000001e9ff408070 nmethod 15223 0x000001e987e26890 code [0x000001e987e26a20, 0x000001e987e26ac8]
Event: 27.127 Thread 0x000001e9ff408070 15367       4       java.util.ImmutableCollections$Set12$1::hasNext (13 bytes)
Event: 27.127 Thread 0x000001e9ff408070 nmethod 15367 0x000001e98808d290 code [0x000001e98808d400, 0x000001e98808d498]
Event: 27.136 Thread 0x000001e9ff408070 15369       4       java.lang.String::regionMatches (150 bytes)
Event: 27.137 Thread 0x000001e9ff413140 15370       3       java.lang.invoke.TypeConvertingMethodAdapter::iconst (87 bytes)
Event: 27.137 Thread 0x000001e9ff413140 nmethod 15370 0x000001e9819b7e90 code [0x000001e9819b80c0, 0x000001e9819b8978]
Event: 27.147 Thread 0x000001e9ff408070 nmethod 15369 0x000001e987b96690 code [0x000001e987b96840, 0x000001e987b97078]
Event: 27.150 Thread 0x000001e9ff413140 15371       3       java.util.Collections$SetFromMap::remove (19 bytes)
Event: 27.150 Thread 0x000001e9ff413140 nmethod 15371 0x000001e9812b7b90 code [0x000001e9812b7d40, 0x000001e9812b7f68]
Event: 27.152 Thread 0x000001e9ff408070 15372       4       java.util.zip.InflaterInputStream::close (34 bytes)
Event: 27.162 Thread 0x000001e9ff408070 nmethod 15372 0x000001e988010d10 code [0x000001e988010ee0, 0x000001e988011858]
Event: 27.162 Thread 0x000001e9ff413140 15373       3       java.util.WeakHashMap::remove (131 bytes)
Event: 27.162 Thread 0x000001e9ff413140 nmethod 15373 0x000001e980c90810 code [0x000001e980c90a60, 0x000001e980c91598]
Event: 27.164 Thread 0x000001e9ff413140 15374   !   3       java.util.zip.ZipFile$ZipFileInflaterInputStream::close (67 bytes)
Event: 27.164 Thread 0x000001e9ff413140 nmethod 15374 0x000001e98130de90 code [0x000001e98130e0c0, 0x000001e98130e8d8]
Event: 27.168 Thread 0x000001e9ff408070 15375       4       java.lang.ClassLoader::findClass (9 bytes)
Event: 27.169 Thread 0x000001e9ff408070 nmethod 15375 0x000001e98808cc10 code [0x000001e98808cda0, 0x000001e98808ce88]

GC Heap History (20 events):
Event: 13.232 GC heap before
{Heap before GC invocations=20 (full 0):
 garbage-first heap   total 190464K, used 147982K [0x0000000080000000, 0x0000000100000000)
  region size 1024K, 85 young (87040K), 8 survivors (8192K)
 Metaspace       used 87574K, committed 88192K, reserved 1130496K
  class space    used 11797K, committed 12096K, reserved 1048576K
}
Event: 13.259 GC heap after
{Heap after GC invocations=21 (full 0):
 garbage-first heap   total 190464K, used 81352K [0x0000000080000000, 0x0000000100000000)
  region size 1024K, 11 young (11264K), 11 survivors (11264K)
 Metaspace       used 87574K, committed 88192K, reserved 1130496K
  class space    used 11797K, committed 12096K, reserved 1048576K
}
Event: 14.714 GC heap before
{Heap before GC invocations=21 (full 0):
 garbage-first heap   total 190464K, used 146888K [0x0000000080000000, 0x0000000100000000)
  region size 1024K, 76 young (77824K), 11 survivors (11264K)
 Metaspace       used 88125K, committed 88704K, reserved 1130496K
  class space    used 11860K, committed 12160K, reserved 1048576K
}
Event: 14.742 GC heap after
{Heap after GC invocations=22 (full 0):
 garbage-first heap   total 190464K, used 89086K [0x0000000080000000, 0x0000000100000000)
  region size 1024K, 7 young (7168K), 7 survivors (7168K)
 Metaspace       used 88125K, committed 88704K, reserved 1130496K
  class space    used 11860K, committed 12160K, reserved 1048576K
}
Event: 17.154 GC heap before
{Heap before GC invocations=22 (full 0):
 garbage-first heap   total 190464K, used 151550K [0x0000000080000000, 0x0000000100000000)
  region size 1024K, 67 young (68608K), 7 survivors (7168K)
 Metaspace       used 91873K, committed 92480K, reserved 1130496K
  class space    used 12327K, committed 12608K, reserved 1048576K
}
Event: 17.180 GC heap after
{Heap after GC invocations=23 (full 0):
 garbage-first heap   total 190464K, used 108535K [0x0000000080000000, 0x0000000100000000)
  region size 1024K, 9 young (9216K), 9 survivors (9216K)
 Metaspace       used 91873K, committed 92480K, reserved 1130496K
  class space    used 12327K, committed 12608K, reserved 1048576K
}
Event: 17.193 GC heap before
{Heap before GC invocations=23 (full 0):
 garbage-first heap   total 190464K, used 108535K [0x0000000080000000, 0x0000000100000000)
  region size 1024K, 11 young (11264K), 9 survivors (9216K)
 Metaspace       used 91874K, committed 92480K, reserved 1130496K
  class space    used 12327K, committed 12608K, reserved 1048576K
}
Event: 17.207 GC heap after
{Heap after GC invocations=24 (full 0):
 garbage-first heap   total 190464K, used 110080K [0x0000000080000000, 0x0000000100000000)
  region size 1024K, 1 young (1024K), 1 survivors (1024K)
 Metaspace       used 91874K, committed 92480K, reserved 1130496K
  class space    used 12327K, committed 12608K, reserved 1048576K
}
Event: 17.906 GC heap before
{Heap before GC invocations=25 (full 0):
 garbage-first heap   total 217088K, used 157184K [0x0000000080000000, 0x0000000100000000)
  region size 1024K, 39 young (39936K), 1 survivors (1024K)
 Metaspace       used 94035K, committed 94656K, reserved 1130496K
  class space    used 12610K, committed 12928K, reserved 1048576K
}
Event: 17.915 GC heap after
{Heap after GC invocations=26 (full 0):
 garbage-first heap   total 217088K, used 117760K [0x0000000080000000, 0x0000000100000000)
  region size 1024K, 5 young (5120K), 5 survivors (5120K)
 Metaspace       used 94035K, committed 94656K, reserved 1130496K
  class space    used 12610K, committed 12928K, reserved 1048576K
}
Event: 17.964 GC heap before
{Heap before GC invocations=26 (full 0):
 garbage-first heap   total 217088K, used 125952K [0x0000000080000000, 0x0000000100000000)
  region size 1024K, 10 young (10240K), 5 survivors (5120K)
 Metaspace       used 94043K, committed 94720K, reserved 1130496K
  class space    used 12610K, committed 12928K, reserved 1048576K
}
Event: 17.973 GC heap after
{Heap after GC invocations=27 (full 0):
 garbage-first heap   total 217088K, used 121999K [0x0000000080000000, 0x0000000100000000)
  region size 1024K, 2 young (2048K), 2 survivors (2048K)
 Metaspace       used 94043K, committed 94720K, reserved 1130496K
  class space    used 12610K, committed 12928K, reserved 1048576K
}
Event: 17.982 GC heap before
{Heap before GC invocations=27 (full 0):
 garbage-first heap   total 217088K, used 121999K [0x0000000080000000, 0x0000000100000000)
  region size 1024K, 3 young (3072K), 2 survivors (2048K)
 Metaspace       used 94043K, committed 94720K, reserved 1130496K
  class space    used 12610K, committed 12928K, reserved 1048576K
}
Event: 17.986 GC heap after
{Heap after GC invocations=28 (full 0):
 garbage-first heap   total 323584K, used 122393K [0x0000000080000000, 0x0000000100000000)
  region size 1024K, 3 young (3072K), 3 survivors (3072K)
 Metaspace       used 94043K, committed 94720K, reserved 1130496K
  class space    used 12610K, committed 12928K, reserved 1048576K
}
Event: 21.552 GC heap before
{Heap before GC invocations=28 (full 0):
 garbage-first heap   total 323584K, used 267801K [0x0000000080000000, 0x0000000100000000)
  region size 1024K, 132 young (135168K), 3 survivors (3072K)
 Metaspace       used 100982K, committed 101696K, reserved 1138688K
  class space    used 13277K, committed 13632K, reserved 1048576K
}
Event: 21.581 GC heap after
{Heap after GC invocations=29 (full 0):
 garbage-first heap   total 323584K, used 127228K [0x0000000080000000, 0x0000000100000000)
  region size 1024K, 10 young (10240K), 10 survivors (10240K)
 Metaspace       used 100982K, committed 101696K, reserved 1138688K
  class space    used 13277K, committed 13632K, reserved 1048576K
}
Event: 24.868 GC heap before
{Heap before GC invocations=29 (full 0):
 garbage-first heap   total 323584K, used 260348K [0x0000000080000000, 0x0000000100000000)
  region size 1024K, 141 young (144384K), 10 survivors (10240K)
 Metaspace       used 112037K, committed 112704K, reserved 1146880K
  class space    used 14718K, committed 15040K, reserved 1048576K
}
Event: 24.939 GC heap after
{Heap after GC invocations=30 (full 0):
 garbage-first heap   total 323584K, used 137310K [0x0000000080000000, 0x0000000100000000)
  region size 1024K, 18 young (18432K), 18 survivors (18432K)
 Metaspace       used 112037K, committed 112704K, reserved 1146880K
  class space    used 14718K, committed 15040K, reserved 1048576K
}
Event: 26.245 GC heap before
{Heap before GC invocations=30 (full 0):
 garbage-first heap   total 323584K, used 226398K [0x0000000080000000, 0x0000000100000000)
  region size 1024K, 82 young (83968K), 18 survivors (18432K)
 Metaspace       used 115914K, committed 116608K, reserved 1155072K
  class space    used 15249K, committed 15552K, reserved 1048576K
}
Event: 26.339 GC heap after
{Heap after GC invocations=31 (full 0):
 garbage-first heap   total 323584K, used 166989K [0x0000000080000000, 0x0000000100000000)
  region size 1024K, 12 young (12288K), 12 survivors (12288K)
 Metaspace       used 115914K, committed 116608K, reserved 1155072K
  class space    used 15249K, committed 15552K, reserved 1048576K
}

Dll operation events (2 events):
Event: 0.024 Loaded shared library C:\Program Files\Android\Android Studio\jbr\bin\java.dll
Event: 0.649 Loaded shared library C:\Program Files\Android\Android Studio\jbr\bin\verify.dll

Deoptimization events (20 events):
Event: 26.693 Thread 0x000001e99d076550 DEOPT PACKING pc=0x000001e9808b8206 sp=0x000000d368ffd040
Event: 26.693 Thread 0x000001e99d076550 DEOPT UNPACKING pc=0x000001e987587143 sp=0x000000d368ffc4b8 mode 0
Event: 26.694 Thread 0x000001e99d076550 DEOPT PACKING pc=0x000001e9808b8206 sp=0x000000d368ffd040
Event: 26.694 Thread 0x000001e99d076550 DEOPT UNPACKING pc=0x000001e987587143 sp=0x000000d368ffc4b8 mode 0
Event: 26.694 Thread 0x000001e99d076550 DEOPT PACKING pc=0x000001e9808b8206 sp=0x000000d368ffd040
Event: 26.694 Thread 0x000001e99d076550 DEOPT UNPACKING pc=0x000001e987587143 sp=0x000000d368ffc4b8 mode 0
Event: 26.838 Thread 0x000001e99d076550 DEOPT PACKING pc=0x000001e98129cc00 sp=0x000000d368ffd0a0
Event: 26.838 Thread 0x000001e99d076550 DEOPT UNPACKING pc=0x000001e987587143 sp=0x000000d368ffc588 mode 0
Event: 27.137 Thread 0x000001e9970d36b0 Uncommon trap: trap_request=0xffffff45 fr.pc=0x000001e987c51824 relative=0x0000000000000ee4
Event: 27.137 Thread 0x000001e9970d36b0 Uncommon trap: reason=unstable_if action=reinterpret pc=0x000001e987c51824 method=java.util.WeakHashMap.remove(Ljava/lang/Object;)Ljava/lang/Object; @ 92 c2
Event: 27.137 Thread 0x000001e9970d36b0 DEOPT PACKING pc=0x000001e987c51824 sp=0x000000d364bfd7d0
Event: 27.137 Thread 0x000001e9970d36b0 DEOPT UNPACKING pc=0x000001e9875869a3 sp=0x000000d364bfd6a8 mode 2
Event: 27.137 Thread 0x000001e9970d36b0 Uncommon trap: trap_request=0xffffff45 fr.pc=0x000001e987be6d58 relative=0x00000000000002b8
Event: 27.137 Thread 0x000001e9970d36b0 Uncommon trap: reason=unstable_if action=reinterpret pc=0x000001e987be6d58 method=java.util.WeakHashMap.remove(Ljava/lang/Object;)Ljava/lang/Object; @ 92 c2
Event: 27.137 Thread 0x000001e9970d36b0 DEOPT PACKING pc=0x000001e987be6d58 sp=0x000000d364bf9fd0
Event: 27.137 Thread 0x000001e9970d36b0 DEOPT UNPACKING pc=0x000001e9875869a3 sp=0x000000d364bf9f80 mode 2
Event: 27.139 Thread 0x000001e9970d36b0 Uncommon trap: trap_request=0xffffff45 fr.pc=0x000001e98804be9c relative=0x000000000000037c
Event: 27.140 Thread 0x000001e9970d36b0 Uncommon trap: reason=unstable_if action=reinterpret pc=0x000001e98804be9c method=java.util.concurrent.ConcurrentLinkedQueue.offer(Ljava/lang/Object;)Z @ 42 c2
Event: 27.140 Thread 0x000001e9970d36b0 DEOPT PACKING pc=0x000001e98804be9c sp=0x000000d364bfece0
Event: 27.140 Thread 0x000001e9970d36b0 DEOPT UNPACKING pc=0x000001e9875869a3 sp=0x000000d364bfec28 mode 2

Classes unloaded (0 events):
No events

Classes redefined (0 events):
No events

Internal exceptions (20 events):
Event: 25.931 Thread 0x000001e997400bb0 Exception <a 'sun/nio/fs/WindowsException'{0x0000000090c78e40}> (0x0000000090c78e40) 
thrown [s\src\hotspot\share\prims\jni.cpp, line 517]
Event: 25.948 Thread 0x000001e997400bb0 Exception <a 'java/lang/NoSuchMethodError'{0x0000000090bf7470}: static Lcom/android/builder/internal/aapt/AaptOptions;.<clinit>()V> (0x0000000090bf7470) 
thrown [s\src\hotspot\share\prims\jni.cpp, line 1108]
Event: 25.950 Thread 0x000001e997400bb0 Exception <a 'java/lang/NoSuchMethodError'{0x0000000090a0b368}: static Ljava/lang/Object;.<clinit>()V> (0x0000000090a0b368) 
thrown [s\src\hotspot\share\prims\jni.cpp, line 1108]
Event: 25.958 Thread 0x000001e997400bb0 Exception <a 'java/lang/NoSuchMethodError'{0x0000000090a40968}: static Lcom/android/build/api/variant/impl/SerializableApplicationMultiOutputHandler;.<clinit>()V> (0x0000000090a40968) 
thrown [s\src\hotspot\share\prims\jni.cpp, line 1108]
Event: 25.975 Thread 0x000001e997400bb0 Exception <a 'java/lang/NoSuchMethodError'{0x0000000090a71848}: static Lcom/android/build/api/variant/impl/VariantOutputImpl$SerializedForm;.<clinit>()V> (0x0000000090a71848) 
thrown [s\src\hotspot\share\prims\jni.cpp, line 1108]
Event: 25.979 Thread 0x000001e997400bb0 Exception <a 'java/lang/NoSuchMethodError'{0x0000000090a85a38}: static Lcom/android/build/api/variant/impl/VariantOutputConfigurationImpl;.<clinit>()V> (0x0000000090a85a38) 
thrown [s\src\hotspot\share\prims\jni.cpp, line 1108]
Event: 26.088 Thread 0x000001e9973fe530 Exception <a 'sun/nio/fs/WindowsException'{0x0000000090aff0b8}> (0x0000000090aff0b8) 
thrown [s\src\hotspot\share\prims\jni.cpp, line 517]
Event: 26.161 Thread 0x000001e99d076550 Exception <a 'java/lang/NoSuchMethodError'{0x0000000090475460}: 'java.lang.Object java.lang.invoke.DirectMethodHandle$Holder.invokeStaticInit(java.lang.Object, java.lang.Object, java.lang.Object, java.lang.Object, java.lang.Object, java.lang.Object, java.lang.Object, java.lang.Object, java.lang.Object, java.lang.Object, java.lang.Object, java.lang.Object, java.lang.Object, java.lang.Object, java.lang.Object, java.lang.Object, java.lang.Object, java.lang.Object, java.lang.Object, java.lang.Object, int, java
Event: 26.456 Thread 0x000001e994dbe530 Exception <a 'java/lang/NoSuchMethodError'{0x0000000093922788}: 'void java.lang.invoke.DirectMethodHandle$Holder.invokeStatic(java.lang.Object, long)'> (0x0000000093922788) 
thrown [s\src\hotspot\share\interpreter\linkResolver.cpp, line 771]
Event: 26.473 Thread 0x000001e994dbe530 Exception <a 'java/lang/NoSuchMethodError'{0x0000000093928040}: 'java.lang.Object java.lang.invoke.DirectMethodHandle$Holder.newInvokeSpecial(java.lang.Object, long)'> (0x0000000093928040) 
thrown [s\src\hotspot\share\interpreter\linkResolver.cpp, line 771]
Event: 26.482 Thread 0x000001e994dbe530 Exception <a 'java/lang/NoSuchMethodError'{0x000000009392ed00}: 'java.lang.Object java.lang.invoke.DirectMethodHandle$Holder.invokeStatic(java.lang.Object, java.lang.Object, long, java.lang.Object)'> (0x000000009392ed00) 
thrown [s\src\hotspot\share\interpreter\linkResolver.cpp, line 771]
Event: 26.482 Thread 0x000001e994dbe530 Exception <a 'java/lang/NoSuchMethodError'{0x00000000932919f0}: 'java.lang.Object java.lang.invoke.DirectMethodHandle$Holder.invokeStaticInit(java.lang.Object, java.lang.Object, long, java.lang.Object)'> (0x00000000932919f0) 
thrown [s\src\hotspot\share\interpreter\linkResolver.cpp, line 771]
Event: 26.618 Thread 0x000001e9973fe530 Exception <a 'sun/nio/fs/WindowsException'{0x0000000093a61510}> (0x0000000093a61510) 
thrown [s\src\hotspot\share\prims\jni.cpp, line 517]
Event: 26.653 Thread 0x000001e9973fe530 Exception <a 'sun/nio/fs/WindowsException'{0x00000000927bc780}> (0x00000000927bc780) 
thrown [s\src\hotspot\share\prims\jni.cpp, line 517]
Event: 26.653 Thread 0x000001e9973fe530 Exception <a 'sun/nio/fs/WindowsException'{0x00000000927bcc10}> (0x00000000927bcc10) 
thrown [s\src\hotspot\share\prims\jni.cpp, line 517]
Event: 27.036 Thread 0x000001e994dbe530 Exception <a 'java/lang/NoSuchMethodError'{0x000000008e12b648}: 'int java.lang.invoke.DirectMethodHandle$Holder.invokeSpecialIFC(java.lang.Object, java.lang.Object, java.lang.Object)'> (0x000000008e12b648) 
thrown [s\src\hotspot\share\interpreter\linkResolver.cpp, line 771]
Event: 27.038 Thread 0x000001e9970d36b0 Exception <a 'java/lang/IncompatibleClassChangeError'{0x000000008e13b7b0}: Found class java.lang.Object, but interface was expected> (0x000000008e13b7b0) 
thrown [s\src\hotspot\share\interpreter\linkResolver.cpp, line 838]
Event: 27.129 Thread 0x000001e9970d36b0 Exception <a 'java/lang/NoSuchMethodError'{0x000000008e0faa88}: 'long java.lang.invoke.DirectMethodHandle$Holder.invokeStatic(java.lang.Object, java.lang.Object, java.lang.Object)'> (0x000000008e0faa88) 
thrown [s\src\hotspot\share\interpreter\linkResolver.cpp, line 771]
Event: 27.142 Thread 0x000001e994dbea00 Exception <a 'java/lang/IncompatibleClassChangeError'{0x000000008dfbe648}: Found class java.lang.Object, but interface was expected> (0x000000008dfbe648) 
thrown [s\src\hotspot\share\interpreter\linkResolver.cpp, line 838]
Event: 27.142 Thread 0x000001e994dbea00 Exception <a 'java/lang/IncompatibleClassChangeError'{0x000000008dfd8d90}: Found class java.lang.Object, but interface was expected> (0x000000008dfd8d90) 
thrown [s\src\hotspot\share\interpreter\linkResolver.cpp, line 838]

VM Operations (20 events):
Event: 24.673 Executing VM operation: ICBufferFull done
Event: 24.707 Executing VM operation: HandshakeAllThreads
Event: 24.707 Executing VM operation: HandshakeAllThreads done
Event: 24.868 Executing VM operation: G1CollectForAllocation
Event: 24.940 Executing VM operation: G1CollectForAllocation done
Event: 25.093 Executing VM operation: HandshakeAllThreads
Event: 25.093 Executing VM operation: HandshakeAllThreads done
Event: 25.094 Executing VM operation: HandshakeAllThreads
Event: 25.094 Executing VM operation: HandshakeAllThreads done
Event: 25.270 Executing VM operation: HandshakeAllThreads
Event: 25.271 Executing VM operation: HandshakeAllThreads done
Event: 25.359 Executing VM operation: HandshakeAllThreads
Event: 25.359 Executing VM operation: HandshakeAllThreads done
Event: 26.088 Executing VM operation: ICBufferFull
Event: 26.088 Executing VM operation: ICBufferFull done
Event: 26.245 Executing VM operation: G1TryInitiateConcMark
Event: 26.340 Executing VM operation: G1TryInitiateConcMark done
Event: 26.541 Executing VM operation: HandshakeAllThreads
Event: 26.541 Executing VM operation: HandshakeAllThreads done
Event: 27.173 Executing VM operation: G1Concurrent

Events (20 events):
Event: 27.033 loading class java/util/concurrent/ForkJoinTask
Event: 27.034 loading class java/util/concurrent/ForkJoinTask done
Event: 27.034 loading class java/util/concurrent/ForkJoinTask$AdaptedRunnableAction
Event: 27.035 loading class java/util/concurrent/ForkJoinTask$AdaptedRunnableAction done
Event: 27.035 loading class java/util/concurrent/ForkJoinTask$Aux
Event: 27.035 loading class java/util/concurrent/ForkJoinTask$Aux done
Event: 27.035 loading class java/util/concurrent/ForkJoinPool$DefaultForkJoinWorkerThreadFactory$1
Event: 27.035 loading class java/util/concurrent/ForkJoinPool$DefaultForkJoinWorkerThreadFactory$1 done
Event: 27.036 Thread 0x000001e9970d36b0 Thread added: 0x000001e9970d36b0
Event: 27.037 Thread 0x000001e994dbea00 Thread added: 0x000001e994dbea00
Event: 27.043 Thread 0x000001e9956d1bf0 Thread added: 0x000001e9956d1bf0
Event: 27.049 Thread 0x000001e994dbe060 Thread added: 0x000001e994dbe060
Event: 27.088 loading class java/lang/reflect/GenericSignatureFormatError
Event: 27.089 loading class java/lang/reflect/GenericSignatureFormatError done
Event: 27.129 loading class java/util/AbstractList$RandomAccessSubList
Event: 27.130 loading class java/util/AbstractList$SubList
Event: 27.130 loading class java/util/AbstractList$SubList done
Event: 27.130 loading class java/util/AbstractList$RandomAccessSubList done
Event: 27.130 loading class java/util/AbstractList$SubList$1
Event: 27.130 loading class java/util/AbstractList$SubList$1 done


Dynamic libraries:
0x00007ff72ef50000 - 0x00007ff72ef5a000 	C:\Program Files\Android\Android Studio\jbr\bin\java.exe
0x00007ffc0d690000 - 0x00007ffc0d888000 	C:\Windows\SYSTEM32\ntdll.dll
0x00007ffc0b960000 - 0x00007ffc0ba1d000 	C:\Windows\System32\KERNEL32.DLL
0x00007ffc0b150000 - 0x00007ffc0b446000 	C:\Windows\System32\KERNELBASE.dll
0x00007ffc0afb0000 - 0x00007ffc0b0b0000 	C:\Windows\System32\ucrtbase.dll
0x00007ffbec300000 - 0x00007ffbec317000 	C:\Program Files\Android\Android Studio\jbr\bin\jli.dll
0x00007ffc061b0000 - 0x00007ffc061cb000 	C:\Program Files\Android\Android Studio\jbr\bin\VCRUNTIME140.dll
0x00007ffc0d390000 - 0x00007ffc0d52e000 	C:\Windows\System32\USER32.dll
0x00007ffc0b530000 - 0x00007ffc0b552000 	C:\Windows\System32\win32u.dll
0x00007ffbf2c10000 - 0x00007ffbf2eaa000 	C:\Windows\WinSxS\amd64_microsoft.windows.common-controls_6595b64144ccf1df_6.0.19041.3636_none_60b6a03d71f818d5\COMCTL32.dll
0x00007ffc0b6f0000 - 0x00007ffc0b71c000 	C:\Windows\System32\GDI32.dll
0x00007ffc0c530000 - 0x00007ffc0c5ce000 	C:\Windows\System32\msvcrt.dll
0x00007ffc0b5d0000 - 0x00007ffc0b6ea000 	C:\Windows\System32\gdi32full.dll
0x00007ffc0b0b0000 - 0x00007ffc0b14d000 	C:\Windows\System32\msvcp_win.dll
0x00007ffc0d360000 - 0x00007ffc0d390000 	C:\Windows\System32\IMM32.DLL
0x00007ffc05ca0000 - 0x00007ffc05cac000 	C:\Program Files\Android\Android Studio\jbr\bin\vcruntime140_1.dll
0x00007ffbf4800000 - 0x00007ffbf488d000 	C:\Program Files\Android\Android Studio\jbr\bin\msvcp140.dll
0x00007ffb9e7c0000 - 0x00007ffb9f42e000 	C:\Program Files\Android\Android Studio\jbr\bin\server\jvm.dll
0x00007ffc0ceb0000 - 0x00007ffc0cf5f000 	C:\Windows\System32\ADVAPI32.dll
0x00007ffc0d0b0000 - 0x00007ffc0d14c000 	C:\Windows\System32\sechost.dll
0x00007ffc0c320000 - 0x00007ffc0c446000 	C:\Windows\System32\RPCRT4.dll
0x00007ffc01b90000 - 0x00007ffc01b9a000 	C:\Windows\SYSTEM32\VERSION.dll
0x00007ffbf2b50000 - 0x00007ffbf2b77000 	C:\Windows\SYSTEM32\WINMM.dll
0x00007ffc06220000 - 0x00007ffc06229000 	C:\Windows\SYSTEM32\WSOCK32.dll
0x00007ffc0ce40000 - 0x00007ffc0ceab000 	C:\Windows\System32\WS2_32.dll
0x00007ffc08e10000 - 0x00007ffc08e22000 	C:\Windows\SYSTEM32\kernel.appcore.dll
0x00007ffc061f0000 - 0x00007ffc061fa000 	C:\Program Files\Android\Android Studio\jbr\bin\jimage.dll
0x00007ffc08b30000 - 0x00007ffc08d14000 	C:\Windows\SYSTEM32\DBGHELP.DLL
0x00007ffbf76f0000 - 0x00007ffbf7724000 	C:\Windows\SYSTEM32\dbgcore.DLL
0x00007ffc0af20000 - 0x00007ffc0afa2000 	C:\Windows\System32\bcryptPrimitives.dll
0x00007ffbe97f0000 - 0x00007ffbe9815000 	C:\Program Files\Android\Android Studio\jbr\bin\java.dll
0x00007ffbf7e40000 - 0x00007ffbf7e58000 	C:\Program Files\Android\Android Studio\jbr\bin\zip.dll
0x00007ffc0bbd0000 - 0x00007ffc0c315000 	C:\Windows\System32\SHELL32.dll
0x00007ffc08e30000 - 0x00007ffc095cb000 	C:\Windows\SYSTEM32\windows.storage.dll
0x00007ffc0c5d0000 - 0x00007ffc0c924000 	C:\Windows\System32\combase.dll
0x00007ffc0a6e0000 - 0x00007ffc0a70d000 	C:\Windows\SYSTEM32\Wldp.dll
0x00007ffc0b800000 - 0x00007ffc0b8ad000 	C:\Windows\System32\SHCORE.dll
0x00007ffc0cfd0000 - 0x00007ffc0d025000 	C:\Windows\System32\shlwapi.dll
0x00007ffc0aca0000 - 0x00007ffc0acc5000 	C:\Windows\SYSTEM32\profapi.dll
0x00007ffbf5180000 - 0x00007ffbf5199000 	C:\Program Files\Android\Android Studio\jbr\bin\net.dll
0x00007ffc01c90000 - 0x00007ffc01d9a000 	C:\Windows\SYSTEM32\WINHTTP.dll
0x00007ffc0a440000 - 0x00007ffc0a4aa000 	C:\Windows\system32\mswsock.dll
0x00007ffbec4b0000 - 0x00007ffbec4c6000 	C:\Program Files\Android\Android Studio\jbr\bin\nio.dll
0x00007ffc055a0000 - 0x00007ffc055b0000 	C:\Program Files\Android\Android Studio\jbr\bin\verify.dll
0x00007ffbe6560000 - 0x00007ffbe6587000 	C:\Users\LENOVO\.gradle\native\68d5fa5c4cc2d200863cafc0d521ce42e7d3e7ee720ec0a83991735586a16f82\windows-amd64\native-platform.dll
0x00007ffbec650000 - 0x00007ffbec794000 	C:\Users\LENOVO\.gradle\native\e376f236ea51e6404a007f0833ffe2c6e607c4080706a723a18a27aeea778392\windows-amd64\native-platform-file-events.dll
0x00007ffc04920000 - 0x00007ffc04929000 	C:\Program Files\Android\Android Studio\jbr\bin\management.dll
0x00007ffbf6050000 - 0x00007ffbf605b000 	C:\Program Files\Android\Android Studio\jbr\bin\management_ext.dll
0x00007ffc0cfc0000 - 0x00007ffc0cfc8000 	C:\Windows\System32\PSAPI.DLL
0x00007ffc0a640000 - 0x00007ffc0a658000 	C:\Windows\SYSTEM32\CRYPTSP.dll
0x00007ffc09d70000 - 0x00007ffc09da4000 	C:\Windows\system32\rsaenh.dll
0x00007ffc0b450000 - 0x00007ffc0b477000 	C:\Windows\System32\bcrypt.dll
0x00007ffc0ac60000 - 0x00007ffc0ac8e000 	C:\Windows\SYSTEM32\USERENV.dll
0x00007ffc0a630000 - 0x00007ffc0a63c000 	C:\Windows\SYSTEM32\CRYPTBASE.dll
0x00007ffc0a130000 - 0x00007ffc0a16b000 	C:\Windows\SYSTEM32\IPHLPAPI.DLL
0x00007ffc0c520000 - 0x00007ffc0c528000 	C:\Windows\System32\NSI.dll
0x00007ffc026b0000 - 0x00007ffc026c7000 	C:\Windows\SYSTEM32\dhcpcsvc6.DLL
0x00007ffc02e60000 - 0x00007ffc02e7d000 	C:\Windows\SYSTEM32\dhcpcsvc.DLL
0x00007ffc0a170000 - 0x00007ffc0a23a000 	C:\Windows\SYSTEM32\DNSAPI.dll
0x00007ffc05320000 - 0x00007ffc05327000 	C:\Windows\system32\wshunix.dll
0x00007ffc09eb0000 - 0x00007ffc09ee3000 	C:\Windows\SYSTEM32\ntmarta.dll
0x00007ffbfcfb0000 - 0x00007ffbfcfba000 	C:\Windows\System32\rasadhlp.dll
0x00007ffbfd030000 - 0x00007ffbfd0b0000 	C:\Windows\System32\fwpuclnt.dll

dbghelp: loaded successfully - version: 4.0.5 - missing functions: none
symbol engine: initialized successfully - sym options: 0x614 - pdb path: .;C:\Program Files\Android\Android Studio\jbr\bin;C:\Windows\SYSTEM32;C:\Windows\WinSxS\amd64_microsoft.windows.common-controls_6595b64144ccf1df_6.0.19041.3636_none_60b6a03d71f818d5;C:\Program Files\Android\Android Studio\jbr\bin\server;C:\Users\LENOVO\.gradle\native\68d5fa5c4cc2d200863cafc0d521ce42e7d3e7ee720ec0a83991735586a16f82\windows-amd64;C:\Users\LENOVO\.gradle\native\e376f236ea51e6404a007f0833ffe2c6e607c4080706a723a18a27aeea778392\windows-amd64

VM Arguments:
jvm_args: --add-opens=java.base/java.util=ALL-UNNAMED --add-opens=java.base/java.lang=ALL-UNNAMED --add-opens=java.base/java.lang.invoke=ALL-UNNAMED --add-opens=java.prefs/java.util.prefs=ALL-UNNAMED --add-opens=java.base/java.nio.charset=ALL-UNNAMED --add-opens=java.base/java.net=ALL-UNNAMED --add-opens=java.base/java.util.concurrent.atomic=ALL-UNNAMED -Xmx2048m -Dfile.encoding=UTF-8 -Duser.country=US -Duser.language=en -Duser.variant 
java_command: org.gradle.launcher.daemon.bootstrap.GradleDaemon 8.0
java_class_path (initial): C:\Users\LENOVO\.gradle\wrapper\dists\gradle-8.0-bin\ca5e32bp14vu59qr306oxotwh\gradle-8.0\lib\gradle-launcher-8.0.jar
Launcher Type: SUN_STANDARD

[Global flags]
     intx CICompilerCount                          = 3                                         {product} {ergonomic}
     uint ConcGCThreads                            = 1                                         {product} {ergonomic}
     uint G1ConcRefinementThreads                  = 4                                         {product} {ergonomic}
   size_t G1HeapRegionSize                         = 1048576                                   {product} {ergonomic}
    uintx GCDrainStackTargetSize                   = 64                                        {product} {ergonomic}
   size_t InitialHeapSize                          = 134217728                                 {product} {ergonomic}
   size_t MarkStackSize                            = 4194304                                   {product} {ergonomic}
   size_t MaxHeapSize                              = 2147483648                                {product} {command line}
   size_t MaxNewSize                               = 1287651328                                {product} {ergonomic}
   size_t MinHeapDeltaBytes                        = 1048576                                   {product} {ergonomic}
   size_t MinHeapSize                              = 8388608                                   {product} {ergonomic}
    uintx NonNMethodCodeHeapSize                   = 5832780                                {pd product} {ergonomic}
    uintx NonProfiledCodeHeapSize                  = 122912730                              {pd product} {ergonomic}
    uintx ProfiledCodeHeapSize                     = 122912730                              {pd product} {ergonomic}
    uintx ReservedCodeCacheSize                    = 251658240                              {pd product} {ergonomic}
     bool SegmentedCodeCache                       = true                                      {product} {ergonomic}
   size_t SoftMaxHeapSize                          = 2147483648                             {manageable} {ergonomic}
     bool UseCompressedClassPointers               = true                           {product lp64_product} {ergonomic}
     bool UseCompressedOops                        = true                           {product lp64_product} {ergonomic}
     bool UseG1GC                                  = true                                      {product} {ergonomic}
     bool UseLargePagesIndividualAllocation        = false                                  {pd product} {ergonomic}

Logging:
Log output configuration:
 #0: stdout all=warning uptime,level,tags
 #1: stderr all=off uptime,level,tags

Environment Variables:
PATH=C:\Program Files\Common Files\Oracle\Java\javapath;C:\Windows\system32;C:\Windows;C:\Windows\System32\Wbem;C:\Windows\System32\WindowsPowerShell\v1.0\;C:\Windows\System32\OpenSSH\;C:\Program Files\Git\cmd;C:\Program Files\Java\jdk-20\bin;C:\Program Files\nodejs\;C:\src\flutter\bin;C:\Users\LENOVO\AppData\Local\Microsoft\WindowsApps;C:\Users\LENOVO\AppData\Roaming\npm;C:\Users\LENOVO\AppData\Local\Programs\Microsoft VS Code\bin
USERNAME=LENOVO
OS=Windows_NT
PROCESSOR_IDENTIFIER=Intel64 Family 6 Model 142 Stepping 12, GenuineIntel
TMP=C:\Users\LENOVO\AppData\Local\Temp
TEMP=C:\Users\LENOVO\AppData\Local\Temp


JNI global refs:
JNI global refs: 24, weak refs: 0

JNI global refs memory usage: 843, weak refs: 841


---------------  S Y S T E M  ---------------

OS:
 Windows 10 , 64 bit Build 19041 (10.0.19041.3636)
OS uptime: 2 days 1:24 hours

CPU: total 4 (initial active 4) (2 cores per cpu, 2 threads per core) family 6 model 142 stepping 12 microcode 0xb8, cx8, cmov, fxsr, ht, mmx, 3dnowpref, sse, sse2, sse3, ssse3, sse4.1, sse4.2, popcnt, lzcnt, tsc, tscinvbit, avx, avx2, aes, erms, clmul, bmi1, bmi2, adx, fma, vzeroupper, clflush, clflushopt

Memory: 4k page, system-wide physical 8072M (169M free)
TotalPageFile size 32648M (AvailPageFile size 65M)
current process WorkingSet (physical memory assigned to process): 401M, peak: 448M
current process commit charge ("private bytes"): 637M, peak: 765M

vm_info: OpenJDK 64-Bit Server VM (17.0.6+0-b2043.56-10027231) for windows-amd64 JRE (17.0.6+0-b2043.56-10027231), built on Apr 28 2023 00:43:19 by "androidbuild" with MS VC++ 16.10 / 16.11 (VS2019)

END.
