#
# There is insufficient memory for the Java Runtime Environment to continue.
# Native memory allocation (malloc) failed to allocate 416432 bytes for Chunk::new
# Possible reasons:
#   The system is out of physical RAM or swap space
#   The process is running with CompressedOops enabled, and the Java Heap may be blocking the growth of the native heap
# Possible solutions:
#   Reduce memory load on the system
#   Increase physical memory or swap space
#   Check if swap backing store is full
#   Decrease Java heap size (-Xmx/-Xms)
#   Decrease number of Java threads
#   Decrease Java thread stack sizes (-Xss)
#   Set larger code cache with -XX:ReservedCodeCacheSize=
#   JVM is running with Unscaled Compressed Oops mode in which the Java heap is
#     placed in the first 4GB address space. The Java Heap base address is the
#     maximum limit for the native heap growth. Please use -XX:HeapBaseMinAddress
#     to set the Java Heap base and to place the Java Heap above 4GB virtual address.
# This output file may be truncated or incomplete.
#
#  Out of Memory Error (arena.cpp:189), pid=6188, tid=10988
#
# JRE version: OpenJDK Runtime Environment (17.0.6) (build 17.0.6+0-b2043.56-10027231)
# Java VM: OpenJDK 64-Bit Server VM (17.0.6+0-b2043.56-10027231, mixed mode, tiered, compressed oops, compressed class ptrs, g1 gc, windows-amd64)
# No core dump will be written. Minidumps are not enabled by default on client versions of Windows
#

---------------  S U M M A R Y ------------

Command Line: --add-opens=java.base/java.util=ALL-UNNAMED --add-opens=java.base/java.lang=ALL-UNNAMED --add-opens=java.base/java.lang.invoke=ALL-UNNAMED --add-opens=java.prefs/java.util.prefs=ALL-UNNAMED --add-opens=java.base/java.nio.charset=ALL-UNNAMED --add-opens=java.base/java.net=ALL-UNNAMED --add-opens=java.base/java.util.concurrent.atomic=ALL-UNNAMED -Xmx2048m -Dfile.encoding=UTF-8 -Duser.country=US -Duser.language=en -Duser.variant org.gradle.launcher.daemon.bootstrap.GradleDaemon 8.0

Host: Intel(R) Core(TM) i3-8145U CPU @ 2.10GHz, 4 cores, 7G,  Windows 10 , 64 bit Build 19041 (10.0.19041.3636)
Time: Tue Jan  2 16:43:28 2024 Pakistan Standard Time elapsed time: 17.392772 seconds (0d 0h 0m 17s)

---------------  T H R E A D  ---------------

Current thread (0x0000022350c53630):  JavaThread "C2 CompilerThread0" daemon [_thread_in_native, id=10988, stack(0x0000005997900000,0x0000005997a00000)]


Current CompileTask:
C2:  17392 3051   !   4       java.util.concurrent.ConcurrentHashMap::computeIfAbsent (576 bytes)

Stack: [0x0000005997900000,0x0000005997a00000]
Native frames: (J=compiled Java code, j=interpreted, Vv=VM code, C=native code)
V  [jvm.dll+0x683c9a]
V  [jvm.dll+0x8427a4]
V  [jvm.dll+0x843f9e]
V  [jvm.dll+0x844603]
V  [jvm.dll+0x249b75]
V  [jvm.dll+0xabcac]
V  [jvm.dll+0xac27c]
V  [jvm.dll+0x368857]
V  [jvm.dll+0x332f31]
V  [jvm.dll+0x3323da]
V  [jvm.dll+0x21c201]
V  [jvm.dll+0x21b621]
V  [jvm.dll+0x1a4fdd]
V  [jvm.dll+0x22b098]
V  [jvm.dll+0x229159]
V  [jvm.dll+0x7f81ec]
V  [jvm.dll+0x7f274a]
V  [jvm.dll+0x682ad5]
C  [ucrtbase.dll+0x21bb2]
C  [KERNEL32.DLL+0x17344]
C  [ntdll.dll+0x526b1]


---------------  P R O C E S S  ---------------

Threads class SMR info:
_java_thread_list=0x000002235103aba0, length=35, elements={
0x0000022336c68940, 0x000002235026cd80, 0x0000022350c00080, 0x0000022350c437c0,
0x0000022350c452f0, 0x0000022350c46bc0, 0x0000022350c47480, 0x0000022350c53630,
0x0000022350c53fe0, 0x0000022350c650a0, 0x0000022350e02020, 0x0000022350e08d30,
0x00000223527671e0, 0x00000223523dd6a0, 0x000002235313e6a0, 0x0000022351c3be00,
0x0000022351c3c2d0, 0x0000022351f68410, 0x0000022351f688e0, 0x00000223534a5a00,
0x00000223534a76e0, 0x00000223534a7bb0, 0x00000223534a5ed0, 0x00000223534a63a0,
0x00000223534a8080, 0x00000223534a8550, 0x00000223534a8a20, 0x00000223534a6d40,
0x00000223534a5060, 0x00000223534a7210, 0x00000223515a5820, 0x00000223515a3b40,
0x00000223515a7500, 0x00000223515a79d0, 0x00000223515a7030
}

Java Threads: ( => current thread )
  0x0000022336c68940 JavaThread "main" [_thread_blocked, id=6860, stack(0x0000005996c00000,0x0000005996d00000)]
  0x000002235026cd80 JavaThread "Reference Handler" daemon [_thread_blocked, id=7832, stack(0x0000005997300000,0x0000005997400000)]
  0x0000022350c00080 JavaThread "Finalizer" daemon [_thread_blocked, id=11616, stack(0x0000005997400000,0x0000005997500000)]
  0x0000022350c437c0 JavaThread "Signal Dispatcher" daemon [_thread_blocked, id=10760, stack(0x0000005997500000,0x0000005997600000)]
  0x0000022350c452f0 JavaThread "Attach Listener" daemon [_thread_blocked, id=10300, stack(0x0000005997600000,0x0000005997700000)]
  0x0000022350c46bc0 JavaThread "Service Thread" daemon [_thread_blocked, id=12500, stack(0x0000005997700000,0x0000005997800000)]
  0x0000022350c47480 JavaThread "Monitor Deflation Thread" daemon [_thread_blocked, id=12860, stack(0x0000005997800000,0x0000005997900000)]
=>0x0000022350c53630 JavaThread "C2 CompilerThread0" daemon [_thread_in_native, id=10988, stack(0x0000005997900000,0x0000005997a00000)]
  0x0000022350c53fe0 JavaThread "C1 CompilerThread0" daemon [_thread_in_vm, id=6148, stack(0x0000005997a00000,0x0000005997b00000)]
  0x0000022350c650a0 JavaThread "Sweeper thread" daemon [_thread_blocked, id=8424, stack(0x0000005997b00000,0x0000005997c00000)]
  0x0000022350e02020 JavaThread "Common-Cleaner" daemon [_thread_blocked, id=2132, stack(0x0000005997c00000,0x0000005997d00000)]
  0x0000022350e08d30 JavaThread "Notification Thread" daemon [_thread_blocked, id=11132, stack(0x0000005997d00000,0x0000005997e00000)]
  0x00000223527671e0 JavaThread "Daemon health stats" [_thread_blocked, id=12260, stack(0x0000005998300000,0x0000005998400000)]
  0x00000223523dd6a0 JavaThread "Incoming local TCP Connector on port 64769" [_thread_in_native, id=12220, stack(0x0000005997f00000,0x0000005998000000)]
  0x000002235313e6a0 JavaThread "Daemon periodic checks" [_thread_blocked, id=12140, stack(0x0000005998400000,0x0000005998500000)]
  0x0000022351c3be00 JavaThread "Daemon" [_thread_blocked, id=9936, stack(0x0000005998500000,0x0000005998600000)]
  0x0000022351c3c2d0 JavaThread "Handler for socket connection from /127.0.0.1:64769 to /127.0.0.1:64770" [_thread_in_native, id=6200, stack(0x0000005998600000,0x0000005998700000)]
  0x0000022351f68410 JavaThread "Cancel handler" [_thread_blocked, id=9752, stack(0x0000005998700000,0x0000005998800000)]
  0x0000022351f688e0 JavaThread "Daemon worker" [_thread_in_vm, id=876, stack(0x0000005998800000,0x0000005998900000)]
  0x00000223534a5a00 JavaThread "Asynchronous log dispatcher for DefaultDaemonConnection: socket connection from /127.0.0.1:64769 to /127.0.0.1:64770" [_thread_blocked, id=9508, stack(0x0000005998900000,0x0000005998a00000)]
  0x00000223534a76e0 JavaThread "Stdin handler" [_thread_blocked, id=3312, stack(0x0000005998a00000,0x0000005998b00000)]
  0x00000223534a7bb0 JavaThread "Daemon client event forwarder" [_thread_blocked, id=7332, stack(0x0000005998b00000,0x0000005998c00000)]
  0x00000223534a5ed0 JavaThread "Cache worker for journal cache (C:\Users\LENOVO\.gradle\caches\journal-1)" [_thread_blocked, id=3376, stack(0x0000005998c00000,0x0000005998d00000)]
  0x00000223534a63a0 JavaThread "File lock request listener" [_thread_in_native, id=10284, stack(0x0000005998d00000,0x0000005998e00000)]
  0x00000223534a8080 JavaThread "Cache worker for file hash cache (C:\Users\LENOVO\.gradle\caches\8.0\fileHashes)" [_thread_blocked, id=7872, stack(0x0000005998e00000,0x0000005998f00000)]
  0x00000223534a8550 JavaThread "File watcher server" daemon [_thread_in_native, id=9940, stack(0x0000005998f00000,0x0000005999000000)]
  0x00000223534a8a20 JavaThread "File watcher consumer" daemon [_thread_blocked, id=7004, stack(0x0000005999000000,0x0000005999100000)]
  0x00000223534a6d40 JavaThread "Cache worker for checksums cache (C:\Users\LENOVO\AndroidStudioProjectsFlutter\GenerateAIImage\.gradle\8.0\checksums)" [_thread_blocked, id=7432, stack(0x0000005999100000,0x0000005999200000)]
  0x00000223534a5060 JavaThread "Cache worker for cache directory md-rule (C:\Users\LENOVO\.gradle\caches\8.0\md-rule)" [_thread_blocked, id=11708, stack(0x0000005999200000,0x0000005999300000)]
  0x00000223534a7210 JavaThread "Cache worker for file content cache (C:\Users\LENOVO\.gradle\caches\8.0\fileContent)" [_thread_blocked, id=9856, stack(0x0000005999300000,0x0000005999400000)]
  0x00000223515a5820 JavaThread "Cache worker for file hash cache (C:\Users\LENOVO\AndroidStudioProjectsFlutter\GenerateAIImage\.gradle\8.0\fileHashes)" [_thread_blocked, id=6360, stack(0x0000005999400000,0x0000005999500000)]
  0x00000223515a3b40 JavaThread "Cache worker for cache directory md-supplier (C:\Users\LENOVO\.gradle\caches\8.0\md-supplier)" [_thread_blocked, id=9236, stack(0x0000005999500000,0x0000005999600000)]
  0x00000223515a7500 JavaThread "Cache worker for execution history cache (C:\Users\LENOVO\.gradle\caches\8.0\executionHistory)" [_thread_blocked, id=8804, stack(0x0000005999600000,0x0000005999700000)]
  0x00000223515a79d0 JavaThread "jar transforms" [_thread_blocked, id=5932, stack(0x0000005999700000,0x0000005999800000)]
  0x00000223515a7030 JavaThread "jar transforms Thread 2" [_thread_blocked, id=404, stack(0x0000005999800000,0x0000005999900000)]

Other Threads:
  0x00000223502698a0 VMThread "VM Thread" [stack: 0x0000005997200000,0x0000005997300000] [id=13084] _threads_hazard_ptr=0x000002235103aba0
  0x0000022350e09200 WatcherThread [stack: 0x0000005997e00000,0x0000005997f00000] [id=10512]
  0x0000022336cc6fb0 GCTaskThread "GC Thread#0" [stack: 0x0000005996d00000,0x0000005996e00000] [id=7836]
  0x00000223510df1e0 GCTaskThread "GC Thread#1" [stack: 0x0000005998000000,0x0000005998100000] [id=8484]
  0x0000022350ff7ad0 GCTaskThread "GC Thread#2" [stack: 0x0000005998100000,0x0000005998200000] [id=11412]
  0x0000022351b7f430 GCTaskThread "GC Thread#3" [stack: 0x0000005998200000,0x0000005998300000] [id=3764]
  0x0000022336cd85a0 ConcurrentGCThread "G1 Main Marker" [stack: 0x0000005996e00000,0x0000005996f00000] [id=2096]
  0x0000022336cd8ec0 ConcurrentGCThread "G1 Conc#0" [stack: 0x0000005996f00000,0x0000005997000000] [id=4468]
  0x0000022336d3e440 ConcurrentGCThread "G1 Refine#0" [stack: 0x0000005997000000,0x0000005997100000] [id=12040]
  0x0000022352438060 ConcurrentGCThread "G1 Refine#1" [stack: 0x0000005999900000,0x0000005999a00000] [id=9788]
  0x00000223500bf140 ConcurrentGCThread "G1 Service" [stack: 0x0000005997100000,0x0000005997200000] [id=6736]

Threads with active compile tasks:
C2 CompilerThread0    18793 3051   !   4       java.util.concurrent.ConcurrentHashMap::computeIfAbsent (576 bytes)
C1 CompilerThread0    18793 3120       3       java.util.stream.AbstractPipeline::<init> (91 bytes)

VM state: synchronizing (normal execution)

VM Mutex/Monitor currently owned by a thread:  ([mutex/lock_event])
[0x0000022336c62620] Metaspace_lock - owner thread: 0x0000022351f688e0
[0x0000022336c64b30] Threads_lock - owner thread: 0x00000223502698a0
[0x0000022336c64230] MethodData_lock - owner thread: 0x0000022350c53fe0

Heap address: 0x0000000080000000, size: 2048 MB, Compressed Oops mode: 32-bit

CDS archive(s) not mapped
Compressed class space mapped at: 0x0000000100000000-0x0000000140000000, reserved size: 1073741824
Narrow klass base: 0x0000000000000000, Narrow klass shift: 3, Narrow klass range: 0x140000000

GC Precious Log:
 CPUs: 4 total, 4 available
 Memory: 8072M
 Large Page Support: Disabled
 NUMA Support: Disabled
 Compressed Oops: Enabled (32-bit)
 Heap Region Size: 1M
 Heap Min Capacity: 8M
 Heap Initial Capacity: 128M
 Heap Max Capacity: 2G
 Pre-touch: Disabled
 Parallel Workers: 4
 Concurrent Workers: 1
 Concurrent Refinement Workers: 4
 Periodic GC: Disabled

Heap:
 garbage-first heap   total 68608K, used 26782K [0x0000000080000000, 0x0000000100000000)
  region size 1024K, 6 young (6144K), 3 survivors (3072K)
 Metaspace       used 36422K, committed 36736K, reserved 1081344K
  class space    used 4943K, committed 5120K, reserved 1048576K

Heap Regions: E=young(eden), S=young(survivor), O=old, HS=humongous(starts), HC=humongous(continues), CS=collection set, F=free, OA=open archive, CA=closed archive, TAMS=top-at-mark-start (previous, next)
|   0|0x0000000080000000, 0x0000000080100000, 0x0000000080100000|100%| O|  |TAMS 0x0000000080100000, 0x0000000080000000| Untracked 
|   1|0x0000000080100000, 0x0000000080200000, 0x0000000080200000|100%| O|  |TAMS 0x0000000080200000, 0x0000000080100000| Untracked 
|   2|0x0000000080200000, 0x0000000080300000, 0x0000000080300000|100%|HS|  |TAMS 0x0000000080300000, 0x0000000080200000| Complete 
|   3|0x0000000080300000, 0x0000000080400000, 0x0000000080400000|100%|HC|  |TAMS 0x0000000080400000, 0x0000000080300000| Complete 
|   4|0x0000000080400000, 0x0000000080500000, 0x0000000080500000|100%|HC|  |TAMS 0x0000000080500000, 0x0000000080400000| Complete 
|   5|0x0000000080500000, 0x0000000080600000, 0x0000000080600000|100%|HC|  |TAMS 0x0000000080600000, 0x0000000080500000| Complete 
|   6|0x0000000080600000, 0x0000000080700000, 0x0000000080700000|100%| O|  |TAMS 0x0000000080700000, 0x0000000080600000| Untracked 
|   7|0x0000000080700000, 0x0000000080800000, 0x0000000080800000|100%| O|  |TAMS 0x0000000080800000, 0x0000000080700000| Untracked 
|   8|0x0000000080800000, 0x0000000080900000, 0x0000000080900000|100%| O|  |TAMS 0x0000000080900000, 0x0000000080800000| Untracked 
|   9|0x0000000080900000, 0x0000000080a00000, 0x0000000080a00000|100%| O|  |TAMS 0x0000000080a00000, 0x0000000080900000| Untracked 
|  10|0x0000000080a00000, 0x0000000080b00000, 0x0000000080b00000|100%| O|  |TAMS 0x0000000080b00000, 0x0000000080a00000| Untracked 
|  11|0x0000000080b00000, 0x0000000080b3b200, 0x0000000080c00000| 23%| O|  |TAMS 0x0000000080b3b200, 0x0000000080b00000| Untracked 
|  12|0x0000000080c00000, 0x0000000080d00000, 0x0000000080d00000|100%| O|  |TAMS 0x0000000080d00000, 0x0000000080c00000| Untracked 
|  13|0x0000000080d00000, 0x0000000080e00000, 0x0000000080e00000|100%| O|  |TAMS 0x0000000080e00000, 0x0000000080d00000| Untracked 
|  14|0x0000000080e00000, 0x0000000080f00000, 0x0000000080f00000|100%| O|  |TAMS 0x0000000080f00000, 0x0000000080e00000| Untracked 
|  15|0x0000000080f00000, 0x0000000081000000, 0x0000000081000000|100%| O|  |TAMS 0x0000000081000000, 0x0000000080f00000| Untracked 
|  16|0x0000000081000000, 0x0000000081100000, 0x0000000081100000|100%| O|  |TAMS 0x0000000081100000, 0x0000000081000000| Untracked 
|  17|0x0000000081100000, 0x0000000081200000, 0x0000000081200000|100%| O|  |TAMS 0x0000000081200000, 0x0000000081100000| Untracked 
|  18|0x0000000081200000, 0x0000000081300000, 0x0000000081300000|100%| O|  |TAMS 0x0000000081300000, 0x0000000081200000| Untracked 
|  19|0x0000000081300000, 0x0000000081400000, 0x0000000081400000|100%| O|  |TAMS 0x0000000081400000, 0x0000000081300000| Untracked 
|  20|0x0000000081400000, 0x0000000081500000, 0x0000000081500000|100%| O|  |TAMS 0x00000000814a0e00, 0x0000000081400000| Untracked 
|  21|0x0000000081500000, 0x0000000081600000, 0x0000000081600000|100%| O|  |TAMS 0x0000000081500000, 0x0000000081500000| Untracked 
|  22|0x0000000081600000, 0x000000008162b800, 0x0000000081700000| 16%| O|  |TAMS 0x0000000081600000, 0x0000000081600000| Untracked 
|  23|0x0000000081700000, 0x0000000081700000, 0x0000000081800000|  0%| F|  |TAMS 0x0000000081700000, 0x0000000081700000| Untracked 
|  24|0x0000000081800000, 0x0000000081800000, 0x0000000081900000|  0%| F|  |TAMS 0x0000000081800000, 0x0000000081800000| Untracked 
|  25|0x0000000081900000, 0x0000000081900000, 0x0000000081a00000|  0%| F|  |TAMS 0x0000000081900000, 0x0000000081900000| Untracked 
|  26|0x0000000081a00000, 0x0000000081a00000, 0x0000000081b00000|  0%| F|  |TAMS 0x0000000081a00000, 0x0000000081a00000| Untracked 
|  27|0x0000000081b00000, 0x0000000081b00000, 0x0000000081c00000|  0%| F|  |TAMS 0x0000000081b00000, 0x0000000081b00000| Untracked 
|  28|0x0000000081c00000, 0x0000000081c00000, 0x0000000081d00000|  0%| F|  |TAMS 0x0000000081c00000, 0x0000000081c00000| Untracked 
|  29|0x0000000081d00000, 0x0000000081d00000, 0x0000000081e00000|  0%| F|  |TAMS 0x0000000081d00000, 0x0000000081d00000| Untracked 
|  30|0x0000000081e00000, 0x0000000081e00000, 0x0000000081f00000|  0%| F|  |TAMS 0x0000000081e00000, 0x0000000081e00000| Untracked 
|  31|0x0000000081f00000, 0x0000000081f00000, 0x0000000082000000|  0%| F|  |TAMS 0x0000000081f00000, 0x0000000081f00000| Untracked 
|  32|0x0000000082000000, 0x0000000082000000, 0x0000000082100000|  0%| F|  |TAMS 0x0000000082000000, 0x0000000082000000| Untracked 
|  33|0x0000000082100000, 0x0000000082100000, 0x0000000082200000|  0%| F|  |TAMS 0x0000000082100000, 0x0000000082100000| Untracked 
|  34|0x0000000082200000, 0x0000000082200000, 0x0000000082300000|  0%| F|  |TAMS 0x0000000082200000, 0x0000000082200000| Untracked 
|  35|0x0000000082300000, 0x0000000082300000, 0x0000000082400000|  0%| F|  |TAMS 0x0000000082300000, 0x0000000082300000| Untracked 
|  36|0x0000000082400000, 0x0000000082400000, 0x0000000082500000|  0%| F|  |TAMS 0x0000000082400000, 0x0000000082400000| Untracked 
|  37|0x0000000082500000, 0x0000000082500000, 0x0000000082600000|  0%| F|  |TAMS 0x0000000082500000, 0x0000000082500000| Untracked 
|  38|0x0000000082600000, 0x0000000082600000, 0x0000000082700000|  0%| F|  |TAMS 0x0000000082600000, 0x0000000082600000| Untracked 
|  39|0x0000000082700000, 0x0000000082700000, 0x0000000082800000|  0%| F|  |TAMS 0x0000000082700000, 0x0000000082700000| Untracked 
|  40|0x0000000082800000, 0x0000000082800000, 0x0000000082900000|  0%| F|  |TAMS 0x0000000082800000, 0x0000000082800000| Untracked 
|  41|0x0000000082900000, 0x0000000082900000, 0x0000000082a00000|  0%| F|  |TAMS 0x0000000082900000, 0x0000000082900000| Untracked 
|  42|0x0000000082a00000, 0x0000000082a00000, 0x0000000082b00000|  0%| F|  |TAMS 0x0000000082a00000, 0x0000000082a00000| Untracked 
|  43|0x0000000082b00000, 0x0000000082b00000, 0x0000000082c00000|  0%| F|  |TAMS 0x0000000082b00000, 0x0000000082b00000| Untracked 
|  44|0x0000000082c00000, 0x0000000082c00000, 0x0000000082d00000|  0%| F|  |TAMS 0x0000000082c00000, 0x0000000082c00000| Untracked 
|  45|0x0000000082d00000, 0x0000000082d00000, 0x0000000082e00000|  0%| F|  |TAMS 0x0000000082d00000, 0x0000000082d00000| Untracked 
|  46|0x0000000082e00000, 0x0000000082e00000, 0x0000000082f00000|  0%| F|  |TAMS 0x0000000082e00000, 0x0000000082e00000| Untracked 
|  47|0x0000000082f00000, 0x0000000082f00000, 0x0000000083000000|  0%| F|  |TAMS 0x0000000082f00000, 0x0000000082f00000| Untracked 
|  48|0x0000000083000000, 0x0000000083000000, 0x0000000083100000|  0%| F|  |TAMS 0x0000000083000000, 0x0000000083000000| Untracked 
|  49|0x0000000083100000, 0x0000000083100000, 0x0000000083200000|  0%| F|  |TAMS 0x0000000083100000, 0x0000000083100000| Untracked 
|  50|0x0000000083200000, 0x0000000083200000, 0x0000000083300000|  0%| F|  |TAMS 0x0000000083200000, 0x0000000083200000| Untracked 
|  51|0x0000000083300000, 0x0000000083300000, 0x0000000083400000|  0%| F|  |TAMS 0x0000000083300000, 0x0000000083300000| Untracked 
|  52|0x0000000083400000, 0x0000000083400000, 0x0000000083500000|  0%| F|  |TAMS 0x0000000083400000, 0x0000000083400000| Untracked 
|  53|0x0000000083500000, 0x0000000083500000, 0x0000000083600000|  0%| F|  |TAMS 0x0000000083500000, 0x0000000083500000| Untracked 
|  54|0x0000000083600000, 0x0000000083600000, 0x0000000083700000|  0%| F|  |TAMS 0x0000000083600000, 0x0000000083600000| Untracked 
|  55|0x0000000083700000, 0x0000000083700000, 0x0000000083800000|  0%| F|  |TAMS 0x0000000083700000, 0x0000000083700000| Untracked 
|  56|0x0000000083800000, 0x0000000083800000, 0x0000000083900000|  0%| F|  |TAMS 0x0000000083800000, 0x0000000083800000| Untracked 
|  57|0x0000000083900000, 0x0000000083900000, 0x0000000083a00000|  0%| F|  |TAMS 0x0000000083900000, 0x0000000083900000| Untracked 
|  79|0x0000000084f00000, 0x0000000084f00000, 0x0000000085000000|  0%| F|  |TAMS 0x0000000084f00000, 0x0000000084f00000| Untracked 
|  80|0x0000000085000000, 0x0000000085000000, 0x0000000085100000|  0%| F|  |TAMS 0x0000000085000000, 0x0000000085000000| Untracked 
|  81|0x0000000085100000, 0x00000000851c1110, 0x0000000085200000| 75%| S|CS|TAMS 0x0000000085100000, 0x0000000085100000| Complete 
|  82|0x0000000085200000, 0x0000000085300000, 0x0000000085300000|100%| S|CS|TAMS 0x0000000085200000, 0x0000000085200000| Complete 
|  83|0x0000000085300000, 0x0000000085400000, 0x0000000085400000|100%| S|CS|TAMS 0x0000000085300000, 0x0000000085300000| Complete 
|  84|0x0000000085400000, 0x0000000085400000, 0x0000000085500000|  0%| F|  |TAMS 0x0000000085400000, 0x0000000085400000| Untracked 
|  85|0x0000000085500000, 0x00000000855cc8b0, 0x0000000085600000| 79%| E|  |TAMS 0x0000000085500000, 0x0000000085500000| Complete 
|  86|0x0000000085600000, 0x0000000085700000, 0x0000000085700000|100%| E|CS|TAMS 0x0000000085600000, 0x0000000085600000| Complete 
| 127|0x0000000087f00000, 0x0000000088000000, 0x0000000088000000|100%| E|CS|TAMS 0x0000000087f00000, 0x0000000087f00000| Complete 

Card table byte_map: [0x0000022349540000,0x0000022349940000] _byte_map_base: 0x0000022349140000

Marking Bits (Prev, Next): (CMBitMap*) 0x0000022336cc74d0, (CMBitMap*) 0x0000022336cc7510
 Prev Bits: [0x0000022349d40000, 0x000002234bd40000)
 Next Bits: [0x000002234bd40000, 0x000002234dd40000)

Polling page: 0x0000022334bb0000

Metaspace:

Usage:
  Non-class:     30.74 MB used.
      Class:      4.83 MB used.
       Both:     35.57 MB used.

Virtual space:
  Non-class space:       32.00 MB reserved,      30.88 MB ( 96%) committed,  4 nodes.
      Class space:        1.00 GB reserved,       5.00 MB ( <1%) committed,  1 nodes.
             Both:        1.03 GB reserved,      35.88 MB (  3%) committed. 

Chunk freelists:
   Non-Class:  336.00 KB
       Class:  2.92 MB
        Both:  3.25 MB

MaxMetaspaceSize: unlimited
CompressedClassSpaceSize: 1.00 GB
Initial GC threshold: 21.00 MB
Current GC threshold: 59.38 MB
CDS: off
MetaspaceReclaimPolicy: balanced
 - commit_granule_bytes: 65536.
 - commit_granule_words: 8192.
 - virtual_space_node_default_size: 1048576.
 - enlarge_chunks_in_place: 1.
 - new_chunks_are_fully_committed: 0.
 - uncommit_free_chunks: 1.
 - use_allocation_guard: 0.
 - handle_deallocations: 1.


Internal statistics:

num_allocs_failed_limit: 9.
num_arena_births: 300.
num_arena_deaths: 0.
num_vsnodes_births: 5.
num_vsnodes_deaths: 0.
num_space_committed: 574.
num_space_uncommitted: 0.
num_chunks_returned_to_freelist: 9.
num_chunks_taken_from_freelist: 1332.
num_chunk_merges: 9.
num_chunk_splits: 885.
num_chunks_enlarged: 636.
num_purges: 0.
num_inconsistent_stats: 0.

CodeHeap 'non-profiled nmethods': size=120000Kb used=1736Kb max_used=1736Kb free=118263Kb
 bounds [0x0000022341c10000, 0x0000022341e80000, 0x0000022349140000]
CodeHeap 'profiled nmethods': size=120000Kb used=6468Kb max_used=6468Kb free=113531Kb
 bounds [0x000002233a140000, 0x000002233a7a0000, 0x0000022341670000]
CodeHeap 'non-nmethods': size=5760Kb used=1235Kb max_used=1291Kb free=4525Kb
 bounds [0x0000022341670000, 0x00000223418e0000, 0x0000022341c10000]
 total_blobs=3657 nmethods=3113 adapters=456
 compilation: enabled
              stopped_count=0, restarted_count=0
 full_count=0

Compilation events (20 events):
Event: 16.714 Thread 0x0000022350c53630 nmethod 3038 0x0000022341dbe090 code [0x0000022341dbe260, 0x0000022341dbe648]
Event: 16.714 Thread 0x0000022350c53630 3039       4       java.util.stream.MatchOps$1MatchSink::accept (44 bytes)
Event: 16.716 Thread 0x0000022350c53630 nmethod 3039 0x0000022341dbea10 code [0x0000022341dbeba0, 0x0000022341dbed28]
Event: 16.716 Thread 0x0000022350c53630 3045       4       org.codehaus.groovy.vmplugin.v9.Java9::lambda$isExported$11 (24 bytes)
Event: 16.718 Thread 0x0000022350c53630 nmethod 3045 0x0000022341dbef10 code [0x0000022341dbf0a0, 0x0000022341dbf2d8]
Event: 16.718 Thread 0x0000022350c53630 3041       4       org.codehaus.groovy.vmplugin.v9.Java9$$Lambda$411/0x0000000100501810::test (12 bytes)
Event: 16.719 Thread 0x0000022350c53630 nmethod 3041 0x0000022341dbf410 code [0x0000022341dbf5a0, 0x0000022341dbf688]
Event: 16.733 Thread 0x0000022350c53fe0 3046       3       org.codehaus.groovy.vmplugin.v9.Java9$$Lambda$410/0x0000000100501598::test (12 bytes)
Event: 16.733 Thread 0x0000022350c53fe0 nmethod 3046 0x000002233a774590 code [0x000002233a774740, 0x000002233a774968]
Event: 16.733 Thread 0x0000022350c53fe0 3047       3       org.codehaus.groovy.vmplugin.v9.Java9::lambda$isOpen$12 (24 bytes)
Event: 16.733 Thread 0x0000022350c53fe0 nmethod 3047 0x000002233a774a10 code [0x000002233a774be0, 0x000002233a774f78]
Event: 16.733 Thread 0x0000022350c53630 3048       4       java.util.stream.Sink::begin (1 bytes)
Event: 16.734 Thread 0x0000022350c53630 nmethod 3048 0x0000022341dbf790 code [0x0000022341dbf900, 0x0000022341dbf978]
Event: 16.734 Thread 0x0000022350c53fe0 3049       3       java.util.ImmutableCollections$Set12::size (16 bytes)
Event: 16.734 Thread 0x0000022350c53fe0 nmethod 3049 0x000002233a775110 code [0x000002233a7752a0, 0x000002233a775438]
Event: 16.734 Thread 0x0000022350c53630 3050       4       java.util.stream.ReferencePipeline::forEachWithCancel (23 bytes)
Event: 16.739 Thread 0x0000022350c53630 nmethod 3050 0x0000022341dbfa90 code [0x0000022341dbfc20, 0x0000022341dbfd98]
Event: 16.771 Thread 0x0000022350c53630 3051   !   4       java.util.concurrent.ConcurrentHashMap::computeIfAbsent (576 bytes)
Event: 16.800 Thread 0x0000022350c53fe0 3054       3       java.util.ImmutableCollections$List12::<init> (20 bytes)
Event: 16.800 Thread 0x0000022350c53fe0 nmethod 3054 0x000002233a775510 code [0x000002233a7756e0, 0x000002233a775b88]

GC Heap History (14 events):
Event: 0.692 GC heap before
{Heap before GC invocations=0 (full 0):
 garbage-first heap   total 131072K, used 13312K [0x0000000080000000, 0x0000000100000000)
  region size 1024K, 13 young (13312K), 0 survivors (0K)
 Metaspace       used 7068K, committed 7232K, reserved 1056768K
  class space    used 605K, committed 704K, reserved 1048576K
}
Event: 0.695 GC heap after
{Heap after GC invocations=1 (full 0):
 garbage-first heap   total 131072K, used 3762K [0x0000000080000000, 0x0000000100000000)
  region size 1024K, 2 young (2048K), 2 survivors (2048K)
 Metaspace       used 7068K, committed 7232K, reserved 1056768K
  class space    used 605K, committed 704K, reserved 1048576K
}
Event: 1.290 GC heap before
{Heap before GC invocations=1 (full 0):
 garbage-first heap   total 131072K, used 22194K [0x0000000080000000, 0x0000000100000000)
  region size 1024K, 17 young (17408K), 2 survivors (2048K)
 Metaspace       used 11091K, committed 11264K, reserved 1064960K
  class space    used 1160K, committed 1280K, reserved 1048576K
}
Event: 1.295 GC heap after
{Heap after GC invocations=2 (full 0):
 garbage-first heap   total 131072K, used 10373K [0x0000000080000000, 0x0000000100000000)
  region size 1024K, 3 young (3072K), 3 survivors (3072K)
 Metaspace       used 11091K, committed 11264K, reserved 1064960K
  class space    used 1160K, committed 1280K, reserved 1048576K
}
Event: 2.021 GC heap before
{Heap before GC invocations=2 (full 0):
 garbage-first heap   total 131072K, used 33925K [0x0000000080000000, 0x0000000100000000)
  region size 1024K, 25 young (25600K), 3 survivors (3072K)
 Metaspace       used 11201K, committed 11456K, reserved 1064960K
  class space    used 1160K, committed 1280K, reserved 1048576K
}
Event: 2.025 GC heap after
{Heap after GC invocations=3 (full 0):
 garbage-first heap   total 131072K, used 13445K [0x0000000080000000, 0x0000000100000000)
  region size 1024K, 3 young (3072K), 3 survivors (3072K)
 Metaspace       used 11201K, committed 11456K, reserved 1064960K
  class space    used 1160K, committed 1280K, reserved 1048576K
}
Event: 3.948 GC heap before
{Heap before GC invocations=3 (full 0):
 garbage-first heap   total 131072K, used 51333K [0x0000000080000000, 0x0000000100000000)
  region size 1024K, 41 young (41984K), 3 survivors (3072K)
 Metaspace       used 21175K, committed 21504K, reserved 1073152K
  class space    used 2565K, committed 2752K, reserved 1048576K
}
Event: 3.955 GC heap after
{Heap after GC invocations=4 (full 0):
 garbage-first heap   total 131072K, used 18385K [0x0000000080000000, 0x0000000100000000)
  region size 1024K, 8 young (8192K), 8 survivors (8192K)
 Metaspace       used 21175K, committed 21504K, reserved 1073152K
  class space    used 2565K, committed 2752K, reserved 1048576K
}
Event: 5.757 GC heap before
{Heap before GC invocations=5 (full 0):
 garbage-first heap   total 68608K, used 51153K [0x0000000080000000, 0x0000000100000000)
  region size 1024K, 40 young (40960K), 8 survivors (8192K)
 Metaspace       used 26245K, committed 26560K, reserved 1073152K
  class space    used 3445K, committed 3584K, reserved 1048576K
}
Event: 5.765 GC heap after
{Heap after GC invocations=6 (full 0):
 garbage-first heap   total 68608K, used 20771K [0x0000000080000000, 0x0000000100000000)
  region size 1024K, 3 young (3072K), 3 survivors (3072K)
 Metaspace       used 26245K, committed 26560K, reserved 1073152K
  class space    used 3445K, committed 3584K, reserved 1048576K
}
Event: 8.778 GC heap before
{Heap before GC invocations=6 (full 0):
 garbage-first heap   total 68608K, used 46371K [0x0000000080000000, 0x0000000100000000)
  region size 1024K, 28 young (28672K), 3 survivors (3072K)
 Metaspace       used 30370K, committed 30656K, reserved 1081344K
  class space    used 4113K, committed 4224K, reserved 1048576K
}
Event: 8.783 GC heap after
{Heap after GC invocations=7 (full 0):
 garbage-first heap   total 68608K, used 22064K [0x0000000080000000, 0x0000000100000000)
  region size 1024K, 4 young (4096K), 4 survivors (4096K)
 Metaspace       used 30370K, committed 30656K, reserved 1081344K
  class space    used 4113K, committed 4224K, reserved 1048576K
}
Event: 16.200 GC heap before
{Heap before GC invocations=7 (full 0):
 garbage-first heap   total 68608K, used 47664K [0x0000000080000000, 0x0000000100000000)
  region size 1024K, 30 young (30720K), 4 survivors (4096K)
 Metaspace       used 34826K, committed 35200K, reserved 1081344K
  class space    used 4815K, committed 4992K, reserved 1048576K
}
Event: 16.216 GC heap after
{Heap after GC invocations=8 (full 0):
 garbage-first heap   total 68608K, used 23723K [0x0000000080000000, 0x0000000100000000)
  region size 1024K, 4 young (4096K), 4 survivors (4096K)
 Metaspace       used 34826K, committed 35200K, reserved 1081344K
  class space    used 4815K, committed 4992K, reserved 1048576K
}

Dll operation events (2 events):
Event: 0.033 Loaded shared library C:\Program Files\Android\Android Studio\jbr\bin\java.dll
Event: 0.659 Loaded shared library C:\Program Files\Android\Android Studio\jbr\bin\verify.dll

Deoptimization events (20 events):
Event: 15.798 Thread 0x0000022351f688e0 Uncommon trap: trap_request=0xffffffc6 fr.pc=0x0000022341da0f84 relative=0x00000000000008e4
Event: 15.798 Thread 0x0000022351f688e0 Uncommon trap: reason=bimorphic_or_optimized_type_check action=maybe_recompile pc=0x0000022341da0f84 method=java.io.BufferedInputStream.read([BII)I @ 101 c2
Event: 15.799 Thread 0x0000022351f688e0 DEOPT PACKING pc=0x0000022341da0f84 sp=0x00000059988f7bf0
Event: 15.799 Thread 0x0000022351f688e0 DEOPT UNPACKING pc=0x00000223416c69a3 sp=0x00000059988f7ba8 mode 2
Event: 15.811 Thread 0x0000022351f688e0 Uncommon trap: trap_request=0xffffffc6 fr.pc=0x0000022341da0f84 relative=0x00000000000008e4
Event: 15.811 Thread 0x0000022351f688e0 Uncommon trap: reason=bimorphic_or_optimized_type_check action=maybe_recompile pc=0x0000022341da0f84 method=java.io.BufferedInputStream.read([BII)I @ 101 c2
Event: 15.811 Thread 0x0000022351f688e0 DEOPT PACKING pc=0x0000022341da0f84 sp=0x00000059988f7bf0
Event: 15.811 Thread 0x0000022351f688e0 DEOPT UNPACKING pc=0x00000223416c69a3 sp=0x00000059988f7ba8 mode 2
Event: 15.816 Thread 0x0000022351f688e0 Uncommon trap: trap_request=0xffffffc6 fr.pc=0x0000022341da0f84 relative=0x00000000000008e4
Event: 15.816 Thread 0x0000022351f688e0 Uncommon trap: reason=bimorphic_or_optimized_type_check action=maybe_recompile pc=0x0000022341da0f84 method=java.io.BufferedInputStream.read([BII)I @ 101 c2
Event: 15.816 Thread 0x0000022351f688e0 DEOPT PACKING pc=0x0000022341da0f84 sp=0x00000059988f7cc0
Event: 15.816 Thread 0x0000022351f688e0 DEOPT UNPACKING pc=0x00000223416c69a3 sp=0x00000059988f7c78 mode 2
Event: 15.819 Thread 0x0000022351f688e0 Uncommon trap: trap_request=0xffffffc6 fr.pc=0x0000022341da0f84 relative=0x00000000000008e4
Event: 15.819 Thread 0x0000022351f688e0 Uncommon trap: reason=bimorphic_or_optimized_type_check action=maybe_recompile pc=0x0000022341da0f84 method=java.io.BufferedInputStream.read([BII)I @ 101 c2
Event: 15.819 Thread 0x0000022351f688e0 DEOPT PACKING pc=0x0000022341da0f84 sp=0x00000059988f7cc0
Event: 15.819 Thread 0x0000022351f688e0 DEOPT UNPACKING pc=0x00000223416c69a3 sp=0x00000059988f7c78 mode 2
Event: 16.222 Thread 0x0000022351f688e0 Uncommon trap: trap_request=0xffffff45 fr.pc=0x0000022341d9ee30 relative=0x00000000000005d0
Event: 16.222 Thread 0x0000022351f688e0 Uncommon trap: reason=unstable_if action=reinterpret pc=0x0000022341d9ee30 method=jdk.internal.org.objectweb.asm.MethodWriter.visitVarInsn(II)V @ 108 c2
Event: 16.222 Thread 0x0000022351f688e0 DEOPT PACKING pc=0x0000022341d9ee30 sp=0x00000059988f0ce0
Event: 16.222 Thread 0x0000022351f688e0 DEOPT UNPACKING pc=0x00000223416c69a3 sp=0x00000059988f0ca8 mode 2

Classes unloaded (0 events):
No events

Classes redefined (0 events):
No events

Internal exceptions (20 events):
Event: 8.992 Thread 0x0000022351f688e0 Exception <a 'java/lang/NoSuchMethodError'{0x0000000085520b58}: 'java.lang.Object java.lang.invoke.DirectMethodHandle$Holder.invokeSpecial(java.lang.Object, java.lang.Object, java.lang.Object, java.lang.Object, java.lang.Object, java.lang.Object, java.lang.Object, java.lang.Object, java.lang.Object, java.lang.Object, java.lang.Object, java.lang.Object, java.lang.Object, java.lang.Object)'> (0x0000000085520b58) 
thrown [s\src\hotspot\share\interpreter\linkResolver.cpp, line 771]
Event: 8.994 Thread 0x0000022351f688e0 Exception <a 'java/lang/NoSuchMethodError'{0x0000000085532ed8}: 'java.lang.Object java.lang.invoke.DirectMethodHandle$Holder.newInvokeSpecial(java.lang.Object, java.lang.Object, java.lang.Object, java.lang.Object, java.lang.Object, java.lang.Object, java.lang.Object, java.lang.Object, java.lang.Object, java.lang.Object, java.lang.Object, java.lang.Object)'> (0x0000000085532ed8) 
thrown [s\src\hotspot\share\interpreter\linkResolver.cpp, line 771]
Event: 8.995 Thread 0x0000022351f688e0 Exception <a 'java/lang/NoSuchMethodError'{0x0000000085538870}: 'java.lang.Object java.lang.invoke.Invokers$Holder.linkToTargetMethod(java.lang.Object, java.lang.Object, java.lang.Object, java.lang.Object, java.lang.Object, java.lang.Object, java.lang.Object, java.lang.Object, java.lang.Object, java.lang.Object, java.lang.Object, java.lang.Object)'> (0x0000000085538870) 
thrown [s\src\hotspot\share\interpreter\linkResolver.cpp, line 771]
Event: 9.154 Thread 0x0000022351f688e0 Exception <a 'java/lang/NoSuchMethodError'{0x00000000855db608}: 'java.lang.Object java.lang.invoke.DirectMethodHandle$Holder.invokeStaticInit(java.lang.Object, java.lang.Object, java.lang.Object, java.lang.Object)'> (0x00000000855db608) 
thrown [s\src\hotspot\share\interpreter\linkResolver.cpp, line 771]
Event: 10.281 Thread 0x0000022351f688e0 Exception <a 'java/lang/NoSuchMethodError'{0x00000000837fb030}: 'java.lang.Object java.lang.invoke.DirectMethodHandle$Holder.newInvokeSpecial(java.lang.Object, java.lang.Object, java.lang.Object, java.lang.Object, java.lang.Object, java.lang.Object, java.lang.Object, java.lang.Object)'> (0x00000000837fb030) 
thrown [s\src\hotspot\share\interpreter\linkResolver.cpp, line 771]
Event: 10.282 Thread 0x0000022351f688e0 Exception <a 'java/lang/NoSuchMethodError'{0x00000000836018f0}: 'java.lang.Object java.lang.invoke.Invokers$Holder.linkToTargetMethod(java.lang.Object, java.lang.Object, java.lang.Object, java.lang.Object, java.lang.Object, java.lang.Object, java.lang.Object, java.lang.Object)'> (0x00000000836018f0) 
thrown [s\src\hotspot\share\interpreter\linkResolver.cpp, line 771]
Event: 10.319 Thread 0x0000022351f688e0 Exception <a 'java/lang/IncompatibleClassChangeError'{0x0000000083663bc0}: Found class java.lang.Object, but interface was expected> (0x0000000083663bc0) 
thrown [s\src\hotspot\share\interpreter\linkResolver.cpp, line 838]
Event: 11.688 Thread 0x0000022351f688e0 Exception <a 'java/lang/NoSuchMethodError'{0x0000000083085cb0}: 'int java.lang.invoke.DirectMethodHandle$Holder.invokeStaticInit(java.lang.Object, java.lang.Object, java.lang.Object)'> (0x0000000083085cb0) 
thrown [s\src\hotspot\share\interpreter\linkResolver.cpp, line 771]
Event: 11.694 Thread 0x0000022351f688e0 Exception <a 'java/lang/NoSuchMethodError'{0x000000008309ace8}: 'java.lang.Object java.lang.invoke.DirectMethodHandle$Holder.newInvokeSpecial(java.lang.Object, java.lang.Object, long)'> (0x000000008309ace8) 
thrown [s\src\hotspot\share\interpreter\linkResolver.cpp, line 771]
Event: 11.694 Thread 0x0000022351f688e0 Exception <a 'java/lang/NoSuchMethodError'{0x000000008309f2f8}: 'java.lang.Object java.lang.invoke.Invokers$Holder.linkToTargetMethod(java.lang.Object, long, java.lang.Object)'> (0x000000008309f2f8) 
thrown [s\src\hotspot\share\interpreter\linkResolver.cpp, line 771]
Event: 12.316 Thread 0x0000022351f688e0 Exception <a 'java/lang/NoSuchMethodError'{0x0000000082f9b920}: 'int java.lang.invoke.DirectMethodHandle$Holder.invokeInterface(java.lang.Object, java.lang.Object)'> (0x0000000082f9b920) 
thrown [s\src\hotspot\share\interpreter\linkResolver.cpp, line 771]
Event: 12.327 Thread 0x0000022351f688e0 Exception <a 'java/lang/NoSuchMethodError'{0x0000000082fbf728}: 'java.lang.Object java.lang.invoke.DirectMethodHandle$Holder.invokeStatic(java.lang.Object, java.lang.Object, int, java.lang.Object)'> (0x0000000082fbf728) 
thrown [s\src\hotspot\share\interpreter\linkResolver.cpp, line 771]
Event: 12.328 Thread 0x0000022351f688e0 Exception <a 'java/lang/NoSuchMethodError'{0x0000000082fc72e0}: 'java.lang.Object java.lang.invoke.DirectMethodHandle$Holder.newInvokeSpecial(java.lang.Object, java.lang.Object, int, java.lang.Object)'> (0x0000000082fc72e0) 
thrown [s\src\hotspot\share\interpreter\linkResolver.cpp, line 771]
Event: 12.328 Thread 0x0000022351f688e0 Exception <a 'java/lang/NoSuchMethodError'{0x0000000082fcbbc8}: 'java.lang.Object java.lang.invoke.DirectMethodHandle$Holder.invokeSpecial(java.lang.Object, java.lang.Object, java.lang.Object, int, java.lang.Object)'> (0x0000000082fcbbc8) 
thrown [s\src\hotspot\share\interpreter\linkResolver.cpp, line 771]
Event: 15.365 Thread 0x0000022351f688e0 Exception <a 'java/lang/NoSuchMethodError'{0x0000000082b42000}: 'java.lang.Object java.lang.invoke.DirectMethodHandle$Holder.invokeSpecial(java.lang.Object, java.lang.Object, java.lang.Object, int, java.lang.Object, java.lang.Object)'> (0x0000000082b42000) 
thrown [s\src\hotspot\share\interpreter\linkResolver.cpp, line 771]
Event: 16.222 Thread 0x0000022351f688e0 Implicit null exception at 0x0000022341d9e980 to 0x0000022341d9ee24
Event: 16.623 Thread 0x0000022351f688e0 Exception <a 'java/lang/NoSuchMethodError'{0x0000000085679bb0}: 'void java.lang.invoke.DirectMethodHandle$Holder.invokeStaticInit(java.lang.Object, java.lang.Object, java.lang.Object)'> (0x0000000085679bb0) 
thrown [s\src\hotspot\share\interpreter\linkResolver.cpp, line 771]
Event: 16.626 Thread 0x0000022351f688e0 Exception <a 'java/lang/NoSuchMethodError'{0x00000000856812f8}: 'void java.lang.invoke.DirectMethodHandle$Holder.invokeStaticInit(java.lang.Object, java.lang.Object, java.lang.Object, java.lang.Object)'> (0x00000000856812f8) 
thrown [s\src\hotspot\share\interpreter\linkResolver.cpp, line 771]
Event: 16.689 Thread 0x0000022351f688e0 Exception <a 'java/lang/NoSuchMethodError'{0x00000000856a34c0}: 'void java.lang.invoke.DirectMethodHandle$Holder.invokeStaticInit(java.lang.Object, java.lang.Object, java.lang.Object, java.lang.Object, java.lang.Object)'> (0x00000000856a34c0) 
thrown [s\src\hotspot\share\interpreter\linkResolver.cpp, line 771]
Event: 16.799 Thread 0x0000022351f688e0 Exception <a 'java/lang/NoSuchMethodError'{0x0000000085509678}: 'int java.lang.invoke.DirectMethodHandle$Holder.invokeStaticInit(java.lang.Object, java.lang.Object, java.lang.Object, java.lang.Object)'> (0x0000000085509678) 
thrown [s\src\hotspot\share\interpreter\linkResolver.cpp, line 771]

VM Operations (20 events):
Event: 11.163 Executing VM operation: Cleanup
Event: 11.210 Executing VM operation: Cleanup done
Event: 12.220 Executing VM operation: Cleanup
Event: 12.220 Executing VM operation: Cleanup done
Event: 13.233 Executing VM operation: Cleanup
Event: 13.233 Executing VM operation: Cleanup done
Event: 13.330 Executing VM operation: HandshakeAllThreads
Event: 13.330 Executing VM operation: HandshakeAllThreads done
Event: 13.576 Executing VM operation: HandshakeAllThreads
Event: 13.576 Executing VM operation: HandshakeAllThreads done
Event: 14.580 Executing VM operation: Cleanup
Event: 14.580 Executing VM operation: Cleanup done
Event: 15.036 Executing VM operation: HandshakeAllThreads
Event: 15.036 Executing VM operation: HandshakeAllThreads done
Event: 16.044 Executing VM operation: Cleanup
Event: 16.059 Executing VM operation: Cleanup done
Event: 16.180 Executing VM operation: HandshakeAllThreads
Event: 16.180 Executing VM operation: HandshakeAllThreads done
Event: 16.200 Executing VM operation: G1CollectForAllocation
Event: 16.216 Executing VM operation: G1CollectForAllocation done

Events (20 events):
Event: 15.747 loading class java/util/TimerTask
Event: 15.758 loading class java/util/TimerTask done
Event: 15.758 loading class java/util/Timer
Event: 15.760 loading class java/util/Timer done
Event: 16.178 loading class java/security/AccessControlException
Event: 16.180 loading class java/security/AccessControlException done
Event: 16.221 loading class java/lang/invoke/MethodHandleImpl$BindCaller
Event: 16.222 loading class java/lang/invoke/MethodHandleImpl$BindCaller done
Event: 16.222 loading class java/lang/invoke/MethodHandleImpl$BindCaller$1
Event: 16.222 loading class java/lang/invoke/MethodHandleImpl$BindCaller$1 done
Event: 16.224 loading class java/util/Collections$CopiesList
Event: 16.224 loading class java/util/Collections$CopiesList done
Event: 16.370 loading class java/lang/reflect/MalformedParameterizedTypeException
Event: 16.397 loading class java/lang/reflect/MalformedParameterizedTypeException done
Event: 16.513 loading class java/lang/IllegalCallerException
Event: 16.527 loading class java/lang/IllegalCallerException done
Event: 16.542 loading class jdk/internal/module/SystemModules$all
Event: 16.548 loading class jdk/internal/module/SystemModules$all done
Event: 16.616 loading class java/util/Spliterators$IteratorSpliterator
Event: 16.620 loading class java/util/Spliterators$IteratorSpliterator done


Dynamic libraries:
0x00007ff735cf0000 - 0x00007ff735cfa000 	C:\Program Files\Android\Android Studio\jbr\bin\java.exe
0x00007ff8b7010000 - 0x00007ff8b7208000 	C:\Windows\SYSTEM32\ntdll.dll
0x00007ff8b5f00000 - 0x00007ff8b5fbd000 	C:\Windows\System32\KERNEL32.DLL
0x00007ff8b4b50000 - 0x00007ff8b4e46000 	C:\Windows\System32\KERNELBASE.dll
0x00007ff8b4e50000 - 0x00007ff8b4f50000 	C:\Windows\System32\ucrtbase.dll
0x00007ff8ad360000 - 0x00007ff8ad37b000 	C:\Program Files\Android\Android Studio\jbr\bin\VCRUNTIME140.dll
0x00007ff8707b0000 - 0x00007ff8707c7000 	C:\Program Files\Android\Android Studio\jbr\bin\jli.dll
0x00007ff8b5d50000 - 0x00007ff8b5eee000 	C:\Windows\System32\USER32.dll
0x00007ff8b4a60000 - 0x00007ff8b4a82000 	C:\Windows\System32\win32u.dll
0x00007ff8b5890000 - 0x00007ff8b58bc000 	C:\Windows\System32\GDI32.dll
0x00007ff8b4850000 - 0x00007ff8b496a000 	C:\Windows\System32\gdi32full.dll
0x00007ff8b49c0000 - 0x00007ff8b4a5d000 	C:\Windows\System32\msvcp_win.dll
0x00007ff8a1ea0000 - 0x00007ff8a213a000 	C:\Windows\WinSxS\amd64_microsoft.windows.common-controls_6595b64144ccf1df_6.0.19041.3636_none_60b6a03d71f818d5\COMCTL32.dll
0x00007ff8b5250000 - 0x00007ff8b52ee000 	C:\Windows\System32\msvcrt.dll
0x00007ff8b6580000 - 0x00007ff8b65b0000 	C:\Windows\System32\IMM32.DLL
0x00007ff8a4350000 - 0x00007ff8a435c000 	C:\Program Files\Android\Android Studio\jbr\bin\vcruntime140_1.dll
0x00007ff88bfd0000 - 0x00007ff88c05d000 	C:\Program Files\Android\Android Studio\jbr\bin\msvcp140.dll
0x00007ff873a30000 - 0x00007ff87469e000 	C:\Program Files\Android\Android Studio\jbr\bin\server\jvm.dll
0x00007ff8b5070000 - 0x00007ff8b511f000 	C:\Windows\System32\ADVAPI32.dll
0x00007ff8b52f0000 - 0x00007ff8b538c000 	C:\Windows\System32\sechost.dll
0x00007ff8b5fc0000 - 0x00007ff8b60e6000 	C:\Windows\System32\RPCRT4.dll
0x00007ff896bc0000 - 0x00007ff896be7000 	C:\Windows\SYSTEM32\WINMM.dll
0x00007ff8aff50000 - 0x00007ff8aff5a000 	C:\Windows\SYSTEM32\VERSION.dll
0x00007ff8a4330000 - 0x00007ff8a4339000 	C:\Windows\SYSTEM32\WSOCK32.dll
0x00007ff8b6150000 - 0x00007ff8b61bb000 	C:\Windows\System32\ws2_32.DLL
0x00007ff8b25b0000 - 0x00007ff8b25c2000 	C:\Windows\SYSTEM32\kernel.appcore.dll
0x00007ff8a0010000 - 0x00007ff8a001a000 	C:\Program Files\Android\Android Studio\jbr\bin\jimage.dll
0x00007ff8adcb0000 - 0x00007ff8ade94000 	C:\Windows\SYSTEM32\DBGHELP.DLL
0x00007ff89e6b0000 - 0x00007ff89e6e4000 	C:\Windows\SYSTEM32\dbgcore.DLL
0x00007ff8b4a90000 - 0x00007ff8b4b12000 	C:\Windows\System32\bcryptPrimitives.dll
0x00007ff87ecd0000 - 0x00007ff87ecf5000 	C:\Program Files\Android\Android Studio\jbr\bin\java.dll
0x00007ff873a10000 - 0x00007ff873a28000 	C:\Program Files\Android\Android Studio\jbr\bin\zip.dll
0x00007ff8b6700000 - 0x00007ff8b6e45000 	C:\Windows\System32\SHELL32.dll
0x00007ff8b27b0000 - 0x00007ff8b2f4b000 	C:\Windows\SYSTEM32\windows.storage.dll
0x00007ff8b6220000 - 0x00007ff8b6574000 	C:\Windows\System32\combase.dll
0x00007ff8b4060000 - 0x00007ff8b408d000 	C:\Windows\SYSTEM32\Wldp.dll
0x00007ff8b65c0000 - 0x00007ff8b666d000 	C:\Windows\System32\SHCORE.dll
0x00007ff8b60f0000 - 0x00007ff8b6145000 	C:\Windows\System32\shlwapi.dll
0x00007ff8b4620000 - 0x00007ff8b4645000 	C:\Windows\SYSTEM32\profapi.dll
0x00007ff8721b0000 - 0x00007ff8721c9000 	C:\Program Files\Android\Android Studio\jbr\bin\net.dll
0x00007ff8aa730000 - 0x00007ff8aa83a000 	C:\Windows\SYSTEM32\WINHTTP.dll
0x00007ff8b3dc0000 - 0x00007ff8b3e2a000 	C:\Windows\system32\mswsock.dll
0x00007ff872190000 - 0x00007ff8721a6000 	C:\Program Files\Android\Android Studio\jbr\bin\nio.dll
0x00007ff894440000 - 0x00007ff894450000 	C:\Program Files\Android\Android Studio\jbr\bin\verify.dll
0x00007ff8a3100000 - 0x00007ff8a3127000 	C:\Users\LENOVO\.gradle\native\68d5fa5c4cc2d200863cafc0d521ce42e7d3e7ee720ec0a83991735586a16f82\windows-amd64\native-platform.dll
0x00007ff880fe0000 - 0x00007ff881124000 	C:\Users\LENOVO\.gradle\native\e376f236ea51e6404a007f0833ffe2c6e607c4080706a723a18a27aeea778392\windows-amd64\native-platform-file-events.dll
0x00007ff891be0000 - 0x00007ff891be9000 	C:\Program Files\Android\Android Studio\jbr\bin\management.dll
0x00007ff891ab0000 - 0x00007ff891abb000 	C:\Program Files\Android\Android Studio\jbr\bin\management_ext.dll
0x00007ff8b6670000 - 0x00007ff8b6678000 	C:\Windows\System32\PSAPI.DLL
0x00007ff8b3fc0000 - 0x00007ff8b3fd8000 	C:\Windows\SYSTEM32\CRYPTSP.dll
0x00007ff8b36f0000 - 0x00007ff8b3724000 	C:\Windows\system32\rsaenh.dll
0x00007ff8b4b20000 - 0x00007ff8b4b47000 	C:\Windows\System32\bcrypt.dll
0x00007ff8b45a0000 - 0x00007ff8b45ce000 	C:\Windows\SYSTEM32\USERENV.dll
0x00007ff8b3fb0000 - 0x00007ff8b3fbc000 	C:\Windows\SYSTEM32\CRYPTBASE.dll
0x00007ff8b3ab0000 - 0x00007ff8b3aeb000 	C:\Windows\SYSTEM32\IPHLPAPI.DLL
0x00007ff8b5ef0000 - 0x00007ff8b5ef8000 	C:\Windows\System32\NSI.dll
0x00007ff8a95d0000 - 0x00007ff8a95e7000 	C:\Windows\SYSTEM32\dhcpcsvc6.DLL
0x00007ff8ac080000 - 0x00007ff8ac09d000 	C:\Windows\SYSTEM32\dhcpcsvc.DLL
0x00007ff8b3af0000 - 0x00007ff8b3bba000 	C:\Windows\SYSTEM32\DNSAPI.dll
0x00007ff8919d0000 - 0x00007ff8919d7000 	C:\Windows\system32\wshunix.dll

dbghelp: loaded successfully - version: 4.0.5 - missing functions: none
symbol engine: initialized successfully - sym options: 0x614 - pdb path: .;C:\Program Files\Android\Android Studio\jbr\bin;C:\Windows\SYSTEM32;C:\Windows\WinSxS\amd64_microsoft.windows.common-controls_6595b64144ccf1df_6.0.19041.3636_none_60b6a03d71f818d5;C:\Program Files\Android\Android Studio\jbr\bin\server;C:\Users\LENOVO\.gradle\native\68d5fa5c4cc2d200863cafc0d521ce42e7d3e7ee720ec0a83991735586a16f82\windows-amd64;C:\Users\LENOVO\.gradle\native\e376f236ea51e6404a007f0833ffe2c6e607c4080706a723a18a27aeea778392\windows-amd64

VM Arguments:
jvm_args: --add-opens=java.base/java.util=ALL-UNNAMED --add-opens=java.base/java.lang=ALL-UNNAMED --add-opens=java.base/java.lang.invoke=ALL-UNNAMED --add-opens=java.prefs/java.util.prefs=ALL-UNNAMED --add-opens=java.base/java.nio.charset=ALL-UNNAMED --add-opens=java.base/java.net=ALL-UNNAMED --add-opens=java.base/java.util.concurrent.atomic=ALL-UNNAMED -Xmx2048m -Dfile.encoding=UTF-8 -Duser.country=US -Duser.language=en -Duser.variant 
java_command: org.gradle.launcher.daemon.bootstrap.GradleDaemon 8.0
java_class_path (initial): C:\Users\LENOVO\.gradle\wrapper\dists\gradle-8.0-bin\ca5e32bp14vu59qr306oxotwh\gradle-8.0\lib\gradle-launcher-8.0.jar
Launcher Type: SUN_STANDARD

[Global flags]
     intx CICompilerCount                          = 3                                         {product} {ergonomic}
     uint ConcGCThreads                            = 1                                         {product} {ergonomic}
     uint G1ConcRefinementThreads                  = 4                                         {product} {ergonomic}
   size_t G1HeapRegionSize                         = 1048576                                   {product} {ergonomic}
    uintx GCDrainStackTargetSize                   = 64                                        {product} {ergonomic}
   size_t InitialHeapSize                          = 134217728                                 {product} {ergonomic}
   size_t MarkStackSize                            = 4194304                                   {product} {ergonomic}
   size_t MaxHeapSize                              = 2147483648                                {product} {command line}
   size_t MaxNewSize                               = 1287651328                                {product} {ergonomic}
   size_t MinHeapDeltaBytes                        = 1048576                                   {product} {ergonomic}
   size_t MinHeapSize                              = 8388608                                   {product} {ergonomic}
    uintx NonNMethodCodeHeapSize                   = 5832780                                {pd product} {ergonomic}
    uintx NonProfiledCodeHeapSize                  = 122912730                              {pd product} {ergonomic}
    uintx ProfiledCodeHeapSize                     = 122912730                              {pd product} {ergonomic}
    uintx ReservedCodeCacheSize                    = 251658240                              {pd product} {ergonomic}
     bool SegmentedCodeCache                       = true                                      {product} {ergonomic}
   size_t SoftMaxHeapSize                          = 2147483648                             {manageable} {ergonomic}
     bool UseCompressedClassPointers               = true                           {product lp64_product} {ergonomic}
     bool UseCompressedOops                        = true                           {product lp64_product} {ergonomic}
     bool UseG1GC                                  = true                                      {product} {ergonomic}
     bool UseLargePagesIndividualAllocation        = false                                  {pd product} {ergonomic}

Logging:
Log output configuration:
 #0: stdout all=warning uptime,level,tags
 #1: stderr all=off uptime,level,tags

Environment Variables:
PATH=C:\Program Files\Common Files\Oracle\Java\javapath;C:\Windows\system32;C:\Windows;C:\Windows\System32\Wbem;C:\Windows\System32\WindowsPowerShell\v1.0\;C:\Windows\System32\OpenSSH\;C:\Program Files\Git\cmd;C:\Program Files\Java\jdk-20\bin;C:\Program Files\nodejs\;C:\src\flutter\bin;C:\Users\LENOVO\AppData\Local\Microsoft\WindowsApps;C:\Program Files\Java\jdk-20\bin;C:\Users\LENOVO\AppData\Roaming\npm;C:\src\flutter\bin;;C:\Users\LENOVO\AppData\Local\Programs\Microsoft VS Code\bin
USERNAME=LENOVO
OS=Windows_NT
PROCESSOR_IDENTIFIER=Intel64 Family 6 Model 142 Stepping 12, GenuineIntel
TMP=C:\Users\LENOVO\AppData\Local\Temp
TEMP=C:\Users\LENOVO\AppData\Local\Temp


JNI global refs:
JNI global refs: 22, weak refs: 0

JNI global refs memory usage: 843, weak refs: 841


---------------  S Y S T E M  ---------------

OS:
 Windows 10 , 64 bit Build 19041 (10.0.19041.3636)
OS uptime: 0 days 22:06 hours

CPU: total 4 (initial active 4) (2 cores per cpu, 2 threads per core) family 6 model 142 stepping 12 microcode 0xb8, cx8, cmov, fxsr, ht, mmx, 3dnowpref, sse, sse2, sse3, ssse3, sse4.1, sse4.2, popcnt, lzcnt, tsc, tscinvbit, avx, avx2, aes, erms, clmul, bmi1, bmi2, adx, fma, vzeroupper, clflush, clflushopt

Memory: 4k page, system-wide physical 8072M (344M free)
TotalPageFile size 32648M (AvailPageFile size 0M)
current process WorkingSet (physical memory assigned to process): 105M, peak: 174M
current process commit charge ("private bytes"): 209M, peak: 257M

vm_info: OpenJDK 64-Bit Server VM (17.0.6+0-b2043.56-10027231) for windows-amd64 JRE (17.0.6+0-b2043.56-10027231), built on Apr 28 2023 00:43:19 by "androidbuild" with MS VC++ 16.10 / 16.11 (VS2019)

END.
