#
# There is insufficient memory for the Java Runtime Environment to continue.
# Native memory allocation (mmap) failed to map 12582912 bytes for G1 virtual space
# Possible reasons:
#   The system is out of physical RAM or swap space
#   The process is running with CompressedOops enabled, and the Java Heap may be blocking the growth of the native heap
# Possible solutions:
#   Reduce memory load on the system
#   Increase physical memory or swap space
#   Check if swap backing store is full
#   Decrease Java heap size (-Xmx/-Xms)
#   Decrease number of Java threads
#   Decrease Java thread stack sizes (-Xss)
#   Set larger code cache with -XX:ReservedCodeCacheSize=
#   JVM is running with Unscaled Compressed Oops mode in which the Java heap is
#     placed in the first 4GB address space. The Java Heap base address is the
#     maximum limit for the native heap growth. Please use -XX:HeapBaseMinAddress
#     to set the Java Heap base and to place the Java Heap above 4GB virtual address.
# This output file may be truncated or incomplete.
#
#  Out of Memory Error (os_windows.cpp:3769), pid=12296, tid=6696
#
# JRE version: OpenJDK Runtime Environment (17.0.6) (build 17.0.6+0-b2043.56-10027231)
# Java VM: OpenJDK 64-Bit Server VM (17.0.6+0-b2043.56-10027231, mixed mode, tiered, compressed oops, compressed class ptrs, g1 gc, windows-amd64)
# No core dump will be written. Minidumps are not enabled by default on client versions of Windows
#

---------------  S U M M A R Y ------------

Command Line: --add-opens=java.base/java.util=ALL-UNNAMED --add-opens=java.base/java.lang=ALL-UNNAMED --add-opens=java.base/java.lang.invoke=ALL-UNNAMED --add-opens=java.prefs/java.util.prefs=ALL-UNNAMED --add-opens=java.base/java.nio.charset=ALL-UNNAMED --add-opens=java.base/java.net=ALL-UNNAMED --add-opens=java.base/java.util.concurrent.atomic=ALL-UNNAMED -Xmx2048m -Dfile.encoding=UTF-8 -Duser.country=US -Duser.language=en -Duser.variant org.gradle.launcher.daemon.bootstrap.GradleDaemon 8.0

Host: Intel(R) Core(TM) i3-8145U CPU @ 2.10GHz, 4 cores, 7G,  Windows 10 , 64 bit Build 19041 (10.0.19041.3636)
Time: Mon Jan  1 18:22:51 2024 Pakistan Standard Time elapsed time: 11.567396 seconds (0d 0h 0m 11s)

---------------  T H R E A D  ---------------

Current thread (0x000002e0cbf8dbf0):  VMThread "VM Thread" [stack: 0x000000e76e500000,0x000000e76e600000] [id=6696]

Stack: [0x000000e76e500000,0x000000e76e600000]
Native frames: (J=compiled Java code, j=interpreted, Vv=VM code, C=native code)
V  [jvm.dll+0x683c9a]
V  [jvm.dll+0x8427a4]
V  [jvm.dll+0x843f9e]
V  [jvm.dll+0x844603]
V  [jvm.dll+0x249b75]
V  [jvm.dll+0x680b69]
V  [jvm.dll+0x67505a]
V  [jvm.dll+0x309acb]
V  [jvm.dll+0x310f86]
V  [jvm.dll+0x3608ee]
V  [jvm.dll+0x360b1f]
V  [jvm.dll+0x2dfbf8]
V  [jvm.dll+0x2ddec4]
V  [jvm.dll+0x2dd4cc]
V  [jvm.dll+0x321f3b]
V  [jvm.dll+0x848ccb]
V  [jvm.dll+0x849a04]
V  [jvm.dll+0x849f1d]
V  [jvm.dll+0x84a2f4]
V  [jvm.dll+0x84a3c0]
V  [jvm.dll+0x7f274a]
V  [jvm.dll+0x682ad5]
C  [ucrtbase.dll+0x21bb2]
C  [KERNEL32.DLL+0x17344]
C  [ntdll.dll+0x526b1]

VM_Operation (0x000000e7701fdd40): G1CollectForAllocation, mode: safepoint, requested by thread 0x000002e0cd5b1920


---------------  P R O C E S S  ---------------

Threads class SMR info:
_java_thread_list=0x000002e0d3e99910, length=88, elements={
0x000002e0b08dcfb0, 0x000002e0cbfc8430, 0x000002e0cbfc4bb0, 0x000002e0cc912af0,
0x000002e0cc9134b0, 0x000002e0cc9265c0, 0x000002e0cc926a90, 0x000002e0cc927730,
0x000002e0cc9335f0, 0x000002e0cc9342e0, 0x000002e0cca8e4c0, 0x000002e0ccabd040,
0x000002e0cdb0f1f0, 0x000002e0cdbbf930, 0x000002e0cd77d180, 0x000002e0cf0ac0f0,
0x000002e0cddc60d0, 0x000002e0cd5b1df0, 0x000002e0cd5b4470, 0x000002e0cd5b4940,
0x000002e0cd5b3600, 0x000002e0cd5b1450, 0x000002e0cd5b0f80, 0x000002e0cd5b2790,
0x000002e0cd5b1920, 0x000002e0cd5b2c60, 0x000002e0cd5b3130, 0x000002e0cd5b22c0,
0x000002e0cd5b3fa0, 0x000002e0d0ddd8e0, 0x000002e0d0ddbc00, 0x000002e0d0ddb730,
0x000002e0d0dd8710, 0x000002e0d0ddd410, 0x000002e0d0dda8c0, 0x000002e0d0ddc0d0,
0x000002e0d0dd9580, 0x000002e0d0dd9a50, 0x000002e0d0dd6f00, 0x000002e0d0dd6090,
0x000002e0d0ddad90, 0x000002e0d0ddca70, 0x000002e0d0dd90b0, 0x000002e0d0ddcf40,
0x000002e0d0dd6a30, 0x000002e0d0dd73d0, 0x000002e0d0dd78a0, 0x000002e0d0dd7d70,
0x000002e0d0dd9f20, 0x000002e0d0dda3f0, 0x000002e0d14ae5c0, 0x000002e0d14af430,
0x000002e0d14b0c40, 0x000002e0d14adc20, 0x000002e0d14aa260, 0x000002e0d14aa730,
0x000002e0d14aba70, 0x000002e0d14af900, 0x000002e0d14ad750, 0x000002e0d14ad280,
0x000002e0d14ab5a0, 0x000002e0d14aac00, 0x000002e0d14aea90, 0x000002e0d14ae0f0,
0x000002e0d14afdd0, 0x000002e0d14aef60, 0x000002e0d14b0770, 0x000002e0d14b02a0,
0x000002e0d14b1110, 0x000002e0d14b15e0, 0x000002e0d14acdb0, 0x000002e0d14abf40,
0x000002e0d14b1ab0, 0x000002e0d14ac410, 0x000002e0d14ac8e0, 0x000002e0d14ab0d0,
0x000002e0d1313a40, 0x000002e0d130da00, 0x000002e0d130f6e0, 0x000002e0d130e3a0,
0x000002e0d130ded0, 0x000002e0d1311890, 0x000002e0d1310a20, 0x000002e0d130fbb0,
0x000002e0d130e870, 0x000002e0d13130a0, 0x000002e0d1313f10, 0x000002e0d1310080
}

Java Threads: ( => current thread )
  0x000002e0b08dcfb0 JavaThread "main" [_thread_blocked, id=3760, stack(0x000000e76df00000,0x000000e76e000000)]
  0x000002e0cbfc8430 JavaThread "Reference Handler" daemon [_thread_blocked, id=12864, stack(0x000000e76e600000,0x000000e76e700000)]
  0x000002e0cbfc4bb0 JavaThread "Finalizer" daemon [_thread_blocked, id=7692, stack(0x000000e76e700000,0x000000e76e800000)]
  0x000002e0cc912af0 JavaThread "Signal Dispatcher" daemon [_thread_blocked, id=5704, stack(0x000000e76e800000,0x000000e76e900000)]
  0x000002e0cc9134b0 JavaThread "Attach Listener" daemon [_thread_blocked, id=7028, stack(0x000000e76e900000,0x000000e76ea00000)]
  0x000002e0cc9265c0 JavaThread "Service Thread" daemon [_thread_blocked, id=11620, stack(0x000000e76ea00000,0x000000e76eb00000)]
  0x000002e0cc926a90 JavaThread "Monitor Deflation Thread" daemon [_thread_blocked, id=10196, stack(0x000000e76eb00000,0x000000e76ec00000)]
  0x000002e0cc927730 JavaThread "C2 CompilerThread0" daemon [_thread_blocked, id=9004, stack(0x000000e76ec00000,0x000000e76ed00000)]
  0x000002e0cc9335f0 JavaThread "C1 CompilerThread0" daemon [_thread_blocked, id=13184, stack(0x000000e76ed00000,0x000000e76ee00000)]
  0x000002e0cc9342e0 JavaThread "Sweeper thread" daemon [_thread_blocked, id=13220, stack(0x000000e76ee00000,0x000000e76ef00000)]
  0x000002e0cca8e4c0 JavaThread "Common-Cleaner" daemon [_thread_blocked, id=8536, stack(0x000000e76ef00000,0x000000e76f000000)]
  0x000002e0ccabd040 JavaThread "Notification Thread" daemon [_thread_blocked, id=4792, stack(0x000000e76f000000,0x000000e76f100000)]
  0x000002e0cdb0f1f0 JavaThread "Daemon health stats" [_thread_blocked, id=10132, stack(0x000000e76f500000,0x000000e76f600000)]
  0x000002e0cdbbf930 JavaThread "Incoming local TCP Connector on port 54309" [_thread_in_native, id=13084, stack(0x000000e76f600000,0x000000e76f700000)]
  0x000002e0cd77d180 JavaThread "Daemon periodic checks" [_thread_blocked, id=12644, stack(0x000000e76f700000,0x000000e76f800000)]
  0x000002e0cf0ac0f0 JavaThread "Daemon" [_thread_blocked, id=3268, stack(0x000000e76f800000,0x000000e76f900000)]
  0x000002e0cddc60d0 JavaThread "Handler for socket connection from /127.0.0.1:54309 to /127.0.0.1:54310" [_thread_in_native, id=10428, stack(0x000000e76f900000,0x000000e76fa00000)]
  0x000002e0cd5b1df0 JavaThread "Cancel handler" [_thread_blocked, id=10660, stack(0x000000e76fa00000,0x000000e76fb00000)]
  0x000002e0cd5b4470 JavaThread "Daemon worker" [_thread_blocked, id=2944, stack(0x000000e76fb00000,0x000000e76fc00000)]
  0x000002e0cd5b4940 JavaThread "Asynchronous log dispatcher for DefaultDaemonConnection: socket connection from /127.0.0.1:54309 to /127.0.0.1:54310" [_thread_blocked, id=3792, stack(0x000000e76fc00000,0x000000e76fd00000)]
  0x000002e0cd5b3600 JavaThread "Stdin handler" [_thread_blocked, id=9600, stack(0x000000e76fd00000,0x000000e76fe00000)]
  0x000002e0cd5b1450 JavaThread "Daemon client event forwarder" [_thread_blocked, id=12244, stack(0x000000e76fe00000,0x000000e76ff00000)]
  0x000002e0cd5b0f80 JavaThread "Cache worker for journal cache (C:\Users\LENOVO\.gradle\caches\journal-1)" [_thread_blocked, id=976, stack(0x000000e76ff00000,0x000000e770000000)]
  0x000002e0cd5b2790 JavaThread "File lock request listener" [_thread_in_native, id=6120, stack(0x000000e770000000,0x000000e770100000)]
  0x000002e0cd5b1920 JavaThread "Cache worker for file hash cache (C:\Users\LENOVO\.gradle\caches\8.0\fileHashes)" [_thread_blocked, id=7572, stack(0x000000e770100000,0x000000e770200000)]
  0x000002e0cd5b2c60 JavaThread "File watcher server" daemon [_thread_blocked, id=5508, stack(0x000000e770200000,0x000000e770300000)]
  0x000002e0cd5b3130 JavaThread "File watcher consumer" daemon [_thread_blocked, id=1104, stack(0x000000e770300000,0x000000e770400000)]
  0x000002e0cd5b22c0 JavaThread "Cache worker for checksums cache (C:\Users\LENOVO\AndroidStudioProjectsFlutter\GenerateAIImage\.gradle\8.0\checksums)" [_thread_blocked, id=12136, stack(0x000000e770400000,0x000000e770500000)]
  0x000002e0cd5b3fa0 JavaThread "Cache worker for cache directory md-rule (C:\Users\LENOVO\.gradle\caches\8.0\md-rule)" [_thread_blocked, id=2704, stack(0x000000e770500000,0x000000e770600000)]
  0x000002e0d0ddd8e0 JavaThread "Cache worker for file content cache (C:\Users\LENOVO\.gradle\caches\8.0\fileContent)" [_thread_blocked, id=13264, stack(0x000000e770600000,0x000000e770700000)]
  0x000002e0d0ddbc00 JavaThread "Cache worker for file hash cache (C:\Users\LENOVO\AndroidStudioProjectsFlutter\GenerateAIImage\.gradle\8.0\fileHashes)" [_thread_blocked, id=10404, stack(0x000000e770700000,0x000000e770800000)]
  0x000002e0d0ddb730 JavaThread "Cache worker for cache directory md-supplier (C:\Users\LENOVO\.gradle\caches\8.0\md-supplier)" [_thread_blocked, id=3376, stack(0x000000e770800000,0x000000e770900000)]
  0x000002e0d0dd8710 JavaThread "Cache worker for execution history cache (C:\Users\LENOVO\.gradle\caches\8.0\executionHistory)" [_thread_blocked, id=708, stack(0x000000e770900000,0x000000e770a00000)]
  0x000002e0d0ddd410 JavaThread "jar transforms" [_thread_blocked, id=10040, stack(0x000000e770a00000,0x000000e770b00000)]
  0x000002e0d0dda8c0 JavaThread "jar transforms Thread 2" [_thread_blocked, id=3184, stack(0x000000e770b00000,0x000000e770c00000)]
  0x000002e0d0ddc0d0 JavaThread "jar transforms Thread 3" [_thread_blocked, id=1860, stack(0x000000e770c00000,0x000000e770d00000)]
  0x000002e0d0dd9580 JavaThread "jar transforms Thread 4" [_thread_blocked, id=7716, stack(0x000000e770d00000,0x000000e770e00000)]
  0x000002e0d0dd9a50 JavaThread "Cache worker for dependencies-accessors (C:\Users\LENOVO\AndroidStudioProjectsFlutter\GenerateAIImage\.gradle\8.0\dependencies-accessors)" [_thread_blocked, id=10908, stack(0x000000e770e00000,0x000000e770f00000)]
  0x000002e0d0dd6f00 JavaThread "Cache worker for Build Output Cleanup Cache (C:\Users\LENOVO\AndroidStudioProjectsFlutter\GenerateAIImage\.gradle\buildOutputCleanup)" [_thread_blocked, id=5572, stack(0x000000e770f00000,0x000000e771000000)]
  0x000002e0d0dd6090 JavaThread "Unconstrained build operations" [_thread_blocked, id=13096, stack(0x000000e771000000,0x000000e771100000)]
  0x000002e0d0ddad90 JavaThread "Unconstrained build operations Thread 2" [_thread_blocked, id=8080, stack(0x000000e771100000,0x000000e771200000)]
  0x000002e0d0ddca70 JavaThread "Unconstrained build operations Thread 3" [_thread_blocked, id=3960, stack(0x000000e771200000,0x000000e771300000)]
  0x000002e0d0dd90b0 JavaThread "Unconstrained build operations Thread 4" [_thread_blocked, id=8632, stack(0x000000e771300000,0x000000e771400000)]
  0x000002e0d0ddcf40 JavaThread "Unconstrained build operations Thread 5" [_thread_blocked, id=6392, stack(0x000000e771400000,0x000000e771500000)]
  0x000002e0d0dd6a30 JavaThread "Unconstrained build operations Thread 6" [_thread_blocked, id=12284, stack(0x000000e771500000,0x000000e771600000)]
  0x000002e0d0dd73d0 JavaThread "Unconstrained build operations Thread 7" [_thread_blocked, id=9012, stack(0x000000e771600000,0x000000e771700000)]
  0x000002e0d0dd78a0 JavaThread "Unconstrained build operations Thread 8" [_thread_blocked, id=10168, stack(0x000000e771700000,0x000000e771800000)]
  0x000002e0d0dd7d70 JavaThread "Unconstrained build operations Thread 9" [_thread_blocked, id=8936, stack(0x000000e771800000,0x000000e771900000)]
  0x000002e0d0dd9f20 JavaThread "Unconstrained build operations Thread 10" [_thread_blocked, id=1400, stack(0x000000e771900000,0x000000e771a00000)]
  0x000002e0d0dda3f0 JavaThread "Unconstrained build operations Thread 11" [_thread_blocked, id=2064, stack(0x000000e771a00000,0x000000e771b00000)]
  0x000002e0d14ae5c0 JavaThread "Unconstrained build operations Thread 12" [_thread_blocked, id=5856, stack(0x000000e771b00000,0x000000e771c00000)]
  0x000002e0d14af430 JavaThread "Unconstrained build operations Thread 13" [_thread_blocked, id=5408, stack(0x000000e771c00000,0x000000e771d00000)]
  0x000002e0d14b0c40 JavaThread "Unconstrained build operations Thread 14" [_thread_blocked, id=824, stack(0x000000e771d00000,0x000000e771e00000)]
  0x000002e0d14adc20 JavaThread "Unconstrained build operations Thread 15" [_thread_blocked, id=7712, stack(0x000000e771e00000,0x000000e771f00000)]
  0x000002e0d14aa260 JavaThread "Unconstrained build operations Thread 16" [_thread_blocked, id=9612, stack(0x000000e771f00000,0x000000e772000000)]
  0x000002e0d14aa730 JavaThread "Unconstrained build operations Thread 17" [_thread_blocked, id=12764, stack(0x000000e772000000,0x000000e772100000)]
  0x000002e0d14aba70 JavaThread "Unconstrained build operations Thread 18" [_thread_blocked, id=12300, stack(0x000000e772100000,0x000000e772200000)]
  0x000002e0d14af900 JavaThread "Unconstrained build operations Thread 19" [_thread_blocked, id=1592, stack(0x000000e772200000,0x000000e772300000)]
  0x000002e0d14ad750 JavaThread "Unconstrained build operations Thread 20" [_thread_blocked, id=8152, stack(0x000000e772300000,0x000000e772400000)]
  0x000002e0d14ad280 JavaThread "Unconstrained build operations Thread 21" [_thread_blocked, id=8244, stack(0x000000e772400000,0x000000e772500000)]
  0x000002e0d14ab5a0 JavaThread "Unconstrained build operations Thread 22" [_thread_blocked, id=2856, stack(0x000000e772500000,0x000000e772600000)]
  0x000002e0d14aac00 JavaThread "Unconstrained build operations Thread 23" [_thread_blocked, id=8288, stack(0x000000e772600000,0x000000e772700000)]
  0x000002e0d14aea90 JavaThread "Unconstrained build operations Thread 24" [_thread_blocked, id=8704, stack(0x000000e772700000,0x000000e772800000)]
  0x000002e0d14ae0f0 JavaThread "Unconstrained build operations Thread 25" [_thread_blocked, id=4240, stack(0x000000e772800000,0x000000e772900000)]
  0x000002e0d14afdd0 JavaThread "Unconstrained build operations Thread 26" [_thread_blocked, id=1824, stack(0x000000e772900000,0x000000e772a00000)]
  0x000002e0d14aef60 JavaThread "Unconstrained build operations Thread 27" [_thread_blocked, id=9916, stack(0x000000e772a00000,0x000000e772b00000)]
  0x000002e0d14b0770 JavaThread "Unconstrained build operations Thread 28" [_thread_blocked, id=12628, stack(0x000000e772b00000,0x000000e772c00000)]
  0x000002e0d14b02a0 JavaThread "Unconstrained build operations Thread 29" [_thread_blocked, id=3112, stack(0x000000e772c00000,0x000000e772d00000)]
  0x000002e0d14b1110 JavaThread "Unconstrained build operations Thread 30" [_thread_blocked, id=10764, stack(0x000000e772d00000,0x000000e772e00000)]
  0x000002e0d14b15e0 JavaThread "Unconstrained build operations Thread 31" [_thread_blocked, id=3492, stack(0x000000e772e00000,0x000000e772f00000)]
  0x000002e0d14acdb0 JavaThread "Unconstrained build operations Thread 32" [_thread_blocked, id=7912, stack(0x000000e772f00000,0x000000e773000000)]
  0x000002e0d14abf40 JavaThread "Unconstrained build operations Thread 33" [_thread_blocked, id=13168, stack(0x000000e773000000,0x000000e773100000)]
  0x000002e0d14b1ab0 JavaThread "Unconstrained build operations Thread 34" [_thread_blocked, id=10224, stack(0x000000e773100000,0x000000e773200000)]
  0x000002e0d14ac410 JavaThread "Unconstrained build operations Thread 35" [_thread_blocked, id=12688, stack(0x000000e773200000,0x000000e773300000)]
  0x000002e0d14ac8e0 JavaThread "Unconstrained build operations Thread 36" [_thread_blocked, id=7740, stack(0x000000e773300000,0x000000e773400000)]
  0x000002e0d14ab0d0 JavaThread "Unconstrained build operations Thread 37" [_thread_blocked, id=5964, stack(0x000000e773400000,0x000000e773500000)]
  0x000002e0d1313a40 JavaThread "Unconstrained build operations Thread 38" [_thread_blocked, id=8104, stack(0x000000e773500000,0x000000e773600000)]
  0x000002e0d130da00 JavaThread "Unconstrained build operations Thread 39" [_thread_blocked, id=12132, stack(0x000000e773600000,0x000000e773700000)]
  0x000002e0d130f6e0 JavaThread "Unconstrained build operations Thread 40" [_thread_blocked, id=6664, stack(0x000000e773700000,0x000000e773800000)]
  0x000002e0d130e3a0 JavaThread "build event listener" [_thread_blocked, id=13160, stack(0x000000e773800000,0x000000e773900000)]
  0x000002e0d130ded0 JavaThread "Memory manager" [_thread_blocked, id=12896, stack(0x000000e773900000,0x000000e773a00000)]
  0x000002e0d1311890 JavaThread "pool-3-thread-1" [_thread_blocked, id=6220, stack(0x000000e773d00000,0x000000e773e00000)]
  0x000002e0d1310a20 JavaThread "build event listener" [_thread_blocked, id=11520, stack(0x000000e773e00000,0x000000e773f00000)]
  0x000002e0d130fbb0 JavaThread "included builds" [_thread_blocked, id=9504, stack(0x000000e773f00000,0x000000e774000000)]
  0x000002e0d130e870 JavaThread "Execution worker" [_thread_blocked, id=5524, stack(0x000000e774000000,0x000000e774100000)]
  0x000002e0d13130a0 JavaThread "Execution worker Thread 2" [_thread_blocked, id=8268, stack(0x000000e774100000,0x000000e774200000)]
  0x000002e0d1313f10 JavaThread "Execution worker Thread 3" [_thread_blocked, id=10148, stack(0x000000e774200000,0x000000e774300000)]
  0x000002e0d1310080 JavaThread "Cache worker for execution history cache (C:\Users\LENOVO\AndroidStudioProjectsFlutter\GenerateAIImage\.gradle\8.0\executionHistory)" [_thread_blocked, id=8380, stack(0x000000e774300000,0x000000e774400000)]

Other Threads:
=>0x000002e0cbf8dbf0 VMThread "VM Thread" [stack: 0x000000e76e500000,0x000000e76e600000] [id=6696]
  0x000002e0b2a52910 WatcherThread [stack: 0x000000e76f100000,0x000000e76f200000] [id=12760]
  0x000002e0b2a380c0 GCTaskThread "GC Thread#0" [stack: 0x000000e76e000000,0x000000e76e100000] [id=10344]
  0x000002e0ccc56930 GCTaskThread "GC Thread#1" [stack: 0x000000e76f200000,0x000000e76f300000] [id=5984]
  0x000002e0ccc57140 GCTaskThread "GC Thread#2" [stack: 0x000000e76f300000,0x000000e76f400000] [id=9068]
  0x000002e0ccc573f0 GCTaskThread "GC Thread#3" [stack: 0x000000e76f400000,0x000000e76f500000] [id=6268]
  0x000002e0b2a48f10 ConcurrentGCThread "G1 Main Marker" [stack: 0x000000e76e100000,0x000000e76e200000] [id=8940]
  0x000002e0b2a4a250 ConcurrentGCThread "G1 Conc#0" [stack: 0x000000e76e200000,0x000000e76e300000] [id=9992]
  0x000002e0b2aa6c90 ConcurrentGCThread "G1 Refine#0" [stack: 0x000000e76e300000,0x000000e76e400000] [id=7796]
  0x000002e0d1bccf80 ConcurrentGCThread "G1 Refine#1" [stack: 0x000000e773a00000,0x000000e773b00000] [id=8544]
  0x000002e0d1bcd260 ConcurrentGCThread "G1 Refine#2" [stack: 0x000000e773b00000,0x000000e773c00000] [id=10380]
  0x000002e0d1bcdde0 ConcurrentGCThread "G1 Refine#3" [stack: 0x000000e773c00000,0x000000e773d00000] [id=9444]
  0x000002e0cbe019a0 ConcurrentGCThread "G1 Service" [stack: 0x000000e76e400000,0x000000e76e500000] [id=7048]

Threads with active compile tasks:
C2 CompilerThread0    11652 9385       4       org.gradle.cache.internal.btree.BTreePersistentIndexedCache$IndexBlock::read (94 bytes)

VM state: at safepoint (normal execution)

VM Mutex/Monitor currently owned by a thread:  ([mutex/lock_event])
[0x000002e0b29d8b50] Threads_lock - owner thread: 0x000002e0cbf8dbf0
[0x000002e0b29d9330] Heap_lock - owner thread: 0x000002e0cd5b1920

Heap address: 0x0000000080000000, size: 2048 MB, Compressed Oops mode: 32-bit

CDS archive(s) not mapped
Compressed class space mapped at: 0x0000000100000000-0x0000000140000000, reserved size: 1073741824
Narrow klass base: 0x0000000000000000, Narrow klass shift: 3, Narrow klass range: 0x140000000

GC Precious Log:
 CPUs: 4 total, 4 available
 Memory: 8072M
 Large Page Support: Disabled
 NUMA Support: Disabled
 Compressed Oops: Enabled (32-bit)
 Heap Region Size: 1M
 Heap Min Capacity: 8M
 Heap Initial Capacity: 128M
 Heap Max Capacity: 2G
 Pre-touch: Disabled
 Parallel Workers: 4
 Concurrent Workers: 1
 Concurrent Refinement Workers: 4
 Periodic GC: Disabled

Heap:
 garbage-first heap   total 147456K, used 85780K [0x0000000080000000, 0x0000000100000000)
  region size 1024K, 1 young (1024K), 1 survivors (1024K)
 Metaspace       used 87744K, committed 88448K, reserved 1130496K
  class space    used 11855K, committed 12160K, reserved 1048576K

Heap Regions: E=young(eden), S=young(survivor), O=old, HS=humongous(starts), HC=humongous(continues), CS=collection set, F=free, OA=open archive, CA=closed archive, TAMS=top-at-mark-start (previous, next)
|   0|0x0000000080000000, 0x0000000080100000, 0x0000000080100000|100%| O|  |TAMS 0x0000000080100000, 0x0000000080000000| Untracked 
|   1|0x0000000080100000, 0x0000000080200000, 0x0000000080200000|100%| O|  |TAMS 0x0000000080200000, 0x0000000080100000| Untracked 
|   2|0x0000000080200000, 0x0000000080300000, 0x0000000080300000|100%|HS|  |TAMS 0x0000000080300000, 0x0000000080200000| Complete 
|   3|0x0000000080300000, 0x0000000080400000, 0x0000000080400000|100%|HC|  |TAMS 0x0000000080400000, 0x0000000080300000| Complete 
|   4|0x0000000080400000, 0x0000000080500000, 0x0000000080500000|100%|HC|  |TAMS 0x0000000080500000, 0x0000000080400000| Complete 
|   5|0x0000000080500000, 0x0000000080600000, 0x0000000080600000|100%|HC|  |TAMS 0x0000000080600000, 0x0000000080500000| Complete 
|   6|0x0000000080600000, 0x0000000080700000, 0x0000000080700000|100%| O|  |TAMS 0x0000000080700000, 0x0000000080600000| Untracked 
|   7|0x0000000080700000, 0x0000000080800000, 0x0000000080800000|100%| O|  |TAMS 0x0000000080800000, 0x0000000080700000| Untracked 
|   8|0x0000000080800000, 0x0000000080900000, 0x0000000080900000|100%| O|  |TAMS 0x0000000080900000, 0x0000000080800000| Untracked 
|   9|0x0000000080900000, 0x0000000080a00000, 0x0000000080a00000|100%| O|  |TAMS 0x0000000080a00000, 0x0000000080900000| Untracked 
|  10|0x0000000080a00000, 0x0000000080b00000, 0x0000000080b00000|100%| O|  |TAMS 0x0000000080b00000, 0x0000000080a00000| Untracked 
|  11|0x0000000080b00000, 0x0000000080c00000, 0x0000000080c00000|100%| O|  |TAMS 0x0000000080c00000, 0x0000000080b00000| Untracked 
|  12|0x0000000080c00000, 0x0000000080d00000, 0x0000000080d00000|100%|HS|  |TAMS 0x0000000080d00000, 0x0000000080c00000| Complete 
|  13|0x0000000080d00000, 0x0000000080e00000, 0x0000000080e00000|100%| O|  |TAMS 0x0000000080e00000, 0x0000000080d00000| Untracked 
|  14|0x0000000080e00000, 0x0000000080f00000, 0x0000000080f00000|100%| O|  |TAMS 0x0000000080f00000, 0x0000000080e00000| Untracked 
|  15|0x0000000080f00000, 0x0000000081000000, 0x0000000081000000|100%| O|  |TAMS 0x0000000081000000, 0x0000000080f00000| Untracked 
|  16|0x0000000081000000, 0x0000000081100000, 0x0000000081100000|100%| O|  |TAMS 0x0000000081100000, 0x0000000081000000| Untracked 
|  17|0x0000000081100000, 0x0000000081200000, 0x0000000081200000|100%| O|  |TAMS 0x0000000081200000, 0x0000000081100000| Untracked 
|  18|0x0000000081200000, 0x0000000081300000, 0x0000000081300000|100%| O|  |TAMS 0x0000000081300000, 0x0000000081200000| Untracked 
|  19|0x0000000081300000, 0x0000000081400000, 0x0000000081400000|100%| O|  |TAMS 0x0000000081400000, 0x0000000081300000| Untracked 
|  20|0x0000000081400000, 0x0000000081500000, 0x0000000081500000|100%| O|  |TAMS 0x0000000081500000, 0x0000000081400000| Untracked 
|  21|0x0000000081500000, 0x0000000081600000, 0x0000000081600000|100%| O|  |TAMS 0x0000000081600000, 0x0000000081500000| Untracked 
|  22|0x0000000081600000, 0x0000000081700000, 0x0000000081700000|100%| O|  |TAMS 0x0000000081700000, 0x0000000081600000| Untracked 
|  23|0x0000000081700000, 0x0000000081800000, 0x0000000081800000|100%| O|  |TAMS 0x0000000081800000, 0x0000000081700000| Untracked 
|  24|0x0000000081800000, 0x0000000081900000, 0x0000000081900000|100%| O|  |TAMS 0x0000000081900000, 0x0000000081800000| Untracked 
|  25|0x0000000081900000, 0x0000000081a00000, 0x0000000081a00000|100%| O|  |TAMS 0x0000000081a00000, 0x0000000081900000| Untracked 
|  26|0x0000000081a00000, 0x0000000081b00000, 0x0000000081b00000|100%| O|  |TAMS 0x0000000081b00000, 0x0000000081a00000| Untracked 
|  27|0x0000000081b00000, 0x0000000081b00000, 0x0000000081c00000|  0%| F|  |TAMS 0x0000000081b00000, 0x0000000081b00000| Untracked 
|  28|0x0000000081c00000, 0x0000000081d00000, 0x0000000081d00000|100%|HS|  |TAMS 0x0000000081d00000, 0x0000000081c00000| Complete 
|  29|0x0000000081d00000, 0x0000000081e00000, 0x0000000081e00000|100%|HS|  |TAMS 0x0000000081e00000, 0x0000000081d00000| Complete 
|  30|0x0000000081e00000, 0x0000000081f00000, 0x0000000081f00000|100%| O|  |TAMS 0x0000000081f00000, 0x0000000081e00000| Untracked 
|  31|0x0000000081f00000, 0x0000000082000000, 0x0000000082000000|100%| O|  |TAMS 0x0000000082000000, 0x0000000081f00000| Untracked 
|  32|0x0000000082000000, 0x0000000082100000, 0x0000000082100000|100%| O|  |TAMS 0x0000000082100000, 0x0000000082000000| Untracked 
|  33|0x0000000082100000, 0x0000000082200000, 0x0000000082200000|100%| O|  |TAMS 0x0000000082200000, 0x0000000082100000| Untracked 
|  34|0x0000000082200000, 0x0000000082300000, 0x0000000082300000|100%| O|  |TAMS 0x0000000082300000, 0x0000000082200000| Untracked 
|  35|0x0000000082300000, 0x0000000082400000, 0x0000000082400000|100%| O|  |TAMS 0x0000000082400000, 0x0000000082300000| Untracked 
|  36|0x0000000082400000, 0x0000000082500000, 0x0000000082500000|100%| O|  |TAMS 0x0000000082500000, 0x0000000082400000| Untracked 
|  37|0x0000000082500000, 0x0000000082600000, 0x0000000082600000|100%| O|  |TAMS 0x0000000082600000, 0x0000000082500000| Untracked 
|  38|0x0000000082600000, 0x0000000082700000, 0x0000000082700000|100%| O|  |TAMS 0x0000000082700000, 0x0000000082600000| Untracked 
|  39|0x0000000082700000, 0x0000000082800000, 0x0000000082800000|100%| O|  |TAMS 0x0000000082800000, 0x0000000082700000| Untracked 
|  40|0x0000000082800000, 0x0000000082900000, 0x0000000082900000|100%| O|  |TAMS 0x0000000082900000, 0x0000000082800000| Untracked 
|  41|0x0000000082900000, 0x0000000082a00000, 0x0000000082a00000|100%| O|  |TAMS 0x0000000082a00000, 0x0000000082900000| Untracked 
|  42|0x0000000082a00000, 0x0000000082b00000, 0x0000000082b00000|100%| O|  |TAMS 0x0000000082b00000, 0x0000000082a00000| Untracked 
|  43|0x0000000082b00000, 0x0000000082c00000, 0x0000000082c00000|100%| O|  |TAMS 0x0000000082c00000, 0x0000000082b00000| Untracked 
|  44|0x0000000082c00000, 0x0000000082d00000, 0x0000000082d00000|100%| O|  |TAMS 0x0000000082d00000, 0x0000000082c00000| Untracked 
|  45|0x0000000082d00000, 0x0000000082e00000, 0x0000000082e00000|100%| O|  |TAMS 0x0000000082e00000, 0x0000000082d00000| Untracked 
|  46|0x0000000082e00000, 0x0000000082f00000, 0x0000000082f00000|100%| O|  |TAMS 0x0000000082e00000, 0x0000000082e00000| Untracked 
|  47|0x0000000082f00000, 0x0000000083000000, 0x0000000083000000|100%| O|  |TAMS 0x0000000083000000, 0x0000000082f00000| Untracked 
|  48|0x0000000083000000, 0x0000000083100000, 0x0000000083100000|100%| O|  |TAMS 0x0000000083100000, 0x0000000083000000| Untracked 
|  49|0x0000000083100000, 0x0000000083200000, 0x0000000083200000|100%| O|  |TAMS 0x0000000083200000, 0x0000000083100000| Untracked 
|  50|0x0000000083200000, 0x0000000083300000, 0x0000000083300000|100%| O|  |TAMS 0x0000000083300000, 0x0000000083200000| Untracked 
|  51|0x0000000083300000, 0x0000000083400000, 0x0000000083400000|100%| O|  |TAMS 0x0000000083400000, 0x0000000083300000| Untracked 
|  52|0x0000000083400000, 0x0000000083500000, 0x0000000083500000|100%| O|  |TAMS 0x0000000083500000, 0x0000000083400000| Untracked 
|  53|0x0000000083500000, 0x0000000083600000, 0x0000000083600000|100%| O|  |TAMS 0x0000000083600000, 0x0000000083500000| Untracked 
|  54|0x0000000083600000, 0x0000000083700000, 0x0000000083700000|100%| O|  |TAMS 0x0000000083700000, 0x0000000083600000| Untracked 
|  55|0x0000000083700000, 0x0000000083800000, 0x0000000083800000|100%| O|  |TAMS 0x0000000083800000, 0x0000000083700000| Untracked 
|  56|0x0000000083800000, 0x0000000083900000, 0x0000000083900000|100%| O|  |TAMS 0x0000000083900000, 0x0000000083800000| Untracked 
|  57|0x0000000083900000, 0x0000000083a00000, 0x0000000083a00000|100%| O|  |TAMS 0x0000000083a00000, 0x0000000083900000| Untracked 
|  58|0x0000000083a00000, 0x0000000083b00000, 0x0000000083b00000|100%| O|  |TAMS 0x0000000083b00000, 0x0000000083a00000| Untracked 
|  59|0x0000000083b00000, 0x0000000083c00000, 0x0000000083c00000|100%| O|  |TAMS 0x0000000083c00000, 0x0000000083b00000| Untracked 
|  60|0x0000000083c00000, 0x0000000083d00000, 0x0000000083d00000|100%| O|  |TAMS 0x0000000083d00000, 0x0000000083c00000| Untracked 
|  61|0x0000000083d00000, 0x0000000083e00000, 0x0000000083e00000|100%| O|  |TAMS 0x0000000083e00000, 0x0000000083d00000| Untracked 
|  62|0x0000000083e00000, 0x0000000083f00000, 0x0000000083f00000|100%| O|  |TAMS 0x0000000083f00000, 0x0000000083e00000| Untracked 
|  63|0x0000000083f00000, 0x0000000084000000, 0x0000000084000000|100%| O|  |TAMS 0x0000000084000000, 0x0000000083f00000| Untracked 
|  64|0x0000000084000000, 0x0000000084100000, 0x0000000084100000|100%| O|  |TAMS 0x0000000084100000, 0x0000000084000000| Untracked 
|  65|0x0000000084100000, 0x0000000084200000, 0x0000000084200000|100%| O|  |TAMS 0x0000000084200000, 0x0000000084100000| Untracked 
|  66|0x0000000084200000, 0x0000000084300000, 0x0000000084300000|100%| O|  |TAMS 0x0000000084300000, 0x0000000084200000| Untracked 
|  67|0x0000000084300000, 0x0000000084400000, 0x0000000084400000|100%| O|  |TAMS 0x0000000084400000, 0x0000000084300000| Untracked 
|  68|0x0000000084400000, 0x0000000084500000, 0x0000000084500000|100%| O|  |TAMS 0x0000000084500000, 0x0000000084400000| Untracked 
|  69|0x0000000084500000, 0x0000000084600000, 0x0000000084600000|100%| O|  |TAMS 0x0000000084600000, 0x0000000084500000| Untracked 
|  70|0x0000000084600000, 0x0000000084700000, 0x0000000084700000|100%| O|  |TAMS 0x0000000084700000, 0x0000000084600000| Untracked 
|  71|0x0000000084700000, 0x0000000084800000, 0x0000000084800000|100%| O|  |TAMS 0x0000000084800000, 0x0000000084700000| Untracked 
|  72|0x0000000084800000, 0x0000000084900000, 0x0000000084900000|100%| O|  |TAMS 0x0000000084900000, 0x0000000084800000| Untracked 
|  73|0x0000000084900000, 0x0000000084a00000, 0x0000000084a00000|100%| O|  |TAMS 0x0000000084935600, 0x0000000084900000| Untracked 
|  74|0x0000000084a00000, 0x0000000084b00000, 0x0000000084b00000|100%| O|  |TAMS 0x0000000084a00000, 0x0000000084a00000| Untracked 
|  75|0x0000000084b00000, 0x0000000084c00000, 0x0000000084c00000|100%| O|  |TAMS 0x0000000084b00000, 0x0000000084b00000| Untracked 
|  76|0x0000000084c00000, 0x0000000084d00000, 0x0000000084d00000|100%| O|  |TAMS 0x0000000084c00000, 0x0000000084c00000| Untracked 
|  77|0x0000000084d00000, 0x0000000084e00000, 0x0000000084e00000|100%| O|  |TAMS 0x0000000084d00000, 0x0000000084d00000| Untracked 
|  78|0x0000000084e00000, 0x0000000084f00000, 0x0000000084f00000|100%| O|  |TAMS 0x0000000084e00000, 0x0000000084e00000| Untracked 
|  79|0x0000000084f00000, 0x0000000085000000, 0x0000000085000000|100%| O|  |TAMS 0x0000000084f00000, 0x0000000084f00000| Untracked 
|  80|0x0000000085000000, 0x0000000085100000, 0x0000000085100000|100%| O|  |TAMS 0x0000000085000000, 0x0000000085000000| Untracked 
|  81|0x0000000085100000, 0x0000000085200000, 0x0000000085200000|100%| O|  |TAMS 0x0000000085100000, 0x0000000085100000| Untracked 
|  82|0x0000000085200000, 0x0000000085300000, 0x0000000085300000|100%| O|  |TAMS 0x0000000085200000, 0x0000000085200000| Untracked 
|  83|0x0000000085300000, 0x00000000853c5200, 0x0000000085400000| 77%| O|  |TAMS 0x0000000085300000, 0x0000000085300000| Untracked 
|  84|0x0000000085400000, 0x0000000085400000, 0x0000000085500000|  0%| F|  |TAMS 0x0000000085400000, 0x0000000085400000| Untracked 
|  85|0x0000000085500000, 0x0000000085500000, 0x0000000085600000|  0%| F|  |TAMS 0x0000000085500000, 0x0000000085500000| Untracked 
|  86|0x0000000085600000, 0x0000000085600000, 0x0000000085700000|  0%| F|  |TAMS 0x0000000085600000, 0x0000000085600000| Untracked 
|  87|0x0000000085700000, 0x0000000085700000, 0x0000000085800000|  0%| F|  |TAMS 0x0000000085700000, 0x0000000085700000| Untracked 
|  88|0x0000000085800000, 0x0000000085800000, 0x0000000085900000|  0%| F|  |TAMS 0x0000000085800000, 0x0000000085800000| Untracked 
|  89|0x0000000085900000, 0x0000000085900000, 0x0000000085a00000|  0%| F|  |TAMS 0x0000000085900000, 0x0000000085900000| Untracked 
|  90|0x0000000085a00000, 0x0000000085a00000, 0x0000000085b00000|  0%| F|  |TAMS 0x0000000085a00000, 0x0000000085a00000| Untracked 
|  91|0x0000000085b00000, 0x0000000085b00000, 0x0000000085c00000|  0%| F|  |TAMS 0x0000000085b00000, 0x0000000085b00000| Untracked 
|  92|0x0000000085c00000, 0x0000000085c00000, 0x0000000085d00000|  0%| F|  |TAMS 0x0000000085c00000, 0x0000000085c00000| Untracked 
|  93|0x0000000085d00000, 0x0000000085d00000, 0x0000000085e00000|  0%| F|  |TAMS 0x0000000085d00000, 0x0000000085d00000| Untracked 
|  94|0x0000000085e00000, 0x0000000085e00000, 0x0000000085f00000|  0%| F|  |TAMS 0x0000000085e00000, 0x0000000085e00000| Untracked 
|  95|0x0000000085f00000, 0x0000000085f00000, 0x0000000086000000|  0%| F|  |TAMS 0x0000000085f00000, 0x0000000085f00000| Untracked 
|  96|0x0000000086000000, 0x0000000086000000, 0x0000000086100000|  0%| F|  |TAMS 0x0000000086000000, 0x0000000086000000| Untracked 
|  97|0x0000000086100000, 0x0000000086100000, 0x0000000086200000|  0%| F|  |TAMS 0x0000000086100000, 0x0000000086100000| Untracked 
|  98|0x0000000086200000, 0x0000000086200000, 0x0000000086300000|  0%| F|  |TAMS 0x0000000086200000, 0x0000000086200000| Untracked 
|  99|0x0000000086300000, 0x0000000086300000, 0x0000000086400000|  0%| F|  |TAMS 0x0000000086300000, 0x0000000086300000| Untracked 
| 100|0x0000000086400000, 0x0000000086400000, 0x0000000086500000|  0%| F|  |TAMS 0x0000000086400000, 0x0000000086400000| Untracked 
| 101|0x0000000086500000, 0x0000000086500000, 0x0000000086600000|  0%| F|  |TAMS 0x0000000086500000, 0x0000000086500000| Untracked 
| 102|0x0000000086600000, 0x0000000086600000, 0x0000000086700000|  0%| F|  |TAMS 0x0000000086600000, 0x0000000086600000| Untracked 
| 103|0x0000000086700000, 0x0000000086700000, 0x0000000086800000|  0%| F|  |TAMS 0x0000000086700000, 0x0000000086700000| Untracked 
| 104|0x0000000086800000, 0x0000000086800000, 0x0000000086900000|  0%| F|  |TAMS 0x0000000086800000, 0x0000000086800000| Untracked 
| 105|0x0000000086900000, 0x0000000086900000, 0x0000000086a00000|  0%| F|  |TAMS 0x0000000086900000, 0x0000000086900000| Untracked 
| 106|0x0000000086a00000, 0x0000000086a00000, 0x0000000086b00000|  0%| F|  |TAMS 0x0000000086a00000, 0x0000000086a00000| Untracked 
| 107|0x0000000086b00000, 0x0000000086b00000, 0x0000000086c00000|  0%| F|  |TAMS 0x0000000086b00000, 0x0000000086b00000| Untracked 
| 108|0x0000000086c00000, 0x0000000086c00000, 0x0000000086d00000|  0%| F|  |TAMS 0x0000000086c00000, 0x0000000086c00000| Untracked 
| 109|0x0000000086d00000, 0x0000000086d00000, 0x0000000086e00000|  0%| F|  |TAMS 0x0000000086d00000, 0x0000000086d00000| Untracked 
| 110|0x0000000086e00000, 0x0000000086e00000, 0x0000000086f00000|  0%| F|  |TAMS 0x0000000086e00000, 0x0000000086e00000| Untracked 
| 111|0x0000000086f00000, 0x0000000086f00000, 0x0000000087000000|  0%| F|  |TAMS 0x0000000086f00000, 0x0000000086f00000| Untracked 
| 112|0x0000000087000000, 0x0000000087000000, 0x0000000087100000|  0%| F|  |TAMS 0x0000000087000000, 0x0000000087000000| Untracked 
| 113|0x0000000087100000, 0x0000000087100000, 0x0000000087200000|  0%| F|  |TAMS 0x0000000087100000, 0x0000000087100000| Untracked 
| 114|0x0000000087200000, 0x0000000087200000, 0x0000000087300000|  0%| F|  |TAMS 0x0000000087200000, 0x0000000087200000| Untracked 
| 115|0x0000000087300000, 0x0000000087300000, 0x0000000087400000|  0%| F|  |TAMS 0x0000000087300000, 0x0000000087300000| Untracked 
| 116|0x0000000087400000, 0x0000000087400000, 0x0000000087500000|  0%| F|  |TAMS 0x0000000087400000, 0x0000000087400000| Untracked 
| 117|0x0000000087500000, 0x0000000087500000, 0x0000000087600000|  0%| F|  |TAMS 0x0000000087500000, 0x0000000087500000| Untracked 
| 118|0x0000000087600000, 0x0000000087600000, 0x0000000087700000|  0%| F|  |TAMS 0x0000000087600000, 0x0000000087600000| Untracked 
| 119|0x0000000087700000, 0x0000000087700000, 0x0000000087800000|  0%| F|  |TAMS 0x0000000087700000, 0x0000000087700000| Untracked 
| 120|0x0000000087800000, 0x0000000087800000, 0x0000000087900000|  0%| F|  |TAMS 0x0000000087800000, 0x0000000087800000| Untracked 
| 121|0x0000000087900000, 0x0000000087900000, 0x0000000087a00000|  0%| F|  |TAMS 0x0000000087900000, 0x0000000087900000| Untracked 
| 122|0x0000000087a00000, 0x0000000087a00000, 0x0000000087b00000|  0%| F|  |TAMS 0x0000000087a00000, 0x0000000087a00000| Untracked 
| 123|0x0000000087b00000, 0x0000000087b00000, 0x0000000087c00000|  0%| F|  |TAMS 0x0000000087b00000, 0x0000000087b00000| Untracked 
| 124|0x0000000087c00000, 0x0000000087c00000, 0x0000000087d00000|  0%| F|  |TAMS 0x0000000087c00000, 0x0000000087c00000| Untracked 
| 125|0x0000000087d00000, 0x0000000087d00000, 0x0000000087e00000|  0%| F|  |TAMS 0x0000000087d00000, 0x0000000087d00000| Untracked 
| 126|0x0000000087e00000, 0x0000000087e00000, 0x0000000087f00000|  0%| F|  |TAMS 0x0000000087e00000, 0x0000000087e00000| Untracked 
| 127|0x0000000087f00000, 0x0000000087f00000, 0x0000000088000000|  0%| F|  |TAMS 0x0000000087f00000, 0x0000000087f00000| Untracked 
| 128|0x0000000088000000, 0x0000000088000000, 0x0000000088100000|  0%| F|  |TAMS 0x0000000088000000, 0x0000000088000000| Untracked 
| 129|0x0000000088100000, 0x0000000088100000, 0x0000000088200000|  0%| F|  |TAMS 0x0000000088100000, 0x0000000088100000| Untracked 
| 130|0x0000000088200000, 0x0000000088200000, 0x0000000088300000|  0%| F|  |TAMS 0x0000000088200000, 0x0000000088200000| Untracked 
| 131|0x0000000088300000, 0x0000000088300000, 0x0000000088400000|  0%| F|  |TAMS 0x0000000088300000, 0x0000000088300000| Untracked 
| 132|0x0000000088400000, 0x0000000088400000, 0x0000000088500000|  0%| F|  |TAMS 0x0000000088400000, 0x0000000088400000| Untracked 
| 133|0x0000000088500000, 0x0000000088500000, 0x0000000088600000|  0%| F|  |TAMS 0x0000000088500000, 0x0000000088500000| Untracked 
| 134|0x0000000088600000, 0x0000000088600000, 0x0000000088700000|  0%| F|  |TAMS 0x0000000088600000, 0x0000000088600000| Untracked 
| 135|0x0000000088700000, 0x0000000088700000, 0x0000000088800000|  0%| F|  |TAMS 0x0000000088700000, 0x0000000088700000| Untracked 
| 136|0x0000000088800000, 0x0000000088800000, 0x0000000088900000|  0%| F|  |TAMS 0x0000000088800000, 0x0000000088800000| Untracked 
| 137|0x0000000088900000, 0x0000000088900000, 0x0000000088a00000|  0%| F|  |TAMS 0x0000000088900000, 0x0000000088900000| Untracked 
| 138|0x0000000088a00000, 0x0000000088a00000, 0x0000000088b00000|  0%| F|  |TAMS 0x0000000088a00000, 0x0000000088a00000| Untracked 
| 139|0x0000000088b00000, 0x0000000088b00000, 0x0000000088c00000|  0%| F|  |TAMS 0x0000000088b00000, 0x0000000088b00000| Untracked 
| 152|0x0000000089800000, 0x0000000089800000, 0x0000000089900000|  0%| F|  |TAMS 0x0000000089800000, 0x0000000089800000| Untracked 
| 153|0x0000000089900000, 0x0000000089a00000, 0x0000000089a00000|100%| S|CS|TAMS 0x0000000089900000, 0x0000000089900000| Complete 
| 154|0x0000000089a00000, 0x0000000089a00000, 0x0000000089b00000|  0%| F|  |TAMS 0x0000000089a00000, 0x0000000089a00000| Untracked 
| 155|0x0000000089b00000, 0x0000000089b00000, 0x0000000089c00000|  0%| F|  |TAMS 0x0000000089b00000, 0x0000000089b00000| Untracked 

Card table byte_map: [0x000002e0c52b0000,0x000002e0c56b0000] _byte_map_base: 0x000002e0c4eb0000

Marking Bits (Prev, Next): (CMBitMap*) 0x000002e0b2a38620, (CMBitMap*) 0x000002e0b2a385e0
 Prev Bits: [0x000002e0c7ab0000, 0x000002e0c9ab0000)
 Next Bits: [0x000002e0c5ab0000, 0x000002e0c7ab0000)

Polling page: 0x000002e0b21b0000

Metaspace:

Usage:
  Non-class:     74.11 MB used.
      Class:     11.58 MB used.
       Both:     85.69 MB used.

Virtual space:
  Non-class space:       80.00 MB reserved,      74.50 MB ( 93%) committed,  10 nodes.
      Class space:        1.00 GB reserved,      11.88 MB (  1%) committed,  1 nodes.
             Both:        1.08 GB reserved,      86.38 MB (  8%) committed. 

Chunk freelists:
   Non-Class:  1.42 MB
       Class:  80.00 KB
        Both:  1.50 MB

MaxMetaspaceSize: unlimited
CompressedClassSpaceSize: 1.00 GB
Initial GC threshold: 21.00 MB
Current GC threshold: 140.62 MB
CDS: off
MetaspaceReclaimPolicy: balanced
 - commit_granule_bytes: 65536.
 - commit_granule_words: 8192.
 - virtual_space_node_default_size: 1048576.
 - enlarge_chunks_in_place: 1.
 - new_chunks_are_fully_committed: 0.
 - uncommit_free_chunks: 1.
 - use_allocation_guard: 0.
 - handle_deallocations: 1.


Internal statistics:

num_allocs_failed_limit: 9.
num_arena_births: 848.
num_arena_deaths: 0.
num_vsnodes_births: 11.
num_vsnodes_deaths: 0.
num_space_committed: 1381.
num_space_uncommitted: 0.
num_chunks_returned_to_freelist: 9.
num_chunks_taken_from_freelist: 4019.
num_chunk_merges: 6.
num_chunk_splits: 2641.
num_chunks_enlarged: 1761.
num_purges: 0.
num_inconsistent_stats: 0.

CodeHeap 'non-profiled nmethods': size=120000Kb used=3582Kb max_used=3582Kb free=116417Kb
 bounds [0x000002e0bd980000, 0x000002e0bdd00000, 0x000002e0c4eb0000]
CodeHeap 'profiled nmethods': size=120000Kb used=15760Kb max_used=15760Kb free=104239Kb
 bounds [0x000002e0b5eb0000, 0x000002e0b6e20000, 0x000002e0bd3e0000]
CodeHeap 'non-nmethods': size=5760Kb used=2368Kb max_used=2442Kb free=3391Kb
 bounds [0x000002e0bd3e0000, 0x000002e0bd660000, 0x000002e0bd980000]
 total_blobs=9339 nmethods=8441 adapters=810
 compilation: enabled
              stopped_count=0, restarted_count=0
 full_count=0

Compilation events (20 events):
Event: 11.536 Thread 0x000002e0cc9335f0 nmethod 9374 0x000002e0b6e11010 code [0x000002e0b6e111a0, 0x000002e0b6e11318]
Event: 11.537 Thread 0x000002e0cc9335f0 9375       1       java.io.InputStream::available (2 bytes)
Event: 11.537 Thread 0x000002e0cc9335f0 nmethod 9375 0x000002e0bdcfdd90 code [0x000002e0bdcfdf20, 0x000002e0bdcfdff8]
Event: 11.537 Thread 0x000002e0cc9335f0 9376       1       com.google.common.cache.RemovalCause$5::wasEvicted (2 bytes)
Event: 11.537 Thread 0x000002e0cc9335f0 nmethod 9376 0x000002e0bdcfe090 code [0x000002e0bdcfe220, 0x000002e0bdcfe2f8]
Event: 11.537 Thread 0x000002e0cc9335f0 9377       1       com.google.common.cache.LocalCache$StrongValueReference::isLoading (2 bytes)
Event: 11.537 Thread 0x000002e0cc9335f0 nmethod 9377 0x000002e0bdcfe390 code [0x000002e0bdcfe520, 0x000002e0bdcfe5f8]
Event: 11.538 Thread 0x000002e0cc9335f0 9378       3       org.gradle.internal.file.FileHierarchySet$Node::contains (101 bytes)
Event: 11.538 Thread 0x000002e0cc9335f0 nmethod 9378 0x000002e0b6e11390 code [0x000002e0b6e115e0, 0x000002e0b6e11f98]
Event: 11.539 Thread 0x000002e0cc927730 9379       4       com.google.common.collect.MapMakerInternalMap$Segment::getEntry (80 bytes)
Event: 11.539 Thread 0x000002e0cc9335f0 9381       1       sun.nio.fs.WindowsFileAttributes::size (5 bytes)
Event: 11.539 Thread 0x000002e0cc9335f0 nmethod 9381 0x000002e0bdcfe690 code [0x000002e0bdcfe820, 0x000002e0bdcfe8f8]
Event: 11.540 Thread 0x000002e0cc9335f0 9382       1       org.gradle.internal.snapshot.impl.DirectorySnapshotter$DefaultExcludes::lambda$new$0 (2 bytes)
Event: 11.540 Thread 0x000002e0cc9335f0 nmethod 9382 0x000002e0bdcfe990 code [0x000002e0bdcfeb20, 0x000002e0bdcfebd8]
Event: 11.540 Thread 0x000002e0cc9335f0 9383       1       org.gradle.internal.snapshot.impl.DirectorySnapshotter$DefaultExcludes::lambda$new$2 (2 bytes)
Event: 11.540 Thread 0x000002e0cc9335f0 nmethod 9383 0x000002e0bdcfec90 code [0x000002e0bdcfee20, 0x000002e0bdcfeed8]
Event: 11.540 Thread 0x000002e0cc9335f0 9384       3       java.io.WinNTFileSystem::prefixLength (91 bytes)
Event: 11.541 Thread 0x000002e0cc9335f0 nmethod 9384 0x000002e0b6e12290 code [0x000002e0b6e125c0, 0x000002e0b6e13a38]
Event: 11.543 Thread 0x000002e0cc927730 nmethod 9379 0x000002e0bdcfef90 code [0x000002e0bdcff140, 0x000002e0bdcff4f8]
Event: 11.543 Thread 0x000002e0cc927730 9385       4       org.gradle.cache.internal.btree.BTreePersistentIndexedCache$IndexBlock::read (94 bytes)

GC Heap History (20 events):
Event: 8.193 GC heap after
{Heap after GC invocations=21 (full 0):
 garbage-first heap   total 116736K, used 60631K [0x0000000080000000, 0x0000000100000000)
  region size 1024K, 3 young (3072K), 3 survivors (3072K)
 Metaspace       used 67097K, committed 67648K, reserved 1114112K
  class space    used 8801K, committed 9024K, reserved 1048576K
}
Event: 8.418 GC heap before
{Heap before GC invocations=21 (full 0):
 garbage-first heap   total 116736K, used 93399K [0x0000000080000000, 0x0000000100000000)
  region size 1024K, 35 young (35840K), 3 survivors (3072K)
 Metaspace       used 68011K, committed 68480K, reserved 1114112K
  class space    used 8932K, committed 9152K, reserved 1048576K
}
Event: 8.425 GC heap after
{Heap after GC invocations=22 (full 0):
 garbage-first heap   total 116736K, used 63916K [0x0000000080000000, 0x0000000100000000)
  region size 1024K, 5 young (5120K), 5 survivors (5120K)
 Metaspace       used 68011K, committed 68480K, reserved 1114112K
  class space    used 8932K, committed 9152K, reserved 1048576K
}
Event: 8.699 GC heap before
{Heap before GC invocations=23 (full 0):
 garbage-first heap   total 117760K, used 90540K [0x0000000080000000, 0x0000000100000000)
  region size 1024K, 34 young (34816K), 5 survivors (5120K)
 Metaspace       used 70281K, committed 70848K, reserved 1114112K
  class space    used 9240K, committed 9472K, reserved 1048576K
}
Event: 8.707 GC heap after
{Heap after GC invocations=24 (full 0):
 garbage-first heap   total 117760K, used 62297K [0x0000000080000000, 0x0000000100000000)
  region size 1024K, 3 young (3072K), 3 survivors (3072K)
 Metaspace       used 70281K, committed 70848K, reserved 1114112K
  class space    used 9240K, committed 9472K, reserved 1048576K
}
Event: 8.730 GC heap before
{Heap before GC invocations=24 (full 0):
 garbage-first heap   total 117760K, used 64345K [0x0000000080000000, 0x0000000100000000)
  region size 1024K, 5 young (5120K), 3 survivors (3072K)
 Metaspace       used 70470K, committed 70976K, reserved 1114112K
  class space    used 9261K, committed 9472K, reserved 1048576K
}
Event: 8.733 GC heap after
{Heap after GC invocations=25 (full 0):
 garbage-first heap   total 141312K, used 62046K [0x0000000080000000, 0x0000000100000000)
  region size 1024K, 1 young (1024K), 1 survivors (1024K)
 Metaspace       used 70470K, committed 70976K, reserved 1114112K
  class space    used 9261K, committed 9472K, reserved 1048576K
}
Event: 9.477 GC heap before
{Heap before GC invocations=25 (full 0):
 garbage-first heap   total 141312K, used 113246K [0x0000000080000000, 0x0000000100000000)
  region size 1024K, 51 young (52224K), 1 survivors (1024K)
 Metaspace       used 76399K, committed 76928K, reserved 1122304K
  class space    used 10272K, committed 10496K, reserved 1048576K
}
Event: 9.483 GC heap after
{Heap after GC invocations=26 (full 0):
 garbage-first heap   total 141312K, used 64932K [0x0000000080000000, 0x0000000100000000)
  region size 1024K, 4 young (4096K), 4 survivors (4096K)
 Metaspace       used 76399K, committed 76928K, reserved 1122304K
  class space    used 10272K, committed 10496K, reserved 1048576K
}
Event: 10.134 GC heap before
{Heap before GC invocations=26 (full 0):
 garbage-first heap   total 141312K, used 114084K [0x0000000080000000, 0x0000000100000000)
  region size 1024K, 52 young (53248K), 4 survivors (4096K)
 Metaspace       used 82277K, committed 82880K, reserved 1122304K
  class space    used 11127K, committed 11392K, reserved 1048576K
}
Event: 10.144 GC heap after
{Heap after GC invocations=27 (full 0):
 garbage-first heap   total 141312K, used 68469K [0x0000000080000000, 0x0000000100000000)
  region size 1024K, 7 young (7168K), 7 survivors (7168K)
 Metaspace       used 82277K, committed 82880K, reserved 1122304K
  class space    used 11127K, committed 11392K, reserved 1048576K
}
Event: 10.541 GC heap before
{Heap before GC invocations=28 (full 0):
 garbage-first heap   total 141312K, used 115573K [0x0000000080000000, 0x0000000100000000)
  region size 1024K, 53 young (54272K), 7 survivors (7168K)
 Metaspace       used 83586K, committed 84224K, reserved 1122304K
  class space    used 11306K, committed 11584K, reserved 1048576K
}
Event: 10.557 GC heap after
{Heap after GC invocations=29 (full 0):
 garbage-first heap   total 141312K, used 74368K [0x0000000080000000, 0x0000000100000000)
  region size 1024K, 7 young (7168K), 7 survivors (7168K)
 Metaspace       used 83586K, committed 84224K, reserved 1122304K
  class space    used 11306K, committed 11584K, reserved 1048576K
}
Event: 10.563 GC heap before
{Heap before GC invocations=29 (full 0):
 garbage-first heap   total 141312K, used 75392K [0x0000000080000000, 0x0000000100000000)
  region size 1024K, 8 young (8192K), 7 survivors (7168K)
 Metaspace       used 83586K, committed 84224K, reserved 1122304K
  class space    used 11306K, committed 11584K, reserved 1048576K
}
Event: 10.570 GC heap after
{Heap after GC invocations=30 (full 0):
 garbage-first heap   total 141312K, used 74941K [0x0000000080000000, 0x0000000100000000)
  region size 1024K, 1 young (1024K), 1 survivors (1024K)
 Metaspace       used 83586K, committed 84224K, reserved 1122304K
  class space    used 11306K, committed 11584K, reserved 1048576K
}
Event: 10.750 GC heap before
{Heap before GC invocations=30 (full 0):
 garbage-first heap   total 141312K, used 98493K [0x0000000080000000, 0x0000000100000000)
  region size 1024K, 26 young (26624K), 1 survivors (1024K)
 Metaspace       used 84560K, committed 85184K, reserved 1122304K
  class space    used 11391K, committed 11712K, reserved 1048576K
}
Event: 10.755 GC heap after
{Heap after GC invocations=31 (full 0):
 garbage-first heap   total 141312K, used 80180K [0x0000000080000000, 0x0000000100000000)
  region size 1024K, 5 young (5120K), 5 survivors (5120K)
 Metaspace       used 84560K, committed 85184K, reserved 1122304K
  class space    used 11391K, committed 11712K, reserved 1048576K
}
Event: 11.513 GC heap before
{Heap before GC invocations=32 (full 0):
 garbage-first heap   total 147456K, used 113972K [0x0000000080000000, 0x0000000100000000)
  region size 1024K, 37 young (37888K), 5 survivors (5120K)
 Metaspace       used 87727K, committed 88384K, reserved 1130496K
  class space    used 11855K, committed 12160K, reserved 1048576K
}
Event: 11.524 GC heap after
{Heap after GC invocations=33 (full 0):
 garbage-first heap   total 147456K, used 85018K [0x0000000080000000, 0x0000000100000000)
  region size 1024K, 5 young (5120K), 5 survivors (5120K)
 Metaspace       used 87727K, committed 88384K, reserved 1130496K
  class space    used 11855K, committed 12160K, reserved 1048576K
}
Event: 11.550 GC heap before
{Heap before GC invocations=33 (full 0):
 garbage-first heap   total 147456K, used 86042K [0x0000000080000000, 0x0000000100000000)
  region size 1024K, 7 young (7168K), 5 survivors (5120K)
 Metaspace       used 87744K, committed 88448K, reserved 1130496K
  class space    used 11855K, committed 12160K, reserved 1048576K
}

Dll operation events (2 events):
Event: 0.019 Loaded shared library C:\Program Files\Android\Android Studio\jbr\bin\java.dll
Event: 0.370 Loaded shared library C:\Program Files\Android\Android Studio\jbr\bin\verify.dll

Deoptimization events (20 events):
Event: 11.428 Thread 0x000002e0d14b0770 Uncommon trap: reason=unstable_if action=reinterpret pc=0x000002e0bd9d7b54 method=java.util.concurrent.ConcurrentHashMap.initTable()[Ljava/util/concurrent/ConcurrentHashMap$Node; @ 20 c2
Event: 11.428 Thread 0x000002e0d14b02a0 Uncommon trap: reason=unstable_if action=reinterpret pc=0x000002e0bd9d7b54 method=java.util.concurrent.ConcurrentHashMap.initTable()[Ljava/util/concurrent/ConcurrentHashMap$Node; @ 20 c2
Event: 11.428 Thread 0x000002e0d14b0770 DEOPT PACKING pc=0x000002e0bd9d7b54 sp=0x000000e772bfdf30
Event: 11.428 Thread 0x000002e0d14b0770 DEOPT UNPACKING pc=0x000002e0bd4369a3 sp=0x000000e772bfde88 mode 2
Event: 11.428 Thread 0x000002e0d14b02a0 DEOPT PACKING pc=0x000002e0bd9d7b54 sp=0x000000e772cfe140
Event: 11.428 Thread 0x000002e0d14b02a0 DEOPT UNPACKING pc=0x000002e0bd4369a3 sp=0x000000e772cfe098 mode 2
Event: 11.455 Thread 0x000002e0d0dd8710 Uncommon trap: trap_request=0xffffffc6 fr.pc=0x000002e0bd999b74 relative=0x00000000000008f4
Event: 11.455 Thread 0x000002e0d0dd8710 Uncommon trap: reason=bimorphic_or_optimized_type_check action=maybe_recompile pc=0x000002e0bd999b74 method=java.io.BufferedInputStream.read1([BII)I @ 39 c2
Event: 11.455 Thread 0x000002e0d0dd8710 DEOPT PACKING pc=0x000002e0bd999b74 sp=0x000000e7709fddc0
Event: 11.455 Thread 0x000002e0d0dd8710 DEOPT UNPACKING pc=0x000002e0bd4369a3 sp=0x000000e7709fdcd8 mode 2
Event: 11.469 Thread 0x000002e0d0dd8710 Uncommon trap: trap_request=0xffffffc6 fr.pc=0x000002e0bd999b74 relative=0x00000000000008f4
Event: 11.469 Thread 0x000002e0d0dd8710 Uncommon trap: reason=bimorphic_or_optimized_type_check action=maybe_recompile pc=0x000002e0bd999b74 method=java.io.BufferedInputStream.read1([BII)I @ 39 c2
Event: 11.469 Thread 0x000002e0d0dd8710 DEOPT PACKING pc=0x000002e0bd999b74 sp=0x000000e7709fddc0
Event: 11.469 Thread 0x000002e0d0dd8710 DEOPT UNPACKING pc=0x000002e0bd4369a3 sp=0x000000e7709fdcd8 mode 2
Event: 11.481 Thread 0x000002e0d130fbb0 Uncommon trap: trap_request=0xffffff45 fr.pc=0x000002e0bdac37bc relative=0x00000000000004fc
Event: 11.481 Thread 0x000002e0d130fbb0 Uncommon trap: reason=unstable_if action=reinterpret pc=0x000002e0bdac37bc method=java.lang.StringLatin1.compareToCI([B[B)I @ 68 c2
Event: 11.481 Thread 0x000002e0d130fbb0 DEOPT PACKING pc=0x000002e0bdac37bc sp=0x000000e773ff79a0
Event: 11.481 Thread 0x000002e0d130fbb0 DEOPT UNPACKING pc=0x000002e0bd4369a3 sp=0x000000e773ff7918 mode 2
Event: 11.542 Thread 0x000002e0cd5b1920 DEOPT PACKING pc=0x000002e0b68d47a0 sp=0x000000e7701fe2f0
Event: 11.542 Thread 0x000002e0cd5b1920 DEOPT UNPACKING pc=0x000002e0bd437143 sp=0x000000e7701fd7b0 mode 0

Classes unloaded (0 events):
No events

Classes redefined (0 events):
No events

Internal exceptions (20 events):
Event: 10.902 Thread 0x000002e0d130fbb0 Exception <a 'java/lang/IncompatibleClassChangeError'{0x0000000088b54108}: Found class java.lang.Object, but interface was expected> (0x0000000088b54108) 
thrown [s\src\hotspot\share\interpreter\linkResolver.cpp, line 838]
Event: 10.908 Thread 0x000002e0cd5b1450 Exception <a 'java/lang/NoSuchMethodError'{0x0000000088bbdf18}: static Lorg/gradle/internal/build/event/types/DefaultTaskStartedProgressEvent;.<clinit>()V> (0x0000000088bbdf18) 
thrown [s\src\hotspot\share\prims\jni.cpp, line 1108]
Event: 10.908 Thread 0x000002e0cd5b1450 Exception <a 'java/lang/NoSuchMethodError'{0x0000000088bca4d8}: static Lorg/gradle/internal/build/event/types/DefaultTaskDescriptor;.<clinit>()V> (0x0000000088bca4d8) 
thrown [s\src\hotspot\share\prims\jni.cpp, line 1108]
Event: 10.970 Thread 0x000002e0d130fbb0 Exception <a 'java/lang/IncompatibleClassChangeError'{0x0000000088ac8d70}: Found class java.lang.Object, but interface was expected> (0x0000000088ac8d70) 
thrown [s\src\hotspot\share\interpreter\linkResolver.cpp, line 838]
Event: 10.991 Thread 0x000002e0d130fbb0 Exception <a 'java/lang/NoSuchMethodError'{0x0000000088846810}: 'int java.lang.invoke.DirectMethodHandle$Holder.invokeStaticInit(java.lang.Object, java.lang.Object, java.lang.Object, java.lang.Object, java.lang.Object)'> (0x0000000088846810) 
thrown [s\src\hotspot\share\interpreter\linkResolver.cpp, line 771]
Event: 11.005 Thread 0x000002e0cd5b1450 Exception <a 'java/lang/NoSuchMethodError'{0x0000000088709670}: static Lorg/gradle/internal/build/event/types/DefaultTaskFinishedProgressEvent;.<clinit>()V> (0x0000000088709670) 
thrown [s\src\hotspot\share\prims\jni.cpp, line 1108]
Event: 11.007 Thread 0x000002e0cd5b1450 Exception <a 'java/lang/NoSuchMethodError'{0x00000000887473e8}: static Lorg/gradle/internal/build/event/types/DefaultTaskSuccessResult;.<clinit>()V> (0x00000000887473e8) 
thrown [s\src\hotspot\share\prims\jni.cpp, line 1108]
Event: 11.008 Thread 0x000002e0cd5b1450 Exception <a 'java/lang/NoSuchMethodError'{0x0000000088748af0}: static Lorg/gradle/internal/build/event/types/AbstractTaskResult;.<clinit>()V> (0x0000000088748af0) 
thrown [s\src\hotspot\share\prims\jni.cpp, line 1108]
Event: 11.020 Thread 0x000002e0d130fbb0 Exception <a 'sun/nio/fs/WindowsException'{0x000000008871ef48}> (0x000000008871ef48) 
thrown [s\src\hotspot\share\prims\jni.cpp, line 517]
Event: 11.028 Thread 0x000002e0cd5b1450 Exception <a 'java/lang/NoSuchMethodError'{0x00000000887d7fd8}: static Lorg/gradle/internal/build/event/types/DefaultTaskSkippedResult;.<clinit>()V> (0x00000000887d7fd8) 
thrown [s\src\hotspot\share\prims\jni.cpp, line 1108]
Event: 11.047 Thread 0x000002e0d130e3a0 Exception <a 'java/lang/NoSuchMethodError'{0x00000000886d12a0}: static Lcom/android/buildanalyzer/common/AndroidGradlePluginAttributionData$BuildInfo;.<clinit>()V> (0x00000000886d12a0) 
thrown [s\src\hotspot\share\prims\jni.cpp, line 1108]
Event: 11.051 Thread 0x000002e0d130e3a0 Exception <a 'java/lang/NoSuchMethodError'{0x00000000886e8680}: static Lcom/android/buildanalyzer/common/AndroidGradlePluginAttributionData$JavaInfo;.<clinit>()V> (0x00000000886e8680) 
thrown [s\src\hotspot\share\prims\jni.cpp, line 1108]
Event: 11.057 Thread 0x000002e0d130e3a0 Exception <a 'java/lang/NoSuchMethodError'{0x000000008831f480}: static [Ljava/lang/String;.<clinit>()V> (0x000000008831f480) 
thrown [s\src\hotspot\share\prims\jni.cpp, line 1108]
Event: 11.058 Thread 0x000002e0d130e3a0 Exception <a 'java/lang/NoSuchMethodError'{0x000000008832b618}: static Lcom/android/buildanalyzer/common/AndroidGradlePluginAttributionData$TaskInfo;.<clinit>()V> (0x000000008832b618) 
thrown [s\src\hotspot\share\prims\jni.cpp, line 1108]
Event: 11.059 Thread 0x000002e0d130e3a0 Exception <a 'java/lang/NoSuchMethodError'{0x00000000883616d8}: static Lcom/android/buildanalyzer/common/AndroidGradlePluginAttributionData$TaskCategoryInfo;.<clinit>()V> (0x00000000883616d8) 
thrown [s\src\hotspot\share\prims\jni.cpp, line 1108]
Event: 11.403 Thread 0x000002e0d130fbb0 Exception <a 'java/lang/NoSuchMethodError'{0x0000000087814178}: 'void java.lang.invoke.DirectMethodHandle$Holder.invokeStatic(java.lang.Object, java.lang.Object, java.lang.Object, java.lang.Object, int, java.lang.Object, java.lang.Object)'> (0x0000000087814178) 
thrown [s\src\hotspot\share\interpreter\linkResolver.cpp, line 771]
Event: 11.427 Thread 0x000002e0d14b02a0 Exception <a 'java/lang/NoSuchMethodError'{0x00000000876f26d8}: 'java.lang.Object java.lang.invoke.DirectMethodHandle$Holder.invokeSpecialIFC(java.lang.Object, java.lang.Object, java.lang.Object)'> (0x00000000876f26d8) 
thrown [s\src\hotspot\share\interpreter\linkResolver.cpp, line 771]
Event: 11.427 Thread 0x000002e0d130fbb0 Exception <a 'java/lang/NoSuchMethodError'{0x0000000087690778}: 'java.lang.Object java.lang.invoke.DirectMethodHandle$Holder.invokeSpecialIFC(java.lang.Object, java.lang.Object, java.lang.Object)'> (0x0000000087690778) 
thrown [s\src\hotspot\share\interpreter\linkResolver.cpp, line 771]
Event: 11.427 Thread 0x000002e0d0ddca70 Exception <a 'java/lang/NoSuchMethodError'{0x00000000876fe290}: 'java.lang.Object java.lang.invoke.DirectMethodHandle$Holder.invokeSpecialIFC(java.lang.Object, java.lang.Object, java.lang.Object)'> (0x00000000876fe290) 
thrown [s\src\hotspot\share\interpreter\linkResolver.cpp, line 771]
Event: 11.427 Thread 0x000002e0d14b0770 Exception <a 'java/lang/NoSuchMethodError'{0x00000000876f7bc0}: 'java.lang.Object java.lang.invoke.DirectMethodHandle$Holder.invokeSpecialIFC(java.lang.Object, java.lang.Object, java.lang.Object)'> (0x00000000876f7bc0) 
thrown [s\src\hotspot\share\interpreter\linkResolver.cpp, line 771]

VM Operations (20 events):
Event: 10.880 Executing VM operation: HandshakeAllThreads done
Event: 10.882 Executing VM operation: HandshakeAllThreads
Event: 10.882 Executing VM operation: HandshakeAllThreads done
Event: 10.884 Executing VM operation: G1Concurrent
Event: 10.889 Executing VM operation: G1Concurrent done
Event: 10.946 Executing VM operation: G1Concurrent
Event: 10.946 Executing VM operation: G1Concurrent done
Event: 10.977 Executing VM operation: HandshakeAllThreads
Event: 10.977 Executing VM operation: HandshakeAllThreads done
Event: 11.002 Executing VM operation: HandshakeAllThreads
Event: 11.002 Executing VM operation: HandshakeAllThreads done
Event: 11.326 Executing VM operation: ICBufferFull
Event: 11.326 Executing VM operation: ICBufferFull done
Event: 11.365 Executing VM operation: HandshakeAllThreads
Event: 11.365 Executing VM operation: HandshakeAllThreads done
Event: 11.480 Executing VM operation: ICBufferFull
Event: 11.480 Executing VM operation: ICBufferFull done
Event: 11.513 Executing VM operation: G1CollectForAllocation
Event: 11.524 Executing VM operation: G1CollectForAllocation done
Event: 11.550 Executing VM operation: G1CollectForAllocation

Events (20 events):
Event: 11.047 loading class java/time/Clock
Event: 11.047 loading class java/time/InstantSource
Event: 11.047 loading class java/time/InstantSource done
Event: 11.047 loading class java/time/Clock done
Event: 11.048 loading class java/time/Clock$SystemClock
Event: 11.049 loading class java/time/Clock$SystemClock done
Event: 11.057 loading class java/io/ObjectStreamClass$ExceptionInfo
Event: 11.057 loading class java/io/ObjectStreamClass$ExceptionInfo done
Event: 11.316 loading class java/util/LinkedList$LLSpliterator
Event: 11.317 loading class java/util/LinkedList$LLSpliterator done
Event: 11.456 loading class java/util/stream/ReferencePipeline$4
Event: 11.457 loading class java/util/stream/ReferencePipeline$4 done
Event: 11.457 loading class java/util/function/IntBinaryOperator
Event: 11.457 loading class java/util/function/IntBinaryOperator done
Event: 11.457 loading class java/util/stream/ReduceOps$6
Event: 11.457 loading class java/util/stream/ReduceOps$6 done
Event: 11.457 loading class java/util/stream/ReduceOps$5ReducingSink
Event: 11.457 loading class java/util/stream/ReduceOps$5ReducingSink done
Event: 11.457 loading class java/util/stream/ReferencePipeline$4$1
Event: 11.457 loading class java/util/stream/ReferencePipeline$4$1 done


Dynamic libraries:
0x00007ff7fb100000 - 0x00007ff7fb10a000 	C:\Program Files\Android\Android Studio\jbr\bin\java.exe
0x00007ffc0d690000 - 0x00007ffc0d888000 	C:\Windows\SYSTEM32\ntdll.dll
0x00007ffc0b960000 - 0x00007ffc0ba1d000 	C:\Windows\System32\KERNEL32.DLL
0x00007ffc0b150000 - 0x00007ffc0b446000 	C:\Windows\System32\KERNELBASE.dll
0x00007ffc0afb0000 - 0x00007ffc0b0b0000 	C:\Windows\System32\ucrtbase.dll
0x00007ffc061b0000 - 0x00007ffc061cb000 	C:\Program Files\Android\Android Studio\jbr\bin\VCRUNTIME140.dll
0x00007ffbec300000 - 0x00007ffbec317000 	C:\Program Files\Android\Android Studio\jbr\bin\jli.dll
0x00007ffc0d390000 - 0x00007ffc0d52e000 	C:\Windows\System32\USER32.dll
0x00007ffbf2c10000 - 0x00007ffbf2eaa000 	C:\Windows\WinSxS\amd64_microsoft.windows.common-controls_6595b64144ccf1df_6.0.19041.3636_none_60b6a03d71f818d5\COMCTL32.dll
0x00007ffc0b530000 - 0x00007ffc0b552000 	C:\Windows\System32\win32u.dll
0x00007ffc0b6f0000 - 0x00007ffc0b71c000 	C:\Windows\System32\GDI32.dll
0x00007ffc0b5d0000 - 0x00007ffc0b6ea000 	C:\Windows\System32\gdi32full.dll
0x00007ffc0c530000 - 0x00007ffc0c5ce000 	C:\Windows\System32\msvcrt.dll
0x00007ffc0b0b0000 - 0x00007ffc0b14d000 	C:\Windows\System32\msvcp_win.dll
0x00007ffc0d360000 - 0x00007ffc0d390000 	C:\Windows\System32\IMM32.DLL
0x00007ffc05ca0000 - 0x00007ffc05cac000 	C:\Program Files\Android\Android Studio\jbr\bin\vcruntime140_1.dll
0x00007ffbe4990000 - 0x00007ffbe4a1d000 	C:\Program Files\Android\Android Studio\jbr\bin\msvcp140.dll
0x00007ffb9e7c0000 - 0x00007ffb9f42e000 	C:\Program Files\Android\Android Studio\jbr\bin\server\jvm.dll
0x00007ffc0ceb0000 - 0x00007ffc0cf5f000 	C:\Windows\System32\ADVAPI32.dll
0x00007ffc0d0b0000 - 0x00007ffc0d14c000 	C:\Windows\System32\sechost.dll
0x00007ffc0c320000 - 0x00007ffc0c446000 	C:\Windows\System32\RPCRT4.dll
0x00007ffbf2b50000 - 0x00007ffbf2b77000 	C:\Windows\SYSTEM32\WINMM.dll
0x00007ffc01b90000 - 0x00007ffc01b9a000 	C:\Windows\SYSTEM32\VERSION.dll
0x00007ffc06220000 - 0x00007ffc06229000 	C:\Windows\SYSTEM32\WSOCK32.dll
0x00007ffc0ce40000 - 0x00007ffc0ceab000 	C:\Windows\System32\WS2_32.dll
0x00007ffc08e10000 - 0x00007ffc08e22000 	C:\Windows\SYSTEM32\kernel.appcore.dll
0x00007ffc061f0000 - 0x00007ffc061fa000 	C:\Program Files\Android\Android Studio\jbr\bin\jimage.dll
0x00007ffc08b30000 - 0x00007ffc08d14000 	C:\Windows\SYSTEM32\DBGHELP.DLL
0x00007ffbf76f0000 - 0x00007ffbf7724000 	C:\Windows\SYSTEM32\dbgcore.DLL
0x00007ffc0af20000 - 0x00007ffc0afa2000 	C:\Windows\System32\bcryptPrimitives.dll
0x00007ffbe97f0000 - 0x00007ffbe9815000 	C:\Program Files\Android\Android Studio\jbr\bin\java.dll
0x00007ffbf7e40000 - 0x00007ffbf7e58000 	C:\Program Files\Android\Android Studio\jbr\bin\zip.dll
0x00007ffc0bbd0000 - 0x00007ffc0c315000 	C:\Windows\System32\SHELL32.dll
0x00007ffc08e30000 - 0x00007ffc095cb000 	C:\Windows\SYSTEM32\windows.storage.dll
0x00007ffc0c5d0000 - 0x00007ffc0c924000 	C:\Windows\System32\combase.dll
0x00007ffc0a6e0000 - 0x00007ffc0a70d000 	C:\Windows\SYSTEM32\Wldp.dll
0x00007ffc0b800000 - 0x00007ffc0b8ad000 	C:\Windows\System32\SHCORE.dll
0x00007ffc0cfd0000 - 0x00007ffc0d025000 	C:\Windows\System32\shlwapi.dll
0x00007ffc0aca0000 - 0x00007ffc0acc5000 	C:\Windows\SYSTEM32\profapi.dll
0x00007ffbf5180000 - 0x00007ffbf5199000 	C:\Program Files\Android\Android Studio\jbr\bin\net.dll
0x00007ffc01c90000 - 0x00007ffc01d9a000 	C:\Windows\SYSTEM32\WINHTTP.dll
0x00007ffc0a440000 - 0x00007ffc0a4aa000 	C:\Windows\system32\mswsock.dll
0x00007ffbec4b0000 - 0x00007ffbec4c6000 	C:\Program Files\Android\Android Studio\jbr\bin\nio.dll
0x00007ffc055a0000 - 0x00007ffc055b0000 	C:\Program Files\Android\Android Studio\jbr\bin\verify.dll
0x00007ffbe6560000 - 0x00007ffbe6587000 	C:\Users\LENOVO\.gradle\native\68d5fa5c4cc2d200863cafc0d521ce42e7d3e7ee720ec0a83991735586a16f82\windows-amd64\native-platform.dll
0x00007ffbc6700000 - 0x00007ffbc6844000 	C:\Users\LENOVO\.gradle\native\e376f236ea51e6404a007f0833ffe2c6e607c4080706a723a18a27aeea778392\windows-amd64\native-platform-file-events.dll
0x00007ffc04920000 - 0x00007ffc04929000 	C:\Program Files\Android\Android Studio\jbr\bin\management.dll
0x00007ffbf6050000 - 0x00007ffbf605b000 	C:\Program Files\Android\Android Studio\jbr\bin\management_ext.dll
0x00007ffc0cfc0000 - 0x00007ffc0cfc8000 	C:\Windows\System32\PSAPI.DLL
0x00007ffc0a640000 - 0x00007ffc0a658000 	C:\Windows\SYSTEM32\CRYPTSP.dll
0x00007ffc09d70000 - 0x00007ffc09da4000 	C:\Windows\system32\rsaenh.dll
0x00007ffc0b450000 - 0x00007ffc0b477000 	C:\Windows\System32\bcrypt.dll
0x00007ffc0ac60000 - 0x00007ffc0ac8e000 	C:\Windows\SYSTEM32\USERENV.dll
0x00007ffc0a630000 - 0x00007ffc0a63c000 	C:\Windows\SYSTEM32\CRYPTBASE.dll
0x00007ffc0a130000 - 0x00007ffc0a16b000 	C:\Windows\SYSTEM32\IPHLPAPI.DLL
0x00007ffc0c520000 - 0x00007ffc0c528000 	C:\Windows\System32\NSI.dll
0x00007ffc026b0000 - 0x00007ffc026c7000 	C:\Windows\SYSTEM32\dhcpcsvc6.DLL
0x00007ffc02e60000 - 0x00007ffc02e7d000 	C:\Windows\SYSTEM32\dhcpcsvc.DLL
0x00007ffc0a170000 - 0x00007ffc0a23a000 	C:\Windows\SYSTEM32\DNSAPI.dll
0x00007ffc05320000 - 0x00007ffc05327000 	C:\Windows\system32\wshunix.dll

dbghelp: loaded successfully - version: 4.0.5 - missing functions: none
symbol engine: initialized successfully - sym options: 0x614 - pdb path: .;C:\Program Files\Android\Android Studio\jbr\bin;C:\Windows\SYSTEM32;C:\Windows\WinSxS\amd64_microsoft.windows.common-controls_6595b64144ccf1df_6.0.19041.3636_none_60b6a03d71f818d5;C:\Program Files\Android\Android Studio\jbr\bin\server;C:\Users\LENOVO\.gradle\native\68d5fa5c4cc2d200863cafc0d521ce42e7d3e7ee720ec0a83991735586a16f82\windows-amd64;C:\Users\LENOVO\.gradle\native\e376f236ea51e6404a007f0833ffe2c6e607c4080706a723a18a27aeea778392\windows-amd64

VM Arguments:
jvm_args: --add-opens=java.base/java.util=ALL-UNNAMED --add-opens=java.base/java.lang=ALL-UNNAMED --add-opens=java.base/java.lang.invoke=ALL-UNNAMED --add-opens=java.prefs/java.util.prefs=ALL-UNNAMED --add-opens=java.base/java.nio.charset=ALL-UNNAMED --add-opens=java.base/java.net=ALL-UNNAMED --add-opens=java.base/java.util.concurrent.atomic=ALL-UNNAMED -Xmx2048m -Dfile.encoding=UTF-8 -Duser.country=US -Duser.language=en -Duser.variant 
java_command: org.gradle.launcher.daemon.bootstrap.GradleDaemon 8.0
java_class_path (initial): C:\Users\LENOVO\.gradle\wrapper\dists\gradle-8.0-bin\ca5e32bp14vu59qr306oxotwh\gradle-8.0\lib\gradle-launcher-8.0.jar
Launcher Type: SUN_STANDARD

[Global flags]
     intx CICompilerCount                          = 3                                         {product} {ergonomic}
     uint ConcGCThreads                            = 1                                         {product} {ergonomic}
     uint G1ConcRefinementThreads                  = 4                                         {product} {ergonomic}
   size_t G1HeapRegionSize                         = 1048576                                   {product} {ergonomic}
    uintx GCDrainStackTargetSize                   = 64                                        {product} {ergonomic}
   size_t InitialHeapSize                          = 134217728                                 {product} {ergonomic}
   size_t MarkStackSize                            = 4194304                                   {product} {ergonomic}
   size_t MaxHeapSize                              = 2147483648                                {product} {command line}
   size_t MaxNewSize                               = 1287651328                                {product} {ergonomic}
   size_t MinHeapDeltaBytes                        = 1048576                                   {product} {ergonomic}
   size_t MinHeapSize                              = 8388608                                   {product} {ergonomic}
    uintx NonNMethodCodeHeapSize                   = 5832780                                {pd product} {ergonomic}
    uintx NonProfiledCodeHeapSize                  = 122912730                              {pd product} {ergonomic}
    uintx ProfiledCodeHeapSize                     = 122912730                              {pd product} {ergonomic}
    uintx ReservedCodeCacheSize                    = 251658240                              {pd product} {ergonomic}
     bool SegmentedCodeCache                       = true                                      {product} {ergonomic}
   size_t SoftMaxHeapSize                          = 2147483648                             {manageable} {ergonomic}
     bool UseCompressedClassPointers               = true                           {product lp64_product} {ergonomic}
     bool UseCompressedOops                        = true                           {product lp64_product} {ergonomic}
     bool UseG1GC                                  = true                                      {product} {ergonomic}
     bool UseLargePagesIndividualAllocation        = false                                  {pd product} {ergonomic}

Logging:
Log output configuration:
 #0: stdout all=warning uptime,level,tags
 #1: stderr all=off uptime,level,tags

Environment Variables:
PATH=C:\Program Files\Common Files\Oracle\Java\javapath;C:\Windows\system32;C:\Windows;C:\Windows\System32\Wbem;C:\Windows\System32\WindowsPowerShell\v1.0\;C:\Windows\System32\OpenSSH\;C:\Program Files\Git\cmd;C:\Program Files\Java\jdk-20\bin;C:\Program Files\nodejs\;C:\src\flutter\bin;C:\Users\LENOVO\AppData\Local\Microsoft\WindowsApps;C:\Users\LENOVO\AppData\Roaming\npm;C:\Users\LENOVO\AppData\Local\Programs\Microsoft VS Code\bin
USERNAME=LENOVO
OS=Windows_NT
PROCESSOR_IDENTIFIER=Intel64 Family 6 Model 142 Stepping 12, GenuineIntel
TMP=C:\Users\LENOVO\AppData\Local\Temp
TEMP=C:\Users\LENOVO\AppData\Local\Temp


JNI global refs:
JNI global refs: 25, weak refs: 1

JNI global refs memory usage: 843, weak refs: 841


---------------  S Y S T E M  ---------------

OS:
 Windows 10 , 64 bit Build 19041 (10.0.19041.3636)
OS uptime: 2 days 1:22 hours

CPU: total 4 (initial active 4) (2 cores per cpu, 2 threads per core) family 6 model 142 stepping 12 microcode 0xb8, cx8, cmov, fxsr, ht, mmx, 3dnowpref, sse, sse2, sse3, ssse3, sse4.1, sse4.2, popcnt, lzcnt, tsc, tscinvbit, avx, avx2, aes, erms, clmul, bmi1, bmi2, adx, fma, vzeroupper, clflush, clflushopt

Memory: 4k page, system-wide physical 8072M (338M free)
TotalPageFile size 32648M (AvailPageFile size 14M)
current process WorkingSet (physical memory assigned to process): 336M, peak: 337M
current process commit charge ("private bytes"): 388M, peak: 400M

vm_info: OpenJDK 64-Bit Server VM (17.0.6+0-b2043.56-10027231) for windows-amd64 JRE (17.0.6+0-b2043.56-10027231), built on Apr 28 2023 00:43:19 by "androidbuild" with MS VC++ 16.10 / 16.11 (VS2019)

END.
