#
# There is insufficient memory for the Java Runtime Environment to continue.
# Native memory allocation (malloc) failed to allocate 1002688 bytes for Chunk::new
# Possible reasons:
#   The system is out of physical RAM or swap space
#   The process is running with CompressedOops enabled, and the Java Heap may be blocking the growth of the native heap
# Possible solutions:
#   Reduce memory load on the system
#   Increase physical memory or swap space
#   Check if swap backing store is full
#   Decrease Java heap size (-Xmx/-Xms)
#   Decrease number of Java threads
#   Decrease Java thread stack sizes (-Xss)
#   Set larger code cache with -XX:ReservedCodeCacheSize=
#   JVM is running with Unscaled Compressed Oops mode in which the Java heap is
#     placed in the first 4GB address space. The Java Heap base address is the
#     maximum limit for the native heap growth. Please use -XX:HeapBaseMinAddress
#     to set the Java Heap base and to place the Java Heap above 4GB virtual address.
# This output file may be truncated or incomplete.
#
#  Out of Memory Error (arena.cpp:189), pid=13088, tid=7980
#
# JRE version: OpenJDK Runtime Environment (17.0.6) (build 17.0.6+0-b2043.56-10027231)
# Java VM: OpenJDK 64-Bit Server VM (17.0.6+0-b2043.56-10027231, mixed mode, tiered, compressed oops, compressed class ptrs, g1 gc, windows-amd64)
# No core dump will be written. Minidumps are not enabled by default on client versions of Windows
#

---------------  S U M M A R Y ------------

Command Line: -XX:MaxHeapSize=256m --add-opens=java.base/java.util=ALL-UNNAMED --add-opens=java.base/java.lang=ALL-UNNAMED --add-opens=java.base/java.lang.invoke=ALL-UNNAMED --add-opens=java.prefs/java.util.prefs=ALL-UNNAMED --add-opens=java.base/java.nio.charset=ALL-UNNAMED --add-opens=java.base/java.net=ALL-UNNAMED --add-opens=java.base/java.util.concurrent.atomic=ALL-UNNAMED -Xmx256m -Dfile.encoding=windows-1252 -Duser.country=US -Duser.language=en -Duser.variant org.gradle.launcher.daemon.bootstrap.GradleDaemon 8.0

Host: Intel(R) Core(TM) i3-8145U CPU @ 2.10GHz, 4 cores, 7G,  Windows 10 , 64 bit Build 19041 (10.0.19041.3636)
Time: Mon Jan  1 18:32:33 2024 Pakistan Standard Time elapsed time: 9.556815 seconds (0d 0h 0m 9s)

---------------  T H R E A D  ---------------

Current thread (0x000002592c460070):  JavaThread "C2 CompilerThread0" daemon [_thread_in_native, id=7980, stack(0x0000009191700000,0x0000009191800000)]


Current CompileTask:
C2:   9556 6983       4       org.gradle.internal.reflect.MethodSet::add (50 bytes)

Stack: [0x0000009191700000,0x0000009191800000]
Native frames: (J=compiled Java code, j=interpreted, Vv=VM code, C=native code)
V  [jvm.dll+0x683c9a]
V  [jvm.dll+0x8427a4]
V  [jvm.dll+0x843f9e]
V  [jvm.dll+0x844603]
V  [jvm.dll+0x249b75]
V  [jvm.dll+0xabcac]
V  [jvm.dll+0xac27c]
V  [jvm.dll+0x368857]
V  [jvm.dll+0x332f31]
V  [jvm.dll+0x3323da]
V  [jvm.dll+0x21c201]
V  [jvm.dll+0x21b621]
V  [jvm.dll+0x1a4fdd]
V  [jvm.dll+0x22b098]
V  [jvm.dll+0x229159]
V  [jvm.dll+0x7f81ec]
V  [jvm.dll+0x7f274a]
V  [jvm.dll+0x682ad5]
C  [ucrtbase.dll+0x21bb2]
C  [KERNEL32.DLL+0x17344]
C  [ntdll.dll+0x526b1]


---------------  P R O C E S S  ---------------

Threads class SMR info:
_java_thread_list=0x0000025933c96090, length=80, elements={
0x000002591716a760, 0x000002592c3f5660, 0x000002592c3f6660, 0x000002592c452550,
0x000002592c455e30, 0x000002592c456b00, 0x000002592c4573c0, 0x000002592c460070,
0x000002592c463f20, 0x000002592c468840, 0x000002592d163020, 0x000002592d183910,
0x000002592e8e0440, 0x000002592e19e9d0, 0x000002592eabd7a0, 0x000002592df2a040,
0x000002592e694a40, 0x000002592f42ebe0, 0x000002592f42f580, 0x000002592f42fa50,
0x000002592f42e710, 0x000002592f42c560, 0x000002592f42dd70, 0x000002592f42e240,
0x000002592f42c090, 0x000002592f42f0b0, 0x000002592f42ca30, 0x000002592f42cf00,
0x000002592f42d3d0, 0x000002592f42d8a0, 0x000002592f8fb780, 0x000002592f8fc5f0,
0x000002592f8fcac0, 0x000002592f8f95d0, 0x000002592f8fcf90, 0x000002592f8fc120,
0x000002592f8f7420, 0x000002592f8f9f70, 0x000002592f8f8290, 0x000002592f8f6a80,
0x000002592f8f8760, 0x000002592f8f8c30, 0x000002592f8f9aa0, 0x000002592f8fbc50,
0x000002592f8fa440, 0x000002592f8fade0, 0x000002592f8fb2b0, 0x000002592f8fd930,
0x000002592f8f60e0, 0x000002592f8f65b0, 0x000002592f5b9590, 0x000002592f5bada0,
0x000002592f5b9a60, 0x000002592f5b9f30, 0x000002592f5b78b0, 0x000002592f5ba400,
0x000002592f5b73e0, 0x000002592f5bb270, 0x000002592f5be760, 0x000002592f5bca80,
0x000002592f5b8250, 0x000002592f5bbc10, 0x000002592f5bd420, 0x000002592f5ba8d0,
0x000002592f5b7d80, 0x000002592f5bb740, 0x000002592f5bcf50, 0x000002592f5b8720,
0x000002592f5bc0e0, 0x000002592f5b6f10, 0x000002592f5b8bf0, 0x000002592f5b90c0,
0x000002592f5bc5b0, 0x000002592f5bd8f0, 0x000002592f5bddc0, 0x000002592f5be290,
0x0000025931a471a0, 0x0000025931a45e60, 0x0000025931a47670, 0x0000025931a4b030
}

Java Threads: ( => current thread )
  0x000002591716a760 JavaThread "main" [_thread_blocked, id=11688, stack(0x0000009190a00000,0x0000009190b00000)]
  0x000002592c3f5660 JavaThread "Reference Handler" daemon [_thread_blocked, id=2768, stack(0x0000009191100000,0x0000009191200000)]
  0x000002592c3f6660 JavaThread "Finalizer" daemon [_thread_blocked, id=12084, stack(0x0000009191200000,0x0000009191300000)]
  0x000002592c452550 JavaThread "Signal Dispatcher" daemon [_thread_blocked, id=6184, stack(0x0000009191300000,0x0000009191400000)]
  0x000002592c455e30 JavaThread "Attach Listener" daemon [_thread_blocked, id=616, stack(0x0000009191400000,0x0000009191500000)]
  0x000002592c456b00 JavaThread "Service Thread" daemon [_thread_blocked, id=12828, stack(0x0000009191500000,0x0000009191600000)]
  0x000002592c4573c0 JavaThread "Monitor Deflation Thread" daemon [_thread_blocked, id=8616, stack(0x0000009191600000,0x0000009191700000)]
=>0x000002592c460070 JavaThread "C2 CompilerThread0" daemon [_thread_in_native, id=7980, stack(0x0000009191700000,0x0000009191800000)]
  0x000002592c463f20 JavaThread "C1 CompilerThread0" daemon [_thread_blocked, id=10008, stack(0x0000009191800000,0x0000009191900000)]
  0x000002592c468840 JavaThread "Sweeper thread" daemon [_thread_blocked, id=11004, stack(0x0000009191900000,0x0000009191a00000)]
  0x000002592d163020 JavaThread "Common-Cleaner" daemon [_thread_blocked, id=1304, stack(0x0000009191a00000,0x0000009191b00000)]
  0x000002592d183910 JavaThread "Notification Thread" daemon [_thread_blocked, id=6560, stack(0x0000009191b00000,0x0000009191c00000)]
  0x000002592e8e0440 JavaThread "Daemon health stats" [_thread_blocked, id=9320, stack(0x0000009192000000,0x0000009192100000)]
  0x000002592e19e9d0 JavaThread "Incoming local TCP Connector on port 54382" [_thread_in_native, id=2152, stack(0x0000009192100000,0x0000009192200000)]
  0x000002592eabd7a0 JavaThread "Daemon periodic checks" [_thread_blocked, id=11204, stack(0x0000009192200000,0x0000009192300000)]
  0x000002592df2a040 JavaThread "Daemon" [_thread_blocked, id=6072, stack(0x0000009192300000,0x0000009192400000)]
  0x000002592e694a40 JavaThread "Handler for socket connection from /127.0.0.1:54382 to /127.0.0.1:54383" [_thread_in_native, id=9212, stack(0x0000009192400000,0x0000009192500000)]
  0x000002592f42ebe0 JavaThread "Cancel handler" [_thread_blocked, id=1680, stack(0x0000009192500000,0x0000009192600000)]
  0x000002592f42f580 JavaThread "Daemon worker" [_thread_blocked, id=5700, stack(0x0000009192600000,0x0000009192700000)]
  0x000002592f42fa50 JavaThread "Asynchronous log dispatcher for DefaultDaemonConnection: socket connection from /127.0.0.1:54382 to /127.0.0.1:54383" [_thread_blocked, id=7964, stack(0x0000009192700000,0x0000009192800000)]
  0x000002592f42e710 JavaThread "Stdin handler" [_thread_blocked, id=8268, stack(0x0000009192800000,0x0000009192900000)]
  0x000002592f42c560 JavaThread "Daemon client event forwarder" [_thread_blocked, id=5668, stack(0x0000009192900000,0x0000009192a00000)]
  0x000002592f42dd70 JavaThread "Cache worker for journal cache (C:\Users\LENOVO\.gradle\caches\journal-1)" [_thread_blocked, id=7148, stack(0x0000009192a00000,0x0000009192b00000)]
  0x000002592f42e240 JavaThread "File lock request listener" [_thread_in_native, id=2912, stack(0x0000009192b00000,0x0000009192c00000)]
  0x000002592f42c090 JavaThread "Cache worker for file hash cache (C:\Users\LENOVO\.gradle\caches\8.0\fileHashes)" [_thread_in_native, id=6268, stack(0x0000009192c00000,0x0000009192d00000)]
  0x000002592f42f0b0 JavaThread "File watcher server" daemon [_thread_in_native, id=3760, stack(0x0000009192d00000,0x0000009192e00000)]
  0x000002592f42ca30 JavaThread "File watcher consumer" daemon [_thread_blocked, id=13084, stack(0x0000009192e00000,0x0000009192f00000)]
  0x000002592f42cf00 JavaThread "jar transforms" [_thread_blocked, id=10428, stack(0x0000009192f00000,0x0000009193000000)]
  0x000002592f42d3d0 JavaThread "jar transforms Thread 2" [_thread_blocked, id=10660, stack(0x0000009193000000,0x0000009193100000)]
  0x000002592f42d8a0 JavaThread "jar transforms Thread 3" [_thread_blocked, id=2944, stack(0x0000009193100000,0x0000009193200000)]
  0x000002592f8fb780 JavaThread "jar transforms Thread 4" [_thread_blocked, id=7796, stack(0x0000009193200000,0x0000009193300000)]
  0x000002592f8fc5f0 JavaThread "Cache worker for checksums cache (C:\Users\LENOVO\AndroidStudioProjectsFlutter\GenerateAIImage\.gradle\8.0\checksums)" [_thread_blocked, id=3268, stack(0x0000009193300000,0x0000009193400000)]
  0x000002592f8fcac0 JavaThread "Cache worker for cache directory md-rule (C:\Users\LENOVO\.gradle\caches\8.0\md-rule)" [_thread_blocked, id=9600, stack(0x0000009193400000,0x0000009193500000)]
  0x000002592f8f95d0 JavaThread "Cache worker for file content cache (C:\Users\LENOVO\.gradle\caches\8.0\fileContent)" [_thread_blocked, id=8980, stack(0x0000009193500000,0x0000009193600000)]
  0x000002592f8fcf90 JavaThread "Cache worker for file hash cache (C:\Users\LENOVO\AndroidStudioProjectsFlutter\GenerateAIImage\.gradle\8.0\fileHashes)" [_thread_blocked, id=6780, stack(0x0000009193600000,0x0000009193700000)]
  0x000002592f8fc120 JavaThread "Cache worker for cache directory md-supplier (C:\Users\LENOVO\.gradle\caches\8.0\md-supplier)" [_thread_blocked, id=976, stack(0x0000009193700000,0x0000009193800000)]
  0x000002592f8f7420 JavaThread "Cache worker for execution history cache (C:\Users\LENOVO\.gradle\caches\8.0\executionHistory)" [_thread_blocked, id=12644, stack(0x0000009193800000,0x0000009193900000)]
  0x000002592f8f9f70 JavaThread "Cache worker for dependencies-accessors (C:\Users\LENOVO\AndroidStudioProjectsFlutter\GenerateAIImage\.gradle\8.0\dependencies-accessors)" [_thread_blocked, id=9992, stack(0x0000009193900000,0x0000009193a00000)]
  0x000002592f8f8290 JavaThread "Cache worker for Build Output Cleanup Cache (C:\Users\LENOVO\AndroidStudioProjectsFlutter\GenerateAIImage\.gradle\buildOutputCleanup)" [_thread_blocked, id=11560, stack(0x0000009193a00000,0x0000009193b00000)]
  0x000002592f8f6a80 JavaThread "Unconstrained build operations" [_thread_blocked, id=8864, stack(0x0000009193b00000,0x0000009193c00000)]
  0x000002592f8f8760 JavaThread "Unconstrained build operations Thread 2" [_thread_blocked, id=8020, stack(0x0000009193c00000,0x0000009193d00000)]
  0x000002592f8f8c30 JavaThread "Unconstrained build operations Thread 3" [_thread_blocked, id=10496, stack(0x0000009193d00000,0x0000009193e00000)]
  0x000002592f8f9aa0 JavaThread "Unconstrained build operations Thread 4" [_thread_blocked, id=3008, stack(0x0000009193e00000,0x0000009193f00000)]
  0x000002592f8fbc50 JavaThread "Unconstrained build operations Thread 5" [_thread_blocked, id=2704, stack(0x0000009193f00000,0x0000009194000000)]
  0x000002592f8fa440 JavaThread "Unconstrained build operations Thread 6" [_thread_blocked, id=5160, stack(0x0000009194000000,0x0000009194100000)]
  0x000002592f8fade0 JavaThread "Unconstrained build operations Thread 7" [_thread_blocked, id=12452, stack(0x0000009194100000,0x0000009194200000)]
  0x000002592f8fb2b0 JavaThread "Unconstrained build operations Thread 8" [_thread_blocked, id=3732, stack(0x0000009194200000,0x0000009194300000)]
  0x000002592f8fd930 JavaThread "Unconstrained build operations Thread 9" [_thread_blocked, id=6564, stack(0x0000009194300000,0x0000009194400000)]
  0x000002592f8f60e0 JavaThread "Unconstrained build operations Thread 10" [_thread_blocked, id=12124, stack(0x0000009194400000,0x0000009194500000)]
  0x000002592f8f65b0 JavaThread "Unconstrained build operations Thread 11" [_thread_blocked, id=2328, stack(0x0000009194500000,0x0000009194600000)]
  0x000002592f5b9590 JavaThread "Unconstrained build operations Thread 12" [_thread_blocked, id=11516, stack(0x0000009194600000,0x0000009194700000)]
  0x000002592f5bada0 JavaThread "Unconstrained build operations Thread 13" [_thread_blocked, id=3920, stack(0x0000009194700000,0x0000009194800000)]
  0x000002592f5b9a60 JavaThread "Unconstrained build operations Thread 14" [_thread_blocked, id=11228, stack(0x0000009194800000,0x0000009194900000)]
  0x000002592f5b9f30 JavaThread "Unconstrained build operations Thread 15" [_thread_blocked, id=8588, stack(0x0000009194900000,0x0000009194a00000)]
  0x000002592f5b78b0 JavaThread "Unconstrained build operations Thread 16" [_thread_blocked, id=2724, stack(0x0000009194a00000,0x0000009194b00000)]
  0x000002592f5ba400 JavaThread "Unconstrained build operations Thread 17" [_thread_blocked, id=8940, stack(0x0000009194b00000,0x0000009194c00000)]
  0x000002592f5b73e0 JavaThread "Unconstrained build operations Thread 18" [_thread_blocked, id=1152, stack(0x0000009194c00000,0x0000009194d00000)]
  0x000002592f5bb270 JavaThread "Unconstrained build operations Thread 19" [_thread_blocked, id=2776, stack(0x0000009194d00000,0x0000009194e00000)]
  0x000002592f5be760 JavaThread "Unconstrained build operations Thread 20" [_thread_blocked, id=4980, stack(0x0000009194e00000,0x0000009194f00000)]
  0x000002592f5bca80 JavaThread "Unconstrained build operations Thread 21" [_thread_blocked, id=13048, stack(0x0000009194f00000,0x0000009195000000)]
  0x000002592f5b8250 JavaThread "Unconstrained build operations Thread 22" [_thread_blocked, id=12480, stack(0x0000009195000000,0x0000009195100000)]
  0x000002592f5bbc10 JavaThread "Unconstrained build operations Thread 23" [_thread_blocked, id=1516, stack(0x0000009195100000,0x0000009195200000)]
  0x000002592f5bd420 JavaThread "Unconstrained build operations Thread 24" [_thread_blocked, id=5184, stack(0x0000009195200000,0x0000009195300000)]
  0x000002592f5ba8d0 JavaThread "Unconstrained build operations Thread 25" [_thread_blocked, id=2012, stack(0x0000009195300000,0x0000009195400000)]
  0x000002592f5b7d80 JavaThread "Unconstrained build operations Thread 26" [_thread_blocked, id=11452, stack(0x0000009195400000,0x0000009195500000)]
  0x000002592f5bb740 JavaThread "Unconstrained build operations Thread 27" [_thread_blocked, id=9836, stack(0x0000009195500000,0x0000009195600000)]
  0x000002592f5bcf50 JavaThread "Unconstrained build operations Thread 28" [_thread_blocked, id=6036, stack(0x0000009195600000,0x0000009195700000)]
  0x000002592f5b8720 JavaThread "Unconstrained build operations Thread 29" [_thread_blocked, id=9368, stack(0x0000009195700000,0x0000009195800000)]
  0x000002592f5bc0e0 JavaThread "Unconstrained build operations Thread 30" [_thread_blocked, id=6876, stack(0x0000009195800000,0x0000009195900000)]
  0x000002592f5b6f10 JavaThread "Unconstrained build operations Thread 31" [_thread_blocked, id=5540, stack(0x0000009195900000,0x0000009195a00000)]
  0x000002592f5b8bf0 JavaThread "Unconstrained build operations Thread 32" [_thread_blocked, id=4344, stack(0x0000009195a00000,0x0000009195b00000)]
  0x000002592f5b90c0 JavaThread "Unconstrained build operations Thread 33" [_thread_blocked, id=9160, stack(0x0000009195b00000,0x0000009195c00000)]
  0x000002592f5bc5b0 JavaThread "Unconstrained build operations Thread 34" [_thread_blocked, id=7052, stack(0x0000009195c00000,0x0000009195d00000)]
  0x000002592f5bd8f0 JavaThread "Unconstrained build operations Thread 35" [_thread_blocked, id=3744, stack(0x0000009195d00000,0x0000009195e00000)]
  0x000002592f5bddc0 JavaThread "Unconstrained build operations Thread 36" [_thread_blocked, id=7780, stack(0x0000009195e00000,0x0000009195f00000)]
  0x000002592f5be290 JavaThread "Unconstrained build operations Thread 37" [_thread_blocked, id=12400, stack(0x0000009195f00000,0x0000009196000000)]
  0x0000025931a471a0 JavaThread "Unconstrained build operations Thread 38" [_thread_blocked, id=1712, stack(0x0000009196000000,0x0000009196100000)]
  0x0000025931a45e60 JavaThread "Unconstrained build operations Thread 39" [_thread_blocked, id=3180, stack(0x0000009196100000,0x0000009196200000)]
  0x0000025931a47670 JavaThread "Unconstrained build operations Thread 40" [_thread_blocked, id=5892, stack(0x0000009196200000,0x0000009196300000)]
  0x0000025931a4b030 JavaThread "Memory manager" [_thread_blocked, id=3144, stack(0x0000009196300000,0x0000009196400000)]

Other Threads:
  0x000002591723e300 VMThread "VM Thread" [stack: 0x0000009191000000,0x0000009191100000] [id=7856]
  0x00000259171a37e0 WatcherThread [stack: 0x0000009191c00000,0x0000009191d00000] [id=6300]
  0x0000025917191630 GCTaskThread "GC Thread#0" [stack: 0x0000009190b00000,0x0000009190c00000] [id=1572]
  0x000002592d3aeab0 GCTaskThread "GC Thread#1" [stack: 0x0000009191d00000,0x0000009191e00000] [id=6660]
  0x000002592d3aed60 GCTaskThread "GC Thread#2" [stack: 0x0000009191e00000,0x0000009191f00000] [id=728]
  0x000002592d250950 GCTaskThread "GC Thread#3" [stack: 0x0000009191f00000,0x0000009192000000] [id=1172]
  0x0000025917194480 ConcurrentGCThread "G1 Main Marker" [stack: 0x0000009190c00000,0x0000009190d00000] [id=3164]
  0x0000025917194da0 ConcurrentGCThread "G1 Conc#0" [stack: 0x0000009190d00000,0x0000009190e00000] [id=10644]
  0x0000025917210330 ConcurrentGCThread "G1 Refine#0" [stack: 0x0000009190e00000,0x0000009190f00000] [id=11260]
  0x0000025917211c70 ConcurrentGCThread "G1 Service" [stack: 0x0000009190f00000,0x0000009191000000] [id=10680]

Threads with active compile tasks:
C2 CompilerThread0     9600 6983       4       org.gradle.internal.reflect.MethodSet::add (50 bytes)

VM state: not at safepoint (normal execution)

VM Mutex/Monitor currently owned by a thread: None

Heap address: 0x00000000f0000000, size: 256 MB, Compressed Oops mode: 32-bit

CDS archive(s) not mapped
Compressed class space mapped at: 0x0000000100000000-0x0000000140000000, reserved size: 1073741824
Narrow klass base: 0x0000000000000000, Narrow klass shift: 3, Narrow klass range: 0x140000000

GC Precious Log:
 CPUs: 4 total, 4 available
 Memory: 8072M
 Large Page Support: Disabled
 NUMA Support: Disabled
 Compressed Oops: Enabled (32-bit)
 Heap Region Size: 1M
 Heap Min Capacity: 8M
 Heap Initial Capacity: 128M
 Heap Max Capacity: 256M
 Pre-touch: Disabled
 Parallel Workers: 4
 Concurrent Workers: 1
 Concurrent Refinement Workers: 4
 Periodic GC: Disabled

Heap:
 garbage-first heap   total 183296K, used 112427K [0x00000000f0000000, 0x0000000100000000)
  region size 1024K, 22 young (22528K), 1 survivors (1024K)
 Metaspace       used 70336K, committed 70976K, reserved 1114112K
  class space    used 9289K, committed 9600K, reserved 1048576K

Heap Regions: E=young(eden), S=young(survivor), O=old, HS=humongous(starts), HC=humongous(continues), CS=collection set, F=free, OA=open archive, CA=closed archive, TAMS=top-at-mark-start (previous, next)
|   0|0x00000000f0000000, 0x00000000f0100000, 0x00000000f0100000|100%| O|  |TAMS 0x00000000f0100000, 0x00000000f0000000| Untracked 
|   1|0x00000000f0100000, 0x00000000f0200000, 0x00000000f0200000|100%| O|  |TAMS 0x00000000f0200000, 0x00000000f0100000| Untracked 
|   2|0x00000000f0200000, 0x00000000f0300000, 0x00000000f0300000|100%|HS|  |TAMS 0x00000000f0300000, 0x00000000f0200000| Complete 
|   3|0x00000000f0300000, 0x00000000f0400000, 0x00000000f0400000|100%|HC|  |TAMS 0x00000000f0400000, 0x00000000f0300000| Complete 
|   4|0x00000000f0400000, 0x00000000f0500000, 0x00000000f0500000|100%|HC|  |TAMS 0x00000000f0500000, 0x00000000f0400000| Complete 
|   5|0x00000000f0500000, 0x00000000f0600000, 0x00000000f0600000|100%|HC|  |TAMS 0x00000000f0600000, 0x00000000f0500000| Complete 
|   6|0x00000000f0600000, 0x00000000f0700000, 0x00000000f0700000|100%| O|  |TAMS 0x00000000f0700000, 0x00000000f0600000| Untracked 
|   7|0x00000000f0700000, 0x00000000f0800000, 0x00000000f0800000|100%| O|  |TAMS 0x00000000f0800000, 0x00000000f0700000| Untracked 
|   8|0x00000000f0800000, 0x00000000f0900000, 0x00000000f0900000|100%| O|  |TAMS 0x00000000f0900000, 0x00000000f0800000| Untracked 
|   9|0x00000000f0900000, 0x00000000f0a00000, 0x00000000f0a00000|100%| O|  |TAMS 0x00000000f0a00000, 0x00000000f0900000| Untracked 
|  10|0x00000000f0a00000, 0x00000000f0b00000, 0x00000000f0b00000|100%| O|  |TAMS 0x00000000f0b00000, 0x00000000f0a00000| Untracked 
|  11|0x00000000f0b00000, 0x00000000f0c00000, 0x00000000f0c00000|100%| O|  |TAMS 0x00000000f0c00000, 0x00000000f0b00000| Untracked 
|  12|0x00000000f0c00000, 0x00000000f0d00000, 0x00000000f0d00000|100%| O|  |TAMS 0x00000000f0d00000, 0x00000000f0c00000| Untracked 
|  13|0x00000000f0d00000, 0x00000000f0e00000, 0x00000000f0e00000|100%| O|  |TAMS 0x00000000f0e00000, 0x00000000f0d00000| Untracked 
|  14|0x00000000f0e00000, 0x00000000f0f00000, 0x00000000f0f00000|100%| O|  |TAMS 0x00000000f0f00000, 0x00000000f0e00000| Untracked 
|  15|0x00000000f0f00000, 0x00000000f1000000, 0x00000000f1000000|100%| O|  |TAMS 0x00000000f1000000, 0x00000000f0f00000| Untracked 
|  16|0x00000000f1000000, 0x00000000f1100000, 0x00000000f1100000|100%| O|  |TAMS 0x00000000f1100000, 0x00000000f1000000| Untracked 
|  17|0x00000000f1100000, 0x00000000f1200000, 0x00000000f1200000|100%| O|  |TAMS 0x00000000f1200000, 0x00000000f1100000| Untracked 
|  18|0x00000000f1200000, 0x00000000f1300000, 0x00000000f1300000|100%| O|  |TAMS 0x00000000f1300000, 0x00000000f1200000| Untracked 
|  19|0x00000000f1300000, 0x00000000f1400000, 0x00000000f1400000|100%| O|  |TAMS 0x00000000f1400000, 0x00000000f1300000| Untracked 
|  20|0x00000000f1400000, 0x00000000f1500000, 0x00000000f1500000|100%| O|  |TAMS 0x00000000f1500000, 0x00000000f1400000| Untracked 
|  21|0x00000000f1500000, 0x00000000f1600000, 0x00000000f1600000|100%|HS|  |TAMS 0x00000000f1600000, 0x00000000f1500000| Complete 
|  22|0x00000000f1600000, 0x00000000f1700000, 0x00000000f1700000|100%|HC|  |TAMS 0x00000000f1700000, 0x00000000f1600000| Complete 
|  23|0x00000000f1700000, 0x00000000f1800000, 0x00000000f1800000|100%|HS|  |TAMS 0x00000000f1800000, 0x00000000f1700000| Complete 
|  24|0x00000000f1800000, 0x00000000f1900000, 0x00000000f1900000|100%|HC|  |TAMS 0x00000000f1900000, 0x00000000f1800000| Complete 
|  25|0x00000000f1900000, 0x00000000f1a00000, 0x00000000f1a00000|100%|HC|  |TAMS 0x00000000f1a00000, 0x00000000f1900000| Complete 
|  26|0x00000000f1a00000, 0x00000000f1b00000, 0x00000000f1b00000|100%|HS|  |TAMS 0x00000000f1b00000, 0x00000000f1a00000| Complete 
|  27|0x00000000f1b00000, 0x00000000f1c00000, 0x00000000f1c00000|100%|HC|  |TAMS 0x00000000f1c00000, 0x00000000f1b00000| Complete 
|  28|0x00000000f1c00000, 0x00000000f1d00000, 0x00000000f1d00000|100%|HC|  |TAMS 0x00000000f1d00000, 0x00000000f1c00000| Complete 
|  29|0x00000000f1d00000, 0x00000000f1e00000, 0x00000000f1e00000|100%|HS|  |TAMS 0x00000000f1e00000, 0x00000000f1d00000| Complete 
|  30|0x00000000f1e00000, 0x00000000f1f00000, 0x00000000f1f00000|100%|HC|  |TAMS 0x00000000f1f00000, 0x00000000f1e00000| Complete 
|  31|0x00000000f1f00000, 0x00000000f2000000, 0x00000000f2000000|100%|HC|  |TAMS 0x00000000f2000000, 0x00000000f1f00000| Complete 
|  32|0x00000000f2000000, 0x00000000f2100000, 0x00000000f2100000|100%|HC|  |TAMS 0x00000000f2100000, 0x00000000f2000000| Complete 
|  33|0x00000000f2100000, 0x00000000f2200000, 0x00000000f2200000|100%|HC|  |TAMS 0x00000000f2200000, 0x00000000f2100000| Complete 
|  34|0x00000000f2200000, 0x00000000f2300000, 0x00000000f2300000|100%|HC|  |TAMS 0x00000000f2300000, 0x00000000f2200000| Complete 
|  35|0x00000000f2300000, 0x00000000f2400000, 0x00000000f2400000|100%|HC|  |TAMS 0x00000000f2400000, 0x00000000f2300000| Complete 
|  36|0x00000000f2400000, 0x00000000f2500000, 0x00000000f2500000|100%|HC|  |TAMS 0x00000000f2500000, 0x00000000f2400000| Complete 
|  37|0x00000000f2500000, 0x00000000f2600000, 0x00000000f2600000|100%|HC|  |TAMS 0x00000000f2600000, 0x00000000f2500000| Complete 
|  38|0x00000000f2600000, 0x00000000f2700000, 0x00000000f2700000|100%|HC|  |TAMS 0x00000000f2700000, 0x00000000f2600000| Complete 
|  39|0x00000000f2700000, 0x00000000f2800000, 0x00000000f2800000|100%|HC|  |TAMS 0x00000000f2800000, 0x00000000f2700000| Complete 
|  40|0x00000000f2800000, 0x00000000f2900000, 0x00000000f2900000|100%|HC|  |TAMS 0x00000000f2900000, 0x00000000f2800000| Complete 
|  41|0x00000000f2900000, 0x00000000f2a00000, 0x00000000f2a00000|100%| O|  |TAMS 0x00000000f2a00000, 0x00000000f2900000| Untracked 
|  42|0x00000000f2a00000, 0x00000000f2b00000, 0x00000000f2b00000|100%|HS|  |TAMS 0x00000000f2b00000, 0x00000000f2a00000| Complete 
|  43|0x00000000f2b00000, 0x00000000f2c00000, 0x00000000f2c00000|100%|HC|  |TAMS 0x00000000f2c00000, 0x00000000f2b00000| Complete 
|  44|0x00000000f2c00000, 0x00000000f2d00000, 0x00000000f2d00000|100%| O|  |TAMS 0x00000000f2d00000, 0x00000000f2c00000| Untracked 
|  45|0x00000000f2d00000, 0x00000000f2e00000, 0x00000000f2e00000|100%| O|  |TAMS 0x00000000f2e00000, 0x00000000f2d00000| Untracked 
|  46|0x00000000f2e00000, 0x00000000f2f00000, 0x00000000f2f00000|100%| O|  |TAMS 0x00000000f2f00000, 0x00000000f2e00000| Untracked 
|  47|0x00000000f2f00000, 0x00000000f2f00000, 0x00000000f3000000|  0%| F|  |TAMS 0x00000000f2f00000, 0x00000000f2f00000| Untracked 
|  48|0x00000000f3000000, 0x00000000f3100000, 0x00000000f3100000|100%| O|  |TAMS 0x00000000f3100000, 0x00000000f3000000| Untracked 
|  49|0x00000000f3100000, 0x00000000f3200000, 0x00000000f3200000|100%| O|  |TAMS 0x00000000f3200000, 0x00000000f3100000| Untracked 
|  50|0x00000000f3200000, 0x00000000f3300000, 0x00000000f3300000|100%| O|  |TAMS 0x00000000f3300000, 0x00000000f3200000| Untracked 
|  51|0x00000000f3300000, 0x00000000f3400000, 0x00000000f3400000|100%| O|  |TAMS 0x00000000f3400000, 0x00000000f3300000| Untracked 
|  52|0x00000000f3400000, 0x00000000f3500000, 0x00000000f3500000|100%| O|  |TAMS 0x00000000f3500000, 0x00000000f3400000| Untracked 
|  53|0x00000000f3500000, 0x00000000f3600000, 0x00000000f3600000|100%| O|  |TAMS 0x00000000f3600000, 0x00000000f3500000| Untracked 
|  54|0x00000000f3600000, 0x00000000f3700000, 0x00000000f3700000|100%| O|  |TAMS 0x00000000f3700000, 0x00000000f3600000| Untracked 
|  55|0x00000000f3700000, 0x00000000f3800000, 0x00000000f3800000|100%| O|  |TAMS 0x00000000f3800000, 0x00000000f3700000| Untracked 
|  56|0x00000000f3800000, 0x00000000f3900000, 0x00000000f3900000|100%| O|  |TAMS 0x00000000f3900000, 0x00000000f3800000| Untracked 
|  57|0x00000000f3900000, 0x00000000f3a00000, 0x00000000f3a00000|100%|HS|  |TAMS 0x00000000f3a00000, 0x00000000f3900000| Complete 
|  58|0x00000000f3a00000, 0x00000000f3b00000, 0x00000000f3b00000|100%|HC|  |TAMS 0x00000000f3b00000, 0x00000000f3a00000| Complete 
|  59|0x00000000f3b00000, 0x00000000f3c00000, 0x00000000f3c00000|100%|HC|  |TAMS 0x00000000f3c00000, 0x00000000f3b00000| Complete 
|  60|0x00000000f3c00000, 0x00000000f3d00000, 0x00000000f3d00000|100%|HS|  |TAMS 0x00000000f3d00000, 0x00000000f3c00000| Complete 
|  61|0x00000000f3d00000, 0x00000000f3e00000, 0x00000000f3e00000|100%|HC|  |TAMS 0x00000000f3e00000, 0x00000000f3d00000| Complete 
|  62|0x00000000f3e00000, 0x00000000f3f00000, 0x00000000f3f00000|100%|HC|  |TAMS 0x00000000f3f00000, 0x00000000f3e00000| Complete 
|  63|0x00000000f3f00000, 0x00000000f4000000, 0x00000000f4000000|100%| O|  |TAMS 0x00000000f4000000, 0x00000000f3f00000| Untracked 
|  64|0x00000000f4000000, 0x00000000f4100000, 0x00000000f4100000|100%| O|  |TAMS 0x00000000f4100000, 0x00000000f4000000| Untracked 
|  65|0x00000000f4100000, 0x00000000f4200000, 0x00000000f4200000|100%| O|  |TAMS 0x00000000f4200000, 0x00000000f4100000| Untracked 
|  66|0x00000000f4200000, 0x00000000f4300000, 0x00000000f4300000|100%| O|  |TAMS 0x00000000f4300000, 0x00000000f4200000| Untracked 
|  67|0x00000000f4300000, 0x00000000f4400000, 0x00000000f4400000|100%| O|  |TAMS 0x00000000f4400000, 0x00000000f4300000| Untracked 
|  68|0x00000000f4400000, 0x00000000f4500000, 0x00000000f4500000|100%| O|  |TAMS 0x00000000f4500000, 0x00000000f4400000| Untracked 
|  69|0x00000000f4500000, 0x00000000f4600000, 0x00000000f4600000|100%| O|  |TAMS 0x00000000f4600000, 0x00000000f4500000| Untracked 
|  70|0x00000000f4600000, 0x00000000f4700000, 0x00000000f4700000|100%| O|  |TAMS 0x00000000f4700000, 0x00000000f4600000| Untracked 
|  71|0x00000000f4700000, 0x00000000f4800000, 0x00000000f4800000|100%|HS|  |TAMS 0x00000000f4800000, 0x00000000f4700000| Complete 
|  72|0x00000000f4800000, 0x00000000f4900000, 0x00000000f4900000|100%|HS|  |TAMS 0x00000000f4900000, 0x00000000f4800000| Complete 
|  73|0x00000000f4900000, 0x00000000f4a00000, 0x00000000f4a00000|100%| O|  |TAMS 0x00000000f4a00000, 0x00000000f4900000| Untracked 
|  74|0x00000000f4a00000, 0x00000000f4b00000, 0x00000000f4b00000|100%| O|  |TAMS 0x00000000f4b00000, 0x00000000f4a00000| Untracked 
|  75|0x00000000f4b00000, 0x00000000f4c00000, 0x00000000f4c00000|100%| O|  |TAMS 0x00000000f4c00000, 0x00000000f4b00000| Untracked 
|  76|0x00000000f4c00000, 0x00000000f4d00000, 0x00000000f4d00000|100%| O|  |TAMS 0x00000000f4d00000, 0x00000000f4c00000| Untracked 
|  77|0x00000000f4d00000, 0x00000000f4e00000, 0x00000000f4e00000|100%|HS|  |TAMS 0x00000000f4e00000, 0x00000000f4d00000| Complete 
|  78|0x00000000f4e00000, 0x00000000f4f00000, 0x00000000f4f00000|100%| O|  |TAMS 0x00000000f4f00000, 0x00000000f4e00000| Untracked 
|  79|0x00000000f4f00000, 0x00000000f5000000, 0x00000000f5000000|100%| O|  |TAMS 0x00000000f5000000, 0x00000000f4f00000| Untracked 
|  80|0x00000000f5000000, 0x00000000f5100000, 0x00000000f5100000|100%| O|  |TAMS 0x00000000f5100000, 0x00000000f5000000| Untracked 
|  81|0x00000000f5100000, 0x00000000f5200000, 0x00000000f5200000|100%| O|  |TAMS 0x00000000f5200000, 0x00000000f5100000| Untracked 
|  82|0x00000000f5200000, 0x00000000f5300000, 0x00000000f5300000|100%| O|  |TAMS 0x00000000f5300000, 0x00000000f5200000| Untracked 
|  83|0x00000000f5300000, 0x00000000f5400000, 0x00000000f5400000|100%| O|  |TAMS 0x00000000f53ada00, 0x00000000f5300000| Untracked 
|  84|0x00000000f5400000, 0x00000000f5500000, 0x00000000f5500000|100%| O|  |TAMS 0x00000000f5400000, 0x00000000f5400000| Untracked 
|  85|0x00000000f5500000, 0x00000000f5600000, 0x00000000f5600000|100%| O|  |TAMS 0x00000000f5500000, 0x00000000f5500000| Untracked 
|  86|0x00000000f5600000, 0x00000000f5700000, 0x00000000f5700000|100%| O|  |TAMS 0x00000000f5600000, 0x00000000f5600000| Untracked 
|  87|0x00000000f5700000, 0x00000000f5800000, 0x00000000f5800000|100%| O|  |TAMS 0x00000000f5700000, 0x00000000f5700000| Untracked 
|  88|0x00000000f5800000, 0x00000000f5810c00, 0x00000000f5900000|  6%| O|  |TAMS 0x00000000f5800000, 0x00000000f5800000| Untracked 
|  89|0x00000000f5900000, 0x00000000f5900000, 0x00000000f5a00000|  0%| F|  |TAMS 0x00000000f5900000, 0x00000000f5900000| Untracked 
|  90|0x00000000f5a00000, 0x00000000f5a00000, 0x00000000f5b00000|  0%| F|  |TAMS 0x00000000f5a00000, 0x00000000f5a00000| Untracked 
|  91|0x00000000f5b00000, 0x00000000f5c00000, 0x00000000f5c00000|100%| O|  |TAMS 0x00000000f5b00000, 0x00000000f5b00000| Untracked 
|  92|0x00000000f5c00000, 0x00000000f5d00000, 0x00000000f5d00000|100%| O|  |TAMS 0x00000000f5c00000, 0x00000000f5c00000| Untracked 
|  93|0x00000000f5d00000, 0x00000000f5d00000, 0x00000000f5e00000|  0%| F|  |TAMS 0x00000000f5d00000, 0x00000000f5d00000| Untracked 
|  94|0x00000000f5e00000, 0x00000000f5e00000, 0x00000000f5f00000|  0%| F|  |TAMS 0x00000000f5e00000, 0x00000000f5e00000| Untracked 
|  95|0x00000000f5f00000, 0x00000000f5f00000, 0x00000000f6000000|  0%| F|  |TAMS 0x00000000f5f00000, 0x00000000f5f00000| Untracked 
|  96|0x00000000f6000000, 0x00000000f6000000, 0x00000000f6100000|  0%| F|  |TAMS 0x00000000f6000000, 0x00000000f6000000| Untracked 
|  97|0x00000000f6100000, 0x00000000f6100000, 0x00000000f6200000|  0%| F|  |TAMS 0x00000000f6100000, 0x00000000f6100000| Untracked 
|  98|0x00000000f6200000, 0x00000000f6200000, 0x00000000f6300000|  0%| F|  |TAMS 0x00000000f6200000, 0x00000000f6200000| Untracked 
|  99|0x00000000f6300000, 0x00000000f6300000, 0x00000000f6400000|  0%| F|  |TAMS 0x00000000f6300000, 0x00000000f6300000| Untracked 
| 100|0x00000000f6400000, 0x00000000f6400000, 0x00000000f6500000|  0%| F|  |TAMS 0x00000000f6400000, 0x00000000f6400000| Untracked 
| 101|0x00000000f6500000, 0x00000000f6500000, 0x00000000f6600000|  0%| F|  |TAMS 0x00000000f6500000, 0x00000000f6500000| Untracked 
| 102|0x00000000f6600000, 0x00000000f6600000, 0x00000000f6700000|  0%| F|  |TAMS 0x00000000f6600000, 0x00000000f6600000| Untracked 
| 103|0x00000000f6700000, 0x00000000f6700000, 0x00000000f6800000|  0%| F|  |TAMS 0x00000000f6700000, 0x00000000f6700000| Untracked 
| 104|0x00000000f6800000, 0x00000000f6800000, 0x00000000f6900000|  0%| F|  |TAMS 0x00000000f6800000, 0x00000000f6800000| Untracked 
| 105|0x00000000f6900000, 0x00000000f6900000, 0x00000000f6a00000|  0%| F|  |TAMS 0x00000000f6900000, 0x00000000f6900000| Untracked 
| 106|0x00000000f6a00000, 0x00000000f6a00000, 0x00000000f6b00000|  0%| F|  |TAMS 0x00000000f6a00000, 0x00000000f6a00000| Untracked 
| 107|0x00000000f6b00000, 0x00000000f6b00000, 0x00000000f6c00000|  0%| F|  |TAMS 0x00000000f6b00000, 0x00000000f6b00000| Untracked 
| 108|0x00000000f6c00000, 0x00000000f6c00000, 0x00000000f6d00000|  0%| F|  |TAMS 0x00000000f6c00000, 0x00000000f6c00000| Untracked 
| 109|0x00000000f6d00000, 0x00000000f6d00000, 0x00000000f6e00000|  0%| F|  |TAMS 0x00000000f6d00000, 0x00000000f6d00000| Untracked 
| 110|0x00000000f6e00000, 0x00000000f6e00000, 0x00000000f6f00000|  0%| F|  |TAMS 0x00000000f6e00000, 0x00000000f6e00000| Untracked 
| 111|0x00000000f6f00000, 0x00000000f6f00000, 0x00000000f7000000|  0%| F|  |TAMS 0x00000000f6f00000, 0x00000000f6f00000| Untracked 
| 112|0x00000000f7000000, 0x00000000f7000000, 0x00000000f7100000|  0%| F|  |TAMS 0x00000000f7000000, 0x00000000f7000000| Untracked 
| 113|0x00000000f7100000, 0x00000000f7100000, 0x00000000f7200000|  0%| F|  |TAMS 0x00000000f7100000, 0x00000000f7100000| Untracked 
| 114|0x00000000f7200000, 0x00000000f7200000, 0x00000000f7300000|  0%| F|  |TAMS 0x00000000f7200000, 0x00000000f7200000| Untracked 
| 115|0x00000000f7300000, 0x00000000f7300000, 0x00000000f7400000|  0%| F|  |TAMS 0x00000000f7300000, 0x00000000f7300000| Untracked 
| 116|0x00000000f7400000, 0x00000000f7400000, 0x00000000f7500000|  0%| F|  |TAMS 0x00000000f7400000, 0x00000000f7400000| Untracked 
| 117|0x00000000f7500000, 0x00000000f7500000, 0x00000000f7600000|  0%| F|  |TAMS 0x00000000f7500000, 0x00000000f7500000| Untracked 
| 118|0x00000000f7600000, 0x00000000f7600000, 0x00000000f7700000|  0%| F|  |TAMS 0x00000000f7600000, 0x00000000f7600000| Untracked 
| 119|0x00000000f7700000, 0x00000000f7700000, 0x00000000f7800000|  0%| F|  |TAMS 0x00000000f7700000, 0x00000000f7700000| Untracked 
| 120|0x00000000f7800000, 0x00000000f7800000, 0x00000000f7900000|  0%| F|  |TAMS 0x00000000f7800000, 0x00000000f7800000| Untracked 
| 121|0x00000000f7900000, 0x00000000f7900000, 0x00000000f7a00000|  0%| F|  |TAMS 0x00000000f7900000, 0x00000000f7900000| Untracked 
| 122|0x00000000f7a00000, 0x00000000f7a00000, 0x00000000f7b00000|  0%| F|  |TAMS 0x00000000f7a00000, 0x00000000f7a00000| Untracked 
| 123|0x00000000f7b00000, 0x00000000f7b00000, 0x00000000f7c00000|  0%| F|  |TAMS 0x00000000f7b00000, 0x00000000f7b00000| Untracked 
| 124|0x00000000f7c00000, 0x00000000f7c00000, 0x00000000f7d00000|  0%| F|  |TAMS 0x00000000f7c00000, 0x00000000f7c00000| Untracked 
| 125|0x00000000f7d00000, 0x00000000f7d00000, 0x00000000f7e00000|  0%| F|  |TAMS 0x00000000f7d00000, 0x00000000f7d00000| Untracked 
| 126|0x00000000f7e00000, 0x00000000f7e00000, 0x00000000f7f00000|  0%| F|  |TAMS 0x00000000f7e00000, 0x00000000f7e00000| Untracked 
| 127|0x00000000f7f00000, 0x00000000f7f00000, 0x00000000f8000000|  0%| F|  |TAMS 0x00000000f7f00000, 0x00000000f7f00000| Untracked 
| 128|0x00000000f8000000, 0x00000000f8000000, 0x00000000f8100000|  0%| F|  |TAMS 0x00000000f8000000, 0x00000000f8000000| Untracked 
| 129|0x00000000f8100000, 0x00000000f8100000, 0x00000000f8200000|  0%| F|  |TAMS 0x00000000f8100000, 0x00000000f8100000| Untracked 
| 130|0x00000000f8200000, 0x00000000f8200000, 0x00000000f8300000|  0%| F|  |TAMS 0x00000000f8200000, 0x00000000f8200000| Untracked 
| 131|0x00000000f8300000, 0x00000000f8300000, 0x00000000f8400000|  0%| F|  |TAMS 0x00000000f8300000, 0x00000000f8300000| Untracked 
| 132|0x00000000f8400000, 0x00000000f8400000, 0x00000000f8500000|  0%| F|  |TAMS 0x00000000f8400000, 0x00000000f8400000| Untracked 
| 133|0x00000000f8500000, 0x00000000f8500000, 0x00000000f8600000|  0%| F|  |TAMS 0x00000000f8500000, 0x00000000f8500000| Untracked 
| 134|0x00000000f8600000, 0x00000000f8600000, 0x00000000f8700000|  0%| F|  |TAMS 0x00000000f8600000, 0x00000000f8600000| Untracked 
| 135|0x00000000f8700000, 0x00000000f8700000, 0x00000000f8800000|  0%| F|  |TAMS 0x00000000f8700000, 0x00000000f8700000| Untracked 
| 136|0x00000000f8800000, 0x00000000f8800000, 0x00000000f8900000|  0%| F|  |TAMS 0x00000000f8800000, 0x00000000f8800000| Untracked 
| 137|0x00000000f8900000, 0x00000000f8900000, 0x00000000f8a00000|  0%| F|  |TAMS 0x00000000f8900000, 0x00000000f8900000| Untracked 
| 138|0x00000000f8a00000, 0x00000000f8a00000, 0x00000000f8b00000|  0%| F|  |TAMS 0x00000000f8a00000, 0x00000000f8a00000| Untracked 
| 139|0x00000000f8b00000, 0x00000000f8b00000, 0x00000000f8c00000|  0%| F|  |TAMS 0x00000000f8b00000, 0x00000000f8b00000| Untracked 
| 140|0x00000000f8c00000, 0x00000000f8c00000, 0x00000000f8d00000|  0%| F|  |TAMS 0x00000000f8c00000, 0x00000000f8c00000| Untracked 
| 141|0x00000000f8d00000, 0x00000000f8d00000, 0x00000000f8e00000|  0%| F|  |TAMS 0x00000000f8d00000, 0x00000000f8d00000| Untracked 
| 142|0x00000000f8e00000, 0x00000000f8e00000, 0x00000000f8f00000|  0%| F|  |TAMS 0x00000000f8e00000, 0x00000000f8e00000| Untracked 
| 143|0x00000000f8f00000, 0x00000000f8f00000, 0x00000000f9000000|  0%| F|  |TAMS 0x00000000f8f00000, 0x00000000f8f00000| Untracked 
| 144|0x00000000f9000000, 0x00000000f9000000, 0x00000000f9100000|  0%| F|  |TAMS 0x00000000f9000000, 0x00000000f9000000| Untracked 
| 145|0x00000000f9100000, 0x00000000f9100000, 0x00000000f9200000|  0%| F|  |TAMS 0x00000000f9100000, 0x00000000f9100000| Untracked 
| 146|0x00000000f9200000, 0x00000000f9200000, 0x00000000f9300000|  0%| F|  |TAMS 0x00000000f9200000, 0x00000000f9200000| Untracked 
| 147|0x00000000f9300000, 0x00000000f9300000, 0x00000000f9400000|  0%| F|  |TAMS 0x00000000f9300000, 0x00000000f9300000| Untracked 
| 148|0x00000000f9400000, 0x00000000f9400000, 0x00000000f9500000|  0%| F|  |TAMS 0x00000000f9400000, 0x00000000f9400000| Untracked 
| 149|0x00000000f9500000, 0x00000000f9500000, 0x00000000f9600000|  0%| F|  |TAMS 0x00000000f9500000, 0x00000000f9500000| Untracked 
| 150|0x00000000f9600000, 0x00000000f9600000, 0x00000000f9700000|  0%| F|  |TAMS 0x00000000f9600000, 0x00000000f9600000| Untracked 
| 151|0x00000000f9700000, 0x00000000f9700000, 0x00000000f9800000|  0%| F|  |TAMS 0x00000000f9700000, 0x00000000f9700000| Untracked 
| 152|0x00000000f9800000, 0x00000000f9800000, 0x00000000f9900000|  0%| F|  |TAMS 0x00000000f9800000, 0x00000000f9800000| Untracked 
| 153|0x00000000f9900000, 0x00000000f9900000, 0x00000000f9a00000|  0%| F|  |TAMS 0x00000000f9900000, 0x00000000f9900000| Untracked 
| 154|0x00000000f9a00000, 0x00000000f9a00000, 0x00000000f9b00000|  0%| F|  |TAMS 0x00000000f9a00000, 0x00000000f9a00000| Untracked 
| 155|0x00000000f9b00000, 0x00000000f9b00000, 0x00000000f9c00000|  0%| F|  |TAMS 0x00000000f9b00000, 0x00000000f9b00000| Untracked 
| 156|0x00000000f9c00000, 0x00000000f9c00000, 0x00000000f9d00000|  0%| F|  |TAMS 0x00000000f9c00000, 0x00000000f9c00000| Untracked 
| 157|0x00000000f9d00000, 0x00000000f9dbe520, 0x00000000f9e00000| 74%| E|  |TAMS 0x00000000f9d00000, 0x00000000f9d00000| Complete 
| 158|0x00000000f9e00000, 0x00000000f9f00000, 0x00000000f9f00000|100%| E|CS|TAMS 0x00000000f9e00000, 0x00000000f9e00000| Complete 
| 159|0x00000000f9f00000, 0x00000000fa000000, 0x00000000fa000000|100%| E|CS|TAMS 0x00000000f9f00000, 0x00000000f9f00000| Complete 
| 160|0x00000000fa000000, 0x00000000fa100000, 0x00000000fa100000|100%| E|CS|TAMS 0x00000000fa000000, 0x00000000fa000000| Complete 
| 161|0x00000000fa100000, 0x00000000fa200000, 0x00000000fa200000|100%| E|CS|TAMS 0x00000000fa100000, 0x00000000fa100000| Complete 
| 162|0x00000000fa200000, 0x00000000fa300000, 0x00000000fa300000|100%| E|CS|TAMS 0x00000000fa200000, 0x00000000fa200000| Complete 
| 163|0x00000000fa300000, 0x00000000fa400000, 0x00000000fa400000|100%| E|CS|TAMS 0x00000000fa300000, 0x00000000fa300000| Complete 
| 164|0x00000000fa400000, 0x00000000fa500000, 0x00000000fa500000|100%| E|CS|TAMS 0x00000000fa400000, 0x00000000fa400000| Complete 
| 165|0x00000000fa500000, 0x00000000fa600000, 0x00000000fa600000|100%| E|CS|TAMS 0x00000000fa500000, 0x00000000fa500000| Complete 
| 166|0x00000000fa600000, 0x00000000fa700000, 0x00000000fa700000|100%| E|CS|TAMS 0x00000000fa600000, 0x00000000fa600000| Complete 
| 167|0x00000000fa700000, 0x00000000fa800000, 0x00000000fa800000|100%| E|CS|TAMS 0x00000000fa700000, 0x00000000fa700000| Complete 
| 168|0x00000000fa800000, 0x00000000fa900000, 0x00000000fa900000|100%| E|CS|TAMS 0x00000000fa800000, 0x00000000fa800000| Complete 
| 169|0x00000000fa900000, 0x00000000faa00000, 0x00000000faa00000|100%| E|CS|TAMS 0x00000000fa900000, 0x00000000fa900000| Complete 
| 170|0x00000000faa00000, 0x00000000fab00000, 0x00000000fab00000|100%| E|CS|TAMS 0x00000000faa00000, 0x00000000faa00000| Complete 
| 171|0x00000000fab00000, 0x00000000fac00000, 0x00000000fac00000|100%| E|CS|TAMS 0x00000000fab00000, 0x00000000fab00000| Complete 
| 172|0x00000000fac00000, 0x00000000fad00000, 0x00000000fad00000|100%| E|CS|TAMS 0x00000000fac00000, 0x00000000fac00000| Complete 
| 173|0x00000000fad00000, 0x00000000fae00000, 0x00000000fae00000|100%| E|CS|TAMS 0x00000000fad00000, 0x00000000fad00000| Complete 
| 174|0x00000000fae00000, 0x00000000faeba0b8, 0x00000000faf00000| 72%| S|CS|TAMS 0x00000000fae00000, 0x00000000fae00000| Complete 
| 175|0x00000000faf00000, 0x00000000fb000000, 0x00000000fb000000|100%| E|CS|TAMS 0x00000000faf00000, 0x00000000faf00000| Complete 
| 176|0x00000000fb000000, 0x00000000fb100000, 0x00000000fb100000|100%| E|CS|TAMS 0x00000000fb000000, 0x00000000fb000000| Complete 
| 177|0x00000000fb100000, 0x00000000fb200000, 0x00000000fb200000|100%| E|CS|TAMS 0x00000000fb100000, 0x00000000fb100000| Complete 
| 178|0x00000000fb200000, 0x00000000fb300000, 0x00000000fb300000|100%| E|CS|TAMS 0x00000000fb200000, 0x00000000fb200000| Complete 

Card table byte_map: [0x0000025916f80000,0x0000025917000000] _byte_map_base: 0x0000025916800000

Marking Bits (Prev, Next): (CMBitMap*) 0x0000025917191b50, (CMBitMap*) 0x0000025917191b90
 Prev Bits: [0x0000025929640000, 0x0000025929a40000)
 Next Bits: [0x0000025929a40000, 0x0000025929e40000)

Polling page: 0x00000259150e0000

Metaspace:

Usage:
  Non-class:     59.62 MB used.
      Class:      9.07 MB used.
       Both:     68.69 MB used.

Virtual space:
  Non-class space:       64.00 MB reserved,      59.94 MB ( 94%) committed,  8 nodes.
      Class space:        1.00 GB reserved,       9.38 MB ( <1%) committed,  1 nodes.
             Both:        1.06 GB reserved,      69.31 MB (  6%) committed. 

Chunk freelists:
   Non-Class:  3.76 MB
       Class:  2.60 MB
        Both:  6.36 MB

MaxMetaspaceSize: unlimited
CompressedClassSpaceSize: 1.00 GB
Initial GC threshold: 21.00 MB
Current GC threshold: 109.31 MB
CDS: off
MetaspaceReclaimPolicy: balanced
 - commit_granule_bytes: 65536.
 - commit_granule_words: 8192.
 - virtual_space_node_default_size: 1048576.
 - enlarge_chunks_in_place: 1.
 - new_chunks_are_fully_committed: 0.
 - uncommit_free_chunks: 1.
 - use_allocation_guard: 0.
 - handle_deallocations: 1.


Internal statistics:

num_allocs_failed_limit: 5.
num_arena_births: 712.
num_arena_deaths: 0.
num_vsnodes_births: 9.
num_vsnodes_deaths: 0.
num_space_committed: 1109.
num_space_uncommitted: 0.
num_chunks_returned_to_freelist: 5.
num_chunks_taken_from_freelist: 3107.
num_chunk_merges: 5.
num_chunk_splits: 2050.
num_chunks_enlarged: 1381.
num_purges: 0.
num_inconsistent_stats: 0.

CodeHeap 'non-profiled nmethods': size=120000Kb used=2575Kb max_used=3158Kb free=117424Kb
 bounds [0x0000025922110000, 0x0000025922430000, 0x0000025929640000]
CodeHeap 'profiled nmethods': size=120000Kb used=11606Kb max_used=12928Kb free=108393Kb
 bounds [0x000002591a640000, 0x000002591b2f0000, 0x0000025921b70000]
CodeHeap 'non-nmethods': size=5760Kb used=2352Kb max_used=2415Kb free=3407Kb
 bounds [0x0000025921b70000, 0x0000025921de0000, 0x0000025922110000]
 total_blobs=7042 nmethods=6161 adapters=792
 compilation: enabled
              stopped_count=0, restarted_count=0
 full_count=0

Compilation events (20 events):
Event: 9.521 Thread 0x000002592c463f20 7019       1       org.gradle.api.internal.project.DefaultProjectStateRegistry$ProjectStateImpl::getProjectPath (5 bytes)
Event: 9.521 Thread 0x000002592c463f20 nmethod 7019 0x000002592217d590 code [0x000002592217d720, 0x000002592217d7f8]
Event: 9.521 Thread 0x000002592c463f20 7020       3       org.gradle.api.Namer$Comparator::compare (24 bytes)
Event: 9.522 Thread 0x000002592c463f20 nmethod 7020 0x000002591ab9ee90 code [0x000002591ab9f060, 0x000002591ab9f348]
Event: 9.522 Thread 0x000002592c463f20 7021       1       org.gradle.configuration.internal.DefaultUserCodeApplicationContext$CurrentApplication::getId (5 bytes)
Event: 9.522 Thread 0x000002592c463f20 nmethod 7021 0x000002592217d290 code [0x000002592217d420, 0x000002592217d4f8]
Event: 9.522 Thread 0x000002592c463f20 7022       3       org.gradle.api.internal.file.AbstractFileCollection::<init> (15 bytes)
Event: 9.522 Thread 0x000002592c463f20 nmethod 7022 0x000002591aad3090 code [0x000002591aad3240, 0x000002591aad3458]
Event: 9.523 Thread 0x000002592c463f20 7023   !   3       org.gradle.api.internal.DynamicPropertyNamer::determineName (107 bytes)
Event: 9.523 Thread 0x000002592c463f20 nmethod 7023 0x000002591a769490 code [0x000002591a769720, 0x000002591a76a538]
Event: 9.523 Thread 0x000002592c463f20 7024       3       org.gradle.internal.ImmutableActionSet::add (93 bytes)
Event: 9.524 Thread 0x000002592c463f20 nmethod 7024 0x000002591a87e810 code [0x000002591a87ea60, 0x000002591a87f7d8]
Event: 9.524 Thread 0x000002592c463f20 7025       3       org.gradle.api.internal.collections.AbstractIterationOrderRetainingElementSource::<init> (27 bytes)
Event: 9.524 Thread 0x000002592c463f20 nmethod 7025 0x000002591a92f010 code [0x000002591a92f240, 0x000002591a92fb08]
Event: 9.524 Thread 0x000002592c463f20 7027       3       org.gradle.internal.Describables::of (10 bytes)
Event: 9.525 Thread 0x000002592c463f20 nmethod 7027 0x000002591a92e990 code [0x000002591a92eb40, 0x000002591a92eeb8]
Event: 9.525 Thread 0x000002592c463f20 7028       3       org.gradle.internal.Describables$TwoPartDescribable::<init> (16 bytes)
Event: 9.525 Thread 0x000002592c463f20 nmethod 7028 0x000002591ab9e910 code [0x000002591ab9eac0, 0x000002591ab9ed98]
Event: 9.525 Thread 0x000002592c463f20 7029       3       org.gradle.api.internal.DefaultDomainObjectSet::<init> (21 bytes)
Event: 9.526 Thread 0x000002592c463f20 nmethod 7029 0x000002591a6f6910 code [0x000002591a6f6be0, 0x000002591a6f7d18]

GC Heap History (20 events):
Event: 6.824 GC heap before
{Heap before GC invocations=28 (full 0):
 garbage-first heap   total 128000K, used 91817K [0x00000000f0000000, 0x0000000100000000)
  region size 1024K, 23 young (23552K), 3 survivors (3072K)
 Metaspace       used 53798K, committed 54400K, reserved 1097728K
  class space    used 7206K, committed 7488K, reserved 1048576K
}
Event: 6.828 GC heap after
{Heap after GC invocations=29 (full 0):
 garbage-first heap   total 128000K, used 72604K [0x00000000f0000000, 0x0000000100000000)
  region size 1024K, 2 young (2048K), 2 survivors (2048K)
 Metaspace       used 53798K, committed 54400K, reserved 1097728K
  class space    used 7206K, committed 7488K, reserved 1048576K
}
Event: 7.361 GC heap before
{Heap before GC invocations=29 (full 0):
 garbage-first heap   total 128000K, used 98204K [0x00000000f0000000, 0x0000000100000000)
  region size 1024K, 28 young (28672K), 2 survivors (2048K)
 Metaspace       used 54649K, committed 55232K, reserved 1097728K
  class space    used 7269K, committed 7552K, reserved 1048576K
}
Event: 7.367 GC heap after
{Heap after GC invocations=30 (full 0):
 garbage-first heap   total 128000K, used 76691K [0x00000000f0000000, 0x0000000100000000)
  region size 1024K, 4 young (4096K), 4 survivors (4096K)
 Metaspace       used 54649K, committed 55232K, reserved 1097728K
  class space    used 7269K, committed 7552K, reserved 1048576K
}
Event: 7.455 GC heap before
{Heap before GC invocations=31 (full 0):
 garbage-first heap   total 138240K, used 81811K [0x00000000f0000000, 0x0000000100000000)
  region size 1024K, 8 young (8192K), 4 survivors (4096K)
 Metaspace       used 54745K, committed 55360K, reserved 1097728K
  class space    used 7284K, committed 7552K, reserved 1048576K
}
Event: 7.459 GC heap after
{Heap after GC invocations=32 (full 0):
 garbage-first heap   total 138240K, used 79738K [0x00000000f0000000, 0x0000000100000000)
  region size 1024K, 2 young (2048K), 2 survivors (2048K)
 Metaspace       used 54745K, committed 55360K, reserved 1097728K
  class space    used 7284K, committed 7552K, reserved 1048576K
}
Event: 7.600 GC heap before
{Heap before GC invocations=33 (full 0):
 garbage-first heap   total 138240K, used 84858K [0x00000000f0000000, 0x0000000100000000)
  region size 1024K, 8 young (8192K), 2 survivors (2048K)
 Metaspace       used 55042K, committed 55680K, reserved 1097728K
  class space    used 7336K, committed 7616K, reserved 1048576K
}
Event: 7.602 GC heap after
{Heap after GC invocations=34 (full 0):
 garbage-first heap   total 138240K, used 83690K [0x00000000f0000000, 0x0000000100000000)
  region size 1024K, 4 young (4096K), 4 survivors (4096K)
 Metaspace       used 55042K, committed 55680K, reserved 1097728K
  class space    used 7336K, committed 7616K, reserved 1048576K
}
Event: 7.982 GC heap before
{Heap before GC invocations=35 (full 0):
 garbage-first heap   total 145408K, used 106218K [0x00000000f0000000, 0x0000000100000000)
  region size 1024K, 25 young (25600K), 4 survivors (4096K)
 Metaspace       used 57601K, committed 58176K, reserved 1105920K
  class space    used 7690K, committed 7936K, reserved 1048576K
}
Event: 7.985 GC heap after
{Heap after GC invocations=36 (full 0):
 garbage-first heap   total 145408K, used 85455K [0x00000000f0000000, 0x0000000100000000)
  region size 1024K, 3 young (3072K), 3 survivors (3072K)
 Metaspace       used 57601K, committed 58176K, reserved 1105920K
  class space    used 7690K, committed 7936K, reserved 1048576K
}
Event: 8.357 GC heap before
{Heap before GC invocations=36 (full 0):
 garbage-first heap   total 145408K, used 109007K [0x00000000f0000000, 0x0000000100000000)
  region size 1024K, 26 young (26624K), 3 survivors (3072K)
 Metaspace       used 61698K, committed 62272K, reserved 1105920K
  class space    used 8137K, committed 8384K, reserved 1048576K
}
Event: 8.360 GC heap after
{Heap after GC invocations=37 (full 0):
 garbage-first heap   total 145408K, used 86839K [0x00000000f0000000, 0x0000000100000000)
  region size 1024K, 2 young (2048K), 2 survivors (2048K)
 Metaspace       used 61698K, committed 62272K, reserved 1105920K
  class space    used 8137K, committed 8384K, reserved 1048576K
}
Event: 8.966 GC heap before
{Heap before GC invocations=38 (full 0):
 garbage-first heap   total 153600K, used 110391K [0x00000000f0000000, 0x0000000100000000)
  region size 1024K, 26 young (26624K), 2 survivors (2048K)
 Metaspace       used 66410K, committed 67072K, reserved 1114112K
  class space    used 8773K, committed 9088K, reserved 1048576K
}
Event: 8.971 GC heap after
{Heap after GC invocations=39 (full 0):
 garbage-first heap   total 153600K, used 89022K [0x00000000f0000000, 0x0000000100000000)
  region size 1024K, 4 young (4096K), 4 survivors (4096K)
 Metaspace       used 66410K, committed 67072K, reserved 1114112K
  class space    used 8773K, committed 9088K, reserved 1048576K
}
Event: 8.996 GC heap before
{Heap before GC invocations=39 (full 0):
 garbage-first heap   total 153600K, used 90046K [0x00000000f0000000, 0x0000000100000000)
  region size 1024K, 6 young (6144K), 4 survivors (4096K)
 Metaspace       used 66465K, committed 67136K, reserved 1114112K
  class space    used 8779K, committed 9088K, reserved 1048576K
}
Event: 9.000 GC heap after
{Heap after GC invocations=40 (full 0):
 garbage-first heap   total 153600K, used 89287K [0x00000000f0000000, 0x0000000100000000)
  region size 1024K, 3 young (3072K), 3 survivors (3072K)
 Metaspace       used 66465K, committed 67136K, reserved 1114112K
  class space    used 8779K, committed 9088K, reserved 1048576K
}
Event: 9.239 GC heap before
{Heap before GC invocations=41 (full 0):
 garbage-first heap   total 183296K, used 121031K [0x00000000f0000000, 0x0000000100000000)
  region size 1024K, 28 young (28672K), 3 survivors (3072K)
 Metaspace       used 68044K, committed 68672K, reserved 1114112K
  class space    used 8994K, committed 9280K, reserved 1048576K
}
Event: 9.244 GC heap after
{Heap after GC invocations=42 (full 0):
 garbage-first heap   total 183296K, used 91868K [0x00000000f0000000, 0x0000000100000000)
  region size 1024K, 4 young (4096K), 4 survivors (4096K)
 Metaspace       used 68044K, committed 68672K, reserved 1114112K
  class space    used 8994K, committed 9280K, reserved 1048576K
}
Event: 9.286 GC heap before
{Heap before GC invocations=42 (full 0):
 garbage-first heap   total 183296K, used 95964K [0x00000000f0000000, 0x0000000100000000)
  region size 1024K, 8 young (8192K), 4 survivors (4096K)
 Metaspace       used 68347K, committed 69056K, reserved 1114112K
  class space    used 9035K, committed 9344K, reserved 1048576K
}
Event: 9.290 GC heap after
{Heap after GC invocations=43 (full 0):
 garbage-first heap   total 183296K, used 91947K [0x00000000f0000000, 0x0000000100000000)
  region size 1024K, 1 young (1024K), 1 survivors (1024K)
 Metaspace       used 68347K, committed 69056K, reserved 1114112K
  class space    used 9035K, committed 9344K, reserved 1048576K
}

Dll operation events (2 events):
Event: 0.023 Loaded shared library C:\Program Files\Android\Android Studio\jbr\bin\java.dll
Event: 0.507 Loaded shared library C:\Program Files\Android\Android Studio\jbr\bin\verify.dll

Deoptimization events (20 events):
Event: 9.130 Thread 0x000002592f42f580 DEOPT PACKING pc=0x00000259221619fc sp=0x00000091926f6360
Event: 9.130 Thread 0x000002592f42f580 DEOPT UNPACKING pc=0x0000025921bc69a3 sp=0x00000091926f6228 mode 2
Event: 9.130 Thread 0x000002592f42f580 Uncommon trap: trap_request=0xffffffc6 fr.pc=0x00000259221619fc relative=0x00000000000026dc
Event: 9.130 Thread 0x000002592f42f580 Uncommon trap: reason=bimorphic_or_optimized_type_check action=maybe_recompile pc=0x00000259221619fc method=java.util.HashMap.putVal(ILjava/lang/Object;Ljava/lang/Object;ZZ)Ljava/lang/Object; @ 91 c2
Event: 9.130 Thread 0x000002592f42f580 DEOPT PACKING pc=0x00000259221619fc sp=0x00000091926f6360
Event: 9.130 Thread 0x000002592f42f580 DEOPT UNPACKING pc=0x0000025921bc69a3 sp=0x00000091926f6228 mode 2
Event: 9.274 Thread 0x000002592f42f580 DEOPT PACKING pc=0x000002591a7cd9aa sp=0x00000091926f4470
Event: 9.274 Thread 0x000002592f42f580 DEOPT UNPACKING pc=0x0000025921bc7143 sp=0x00000091926f3930 mode 0
Event: 9.327 Thread 0x000002592f42f580 DEOPT PACKING pc=0x000002591acc6a11 sp=0x00000091926f4780
Event: 9.327 Thread 0x000002592f42f580 DEOPT UNPACKING pc=0x0000025921bc7143 sp=0x00000091926f3c90 mode 0
Event: 9.484 Thread 0x000002592f42f580 Uncommon trap: trap_request=0xffffff45 fr.pc=0x00000259222d9ca4 relative=0x0000000000000364
Event: 9.484 Thread 0x000002592f42f580 Uncommon trap: reason=unstable_if action=reinterpret pc=0x00000259222d9ca4 method=org.gradle.internal.reflect.PropertyAccessorType.of(Ljava/lang/reflect/Method;)Lorg/gradle/internal/reflect/PropertyAccessorType; @ 56 c2
Event: 9.484 Thread 0x000002592f42f580 DEOPT PACKING pc=0x00000259222d9ca4 sp=0x00000091926f6500
Event: 9.484 Thread 0x000002592f42f580 DEOPT UNPACKING pc=0x0000025921bc69a3 sp=0x00000091926f64c0 mode 2
Event: 9.502 Thread 0x000002592f42f580 DEOPT PACKING pc=0x000002591abbc3bb sp=0x00000091926f4ee0
Event: 9.502 Thread 0x000002592f42f580 DEOPT UNPACKING pc=0x0000025921bc7143 sp=0x00000091926f4350 mode 0
Event: 9.504 Thread 0x000002592f42f580 Uncommon trap: trap_request=0xffffff45 fr.pc=0x00000259222a55a0 relative=0x0000000000000200
Event: 9.504 Thread 0x000002592f42f580 Uncommon trap: reason=unstable_if action=reinterpret pc=0x00000259222a55a0 method=org.objectweb.asm.Label.resolve([BI)Z @ 80 c2
Event: 9.504 Thread 0x000002592f42f580 DEOPT PACKING pc=0x00000259222a55a0 sp=0x00000091926f4ab0
Event: 9.504 Thread 0x000002592f42f580 DEOPT UNPACKING pc=0x0000025921bc69a3 sp=0x00000091926f4a18 mode 2

Classes unloaded (0 events):
No events

Classes redefined (0 events):
No events

Internal exceptions (20 events):
Event: 6.808 Thread 0x000002592f42f580 Exception <a 'java/lang/NoSuchMethodError'{0x00000000f6a916d8}: 'java.lang.Object java.lang.invoke.DelegatingMethodHandle$Holder.reinvoke_L(java.lang.Object, java.lang.Object, java.lang.Object, java.lang.Object, java.lang.Object, java.lang.Object, java.lang.Object, java.lang.Object, java.lang.Object, java.lang.Object, java.lang.Object, java.lang.Object, java.lang.Object, java.lang.Object, java.lang.Object, java.lang.Object, java.lang.Object, java.lang.Object, java.lang.Object, java.lang.Object, java.lang.O
Event: 6.809 Thread 0x000002592f42f580 Exception <a 'java/lang/NoSuchMethodError'{0x00000000f6a9d6a0}: 'java.lang.Object java.lang.invoke.Invokers$Holder.invoker(java.lang.Object, java.lang.Object, java.lang.Object, java.lang.Object, java.lang.Object, java.lang.Object, java.lang.Object, java.lang.Object, java.lang.Object, java.lang.Object, java.lang.Object, java.lang.Object, java.lang.Object, java.lang.Object, java.lang.Object, java.lang.Object, java.lang.Object, java.lang.Object, java.lang.Object, java.lang.Object, java.lang.Object)'> (0x00000
Event: 6.809 Thread 0x000002592f42f580 Exception <a 'java/lang/NoSuchMethodError'{0x00000000f6aa48d0}: 'java.lang.Object java.lang.invoke.DelegatingMethodHandle$Holder.delegate(java.lang.Object, java.lang.Object, java.lang.Object, java.lang.Object, java.lang.Object, java.lang.Object, java.lang.Object, java.lang.Object, java.lang.Object, java.lang.Object, java.lang.Object, java.lang.Object, java.lang.Object, java.lang.Object, java.lang.Object, java.lang.Object, java.lang.Object, java.lang.Object, java.lang.Object, java.lang.Object, java.lang.Obj
Event: 6.814 Thread 0x000002592f42f580 Exception <a 'java/lang/NoSuchMethodError'{0x00000000f69238e0}: 'java.lang.Object java.lang.invoke.DirectMethodHandle$Holder.invokeStatic(java.lang.Object, java.lang.Object, java.lang.Object, java.lang.Object, java.lang.Object, java.lang.Object, java.lang.Object, java.lang.Object, java.lang.Object, java.lang.Object, java.lang.Object, java.lang.Object, java.lang.Object, java.lang.Object, java.lang.Object, java.lang.Object, java.lang.Object)'> (0x00000000f69238e0) 
thrown [s\src\hotspot\share\interpreter\lin
Event: 6.816 Thread 0x000002592f42f580 Exception <a 'java/lang/NoSuchMethodError'{0x00000000f694ba88}: 'java.lang.Object java.lang.invoke.DirectMethodHandle$Holder.invokeStatic(java.lang.Object, java.lang.Object, java.lang.Object, java.lang.Object, java.lang.Object, java.lang.Object, java.lang.Object, java.lang.Object, java.lang.Object, java.lang.Object, java.lang.Object, java.lang.Object, java.lang.Object, java.lang.Object, java.lang.Object, java.lang.Object, java.lang.Object, java.lang.Object)'> (0x00000000f694ba88) 
thrown [s\src\hotspot\sha
Event: 6.818 Thread 0x000002592f42f580 Exception <a 'java/lang/NoSuchMethodError'{0x00000000f6974898}: 'java.lang.Object java.lang.invoke.DirectMethodHandle$Holder.invokeStatic(java.lang.Object, java.lang.Object, java.lang.Object, java.lang.Object, java.lang.Object, java.lang.Object, java.lang.Object, java.lang.Object, java.lang.Object, java.lang.Object, java.lang.Object, java.lang.Object, java.lang.Object, java.lang.Object, java.lang.Object, java.lang.Object, java.lang.Object, java.lang.Object, java.lang.Object)'> (0x00000000f6974898) 
thrown 
Event: 6.820 Thread 0x000002592f42f580 Exception <a 'java/lang/NoSuchMethodError'{0x00000000f699e6f0}: 'java.lang.Object java.lang.invoke.DirectMethodHandle$Holder.invokeStatic(java.lang.Object, java.lang.Object, java.lang.Object, java.lang.Object, java.lang.Object, java.lang.Object, java.lang.Object, java.lang.Object, java.lang.Object, java.lang.Object, java.lang.Object, java.lang.Object, java.lang.Object, java.lang.Object, java.lang.Object, java.lang.Object, java.lang.Object, java.lang.Object, java.lang.Object, java.lang.Object)'> (0x00000000
Event: 6.822 Thread 0x000002592f42f580 Exception <a 'java/lang/NoSuchMethodError'{0x00000000f69c95e0}: 'java.lang.Object java.lang.invoke.DirectMethodHandle$Holder.invokeStatic(java.lang.Object, java.lang.Object, java.lang.Object, java.lang.Object, java.lang.Object, java.lang.Object, java.lang.Object, java.lang.Object, java.lang.Object, java.lang.Object, java.lang.Object, java.lang.Object, java.lang.Object, java.lang.Object, java.lang.Object, java.lang.Object, java.lang.Object, java.lang.Object, java.lang.Object, java.lang.Object, java.lang.Obj
Event: 6.824 Thread 0x000002592f42f580 Exception <a 'java/lang/NoSuchMethodError'{0x00000000f69f5298}: 'java.lang.Object java.lang.invoke.DirectMethodHandle$Holder.invokeStatic(java.lang.Object, java.lang.Object, java.lang.Object, java.lang.Object, java.lang.Object, java.lang.Object, java.lang.Object, java.lang.Object, java.lang.Object, java.lang.Object, java.lang.Object, java.lang.Object, java.lang.Object, java.lang.Object, java.lang.Object, java.lang.Object, java.lang.Object, java.lang.Object, java.lang.Object, java.lang.Object, java.lang.Obj
Event: 6.830 Thread 0x000002592f42f580 Exception <a 'java/lang/NoSuchMethodError'{0x00000000f7f22e20}: 'java.lang.Object java.lang.invoke.DirectMethodHandle$Holder.invokeStatic(java.lang.Object, java.lang.Object, java.lang.Object, java.lang.Object, java.lang.Object, java.lang.Object, java.lang.Object, java.lang.Object, java.lang.Object, java.lang.Object, java.lang.Object, java.lang.Object, java.lang.Object, java.lang.Object, java.lang.Object, java.lang.Object, java.lang.Object, java.lang.Object, java.lang.Object, java.lang.Object, java.lang.Obj
Event: 6.831 Thread 0x000002592f42f580 Exception <a 'java/lang/NoSuchMethodError'{0x00000000f7f519c8}: 'java.lang.Object java.lang.invoke.DirectMethodHandle$Holder.invokeStatic(java.lang.Object, java.lang.Object, java.lang.Object, java.lang.Object, java.lang.Object, java.lang.Object, java.lang.Object, java.lang.Object, java.lang.Object, java.lang.Object, java.lang.Object, java.lang.Object, java.lang.Object, java.lang.Object, java.lang.Object, java.lang.Object, java.lang.Object, java.lang.Object, java.lang.Object, java.lang.Object, java.lang.Obj
Event: 7.408 Thread 0x000002592f42f580 Exception <a 'java/lang/ClassNotFoundException'{0x00000000f7aa80c0}: build_f1k5u2q72h1s5t3ey4fx8ai8aBeanInfo> (0x00000000f7aa80c0) 
thrown [s\src\hotspot\share\classfile\systemDictionary.cpp, line 256]
Event: 7.408 Thread 0x000002592f42f580 Exception <a 'java/lang/ClassNotFoundException'{0x00000000f7aae940}: build_f1k5u2q72h1s5t3ey4fx8ai8aCustomizer> (0x00000000f7aae940) 
thrown [s\src\hotspot\share\classfile\systemDictionary.cpp, line 256]
Event: 7.845 Thread 0x000002592f42f580 Exception <a 'java/lang/NoSuchMethodError'{0x00000000f828f4b8}: 'java.lang.Object java.lang.invoke.DirectMethodHandle$Holder.newInvokeSpecial(java.lang.Object, java.lang.Object, java.lang.Object, java.lang.Object, int)'> (0x00000000f828f4b8) 
thrown [s\src\hotspot\share\interpreter\linkResolver.cpp, line 771]
Event: 7.846 Thread 0x000002592f42f580 Exception <a 'java/lang/NoSuchMethodError'{0x00000000f8294900}: 'java.lang.Object java.lang.invoke.DirectMethodHandle$Holder.invokeSpecial(java.lang.Object, java.lang.Object, java.lang.Object, java.lang.Object, java.lang.Object, int)'> (0x00000000f8294900) 
thrown [s\src\hotspot\share\interpreter\linkResolver.cpp, line 771]
Event: 7.846 Thread 0x000002592f42f580 Exception <a 'java/lang/NoSuchMethodError'{0x00000000f8299680}: 'java.lang.Object java.lang.invoke.Invokers$Holder.linkToTargetMethod(java.lang.Object, java.lang.Object, java.lang.Object, int, java.lang.Object)'> (0x00000000f8299680) 
thrown [s\src\hotspot\share\interpreter\linkResolver.cpp, line 771]
Event: 8.054 Thread 0x000002592f42f580 Exception <a 'java/lang/NoSuchMethodError'{0x00000000f8ad14e8}: 'int java.lang.invoke.DirectMethodHandle$Holder.invokeInterface(java.lang.Object, java.lang.Object, java.lang.Object, java.lang.Object)'> (0x00000000f8ad14e8) 
thrown [s\src\hotspot\share\interpreter\linkResolver.cpp, line 771]
Event: 8.580 Thread 0x000002592f42f580 Exception <a 'java/lang/IncompatibleClassChangeError'{0x00000000f8969380}: Found class java.lang.Object, but interface was expected> (0x00000000f8969380) 
thrown [s\src\hotspot\share\interpreter\linkResolver.cpp, line 838]
Event: 8.862 Thread 0x000002592f42f580 Implicit null exception at 0x000002592229878c to 0x00000259222988c6
Event: 9.065 Thread 0x000002592f42f580 Exception <a 'sun/nio/fs/WindowsException'{0x00000000f87c3f78}> (0x00000000f87c3f78) 
thrown [s\src\hotspot\share\prims\jni.cpp, line 517]

VM Operations (20 events):
Event: 8.753 Executing VM operation: HandshakeAllThreads
Event: 8.753 Executing VM operation: HandshakeAllThreads done
Event: 8.891 Executing VM operation: HandshakeAllThreads
Event: 8.893 Executing VM operation: HandshakeAllThreads done
Event: 8.909 Executing VM operation: HandshakeAllThreads
Event: 8.910 Executing VM operation: HandshakeAllThreads done
Event: 8.927 Executing VM operation: HandshakeAllThreads
Event: 8.934 Executing VM operation: HandshakeAllThreads done
Event: 8.966 Executing VM operation: G1CollectForAllocation
Event: 8.971 Executing VM operation: G1CollectForAllocation done
Event: 8.996 Executing VM operation: G1TryInitiateConcMark
Event: 9.000 Executing VM operation: G1TryInitiateConcMark done
Event: 9.070 Executing VM operation: G1Concurrent
Event: 9.073 Executing VM operation: G1Concurrent done
Event: 9.105 Executing VM operation: G1Concurrent
Event: 9.105 Executing VM operation: G1Concurrent done
Event: 9.239 Executing VM operation: G1CollectForAllocation
Event: 9.244 Executing VM operation: G1CollectForAllocation done
Event: 9.286 Executing VM operation: G1CollectForAllocation
Event: 9.290 Executing VM operation: G1CollectForAllocation done

Events (20 events):
Event: 8.989 loading class java/util/Base64
Event: 8.989 loading class java/util/Base64 done
Event: 8.989 loading class java/util/Base64$Decoder
Event: 8.990 loading class java/util/Base64$Decoder done
Event: 8.990 loading class java/util/Base64$Encoder
Event: 8.990 loading class java/util/Base64$Encoder done
Event: 8.991 loading class java/util/jar/JarVerifier$VerifierStream
Event: 8.991 loading class java/util/jar/JarVerifier$VerifierStream done
Event: 8.991 loading class sun/security/util/ManifestEntryVerifier$SunProviderHolder
Event: 8.991 loading class sun/security/util/ManifestEntryVerifier$SunProviderHolder done
Event: 9.063 loading class java/security/KeyStore$ProtectionParameter
Event: 9.063 loading class java/security/KeyStore$ProtectionParameter done
Event: 9.332 loading class java/security/KeyStore
Event: 9.332 loading class java/security/KeyStore done
Event: 9.332 loading class java/security/KeyStore$1
Event: 9.332 loading class java/security/KeyStore$1 done
Event: 9.460 loading class javax/xml/stream/XMLStreamException
Event: 9.461 loading class javax/xml/stream/XMLStreamException done
Event: 9.481 loading class sun/reflect/annotation/AnnotationInvocationHandler$1
Event: 9.482 loading class sun/reflect/annotation/AnnotationInvocationHandler$1 done


Dynamic libraries:
0x00007ff677e30000 - 0x00007ff677e3a000 	C:\Program Files\Android\Android Studio\jbr\bin\java.exe
0x00007ffc0d690000 - 0x00007ffc0d888000 	C:\Windows\SYSTEM32\ntdll.dll
0x00007ffc0b960000 - 0x00007ffc0ba1d000 	C:\Windows\System32\KERNEL32.DLL
0x00007ffc0b150000 - 0x00007ffc0b446000 	C:\Windows\System32\KERNELBASE.dll
0x00007ffc0afb0000 - 0x00007ffc0b0b0000 	C:\Windows\System32\ucrtbase.dll
0x00007ffbec300000 - 0x00007ffbec317000 	C:\Program Files\Android\Android Studio\jbr\bin\jli.dll
0x00007ffc061b0000 - 0x00007ffc061cb000 	C:\Program Files\Android\Android Studio\jbr\bin\VCRUNTIME140.dll
0x00007ffc0d390000 - 0x00007ffc0d52e000 	C:\Windows\System32\USER32.dll
0x00007ffbf2c10000 - 0x00007ffbf2eaa000 	C:\Windows\WinSxS\amd64_microsoft.windows.common-controls_6595b64144ccf1df_6.0.19041.3636_none_60b6a03d71f818d5\COMCTL32.dll
0x00007ffc0b530000 - 0x00007ffc0b552000 	C:\Windows\System32\win32u.dll
0x00007ffc0b6f0000 - 0x00007ffc0b71c000 	C:\Windows\System32\GDI32.dll
0x00007ffc0c530000 - 0x00007ffc0c5ce000 	C:\Windows\System32\msvcrt.dll
0x00007ffc0b5d0000 - 0x00007ffc0b6ea000 	C:\Windows\System32\gdi32full.dll
0x00007ffc0b0b0000 - 0x00007ffc0b14d000 	C:\Windows\System32\msvcp_win.dll
0x00007ffc0d360000 - 0x00007ffc0d390000 	C:\Windows\System32\IMM32.DLL
0x00007ffc05a20000 - 0x00007ffc05a2c000 	C:\Program Files\Android\Android Studio\jbr\bin\vcruntime140_1.dll
0x00007ffbec660000 - 0x00007ffbec6ed000 	C:\Program Files\Android\Android Studio\jbr\bin\msvcp140.dll
0x00007ffb9e7c0000 - 0x00007ffb9f42e000 	C:\Program Files\Android\Android Studio\jbr\bin\server\jvm.dll
0x00007ffc0ceb0000 - 0x00007ffc0cf5f000 	C:\Windows\System32\ADVAPI32.dll
0x00007ffc0d0b0000 - 0x00007ffc0d14c000 	C:\Windows\System32\sechost.dll
0x00007ffc0c320000 - 0x00007ffc0c446000 	C:\Windows\System32\RPCRT4.dll
0x00007ffc01b90000 - 0x00007ffc01b9a000 	C:\Windows\SYSTEM32\VERSION.dll
0x00007ffc06220000 - 0x00007ffc06229000 	C:\Windows\SYSTEM32\WSOCK32.dll
0x00007ffc0ce40000 - 0x00007ffc0ceab000 	C:\Windows\System32\WS2_32.dll
0x00007ffbf2b50000 - 0x00007ffbf2b77000 	C:\Windows\SYSTEM32\WINMM.dll
0x00007ffc08e10000 - 0x00007ffc08e22000 	C:\Windows\SYSTEM32\kernel.appcore.dll
0x00007ffc061f0000 - 0x00007ffc061fa000 	C:\Program Files\Android\Android Studio\jbr\bin\jimage.dll
0x00007ffc08b30000 - 0x00007ffc08d14000 	C:\Windows\SYSTEM32\DBGHELP.DLL
0x00007ffbf76f0000 - 0x00007ffbf7724000 	C:\Windows\SYSTEM32\dbgcore.DLL
0x00007ffc0af20000 - 0x00007ffc0afa2000 	C:\Windows\System32\bcryptPrimitives.dll
0x00007ffbe97f0000 - 0x00007ffbe9815000 	C:\Program Files\Android\Android Studio\jbr\bin\java.dll
0x00007ffbf7e40000 - 0x00007ffbf7e58000 	C:\Program Files\Android\Android Studio\jbr\bin\zip.dll
0x00007ffc0bbd0000 - 0x00007ffc0c315000 	C:\Windows\System32\SHELL32.dll
0x00007ffc08e30000 - 0x00007ffc095cb000 	C:\Windows\SYSTEM32\windows.storage.dll
0x00007ffc0c5d0000 - 0x00007ffc0c924000 	C:\Windows\System32\combase.dll
0x00007ffc0a6e0000 - 0x00007ffc0a70d000 	C:\Windows\SYSTEM32\Wldp.dll
0x00007ffc0b800000 - 0x00007ffc0b8ad000 	C:\Windows\System32\SHCORE.dll
0x00007ffc0cfd0000 - 0x00007ffc0d025000 	C:\Windows\System32\shlwapi.dll
0x00007ffc0aca0000 - 0x00007ffc0acc5000 	C:\Windows\SYSTEM32\profapi.dll
0x00007ffbf5180000 - 0x00007ffbf5199000 	C:\Program Files\Android\Android Studio\jbr\bin\net.dll
0x00007ffc01c90000 - 0x00007ffc01d9a000 	C:\Windows\SYSTEM32\WINHTTP.dll
0x00007ffc0a440000 - 0x00007ffc0a4aa000 	C:\Windows\system32\mswsock.dll
0x00007ffbec4b0000 - 0x00007ffbec4c6000 	C:\Program Files\Android\Android Studio\jbr\bin\nio.dll
0x00007ffc055a0000 - 0x00007ffc055b0000 	C:\Program Files\Android\Android Studio\jbr\bin\verify.dll
0x00007ffbe6560000 - 0x00007ffbe6587000 	C:\Users\LENOVO\.gradle\native\68d5fa5c4cc2d200863cafc0d521ce42e7d3e7ee720ec0a83991735586a16f82\windows-amd64\native-platform.dll
0x00007ffbe81f0000 - 0x00007ffbe8334000 	C:\Users\LENOVO\.gradle\native\e376f236ea51e6404a007f0833ffe2c6e607c4080706a723a18a27aeea778392\windows-amd64\native-platform-file-events.dll
0x00007ffc04920000 - 0x00007ffc04929000 	C:\Program Files\Android\Android Studio\jbr\bin\management.dll
0x00007ffbf6050000 - 0x00007ffbf605b000 	C:\Program Files\Android\Android Studio\jbr\bin\management_ext.dll
0x00007ffc0cfc0000 - 0x00007ffc0cfc8000 	C:\Windows\System32\PSAPI.DLL
0x00007ffc0a640000 - 0x00007ffc0a658000 	C:\Windows\SYSTEM32\CRYPTSP.dll
0x00007ffc09d70000 - 0x00007ffc09da4000 	C:\Windows\system32\rsaenh.dll
0x00007ffc0b450000 - 0x00007ffc0b477000 	C:\Windows\System32\bcrypt.dll
0x00007ffc0ac60000 - 0x00007ffc0ac8e000 	C:\Windows\SYSTEM32\USERENV.dll
0x00007ffc0a630000 - 0x00007ffc0a63c000 	C:\Windows\SYSTEM32\CRYPTBASE.dll
0x00007ffc0a130000 - 0x00007ffc0a16b000 	C:\Windows\SYSTEM32\IPHLPAPI.DLL
0x00007ffc0c520000 - 0x00007ffc0c528000 	C:\Windows\System32\NSI.dll
0x00007ffc026b0000 - 0x00007ffc026c7000 	C:\Windows\SYSTEM32\dhcpcsvc6.DLL
0x00007ffc02e60000 - 0x00007ffc02e7d000 	C:\Windows\SYSTEM32\dhcpcsvc.DLL
0x00007ffc0a170000 - 0x00007ffc0a23a000 	C:\Windows\SYSTEM32\DNSAPI.dll
0x00007ffc05320000 - 0x00007ffc05327000 	C:\Windows\system32\wshunix.dll

dbghelp: loaded successfully - version: 4.0.5 - missing functions: none
symbol engine: initialized successfully - sym options: 0x614 - pdb path: .;C:\Program Files\Android\Android Studio\jbr\bin;C:\Windows\SYSTEM32;C:\Windows\WinSxS\amd64_microsoft.windows.common-controls_6595b64144ccf1df_6.0.19041.3636_none_60b6a03d71f818d5;C:\Program Files\Android\Android Studio\jbr\bin\server;C:\Users\LENOVO\.gradle\native\68d5fa5c4cc2d200863cafc0d521ce42e7d3e7ee720ec0a83991735586a16f82\windows-amd64;C:\Users\LENOVO\.gradle\native\e376f236ea51e6404a007f0833ffe2c6e607c4080706a723a18a27aeea778392\windows-amd64

VM Arguments:
jvm_args: -XX:MaxHeapSize=256m --add-opens=java.base/java.util=ALL-UNNAMED --add-opens=java.base/java.lang=ALL-UNNAMED --add-opens=java.base/java.lang.invoke=ALL-UNNAMED --add-opens=java.prefs/java.util.prefs=ALL-UNNAMED --add-opens=java.base/java.nio.charset=ALL-UNNAMED --add-opens=java.base/java.net=ALL-UNNAMED --add-opens=java.base/java.util.concurrent.atomic=ALL-UNNAMED -Xmx256m -Dfile.encoding=windows-1252 -Duser.country=US -Duser.language=en -Duser.variant 
java_command: org.gradle.launcher.daemon.bootstrap.GradleDaemon 8.0
java_class_path (initial): C:\Users\LENOVO\.gradle\wrapper\dists\gradle-8.0-bin\ca5e32bp14vu59qr306oxotwh\gradle-8.0\lib\gradle-launcher-8.0.jar
Launcher Type: SUN_STANDARD

[Global flags]
     intx CICompilerCount                          = 3                                         {product} {ergonomic}
     uint ConcGCThreads                            = 1                                         {product} {ergonomic}
     uint G1ConcRefinementThreads                  = 4                                         {product} {ergonomic}
   size_t G1HeapRegionSize                         = 1048576                                   {product} {ergonomic}
    uintx GCDrainStackTargetSize                   = 64                                        {product} {ergonomic}
   size_t InitialHeapSize                          = 134217728                                 {product} {ergonomic}
   size_t MarkStackSize                            = 4194304                                   {product} {ergonomic}
   size_t MaxHeapSize                              = 268435456                                 {product} {command line}
   size_t MaxNewSize                               = 160432128                                 {product} {ergonomic}
   size_t MinHeapDeltaBytes                        = 1048576                                   {product} {ergonomic}
   size_t MinHeapSize                              = 8388608                                   {product} {ergonomic}
    uintx NonNMethodCodeHeapSize                   = 5832780                                {pd product} {ergonomic}
    uintx NonProfiledCodeHeapSize                  = 122912730                              {pd product} {ergonomic}
    uintx ProfiledCodeHeapSize                     = 122912730                              {pd product} {ergonomic}
    uintx ReservedCodeCacheSize                    = 251658240                              {pd product} {ergonomic}
     bool SegmentedCodeCache                       = true                                      {product} {ergonomic}
   size_t SoftMaxHeapSize                          = 268435456                              {manageable} {ergonomic}
     bool UseCompressedClassPointers               = true                           {product lp64_product} {ergonomic}
     bool UseCompressedOops                        = true                           {product lp64_product} {ergonomic}
     bool UseG1GC                                  = true                                      {product} {ergonomic}
     bool UseLargePagesIndividualAllocation        = false                                  {pd product} {ergonomic}

Logging:
Log output configuration:
 #0: stdout all=warning uptime,level,tags
 #1: stderr all=off uptime,level,tags

Environment Variables:
PATH=C:\Program Files\Common Files\Oracle\Java\javapath;C:\Windows\system32;C:\Windows;C:\Windows\System32\Wbem;C:\Windows\System32\WindowsPowerShell\v1.0\;C:\Windows\System32\OpenSSH\;C:\Program Files\Git\cmd;C:\Program Files\Java\jdk-20\bin;C:\Program Files\nodejs\;C:\src\flutter\bin;C:\Users\LENOVO\AppData\Local\Microsoft\WindowsApps;C:\Users\LENOVO\AppData\Roaming\npm;C:\Users\LENOVO\AppData\Local\Programs\Microsoft VS Code\bin
USERNAME=LENOVO
OS=Windows_NT
PROCESSOR_IDENTIFIER=Intel64 Family 6 Model 142 Stepping 12, GenuineIntel
TMP=C:\Users\LENOVO\AppData\Local\Temp
TEMP=C:\Users\LENOVO\AppData\Local\Temp


JNI global refs:
JNI global refs: 24, weak refs: 4

JNI global refs memory usage: 843, weak refs: 841


---------------  S Y S T E M  ---------------

OS:
 Windows 10 , 64 bit Build 19041 (10.0.19041.3636)
OS uptime: 2 days 1:31 hours

CPU: total 4 (initial active 4) (2 cores per cpu, 2 threads per core) family 6 model 142 stepping 12 microcode 0xb8, cx8, cmov, fxsr, ht, mmx, 3dnowpref, sse, sse2, sse3, ssse3, sse4.1, sse4.2, popcnt, lzcnt, tsc, tscinvbit, avx, avx2, aes, erms, clmul, bmi1, bmi2, adx, fma, vzeroupper, clflush, clflushopt

Memory: 4k page, system-wide physical 8072M (264M free)
TotalPageFile size 32648M (AvailPageFile size 4M)
current process WorkingSet (physical memory assigned to process): 360M, peak: 360M
current process commit charge ("private bytes"): 395M, peak: 395M

vm_info: OpenJDK 64-Bit Server VM (17.0.6+0-b2043.56-10027231) for windows-amd64 JRE (17.0.6+0-b2043.56-10027231), built on Apr 28 2023 00:43:19 by "androidbuild" with MS VC++ 16.10 / 16.11 (VS2019)

END.
