#
# There is insufficient memory for the Java Runtime Environment to continue.
# Native memory allocation (malloc) failed to allocate 2377072 bytes for Chunk::new
# Possible reasons:
#   The system is out of physical RAM or swap space
#   The process is running with CompressedOops enabled, and the Java Heap may be blocking the growth of the native heap
# Possible solutions:
#   Reduce memory load on the system
#   Increase physical memory or swap space
#   Check if swap backing store is full
#   Decrease Java heap size (-Xmx/-Xms)
#   Decrease number of Java threads
#   Decrease Java thread stack sizes (-Xss)
#   Set larger code cache with -XX:ReservedCodeCacheSize=
#   JVM is running with Unscaled Compressed Oops mode in which the Java heap is
#     placed in the first 4GB address space. The Java Heap base address is the
#     maximum limit for the native heap growth. Please use -XX:HeapBaseMinAddress
#     to set the Java Heap base and to place the Java Heap above 4GB virtual address.
# This output file may be truncated or incomplete.
#
#  Out of Memory Error (arena.cpp:189), pid=9956, tid=4476
#
# JRE version: OpenJDK Runtime Environment (17.0.6) (build 17.0.6+0-b2043.56-10027231)
# Java VM: OpenJDK 64-Bit Server VM (17.0.6+0-b2043.56-10027231, mixed mode, tiered, compressed oops, compressed class ptrs, g1 gc, windows-amd64)
# No core dump will be written. Minidumps are not enabled by default on client versions of Windows
#

---------------  S U M M A R Y ------------

Command Line: --add-opens=java.base/java.util=ALL-UNNAMED --add-opens=java.base/java.lang=ALL-UNNAMED --add-opens=java.base/java.lang.invoke=ALL-UNNAMED --add-opens=java.prefs/java.util.prefs=ALL-UNNAMED --add-opens=java.base/java.nio.charset=ALL-UNNAMED --add-opens=java.base/java.net=ALL-UNNAMED --add-opens=java.base/java.util.concurrent.atomic=ALL-UNNAMED -Xmx2048m -Dfile.encoding=UTF-8 -Duser.country=US -Duser.language=en -Duser.variant org.gradle.launcher.daemon.bootstrap.GradleDaemon 8.0

Host: Intel(R) Core(TM) i3-8145U CPU @ 2.10GHz, 4 cores, 7G,  Windows 10 , 64 bit Build 19041 (10.0.19041.3636)
Time: Mon Jan  1 18:18:41 2024 Pakistan Standard Time elapsed time: 13.701339 seconds (0d 0h 0m 13s)

---------------  T H R E A D  ---------------

Current thread (0x000001a7c880ebe0):  JavaThread "C2 CompilerThread0" daemon [_thread_in_native, id=4476, stack(0x0000007273e00000,0x0000007273f00000)]


Current CompileTask:
C2:  13701 8478       4       org.gradle.internal.instantiation.generator.AbstractClassGenerator::inspectType (560 bytes)

Stack: [0x0000007273e00000,0x0000007273f00000]
Native frames: (J=compiled Java code, j=interpreted, Vv=VM code, C=native code)
V  [jvm.dll+0x683c9a]
V  [jvm.dll+0x8427a4]
V  [jvm.dll+0x843f9e]
V  [jvm.dll+0x844603]
V  [jvm.dll+0x249b75]
V  [jvm.dll+0xabcac]
V  [jvm.dll+0xac27c]
V  [jvm.dll+0x368857]
V  [jvm.dll+0x332f31]
V  [jvm.dll+0x3323da]
V  [jvm.dll+0x21c201]
V  [jvm.dll+0x21b621]
V  [jvm.dll+0x1a4fdd]
V  [jvm.dll+0x22b098]
V  [jvm.dll+0x229159]
V  [jvm.dll+0x7f81ec]
V  [jvm.dll+0x7f274a]
V  [jvm.dll+0x682ad5]
C  [ucrtbase.dll+0x21bb2]
C  [KERNEL32.DLL+0x17344]
C  [ntdll.dll+0x526b1]


---------------  P R O C E S S  ---------------

Threads class SMR info:
_java_thread_list=0x000001a7cbb78b10, length=81, elements={
0x000001a7ac7ad800, 0x000001a7c7d4d620, 0x000001a7c7d4edc0, 0x000001a7c7d550b0,
0x000001a7c7d6d030, 0x000001a7c7d6d910, 0x000001a7c7d6e970, 0x000001a7c880ebe0,
0x000001a7c880fc80, 0x000001a7c88234f0, 0x000001a7c89af4e0, 0x000001a7c89b5de0,
0x000001a7cada2010, 0x000001a7ca0f5a40, 0x000001a7c9414fe0, 0x000001a7c9d7ad70,
0x000001a7ca0e29d0, 0x000001a7ca3582b0, 0x000001a7ca358780, 0x000001a7caca7690,
0x000001a7caca4b40, 0x000001a7caca7b60, 0x000001a7caca41a0, 0x000001a7caca5010,
0x000001a7caca6cf0, 0x000001a7caca5e80, 0x000001a7caca6820, 0x000001a7caca54e0,
0x000001a7caca59b0, 0x000001a7caca6350, 0x000001a7caca71c0, 0x000001a7caca4670,
0x000001a7cb2f03e0, 0x000001a7cb2ed890, 0x000001a7cb2ef0a0, 0x000001a7cb2f08b0,
0x000001a7cb2edd60, 0x000001a7cb2ecef0, 0x000001a7cb2f1bf0, 0x000001a7cb2f0d80,
0x000001a7cb2f1250, 0x000001a7cb2f38d0, 0x000001a7cb2f4270, 0x000001a7cb2ed3c0,
0x000001a7cb2ee230, 0x000001a7cb2f2590, 0x000001a7cb2f1720, 0x000001a7cb2f2a60,
0x000001a7cb2f2f30, 0x000001a7cb2f3400, 0x000001a7cb2f4740, 0x000001a7cb2ee700,
0x000001a7cb2eebd0, 0x000001a7cb7a8b50, 0x000001a7cb7a5b30, 0x000001a7cb7a5660,
0x000001a7cb7a6000, 0x000001a7cb7a69a0, 0x000001a7cb7a99c0, 0x000001a7cb7a64d0,
0x000001a7cb7ab6a0, 0x000001a7cb7a6e70, 0x000001a7cb7abb70, 0x000001a7cb7a7340,
0x000001a7cb7a7810, 0x000001a7cb7a7ce0, 0x000001a7cb7a9020, 0x000001a7cb7a8680,
0x000001a7cb7a81b0, 0x000001a7cb7a94f0, 0x000001a7cb7a9e90, 0x000001a7cb7aa360,
0x000001a7cb7aa830, 0x000001a7cb7aad00, 0x000001a7cb7a5190, 0x000001a7cb7ab1d0,
0x000001a7cb7ac040, 0x000001a7cb7a47f0, 0x000001a7cb7a4cc0, 0x000001a7cd41c7f0,
0x000001a7cd421e90
}

Java Threads: ( => current thread )
  0x000001a7ac7ad800 JavaThread "main" [_thread_blocked, id=6532, stack(0x0000007273100000,0x0000007273200000)]
  0x000001a7c7d4d620 JavaThread "Reference Handler" daemon [_thread_blocked, id=8440, stack(0x0000007273800000,0x0000007273900000)]
  0x000001a7c7d4edc0 JavaThread "Finalizer" daemon [_thread_blocked, id=2660, stack(0x0000007273900000,0x0000007273a00000)]
  0x000001a7c7d550b0 JavaThread "Signal Dispatcher" daemon [_thread_blocked, id=8136, stack(0x0000007273a00000,0x0000007273b00000)]
  0x000001a7c7d6d030 JavaThread "Attach Listener" daemon [_thread_blocked, id=8516, stack(0x0000007273b00000,0x0000007273c00000)]
  0x000001a7c7d6d910 JavaThread "Service Thread" daemon [_thread_blocked, id=1336, stack(0x0000007273c00000,0x0000007273d00000)]
  0x000001a7c7d6e970 JavaThread "Monitor Deflation Thread" daemon [_thread_blocked, id=2876, stack(0x0000007273d00000,0x0000007273e00000)]
=>0x000001a7c880ebe0 JavaThread "C2 CompilerThread0" daemon [_thread_in_native, id=4476, stack(0x0000007273e00000,0x0000007273f00000)]
  0x000001a7c880fc80 JavaThread "C1 CompilerThread0" daemon [_thread_blocked, id=6692, stack(0x0000007273f00000,0x0000007274000000)]
  0x000001a7c88234f0 JavaThread "Sweeper thread" daemon [_thread_blocked, id=8592, stack(0x0000007274000000,0x0000007274100000)]
  0x000001a7c89af4e0 JavaThread "Common-Cleaner" daemon [_thread_blocked, id=1324, stack(0x0000007274100000,0x0000007274200000)]
  0x000001a7c89b5de0 JavaThread "Notification Thread" daemon [_thread_blocked, id=12220, stack(0x0000007274200000,0x0000007274300000)]
  0x000001a7cada2010 JavaThread "Daemon health stats" [_thread_blocked, id=11744, stack(0x0000007274700000,0x0000007274800000)]
  0x000001a7ca0f5a40 JavaThread "Incoming local TCP Connector on port 54266" [_thread_in_native, id=10720, stack(0x0000007274800000,0x0000007274900000)]
  0x000001a7c9414fe0 JavaThread "Daemon periodic checks" [_thread_blocked, id=4184, stack(0x0000007274900000,0x0000007274a00000)]
  0x000001a7c9d7ad70 JavaThread "Daemon" [_thread_blocked, id=2432, stack(0x0000007274a00000,0x0000007274b00000)]
  0x000001a7ca0e29d0 JavaThread "Handler for socket connection from /127.0.0.1:54266 to /127.0.0.1:54267" [_thread_in_native, id=12264, stack(0x0000007274b00000,0x0000007274c00000)]
  0x000001a7ca3582b0 JavaThread "Cancel handler" [_thread_blocked, id=2088, stack(0x0000007274c00000,0x0000007274d00000)]
  0x000001a7ca358780 JavaThread "Daemon worker" [_thread_in_Java, id=884, stack(0x0000007274d00000,0x0000007274e00000)]
  0x000001a7caca7690 JavaThread "Asynchronous log dispatcher for DefaultDaemonConnection: socket connection from /127.0.0.1:54266 to /127.0.0.1:54267" [_thread_blocked, id=12880, stack(0x0000007274e00000,0x0000007274f00000)]
  0x000001a7caca4b40 JavaThread "Stdin handler" [_thread_blocked, id=8524, stack(0x0000007274f00000,0x0000007275000000)]
  0x000001a7caca7b60 JavaThread "Daemon client event forwarder" [_thread_blocked, id=8008, stack(0x0000007275000000,0x0000007275100000)]
  0x000001a7caca41a0 JavaThread "Cache worker for journal cache (C:\Users\LENOVO\.gradle\caches\journal-1)" [_thread_blocked, id=3100, stack(0x0000007275100000,0x0000007275200000)]
  0x000001a7caca5010 JavaThread "File lock request listener" [_thread_in_native, id=11012, stack(0x0000007275200000,0x0000007275300000)]
  0x000001a7caca6cf0 JavaThread "Cache worker for file hash cache (C:\Users\LENOVO\.gradle\caches\8.0\fileHashes)" [_thread_blocked, id=10748, stack(0x0000007275300000,0x0000007275400000)]
  0x000001a7caca5e80 JavaThread "File watcher server" daemon [_thread_in_native, id=7600, stack(0x0000007275400000,0x0000007275500000)]
  0x000001a7caca6820 JavaThread "File watcher consumer" daemon [_thread_blocked, id=11316, stack(0x0000007275500000,0x0000007275600000)]
  0x000001a7caca54e0 JavaThread "Cache worker for checksums cache (C:\Users\LENOVO\AndroidStudioProjectsFlutter\GenerateAIImage\.gradle\8.0\checksums)" [_thread_blocked, id=7960, stack(0x0000007275600000,0x0000007275700000)]
  0x000001a7caca59b0 JavaThread "Cache worker for cache directory md-rule (C:\Users\LENOVO\.gradle\caches\8.0\md-rule)" [_thread_blocked, id=4120, stack(0x0000007275700000,0x0000007275800000)]
  0x000001a7caca6350 JavaThread "Cache worker for file content cache (C:\Users\LENOVO\.gradle\caches\8.0\fileContent)" [_thread_blocked, id=9928, stack(0x0000007275800000,0x0000007275900000)]
  0x000001a7caca71c0 JavaThread "Cache worker for file hash cache (C:\Users\LENOVO\AndroidStudioProjectsFlutter\GenerateAIImage\.gradle\8.0\fileHashes)" [_thread_blocked, id=13080, stack(0x0000007275900000,0x0000007275a00000)]
  0x000001a7caca4670 JavaThread "Cache worker for cache directory md-supplier (C:\Users\LENOVO\.gradle\caches\8.0\md-supplier)" [_thread_blocked, id=11060, stack(0x0000007275a00000,0x0000007275b00000)]
  0x000001a7cb2f03e0 JavaThread "Cache worker for execution history cache (C:\Users\LENOVO\.gradle\caches\8.0\executionHistory)" [_thread_blocked, id=10964, stack(0x0000007275b00000,0x0000007275c00000)]
  0x000001a7cb2ed890 JavaThread "jar transforms" [_thread_blocked, id=10992, stack(0x0000007275c00000,0x0000007275d00000)]
  0x000001a7cb2ef0a0 JavaThread "jar transforms Thread 2" [_thread_blocked, id=4412, stack(0x0000007275d00000,0x0000007275e00000)]
  0x000001a7cb2f08b0 JavaThread "jar transforms Thread 3" [_thread_blocked, id=4172, stack(0x0000007275f00000,0x0000007276000000)]
  0x000001a7cb2edd60 JavaThread "jar transforms Thread 4" [_thread_blocked, id=3528, stack(0x0000007276000000,0x0000007276100000)]
  0x000001a7cb2ecef0 JavaThread "Cache worker for dependencies-accessors (C:\Users\LENOVO\AndroidStudioProjectsFlutter\GenerateAIImage\.gradle\8.0\dependencies-accessors)" [_thread_blocked, id=9408, stack(0x0000007276100000,0x0000007276200000)]
  0x000001a7cb2f1bf0 JavaThread "Cache worker for Build Output Cleanup Cache (C:\Users\LENOVO\AndroidStudioProjectsFlutter\GenerateAIImage\.gradle\buildOutputCleanup)" [_thread_blocked, id=7324, stack(0x0000007276200000,0x0000007276300000)]
  0x000001a7cb2f0d80 JavaThread "Unconstrained build operations" [_thread_blocked, id=2868, stack(0x0000007276400000,0x0000007276500000)]
  0x000001a7cb2f1250 JavaThread "Unconstrained build operations Thread 2" [_thread_blocked, id=7316, stack(0x0000007276500000,0x0000007276600000)]
  0x000001a7cb2f38d0 JavaThread "Unconstrained build operations Thread 3" [_thread_blocked, id=7320, stack(0x0000007276600000,0x0000007276700000)]
  0x000001a7cb2f4270 JavaThread "Unconstrained build operations Thread 4" [_thread_blocked, id=6972, stack(0x0000007276700000,0x0000007276800000)]
  0x000001a7cb2ed3c0 JavaThread "Unconstrained build operations Thread 5" [_thread_blocked, id=6228, stack(0x0000007276800000,0x0000007276900000)]
  0x000001a7cb2ee230 JavaThread "Unconstrained build operations Thread 6" [_thread_blocked, id=8384, stack(0x0000007276900000,0x0000007276a00000)]
  0x000001a7cb2f2590 JavaThread "Unconstrained build operations Thread 7" [_thread_blocked, id=12524, stack(0x0000007276a00000,0x0000007276b00000)]
  0x000001a7cb2f1720 JavaThread "Unconstrained build operations Thread 8" [_thread_blocked, id=904, stack(0x0000007276b00000,0x0000007276c00000)]
  0x000001a7cb2f2a60 JavaThread "Unconstrained build operations Thread 9" [_thread_blocked, id=6504, stack(0x0000007276c00000,0x0000007276d00000)]
  0x000001a7cb2f2f30 JavaThread "Unconstrained build operations Thread 10" [_thread_blocked, id=12824, stack(0x0000007276d00000,0x0000007276e00000)]
  0x000001a7cb2f3400 JavaThread "Unconstrained build operations Thread 11" [_thread_blocked, id=6292, stack(0x0000007276e00000,0x0000007276f00000)]
  0x000001a7cb2f4740 JavaThread "Unconstrained build operations Thread 12" [_thread_blocked, id=11344, stack(0x0000007276f00000,0x0000007277000000)]
  0x000001a7cb2ee700 JavaThread "Unconstrained build operations Thread 13" [_thread_blocked, id=2680, stack(0x0000007277000000,0x0000007277100000)]
  0x000001a7cb2eebd0 JavaThread "Unconstrained build operations Thread 14" [_thread_blocked, id=6464, stack(0x0000007277100000,0x0000007277200000)]
  0x000001a7cb7a8b50 JavaThread "Unconstrained build operations Thread 15" [_thread_blocked, id=10012, stack(0x0000007277200000,0x0000007277300000)]
  0x000001a7cb7a5b30 JavaThread "Unconstrained build operations Thread 16" [_thread_blocked, id=12148, stack(0x0000007277300000,0x0000007277400000)]
  0x000001a7cb7a5660 JavaThread "Unconstrained build operations Thread 17" [_thread_blocked, id=1644, stack(0x0000007277400000,0x0000007277500000)]
  0x000001a7cb7a6000 JavaThread "Unconstrained build operations Thread 18" [_thread_blocked, id=11448, stack(0x0000007277500000,0x0000007277600000)]
  0x000001a7cb7a69a0 JavaThread "Unconstrained build operations Thread 19" [_thread_blocked, id=11056, stack(0x0000007277600000,0x0000007277700000)]
  0x000001a7cb7a99c0 JavaThread "Unconstrained build operations Thread 20" [_thread_blocked, id=1332, stack(0x0000007277700000,0x0000007277800000)]
  0x000001a7cb7a64d0 JavaThread "Unconstrained build operations Thread 21" [_thread_blocked, id=6540, stack(0x0000007277800000,0x0000007277900000)]
  0x000001a7cb7ab6a0 JavaThread "Unconstrained build operations Thread 22" [_thread_blocked, id=7244, stack(0x0000007277900000,0x0000007277a00000)]
  0x000001a7cb7a6e70 JavaThread "Unconstrained build operations Thread 23" [_thread_blocked, id=984, stack(0x0000007277a00000,0x0000007277b00000)]
  0x000001a7cb7abb70 JavaThread "Unconstrained build operations Thread 24" [_thread_blocked, id=5828, stack(0x0000007277b00000,0x0000007277c00000)]
  0x000001a7cb7a7340 JavaThread "Unconstrained build operations Thread 25" [_thread_blocked, id=5536, stack(0x0000007277c00000,0x0000007277d00000)]
  0x000001a7cb7a7810 JavaThread "Unconstrained build operations Thread 26" [_thread_blocked, id=8040, stack(0x0000007277d00000,0x0000007277e00000)]
  0x000001a7cb7a7ce0 JavaThread "Unconstrained build operations Thread 27" [_thread_blocked, id=1980, stack(0x0000007277e00000,0x0000007277f00000)]
  0x000001a7cb7a9020 JavaThread "Unconstrained build operations Thread 28" [_thread_blocked, id=10756, stack(0x0000007277f00000,0x0000007278000000)]
  0x000001a7cb7a8680 JavaThread "Unconstrained build operations Thread 29" [_thread_blocked, id=8436, stack(0x0000007278000000,0x0000007278100000)]
  0x000001a7cb7a81b0 JavaThread "Unconstrained build operations Thread 30" [_thread_blocked, id=7784, stack(0x0000007278100000,0x0000007278200000)]
  0x000001a7cb7a94f0 JavaThread "Unconstrained build operations Thread 31" [_thread_blocked, id=10032, stack(0x0000007278200000,0x0000007278300000)]
  0x000001a7cb7a9e90 JavaThread "Unconstrained build operations Thread 32" [_thread_blocked, id=11216, stack(0x0000007278300000,0x0000007278400000)]
  0x000001a7cb7aa360 JavaThread "Unconstrained build operations Thread 33" [_thread_blocked, id=6784, stack(0x0000007278400000,0x0000007278500000)]
  0x000001a7cb7aa830 JavaThread "Unconstrained build operations Thread 34" [_thread_blocked, id=1852, stack(0x0000007278500000,0x0000007278600000)]
  0x000001a7cb7aad00 JavaThread "Unconstrained build operations Thread 35" [_thread_blocked, id=5892, stack(0x0000007278600000,0x0000007278700000)]
  0x000001a7cb7a5190 JavaThread "Unconstrained build operations Thread 36" [_thread_blocked, id=4128, stack(0x0000007278700000,0x0000007278800000)]
  0x000001a7cb7ab1d0 JavaThread "Unconstrained build operations Thread 37" [_thread_blocked, id=11240, stack(0x0000007278800000,0x0000007278900000)]
  0x000001a7cb7ac040 JavaThread "Unconstrained build operations Thread 38" [_thread_blocked, id=3384, stack(0x0000007278900000,0x0000007278a00000)]
  0x000001a7cb7a47f0 JavaThread "Unconstrained build operations Thread 39" [_thread_blocked, id=8928, stack(0x0000007278a00000,0x0000007278b00000)]
  0x000001a7cb7a4cc0 JavaThread "Unconstrained build operations Thread 40" [_thread_blocked, id=6584, stack(0x0000007278b00000,0x0000007278c00000)]
  0x000001a7cd41c7f0 JavaThread "build event listener" [_thread_blocked, id=6904, stack(0x0000007278c00000,0x0000007278d00000)]
  0x000001a7cd421e90 JavaThread "Memory manager" [_thread_blocked, id=2148, stack(0x0000007278d00000,0x0000007278e00000)]

Other Threads:
  0x000001a7c7d27890 VMThread "VM Thread" [stack: 0x0000007273700000,0x0000007273800000] [id=13064]
  0x000001a7c89b86c0 WatcherThread [stack: 0x0000007274300000,0x0000007274400000] [id=5080]
  0x000001a7ac865ca0 GCTaskThread "GC Thread#0" [stack: 0x0000007273200000,0x0000007273300000] [id=12364]
  0x000001a7c8ccb080 GCTaskThread "GC Thread#1" [stack: 0x0000007274400000,0x0000007274500000] [id=11260]
  0x000001a7c8eb1e00 GCTaskThread "GC Thread#2" [stack: 0x0000007274500000,0x0000007274600000] [id=888]
  0x000001a7c94167d0 GCTaskThread "GC Thread#3" [stack: 0x0000007274600000,0x0000007274700000] [id=11848]
  0x000001a7ac877290 ConcurrentGCThread "G1 Main Marker" [stack: 0x0000007273300000,0x0000007273400000] [id=4872]
  0x000001a7ac877bb0 ConcurrentGCThread "G1 Conc#0" [stack: 0x0000007273400000,0x0000007273500000] [id=5660]
  0x000001a7ac8dead0 ConcurrentGCThread "G1 Refine#0" [stack: 0x0000007273500000,0x0000007273600000] [id=12684]
  0x000001a7cce56cb0 ConcurrentGCThread "G1 Refine#1" [stack: 0x0000007275e00000,0x0000007275f00000] [id=10616]
  0x000001a7c7b815f0 ConcurrentGCThread "G1 Service" [stack: 0x0000007273600000,0x0000007273700000] [id=10664]

Threads with active compile tasks:
C2 CompilerThread0    13786 8478       4       org.gradle.internal.instantiation.generator.AbstractClassGenerator::inspectType (560 bytes)
C1 CompilerThread0    13786 8698       2       org.codehaus.groovy.util.ComplexKeyHashMap::resize (103 bytes)

VM state: not at safepoint (normal execution)

VM Mutex/Monitor currently owned by a thread: None

Heap address: 0x0000000080000000, size: 2048 MB, Compressed Oops mode: 32-bit

CDS archive(s) not mapped
Compressed class space mapped at: 0x0000000100000000-0x0000000140000000, reserved size: 1073741824
Narrow klass base: 0x0000000000000000, Narrow klass shift: 3, Narrow klass range: 0x140000000

GC Precious Log:
 CPUs: 4 total, 4 available
 Memory: 8072M
 Large Page Support: Disabled
 NUMA Support: Disabled
 Compressed Oops: Enabled (32-bit)
 Heap Region Size: 1M
 Heap Min Capacity: 8M
 Heap Initial Capacity: 128M
 Heap Max Capacity: 2G
 Pre-touch: Disabled
 Parallel Workers: 4
 Concurrent Workers: 1
 Concurrent Refinement Workers: 4
 Periodic GC: Disabled

Heap:
 garbage-first heap   total 164864K, used 81851K [0x0000000080000000, 0x0000000100000000)
  region size 1024K, 13 young (13312K), 8 survivors (8192K)
 Metaspace       used 88993K, committed 89600K, reserved 1130496K
  class space    used 11997K, committed 12288K, reserved 1048576K

Heap Regions: E=young(eden), S=young(survivor), O=old, HS=humongous(starts), HC=humongous(continues), CS=collection set, F=free, OA=open archive, CA=closed archive, TAMS=top-at-mark-start (previous, next)
|   0|0x0000000080000000, 0x0000000080100000, 0x0000000080100000|100%| O|  |TAMS 0x0000000080100000, 0x0000000080000000| Untracked 
|   1|0x0000000080100000, 0x0000000080200000, 0x0000000080200000|100%| O|  |TAMS 0x0000000080200000, 0x0000000080100000| Untracked 
|   2|0x0000000080200000, 0x0000000080300000, 0x0000000080300000|100%|HS|  |TAMS 0x0000000080300000, 0x0000000080200000| Complete 
|   3|0x0000000080300000, 0x0000000080400000, 0x0000000080400000|100%|HC|  |TAMS 0x0000000080400000, 0x0000000080300000| Complete 
|   4|0x0000000080400000, 0x0000000080500000, 0x0000000080500000|100%|HC|  |TAMS 0x0000000080500000, 0x0000000080400000| Complete 
|   5|0x0000000080500000, 0x0000000080600000, 0x0000000080600000|100%|HC|  |TAMS 0x0000000080600000, 0x0000000080500000| Complete 
|   6|0x0000000080600000, 0x0000000080700000, 0x0000000080700000|100%| O|  |TAMS 0x0000000080700000, 0x0000000080600000| Untracked 
|   7|0x0000000080700000, 0x0000000080800000, 0x0000000080800000|100%| O|  |TAMS 0x0000000080800000, 0x0000000080700000| Untracked 
|   8|0x0000000080800000, 0x0000000080900000, 0x0000000080900000|100%| O|  |TAMS 0x0000000080900000, 0x0000000080800000| Untracked 
|   9|0x0000000080900000, 0x0000000080a00000, 0x0000000080a00000|100%| O|  |TAMS 0x0000000080a00000, 0x0000000080900000| Untracked 
|  10|0x0000000080a00000, 0x0000000080b00000, 0x0000000080b00000|100%| O|  |TAMS 0x0000000080b00000, 0x0000000080a00000| Untracked 
|  11|0x0000000080b00000, 0x0000000080c00000, 0x0000000080c00000|100%| O|  |TAMS 0x0000000080bd8e00, 0x0000000080b00000| Untracked 
|  12|0x0000000080c00000, 0x0000000080d00000, 0x0000000080d00000|100%| O|  |TAMS 0x0000000080c00000, 0x0000000080c00000| Untracked 
|  13|0x0000000080d00000, 0x0000000080e00000, 0x0000000080e00000|100%| O|  |TAMS 0x0000000080e00000, 0x0000000080d00000| Untracked 
|  14|0x0000000080e00000, 0x0000000080f00000, 0x0000000080f00000|100%| O|  |TAMS 0x0000000080f00000, 0x0000000080e00000| Untracked 
|  15|0x0000000080f00000, 0x0000000081000000, 0x0000000081000000|100%| O|  |TAMS 0x0000000081000000, 0x0000000080f00000| Untracked 
|  16|0x0000000081000000, 0x0000000081100000, 0x0000000081100000|100%| O|  |TAMS 0x0000000081100000, 0x0000000081000000| Untracked 
|  17|0x0000000081100000, 0x0000000081200000, 0x0000000081200000|100%| O|  |TAMS 0x0000000081200000, 0x0000000081100000| Untracked 
|  18|0x0000000081200000, 0x0000000081300000, 0x0000000081300000|100%| O|  |TAMS 0x0000000081300000, 0x0000000081200000| Untracked 
|  19|0x0000000081300000, 0x0000000081400000, 0x0000000081400000|100%| O|  |TAMS 0x0000000081400000, 0x0000000081300000| Untracked 
|  20|0x0000000081400000, 0x0000000081500000, 0x0000000081500000|100%| O|  |TAMS 0x0000000081500000, 0x0000000081400000| Untracked 
|  21|0x0000000081500000, 0x0000000081600000, 0x0000000081600000|100%| O|  |TAMS 0x0000000081600000, 0x0000000081500000| Untracked 
|  22|0x0000000081600000, 0x0000000081700000, 0x0000000081700000|100%| O|  |TAMS 0x0000000081700000, 0x0000000081600000| Untracked 
|  23|0x0000000081700000, 0x0000000081800000, 0x0000000081800000|100%| O|  |TAMS 0x0000000081800000, 0x0000000081700000| Untracked 
|  24|0x0000000081800000, 0x0000000081900000, 0x0000000081900000|100%|HS|  |TAMS 0x0000000081800000, 0x0000000081800000| Complete 
|  25|0x0000000081900000, 0x0000000081a00000, 0x0000000081a00000|100%| O|  |TAMS 0x0000000081a00000, 0x0000000081900000| Untracked 
|  26|0x0000000081a00000, 0x0000000081b00000, 0x0000000081b00000|100%| O|  |TAMS 0x0000000081b00000, 0x0000000081a00000| Untracked 
|  27|0x0000000081b00000, 0x0000000081c00000, 0x0000000081c00000|100%| O|  |TAMS 0x0000000081c00000, 0x0000000081b00000| Untracked 
|  28|0x0000000081c00000, 0x0000000081d00000, 0x0000000081d00000|100%| O|  |TAMS 0x0000000081d00000, 0x0000000081c00000| Untracked 
|  29|0x0000000081d00000, 0x0000000081e00000, 0x0000000081e00000|100%| O|  |TAMS 0x0000000081e00000, 0x0000000081d00000| Untracked 
|  30|0x0000000081e00000, 0x0000000081f00000, 0x0000000081f00000|100%| O|  |TAMS 0x0000000081f00000, 0x0000000081e00000| Untracked 
|  31|0x0000000081f00000, 0x0000000082000000, 0x0000000082000000|100%| O|  |TAMS 0x0000000082000000, 0x0000000081f00000| Untracked 
|  32|0x0000000082000000, 0x0000000082100000, 0x0000000082100000|100%| O|  |TAMS 0x0000000082100000, 0x0000000082000000| Untracked 
|  33|0x0000000082100000, 0x0000000082200000, 0x0000000082200000|100%| O|  |TAMS 0x0000000082200000, 0x0000000082100000| Untracked 
|  34|0x0000000082200000, 0x0000000082300000, 0x0000000082300000|100%| O|  |TAMS 0x0000000082300000, 0x0000000082200000| Untracked 
|  35|0x0000000082300000, 0x0000000082400000, 0x0000000082400000|100%| O|  |TAMS 0x0000000082400000, 0x0000000082300000| Untracked 
|  36|0x0000000082400000, 0x0000000082500000, 0x0000000082500000|100%| O|  |TAMS 0x0000000082500000, 0x0000000082400000| Untracked 
|  37|0x0000000082500000, 0x0000000082600000, 0x0000000082600000|100%| O|  |TAMS 0x0000000082600000, 0x0000000082500000| Untracked 
|  38|0x0000000082600000, 0x0000000082700000, 0x0000000082700000|100%| O|  |TAMS 0x0000000082700000, 0x0000000082600000| Untracked 
|  39|0x0000000082700000, 0x0000000082800000, 0x0000000082800000|100%|HS|  |TAMS 0x0000000082800000, 0x0000000082700000| Complete 
|  40|0x0000000082800000, 0x0000000082900000, 0x0000000082900000|100%|HS|  |TAMS 0x0000000082900000, 0x0000000082800000| Complete 
|  41|0x0000000082900000, 0x0000000082a00000, 0x0000000082a00000|100%|HS|  |TAMS 0x0000000082a00000, 0x0000000082900000| Complete 
|  42|0x0000000082a00000, 0x0000000082b00000, 0x0000000082b00000|100%| O|  |TAMS 0x0000000082b00000, 0x0000000082a00000| Untracked 
|  43|0x0000000082b00000, 0x0000000082c00000, 0x0000000082c00000|100%| O|  |TAMS 0x0000000082c00000, 0x0000000082b00000| Untracked 
|  44|0x0000000082c00000, 0x0000000082d00000, 0x0000000082d00000|100%| O|  |TAMS 0x0000000082d00000, 0x0000000082c00000| Untracked 
|  45|0x0000000082d00000, 0x0000000082e00000, 0x0000000082e00000|100%| O|  |TAMS 0x0000000082e00000, 0x0000000082d00000| Untracked 
|  46|0x0000000082e00000, 0x0000000082f00000, 0x0000000082f00000|100%| O|  |TAMS 0x0000000082f00000, 0x0000000082e00000| Untracked 
|  47|0x0000000082f00000, 0x0000000083000000, 0x0000000083000000|100%| O|  |TAMS 0x0000000083000000, 0x0000000082f00000| Untracked 
|  48|0x0000000083000000, 0x0000000083100000, 0x0000000083100000|100%| O|  |TAMS 0x0000000083100000, 0x0000000083000000| Untracked 
|  49|0x0000000083100000, 0x0000000083200000, 0x0000000083200000|100%| O|  |TAMS 0x0000000083200000, 0x0000000083100000| Untracked 
|  50|0x0000000083200000, 0x0000000083300000, 0x0000000083300000|100%| O|  |TAMS 0x0000000083300000, 0x0000000083200000| Untracked 
|  51|0x0000000083300000, 0x0000000083400000, 0x0000000083400000|100%| O|  |TAMS 0x0000000083300000, 0x0000000083300000| Untracked 
|  52|0x0000000083400000, 0x0000000083500000, 0x0000000083500000|100%|HS|  |TAMS 0x0000000083400000, 0x0000000083400000| Complete 
|  53|0x0000000083500000, 0x0000000083600000, 0x0000000083600000|100%|HS|  |TAMS 0x0000000083500000, 0x0000000083500000| Complete 
|  54|0x0000000083600000, 0x0000000083700000, 0x0000000083700000|100%| O|  |TAMS 0x0000000083600000, 0x0000000083600000| Untracked 
|  55|0x0000000083700000, 0x0000000083800000, 0x0000000083800000|100%|HS|  |TAMS 0x0000000083700000, 0x0000000083700000| Complete 
|  56|0x0000000083800000, 0x0000000083900000, 0x0000000083900000|100%| O|  |TAMS 0x0000000083800000, 0x0000000083800000| Untracked 
|  57|0x0000000083900000, 0x0000000083a00000, 0x0000000083a00000|100%| O|  |TAMS 0x0000000083900000, 0x0000000083900000| Untracked 
|  58|0x0000000083a00000, 0x0000000083b00000, 0x0000000083b00000|100%| O|  |TAMS 0x0000000083a00000, 0x0000000083a00000| Untracked 
|  59|0x0000000083b00000, 0x0000000083c00000, 0x0000000083c00000|100%| O|  |TAMS 0x0000000083b00000, 0x0000000083b00000| Untracked 
|  60|0x0000000083c00000, 0x0000000083d00000, 0x0000000083d00000|100%| O|  |TAMS 0x0000000083c00000, 0x0000000083c00000| Untracked 
|  61|0x0000000083d00000, 0x0000000083e00000, 0x0000000083e00000|100%| O|  |TAMS 0x0000000083d00000, 0x0000000083d00000| Untracked 
|  62|0x0000000083e00000, 0x0000000083f00000, 0x0000000083f00000|100%| O|  |TAMS 0x0000000083e00000, 0x0000000083e00000| Untracked 
|  63|0x0000000083f00000, 0x0000000084000000, 0x0000000084000000|100%| O|  |TAMS 0x0000000083f00000, 0x0000000083f00000| Untracked 
|  64|0x0000000084000000, 0x0000000084100000, 0x0000000084100000|100%| O|  |TAMS 0x0000000084000000, 0x0000000084000000| Untracked 
|  65|0x0000000084100000, 0x0000000084200000, 0x0000000084200000|100%| O|  |TAMS 0x0000000084100000, 0x0000000084100000| Untracked 
|  66|0x0000000084200000, 0x0000000084300000, 0x0000000084300000|100%| O|  |TAMS 0x0000000084200000, 0x0000000084200000| Untracked 
|  67|0x0000000084300000, 0x00000000843eee00, 0x0000000084400000| 93%| O|  |TAMS 0x0000000084300000, 0x0000000084300000| Untracked 
|  68|0x0000000084400000, 0x0000000084400000, 0x0000000084500000|  0%| F|  |TAMS 0x0000000084400000, 0x0000000084400000| Untracked 
|  69|0x0000000084500000, 0x0000000084500000, 0x0000000084600000|  0%| F|  |TAMS 0x0000000084500000, 0x0000000084500000| Untracked 
|  70|0x0000000084600000, 0x0000000084600000, 0x0000000084700000|  0%| F|  |TAMS 0x0000000084600000, 0x0000000084600000| Untracked 
|  71|0x0000000084700000, 0x0000000084700000, 0x0000000084800000|  0%| F|  |TAMS 0x0000000084700000, 0x0000000084700000| Untracked 
|  72|0x0000000084800000, 0x0000000084800000, 0x0000000084900000|  0%| F|  |TAMS 0x0000000084800000, 0x0000000084800000| Untracked 
|  73|0x0000000084900000, 0x0000000084900000, 0x0000000084a00000|  0%| F|  |TAMS 0x0000000084900000, 0x0000000084900000| Untracked 
|  74|0x0000000084a00000, 0x0000000084a00000, 0x0000000084b00000|  0%| F|  |TAMS 0x0000000084a00000, 0x0000000084a00000| Untracked 
|  75|0x0000000084b00000, 0x0000000084b00000, 0x0000000084c00000|  0%| F|  |TAMS 0x0000000084b00000, 0x0000000084b00000| Untracked 
|  76|0x0000000084c00000, 0x0000000084c00000, 0x0000000084d00000|  0%| F|  |TAMS 0x0000000084c00000, 0x0000000084c00000| Untracked 
|  77|0x0000000084d00000, 0x0000000084d00000, 0x0000000084e00000|  0%| F|  |TAMS 0x0000000084d00000, 0x0000000084d00000| Untracked 
|  78|0x0000000084e00000, 0x0000000084e00000, 0x0000000084f00000|  0%| F|  |TAMS 0x0000000084e00000, 0x0000000084e00000| Untracked 
|  79|0x0000000084f00000, 0x0000000084f00000, 0x0000000085000000|  0%| F|  |TAMS 0x0000000084f00000, 0x0000000084f00000| Untracked 
|  80|0x0000000085000000, 0x0000000085000000, 0x0000000085100000|  0%| F|  |TAMS 0x0000000085000000, 0x0000000085000000| Untracked 
|  81|0x0000000085100000, 0x0000000085100000, 0x0000000085200000|  0%| F|  |TAMS 0x0000000085100000, 0x0000000085100000| Untracked 
|  82|0x0000000085200000, 0x0000000085200000, 0x0000000085300000|  0%| F|  |TAMS 0x0000000085200000, 0x0000000085200000| Untracked 
|  83|0x0000000085300000, 0x0000000085300000, 0x0000000085400000|  0%| F|  |TAMS 0x0000000085300000, 0x0000000085300000| Untracked 
|  84|0x0000000085400000, 0x0000000085400000, 0x0000000085500000|  0%| F|  |TAMS 0x0000000085400000, 0x0000000085400000| Untracked 
|  85|0x0000000085500000, 0x0000000085500000, 0x0000000085600000|  0%| F|  |TAMS 0x0000000085500000, 0x0000000085500000| Untracked 
|  86|0x0000000085600000, 0x0000000085600000, 0x0000000085700000|  0%| F|  |TAMS 0x0000000085600000, 0x0000000085600000| Untracked 
|  87|0x0000000085700000, 0x0000000085700000, 0x0000000085800000|  0%| F|  |TAMS 0x0000000085700000, 0x0000000085700000| Untracked 
|  88|0x0000000085800000, 0x0000000085800000, 0x0000000085900000|  0%| F|  |TAMS 0x0000000085800000, 0x0000000085800000| Untracked 
|  89|0x0000000085900000, 0x0000000085900000, 0x0000000085a00000|  0%| F|  |TAMS 0x0000000085900000, 0x0000000085900000| Untracked 
|  90|0x0000000085a00000, 0x0000000085a00000, 0x0000000085b00000|  0%| F|  |TAMS 0x0000000085a00000, 0x0000000085a00000| Untracked 
|  91|0x0000000085b00000, 0x0000000085b00000, 0x0000000085c00000|  0%| F|  |TAMS 0x0000000085b00000, 0x0000000085b00000| Untracked 
|  92|0x0000000085c00000, 0x0000000085d00000, 0x0000000085d00000|100%| S|CS|TAMS 0x0000000085c00000, 0x0000000085c00000| Complete 
|  93|0x0000000085d00000, 0x0000000085e00000, 0x0000000085e00000|100%| S|CS|TAMS 0x0000000085d00000, 0x0000000085d00000| Complete 
|  94|0x0000000085e00000, 0x0000000085f00000, 0x0000000085f00000|100%| S|CS|TAMS 0x0000000085e00000, 0x0000000085e00000| Complete 
|  95|0x0000000085f00000, 0x0000000086000000, 0x0000000086000000|100%| S|CS|TAMS 0x0000000085f00000, 0x0000000085f00000| Complete 
|  96|0x0000000086000000, 0x0000000086000000, 0x0000000086100000|  0%| F|  |TAMS 0x0000000086000000, 0x0000000086000000| Untracked 
|  97|0x0000000086100000, 0x0000000086100000, 0x0000000086200000|  0%| F|  |TAMS 0x0000000086100000, 0x0000000086100000| Untracked 
|  98|0x0000000086200000, 0x0000000086200000, 0x0000000086300000|  0%| F|  |TAMS 0x0000000086200000, 0x0000000086200000| Untracked 
|  99|0x0000000086300000, 0x0000000086300000, 0x0000000086400000|  0%| F|  |TAMS 0x0000000086300000, 0x0000000086300000| Untracked 
| 100|0x0000000086400000, 0x0000000086500000, 0x0000000086500000|100%| S|CS|TAMS 0x0000000086400000, 0x0000000086400000| Complete 
| 101|0x0000000086500000, 0x0000000086600000, 0x0000000086600000|100%| S|CS|TAMS 0x0000000086500000, 0x0000000086500000| Complete 
| 102|0x0000000086600000, 0x0000000086700000, 0x0000000086700000|100%| S|CS|TAMS 0x0000000086600000, 0x0000000086600000| Complete 
| 103|0x0000000086700000, 0x0000000086800000, 0x0000000086800000|100%| S|CS|TAMS 0x0000000086700000, 0x0000000086700000| Complete 
| 104|0x0000000086800000, 0x0000000086800000, 0x0000000086900000|  0%| F|  |TAMS 0x0000000086800000, 0x0000000086800000| Untracked 
| 105|0x0000000086900000, 0x0000000086900000, 0x0000000086a00000|  0%| F|  |TAMS 0x0000000086900000, 0x0000000086900000| Untracked 
| 106|0x0000000086a00000, 0x0000000086a00000, 0x0000000086b00000|  0%| F|  |TAMS 0x0000000086a00000, 0x0000000086a00000| Untracked 
| 107|0x0000000086b00000, 0x0000000086b00000, 0x0000000086c00000|  0%| F|  |TAMS 0x0000000086b00000, 0x0000000086b00000| Untracked 
| 108|0x0000000086c00000, 0x0000000086c00000, 0x0000000086d00000|  0%| F|  |TAMS 0x0000000086c00000, 0x0000000086c00000| Untracked 
| 109|0x0000000086d00000, 0x0000000086d00000, 0x0000000086e00000|  0%| F|  |TAMS 0x0000000086d00000, 0x0000000086d00000| Untracked 
| 110|0x0000000086e00000, 0x0000000086e00000, 0x0000000086f00000|  0%| F|  |TAMS 0x0000000086e00000, 0x0000000086e00000| Untracked 
| 111|0x0000000086f00000, 0x0000000086f00000, 0x0000000087000000|  0%| F|  |TAMS 0x0000000086f00000, 0x0000000086f00000| Untracked 
| 112|0x0000000087000000, 0x0000000087000000, 0x0000000087100000|  0%| F|  |TAMS 0x0000000087000000, 0x0000000087000000| Untracked 
| 113|0x0000000087100000, 0x0000000087100000, 0x0000000087200000|  0%| F|  |TAMS 0x0000000087100000, 0x0000000087100000| Untracked 
| 114|0x0000000087200000, 0x0000000087200000, 0x0000000087300000|  0%| F|  |TAMS 0x0000000087200000, 0x0000000087200000| Untracked 
| 115|0x0000000087300000, 0x0000000087300000, 0x0000000087400000|  0%| F|  |TAMS 0x0000000087300000, 0x0000000087300000| Untracked 
| 116|0x0000000087400000, 0x0000000087400000, 0x0000000087500000|  0%| F|  |TAMS 0x0000000087400000, 0x0000000087400000| Untracked 
| 117|0x0000000087500000, 0x0000000087500000, 0x0000000087600000|  0%| F|  |TAMS 0x0000000087500000, 0x0000000087500000| Untracked 
| 118|0x0000000087600000, 0x0000000087600000, 0x0000000087700000|  0%| F|  |TAMS 0x0000000087600000, 0x0000000087600000| Untracked 
| 119|0x0000000087700000, 0x0000000087700000, 0x0000000087800000|  0%| F|  |TAMS 0x0000000087700000, 0x0000000087700000| Untracked 
| 120|0x0000000087800000, 0x0000000087800000, 0x0000000087900000|  0%| F|  |TAMS 0x0000000087800000, 0x0000000087800000| Untracked 
| 121|0x0000000087900000, 0x0000000087900000, 0x0000000087a00000|  0%| F|  |TAMS 0x0000000087900000, 0x0000000087900000| Untracked 
| 122|0x0000000087a00000, 0x0000000087a00000, 0x0000000087b00000|  0%| F|  |TAMS 0x0000000087a00000, 0x0000000087a00000| Untracked 
| 123|0x0000000087b00000, 0x0000000087b00000, 0x0000000087c00000|  0%| F|  |TAMS 0x0000000087b00000, 0x0000000087b00000| Untracked 
| 124|0x0000000087c00000, 0x0000000087c00000, 0x0000000087d00000|  0%| F|  |TAMS 0x0000000087c00000, 0x0000000087c00000| Untracked 
| 125|0x0000000087d00000, 0x0000000087d00000, 0x0000000087e00000|  0%| F|  |TAMS 0x0000000087d00000, 0x0000000087d00000| Untracked 
| 126|0x0000000087e00000, 0x0000000087e00000, 0x0000000087f00000|  0%| F|  |TAMS 0x0000000087e00000, 0x0000000087e00000| Untracked 
| 127|0x0000000087f00000, 0x0000000087f00000, 0x0000000088000000|  0%| F|  |TAMS 0x0000000087f00000, 0x0000000087f00000| Untracked 
| 128|0x0000000088000000, 0x0000000088000000, 0x0000000088100000|  0%| F|  |TAMS 0x0000000088000000, 0x0000000088000000| Untracked 
| 129|0x0000000088100000, 0x0000000088100000, 0x0000000088200000|  0%| F|  |TAMS 0x0000000088100000, 0x0000000088100000| Untracked 
| 130|0x0000000088200000, 0x0000000088200000, 0x0000000088300000|  0%| F|  |TAMS 0x0000000088200000, 0x0000000088200000| Untracked 
| 131|0x0000000088300000, 0x0000000088300000, 0x0000000088400000|  0%| F|  |TAMS 0x0000000088300000, 0x0000000088300000| Untracked 
| 132|0x0000000088400000, 0x0000000088400000, 0x0000000088500000|  0%| F|  |TAMS 0x0000000088400000, 0x0000000088400000| Untracked 
| 133|0x0000000088500000, 0x0000000088500000, 0x0000000088600000|  0%| F|  |TAMS 0x0000000088500000, 0x0000000088500000| Untracked 
| 134|0x0000000088600000, 0x0000000088600000, 0x0000000088700000|  0%| F|  |TAMS 0x0000000088600000, 0x0000000088600000| Untracked 
| 135|0x0000000088700000, 0x0000000088700000, 0x0000000088800000|  0%| F|  |TAMS 0x0000000088700000, 0x0000000088700000| Untracked 
| 136|0x0000000088800000, 0x0000000088800000, 0x0000000088900000|  0%| F|  |TAMS 0x0000000088800000, 0x0000000088800000| Untracked 
| 137|0x0000000088900000, 0x0000000088900000, 0x0000000088a00000|  0%| F|  |TAMS 0x0000000088900000, 0x0000000088900000| Untracked 
| 138|0x0000000088a00000, 0x0000000088a00000, 0x0000000088b00000|  0%| F|  |TAMS 0x0000000088a00000, 0x0000000088a00000| Untracked 
| 139|0x0000000088b00000, 0x0000000088b00000, 0x0000000088c00000|  0%| F|  |TAMS 0x0000000088b00000, 0x0000000088b00000| Untracked 
| 140|0x0000000088c00000, 0x0000000088c00000, 0x0000000088d00000|  0%| F|  |TAMS 0x0000000088c00000, 0x0000000088c00000| Untracked 
| 141|0x0000000088d00000, 0x0000000088d00000, 0x0000000088e00000|  0%| F|  |TAMS 0x0000000088d00000, 0x0000000088d00000| Untracked 
| 142|0x0000000088e00000, 0x0000000088e00000, 0x0000000088f00000|  0%| F|  |TAMS 0x0000000088e00000, 0x0000000088e00000| Untracked 
| 143|0x0000000088f00000, 0x0000000088f00000, 0x0000000089000000|  0%| F|  |TAMS 0x0000000088f00000, 0x0000000088f00000| Untracked 
| 144|0x0000000089000000, 0x0000000089000000, 0x0000000089100000|  0%| F|  |TAMS 0x0000000089000000, 0x0000000089000000| Untracked 
| 145|0x0000000089100000, 0x0000000089100000, 0x0000000089200000|  0%| F|  |TAMS 0x0000000089100000, 0x0000000089100000| Untracked 
| 146|0x0000000089200000, 0x0000000089200000, 0x0000000089300000|  0%| F|  |TAMS 0x0000000089200000, 0x0000000089200000| Untracked 
| 147|0x0000000089300000, 0x0000000089300000, 0x0000000089400000|  0%| F|  |TAMS 0x0000000089300000, 0x0000000089300000| Untracked 
| 148|0x0000000089400000, 0x0000000089400000, 0x0000000089500000|  0%| F|  |TAMS 0x0000000089400000, 0x0000000089400000| Untracked 
| 149|0x0000000089500000, 0x0000000089500000, 0x0000000089600000|  0%| F|  |TAMS 0x0000000089500000, 0x0000000089500000| Untracked 
| 150|0x0000000089600000, 0x0000000089600000, 0x0000000089700000|  0%| F|  |TAMS 0x0000000089600000, 0x0000000089600000| Untracked 
| 151|0x0000000089700000, 0x0000000089700000, 0x0000000089800000|  0%| F|  |TAMS 0x0000000089700000, 0x0000000089700000| Untracked 
| 152|0x0000000089800000, 0x0000000089800000, 0x0000000089900000|  0%| F|  |TAMS 0x0000000089800000, 0x0000000089800000| Untracked 
| 153|0x0000000089900000, 0x0000000089900000, 0x0000000089a00000|  0%| F|  |TAMS 0x0000000089900000, 0x0000000089900000| Untracked 
| 154|0x0000000089a00000, 0x0000000089a00000, 0x0000000089b00000|  0%| F|  |TAMS 0x0000000089a00000, 0x0000000089a00000| Untracked 
| 155|0x0000000089b00000, 0x0000000089b00000, 0x0000000089c00000|  0%| F|  |TAMS 0x0000000089b00000, 0x0000000089b00000| Untracked 
| 156|0x0000000089c00000, 0x0000000089d00000, 0x0000000089d00000|100%| E|  |TAMS 0x0000000089c00000, 0x0000000089c00000| Complete 
| 157|0x0000000089d00000, 0x0000000089e00000, 0x0000000089e00000|100%| E|CS|TAMS 0x0000000089d00000, 0x0000000089d00000| Complete 
| 158|0x0000000089e00000, 0x0000000089f00000, 0x0000000089f00000|100%| E|CS|TAMS 0x0000000089e00000, 0x0000000089e00000| Complete 
| 159|0x0000000089f00000, 0x000000008a000000, 0x000000008a000000|100%| E|CS|TAMS 0x0000000089f00000, 0x0000000089f00000| Complete 
| 160|0x000000008a000000, 0x000000008a100000, 0x000000008a100000|100%| E|CS|TAMS 0x000000008a000000, 0x000000008a000000| Complete 

Card table byte_map: [0x000001a7c0ee0000,0x000001a7c12e0000] _byte_map_base: 0x000001a7c0ae0000

Marking Bits (Prev, Next): (CMBitMap*) 0x000001a7ac866200, (CMBitMap*) 0x000001a7ac8661c0
 Prev Bits: [0x000001a7c36e0000, 0x000001a7c56e0000)
 Next Bits: [0x000001a7c16e0000, 0x000001a7c36e0000)

Polling page: 0x000001a7ac8e0000

Metaspace:

Usage:
  Non-class:     75.22 MB used.
      Class:     11.72 MB used.
       Both:     86.94 MB used.

Virtual space:
  Non-class space:       80.00 MB reserved,      75.50 MB ( 94%) committed,  10 nodes.
      Class space:        1.00 GB reserved,      12.00 MB (  1%) committed,  1 nodes.
             Both:        1.08 GB reserved,      87.50 MB (  8%) committed. 

Chunk freelists:
   Non-Class:  464.00 KB
       Class:  3.95 MB
        Both:  4.41 MB

MaxMetaspaceSize: unlimited
CompressedClassSpaceSize: 1.00 GB
Initial GC threshold: 21.00 MB
Current GC threshold: 113.12 MB
CDS: off
MetaspaceReclaimPolicy: balanced
 - commit_granule_bytes: 65536.
 - commit_granule_words: 8192.
 - virtual_space_node_default_size: 1048576.
 - enlarge_chunks_in_place: 1.
 - new_chunks_are_fully_committed: 0.
 - uncommit_free_chunks: 1.
 - use_allocation_guard: 0.
 - handle_deallocations: 1.


Internal statistics:

num_allocs_failed_limit: 9.
num_arena_births: 762.
num_arena_deaths: 0.
num_vsnodes_births: 11.
num_vsnodes_deaths: 0.
num_space_committed: 1400.
num_space_uncommitted: 0.
num_chunks_returned_to_freelist: 9.
num_chunks_taken_from_freelist: 3780.
num_chunk_merges: 6.
num_chunk_splits: 2515.
num_chunks_enlarged: 1723.
num_purges: 0.
num_inconsistent_stats: 0.

CodeHeap 'non-profiled nmethods': size=120000Kb used=3421Kb max_used=3421Kb free=116578Kb
 bounds [0x000001a7b8f90000, 0x000001a7b92f0000, 0x000001a7c04c0000]
CodeHeap 'profiled nmethods': size=120000Kb used=15004Kb max_used=15004Kb free=104995Kb
 bounds [0x000001a7b14c0000, 0x000001a7b2370000, 0x000001a7b89f0000]
CodeHeap 'non-nmethods': size=5760Kb used=2400Kb max_used=2470Kb free=3359Kb
 bounds [0x000001a7b89f0000, 0x000001a7b8c80000, 0x000001a7b8f90000]
 total_blobs=8670 nmethods=7734 adapters=848
 compilation: enabled
              stopped_count=0, restarted_count=0
 full_count=0

Compilation events (20 events):
Event: 13.677 Thread 0x000001a7c880fc80 8632       2       org.gradle.internal.instantiation.generator.AsmBackedClassGenerator$ClassBuilderImpl::paramTypesOf (73 bytes)
Event: 13.678 Thread 0x000001a7c880fc80 nmethod 8632 0x000001a7b2351690 code [0x000001a7b2351880, 0x000001a7b2351cb8]
Event: 13.678 Thread 0x000001a7c880fc80 8631       2       org.gradle.internal.instantiation.generator.AsmBackedClassGenerator$ClassBuilderImpl::addConstructor (93 bytes)
Event: 13.678 Thread 0x000001a7c880fc80 nmethod 8631 0x000001a7b2352010 code [0x000001a7b2352240, 0x000001a7b2352628]
Event: 13.678 Thread 0x000001a7c880fc80 8633       2       java.lang.reflect.Constructor::getGenericExceptionTypes (5 bytes)
Event: 13.679 Thread 0x000001a7c880fc80 nmethod 8633 0x000001a7b2352890 code [0x000001a7b2352a80, 0x000001a7b2353038]
Event: 13.683 Thread 0x000001a7c880fc80 8634       2       org.gradle.api.internal.file.collections.DefaultConfigurableFileCollection$EmptyCollector::plus (14 bytes)
Event: 13.684 Thread 0x000001a7c880fc80 nmethod 8634 0x000001a7b2353290 code [0x000001a7b2353420, 0x000001a7b2353548]
Event: 13.684 Thread 0x000001a7c880fc80 8635       2       org.gradle.api.internal.file.collections.DefaultConfigurableFileCollection$EmptyCollector::setFrom (14 bytes)
Event: 13.684 Thread 0x000001a7c880fc80 nmethod 8635 0x000001a7b2353610 code [0x000001a7b23537a0, 0x000001a7b2353948]
Event: 13.687 Thread 0x000001a7c880fc80 8636       2       org.gradle.api.internal.collections.CollectionFilter$1::execute (24 bytes)
Event: 13.687 Thread 0x000001a7c880fc80 nmethod 8636 0x000001a7b2353a10 code [0x000001a7b2353bc0, 0x000001a7b2353d38]
Event: 13.690 Thread 0x000001a7c880fc80 8637       1       org.gradle.execution.plan.Node::getInitialState (2 bytes)
Event: 13.690 Thread 0x000001a7c880fc80 nmethod 8637 0x000001a7b92e3d10 code [0x000001a7b92e3ea0, 0x000001a7b92e3f78]
Event: 13.690 Thread 0x000001a7c880fc80 8638       1       org.gradle.execution.plan.Node::getDependenciesProcessed (5 bytes)
Event: 13.690 Thread 0x000001a7c880fc80 nmethod 8638 0x000001a7b92e4010 code [0x000001a7b92e41a0, 0x000001a7b92e4278]
Event: 13.691 Thread 0x000001a7c880fc80 8640       2       org.gradle.model.internal.type.ClassTypeWrapper::unwrap (11 bytes)
Event: 13.691 Thread 0x000001a7c880fc80 nmethod 8640 0x000001a7b2353e10 code [0x000001a7b2353fa0, 0x000001a7b23540f8]
Event: 13.693 Thread 0x000001a7c880fc80 8641       1       org.gradle.internal.execution.model.annotations.AbstractInputFilePropertyAnnotationHandler::isPropertyRelevant (2 bytes)
Event: 13.693 Thread 0x000001a7c880fc80 nmethod 8641 0x000001a7b92e4310 code [0x000001a7b92e44a0, 0x000001a7b92e4578]

GC Heap History (20 events):
Event: 9.541 GC heap before
{Heap before GC invocations=25 (full 0):
 garbage-first heap   total 89088K, used 52874K [0x0000000080000000, 0x0000000100000000)
  region size 1024K, 4 young (4096K), 2 survivors (2048K)
 Metaspace       used 60047K, committed 60544K, reserved 1105920K
  class space    used 7890K, committed 8128K, reserved 1048576K
}
Event: 9.544 GC heap after
{Heap after GC invocations=26 (full 0):
 garbage-first heap   total 89088K, used 51075K [0x0000000080000000, 0x0000000100000000)
  region size 1024K, 1 young (1024K), 1 survivors (1024K)
 Metaspace       used 60047K, committed 60544K, reserved 1105920K
  class space    used 7890K, committed 8128K, reserved 1048576K
}
Event: 9.788 GC heap before
{Heap before GC invocations=26 (full 0):
 garbage-first heap   total 89088K, used 65411K [0x0000000080000000, 0x0000000100000000)
  region size 1024K, 15 young (15360K), 1 survivors (1024K)
 Metaspace       used 62046K, committed 62528K, reserved 1105920K
  class space    used 8184K, committed 8384K, reserved 1048576K
}
Event: 9.790 GC heap after
{Heap after GC invocations=27 (full 0):
 garbage-first heap   total 89088K, used 51548K [0x0000000080000000, 0x0000000100000000)
  region size 1024K, 1 young (1024K), 1 survivors (1024K)
 Metaspace       used 62046K, committed 62528K, reserved 1105920K
  class space    used 8184K, committed 8384K, reserved 1048576K
}
Event: 10.127 GC heap before
{Heap before GC invocations=28 (full 0):
 garbage-first heap   total 92160K, used 66908K [0x0000000080000000, 0x0000000100000000)
  region size 1024K, 16 young (16384K), 1 survivors (1024K)
 Metaspace       used 64908K, committed 65408K, reserved 1105920K
  class space    used 8489K, committed 8704K, reserved 1048576K
}
Event: 10.130 GC heap after
{Heap after GC invocations=29 (full 0):
 garbage-first heap   total 92160K, used 51968K [0x0000000080000000, 0x0000000100000000)
  region size 1024K, 2 young (2048K), 2 survivors (2048K)
 Metaspace       used 64908K, committed 65408K, reserved 1105920K
  class space    used 8489K, committed 8704K, reserved 1048576K
}
Event: 10.169 GC heap before
{Heap before GC invocations=29 (full 0):
 garbage-first heap   total 92160K, used 52992K [0x0000000080000000, 0x0000000100000000)
  region size 1024K, 4 young (4096K), 2 survivors (2048K)
 Metaspace       used 65342K, committed 65856K, reserved 1105920K
  class space    used 8531K, committed 8768K, reserved 1048576K
}
Event: 10.174 GC heap after
{Heap after GC invocations=30 (full 0):
 garbage-first heap   total 92160K, used 51670K [0x0000000080000000, 0x0000000100000000)
  region size 1024K, 1 young (1024K), 1 survivors (1024K)
 Metaspace       used 65342K, committed 65856K, reserved 1105920K
  class space    used 8531K, committed 8768K, reserved 1048576K
}
Event: 10.581 GC heap before
{Heap before GC invocations=30 (full 0):
 garbage-first heap   total 92160K, used 70102K [0x0000000080000000, 0x0000000100000000)
  region size 1024K, 19 young (19456K), 1 survivors (1024K)
 Metaspace       used 68598K, committed 69120K, reserved 1114112K
  class space    used 8982K, committed 9216K, reserved 1048576K
}
Event: 10.585 GC heap after
{Heap after GC invocations=31 (full 0):
 garbage-first heap   total 92160K, used 52750K [0x0000000080000000, 0x0000000100000000)
  region size 1024K, 2 young (2048K), 2 survivors (2048K)
 Metaspace       used 68598K, committed 69120K, reserved 1114112K
  class space    used 8982K, committed 9216K, reserved 1048576K
}
Event: 10.817 GC heap before
{Heap before GC invocations=32 (full 0):
 garbage-first heap   total 96256K, used 78350K [0x0000000080000000, 0x0000000100000000)
  region size 1024K, 21 young (21504K), 2 survivors (2048K)
 Metaspace       used 69478K, committed 70080K, reserved 1114112K
  class space    used 9104K, committed 9408K, reserved 1048576K
}
Event: 10.822 GC heap after
{Heap after GC invocations=33 (full 0):
 garbage-first heap   total 96256K, used 61206K [0x0000000080000000, 0x0000000100000000)
  region size 1024K, 3 young (3072K), 3 survivors (3072K)
 Metaspace       used 69478K, committed 70080K, reserved 1114112K
  class space    used 9104K, committed 9408K, reserved 1048576K
}
Event: 10.823 GC heap before
{Heap before GC invocations=33 (full 0):
 garbage-first heap   total 96256K, used 62230K [0x0000000080000000, 0x0000000100000000)
  region size 1024K, 4 young (4096K), 3 survivors (3072K)
 Metaspace       used 69478K, committed 70080K, reserved 1114112K
  class space    used 9104K, committed 9408K, reserved 1048576K
}
Event: 10.828 GC heap after
{Heap after GC invocations=34 (full 0):
 garbage-first heap   total 164864K, used 62116K [0x0000000080000000, 0x0000000100000000)
  region size 1024K, 1 young (1024K), 1 survivors (1024K)
 Metaspace       used 69478K, committed 70080K, reserved 1114112K
  class space    used 9104K, committed 9408K, reserved 1048576K
}
Event: 11.409 GC heap before
{Heap before GC invocations=34 (full 0):
 garbage-first heap   total 164864K, used 115364K [0x0000000080000000, 0x0000000100000000)
  region size 1024K, 53 young (54272K), 1 survivors (1024K)
 Metaspace       used 73459K, committed 74048K, reserved 1114112K
  class space    used 9633K, committed 9920K, reserved 1048576K
}
Event: 11.415 GC heap after
{Heap after GC invocations=35 (full 0):
 garbage-first heap   total 164864K, used 66081K [0x0000000080000000, 0x0000000100000000)
  region size 1024K, 5 young (5120K), 5 survivors (5120K)
 Metaspace       used 73459K, committed 74048K, reserved 1114112K
  class space    used 9633K, committed 9920K, reserved 1048576K
}
Event: 12.106 GC heap before
{Heap before GC invocations=35 (full 0):
 garbage-first heap   total 164864K, used 120353K [0x0000000080000000, 0x0000000100000000)
  region size 1024K, 57 young (58368K), 5 survivors (5120K)
 Metaspace       used 77191K, committed 77760K, reserved 1122304K
  class space    used 10183K, committed 10432K, reserved 1048576K
}
Event: 12.114 GC heap after
{Heap after GC invocations=36 (full 0):
 garbage-first heap   total 164864K, used 70139K [0x0000000080000000, 0x0000000100000000)
  region size 1024K, 4 young (4096K), 4 survivors (4096K)
 Metaspace       used 77191K, committed 77760K, reserved 1122304K
  class space    used 10183K, committed 10432K, reserved 1048576K
}
Event: 12.988 GC heap before
{Heap before GC invocations=36 (full 0):
 garbage-first heap   total 164864K, used 124411K [0x0000000080000000, 0x0000000100000000)
  region size 1024K, 57 young (58368K), 4 survivors (4096K)
 Metaspace       used 83001K, committed 83520K, reserved 1122304K
  class space    used 11133K, committed 11392K, reserved 1048576K
}
Event: 12.999 GC heap after
{Heap after GC invocations=37 (full 0):
 garbage-first heap   total 164864K, used 73424K [0x0000000080000000, 0x0000000100000000)
  region size 1024K, 8 young (8192K), 8 survivors (8192K)
 Metaspace       used 83001K, committed 83520K, reserved 1122304K
  class space    used 11133K, committed 11392K, reserved 1048576K
}

Dll operation events (2 events):
Event: 0.073 Loaded shared library C:\Program Files\Android\Android Studio\jbr\bin\java.dll
Event: 0.671 Loaded shared library C:\Program Files\Android\Android Studio\jbr\bin\verify.dll

Deoptimization events (20 events):
Event: 13.411 Thread 0x000001a7ca358780 DEOPT PACKING pc=0x000001a7b9051568 sp=0x0000007274df93e0
Event: 13.411 Thread 0x000001a7ca358780 DEOPT UNPACKING pc=0x000001a7b8a469a3 sp=0x0000007274df9200 mode 2
Event: 13.432 Thread 0x000001a7ca358780 Uncommon trap: trap_request=0xffffff45 fr.pc=0x000001a7b904f5c8 relative=0x00000000000000a8
Event: 13.432 Thread 0x000001a7ca358780 Uncommon trap: reason=unstable_if action=reinterpret pc=0x000001a7b904f5c8 method=java.lang.CharacterDataLatin1.digit(II)I @ 12 c2
Event: 13.432 Thread 0x000001a7ca358780 DEOPT PACKING pc=0x000001a7b904f5c8 sp=0x0000007274df92a0
Event: 13.432 Thread 0x000001a7ca358780 DEOPT UNPACKING pc=0x000001a7b8a469a3 sp=0x0000007274df9218 mode 2
Event: 13.481 Thread 0x000001a7ca358780 DEOPT PACKING pc=0x000001a7b2152676 sp=0x0000007274df9200
Event: 13.481 Thread 0x000001a7ca358780 DEOPT UNPACKING pc=0x000001a7b8a47143 sp=0x0000007274df87a0 mode 0
Event: 13.604 Thread 0x000001a7ca358780 Uncommon trap: trap_request=0xffffff45 fr.pc=0x000001a7b9231f60 relative=0x0000000000000780
Event: 13.604 Thread 0x000001a7ca358780 Uncommon trap: reason=unstable_if action=reinterpret pc=0x000001a7b9231f60 method=java.util.HashMap.putVal(ILjava/lang/Object;Ljava/lang/Object;ZZ)Ljava/lang/Object; @ 109 c2
Event: 13.604 Thread 0x000001a7ca358780 DEOPT PACKING pc=0x000001a7b9231f60 sp=0x0000007274df8e30
Event: 13.604 Thread 0x000001a7ca358780 DEOPT UNPACKING pc=0x000001a7b8a469a3 sp=0x0000007274df8d48 mode 2
Event: 13.604 Thread 0x000001a7ca358780 Uncommon trap: trap_request=0xffffff45 fr.pc=0x000001a7b90c8640 relative=0x00000000000006e0
Event: 13.604 Thread 0x000001a7ca358780 Uncommon trap: reason=unstable_if action=reinterpret pc=0x000001a7b90c8640 method=java.util.HashMap.putVal(ILjava/lang/Object;Ljava/lang/Object;ZZ)Ljava/lang/Object; @ 109 c2
Event: 13.604 Thread 0x000001a7ca358780 DEOPT PACKING pc=0x000001a7b90c8640 sp=0x0000007274df8d80
Event: 13.604 Thread 0x000001a7ca358780 DEOPT UNPACKING pc=0x000001a7b8a469a3 sp=0x0000007274df8d38 mode 2
Event: 13.608 Thread 0x000001a7ca358780 DEOPT PACKING pc=0x000001a7b1878498 sp=0x0000007274df8d60
Event: 13.608 Thread 0x000001a7ca358780 DEOPT UNPACKING pc=0x000001a7b8a47143 sp=0x0000007274df8240 mode 0
Event: 13.647 Thread 0x000001a7ca358780 DEOPT PACKING pc=0x000001a7b2152676 sp=0x0000007274df9070
Event: 13.647 Thread 0x000001a7ca358780 DEOPT UNPACKING pc=0x000001a7b8a47143 sp=0x0000007274df8610 mode 0

Classes unloaded (0 events):
No events

Classes redefined (0 events):
No events

Internal exceptions (20 events):
Event: 11.506 Thread 0x000001a7ca358780 Exception <a 'java/lang/ClassNotFoundException'{0x0000000088cf5db0}: org/gradle/api/internal/artifacts/dsl/dependencies/DefaultDependencyHandlerCustomizer> (0x0000000088cf5db0) 
thrown [s\src\hotspot\share\classfile\systemDictionary.cpp, line 256]
Event: 11.507 Thread 0x000001a7ca358780 Exception <a 'java/lang/ClassNotFoundException'{0x0000000088b37ca8}: org/gradle/api/internal/artifacts/dsl/dependencies/DefaultDependencyHandler_DecoratedCustomizer> (0x0000000088b37ca8) 
thrown [s\src\hotspot\share\classfile\systemDictionary.cpp, line 256]
Event: 12.360 Thread 0x000001a7ca358780 Exception <a 'java/lang/NoSuchMethodError'{0x000000008925e348}: 'int java.lang.invoke.DirectMethodHandle$Holder.invokeSpecialIFC(java.lang.Object, java.lang.Object, java.lang.Object, java.lang.Object, java.lang.Object)'> (0x000000008925e348) 
thrown [s\src\hotspot\share\interpreter\linkResolver.cpp, line 771]
Event: 12.550 Thread 0x000001a7ca358780 Exception <a 'java/lang/ClassNotFoundException'{0x0000000088552020}: com/android/build/gradle/internal/api/ApkVariantOutputImpl_DecoratedBeanInfo> (0x0000000088552020) 
thrown [s\src\hotspot\share\classfile\systemDictionary.cpp, line 256]
Event: 12.550 Thread 0x000001a7ca358780 Exception <a 'java/lang/ClassNotFoundException'{0x000000008855ebf8}: com/android/build/gradle/internal/api/ApkVariantOutputImplBeanInfo> (0x000000008855ebf8) 
thrown [s\src\hotspot\share\classfile\systemDictionary.cpp, line 256]
Event: 12.551 Thread 0x000001a7ca358780 Exception <a 'java/lang/ClassNotFoundException'{0x000000008856ba88}: com/android/build/gradle/internal/api/BaseVariantOutputImplBeanInfo> (0x000000008856ba88) 
thrown [s\src\hotspot\share\classfile\systemDictionary.cpp, line 256]
Event: 12.551 Thread 0x000001a7ca358780 Exception <a 'java/lang/ClassNotFoundException'{0x00000000885788f0}: com/android/build/gradle/internal/api/BaseVariantOutputImplCustomizer> (0x00000000885788f0) 
thrown [s\src\hotspot\share\classfile\systemDictionary.cpp, line 256]
Event: 12.552 Thread 0x000001a7ca358780 Exception <a 'java/lang/ClassNotFoundException'{0x00000000885988c0}: com/android/build/gradle/internal/api/ApkVariantOutputImplCustomizer> (0x00000000885988c0) 
thrown [s\src\hotspot\share\classfile\systemDictionary.cpp, line 256]
Event: 12.553 Thread 0x000001a7ca358780 Exception <a 'java/lang/ClassNotFoundException'{0x00000000885b2e00}: com/android/build/gradle/internal/api/ApkVariantOutputImpl_DecoratedCustomizer> (0x00000000885b2e00) 
thrown [s\src\hotspot\share\classfile\systemDictionary.cpp, line 256]
Event: 12.567 Thread 0x000001a7ca358780 Exception <a 'java/lang/NoClassDefFoundError'{0x00000000884d7a40}: org/jetbrains/kotlin/gradle/plugin/KotlinBasePluginWrapper> (0x00000000884d7a40) 
thrown [s\src\hotspot\share\classfile\systemDictionary.cpp, line 245]
Event: 12.696 Thread 0x000001a7ca358780 Implicit null exception at 0x000001a7b91cfa0f to 0x000001a7b91d00cc
Event: 12.696 Thread 0x000001a7ca358780 Implicit null exception at 0x000001a7b91c8494 to 0x000001a7b91c8b44
Event: 13.053 Thread 0x000001a7ca358780 Exception <a 'sun/nio/fs/WindowsException'{0x0000000089cabe58}> (0x0000000089cabe58) 
thrown [s\src\hotspot\share\prims\jni.cpp, line 517]
Event: 13.173 Thread 0x000001a7ca358780 Exception <a 'java/lang/NullPointerException'{0x00000000895edc30}> (0x00000000895edc30) 
thrown [s\src\hotspot\share\interpreter\linkResolver.cpp, line 1447]
Event: 13.257 Thread 0x000001a7ca358780 Implicit null exception at 0x000001a7b90febc0 to 0x000001a7b9100878
Event: 13.420 Thread 0x000001a7ca358780 Exception <a 'sun/nio/fs/WindowsException'{0x00000000887f79b0}> (0x00000000887f79b0) 
thrown [s\src\hotspot\share\prims\jni.cpp, line 517]
Event: 13.420 Thread 0x000001a7ca358780 Exception <a 'sun/nio/fs/WindowsException'{0x00000000887f8d50}> (0x00000000887f8d50) 
thrown [s\src\hotspot\share\prims\jni.cpp, line 517]
Event: 13.420 Thread 0x000001a7ca358780 Exception <a 'sun/nio/fs/WindowsException'{0x00000000887fa128}> (0x00000000887fa128) 
thrown [s\src\hotspot\share\prims\jni.cpp, line 517]
Event: 13.420 Thread 0x000001a7ca358780 Exception <a 'sun/nio/fs/WindowsException'{0x00000000887fb500}> (0x00000000887fb500) 
thrown [s\src\hotspot\share\prims\jni.cpp, line 517]
Event: 13.622 Thread 0x000001a7ca358780 Exception <a 'java/lang/NoSuchMethodError'{0x0000000087507f30}: 'java.lang.Object java.lang.invoke.DirectMethodHandle$Holder.newInvokeSpecial(java.lang.Object, java.lang.Object, int)'> (0x0000000087507f30) 
thrown [s\src\hotspot\share\interpreter\linkResolver.cpp, line 771]

VM Operations (20 events):
Event: 12.671 Executing VM operation: HandshakeAllThreads
Event: 12.671 Executing VM operation: HandshakeAllThreads done
Event: 12.882 Executing VM operation: ICBufferFull
Event: 12.883 Executing VM operation: ICBufferFull done
Event: 12.930 Executing VM operation: HandshakeAllThreads
Event: 12.930 Executing VM operation: HandshakeAllThreads done
Event: 12.988 Executing VM operation: G1CollectForAllocation
Event: 12.999 Executing VM operation: G1CollectForAllocation done
Event: 13.128 Executing VM operation: HandshakeAllThreads
Event: 13.128 Executing VM operation: HandshakeAllThreads done
Event: 13.237 Executing VM operation: HandshakeAllThreads
Event: 13.237 Executing VM operation: HandshakeAllThreads done
Event: 13.380 Executing VM operation: HandshakeAllThreads
Event: 13.380 Executing VM operation: HandshakeAllThreads done
Event: 13.436 Executing VM operation: HandshakeAllThreads
Event: 13.436 Executing VM operation: HandshakeAllThreads done
Event: 13.477 Executing VM operation: ICBufferFull
Event: 13.477 Executing VM operation: ICBufferFull done
Event: 13.502 Executing VM operation: HandshakeAllThreads
Event: 13.502 Executing VM operation: HandshakeAllThreads done

Events (20 events):
Event: 13.404 loading class java/util/regex/Pattern$Neg
Event: 13.404 loading class java/util/regex/Pattern$Neg done
Event: 13.411 loading class javax/xml/datatype/DatatypeConfigurationException
Event: 13.411 loading class javax/xml/datatype/DatatypeConfigurationException done
Event: 13.412 loading class jdk/internal/reflect/UnsafeIntegerFieldAccessorImpl
Event: 13.412 loading class jdk/internal/reflect/UnsafeIntegerFieldAccessorImpl done
Event: 13.413 loading class com/sun/org/apache/xerces/internal/impl/io/MalformedByteSequenceException
Event: 13.413 loading class java/io/CharConversionException
Event: 13.413 loading class java/io/CharConversionException done
Event: 13.413 loading class com/sun/org/apache/xerces/internal/impl/io/MalformedByteSequenceException done
Event: 13.421 loading class java/util/EnumMap$EntrySet
Event: 13.421 loading class java/util/EnumMap$EntrySet done
Event: 13.421 loading class java/util/EnumMap$EntryIterator
Event: 13.421 loading class java/util/EnumMap$EnumMapIterator
Event: 13.421 loading class java/util/EnumMap$EnumMapIterator done
Event: 13.421 loading class java/util/EnumMap$EntryIterator done
Event: 13.421 loading class java/util/EnumMap$EntryIterator$Entry
Event: 13.421 loading class java/util/EnumMap$EntryIterator$Entry done
Event: 13.432 loading class jdk/internal/reflect/UnsafeBooleanFieldAccessorImpl
Event: 13.433 loading class jdk/internal/reflect/UnsafeBooleanFieldAccessorImpl done


Dynamic libraries:
0x00007ff7410e0000 - 0x00007ff7410ea000 	C:\Program Files\Android\Android Studio\jbr\bin\java.exe
0x00007ffc0d690000 - 0x00007ffc0d888000 	C:\Windows\SYSTEM32\ntdll.dll
0x00007ffc0b960000 - 0x00007ffc0ba1d000 	C:\Windows\System32\KERNEL32.DLL
0x00007ffc0b150000 - 0x00007ffc0b446000 	C:\Windows\System32\KERNELBASE.dll
0x00007ffc0afb0000 - 0x00007ffc0b0b0000 	C:\Windows\System32\ucrtbase.dll
0x00007ffc03850000 - 0x00007ffc0386b000 	C:\Program Files\Android\Android Studio\jbr\bin\VCRUNTIME140.dll
0x00007ffbec300000 - 0x00007ffbec317000 	C:\Program Files\Android\Android Studio\jbr\bin\jli.dll
0x00007ffc0d390000 - 0x00007ffc0d52e000 	C:\Windows\System32\USER32.dll
0x00007ffc0b530000 - 0x00007ffc0b552000 	C:\Windows\System32\win32u.dll
0x00007ffbf2c10000 - 0x00007ffbf2eaa000 	C:\Windows\WinSxS\amd64_microsoft.windows.common-controls_6595b64144ccf1df_6.0.19041.3636_none_60b6a03d71f818d5\COMCTL32.dll
0x00007ffc0c530000 - 0x00007ffc0c5ce000 	C:\Windows\System32\msvcrt.dll
0x00007ffc0b6f0000 - 0x00007ffc0b71c000 	C:\Windows\System32\GDI32.dll
0x00007ffc0b5d0000 - 0x00007ffc0b6ea000 	C:\Windows\System32\gdi32full.dll
0x00007ffc0b0b0000 - 0x00007ffc0b14d000 	C:\Windows\System32\msvcp_win.dll
0x00007ffc0d360000 - 0x00007ffc0d390000 	C:\Windows\System32\IMM32.DLL
0x00007ffc055b0000 - 0x00007ffc055bc000 	C:\Program Files\Android\Android Studio\jbr\bin\vcruntime140_1.dll
0x00007ffbda9f0000 - 0x00007ffbdaa7d000 	C:\Program Files\Android\Android Studio\jbr\bin\msvcp140.dll
0x00007ffb9e7c0000 - 0x00007ffb9f42e000 	C:\Program Files\Android\Android Studio\jbr\bin\server\jvm.dll
0x00007ffc0ceb0000 - 0x00007ffc0cf5f000 	C:\Windows\System32\ADVAPI32.dll
0x00007ffc0d0b0000 - 0x00007ffc0d14c000 	C:\Windows\System32\sechost.dll
0x00007ffc0c320000 - 0x00007ffc0c446000 	C:\Windows\System32\RPCRT4.dll
0x00007ffbf2b50000 - 0x00007ffbf2b77000 	C:\Windows\SYSTEM32\WINMM.dll
0x00007ffc01b90000 - 0x00007ffc01b9a000 	C:\Windows\SYSTEM32\VERSION.dll
0x00007ffc06220000 - 0x00007ffc06229000 	C:\Windows\SYSTEM32\WSOCK32.dll
0x00007ffc0ce40000 - 0x00007ffc0ceab000 	C:\Windows\System32\ws2_32.DLL
0x00007ffc08e10000 - 0x00007ffc08e22000 	C:\Windows\SYSTEM32\kernel.appcore.dll
0x00007ffc061f0000 - 0x00007ffc061fa000 	C:\Program Files\Android\Android Studio\jbr\bin\jimage.dll
0x00007ffc08b30000 - 0x00007ffc08d14000 	C:\Windows\SYSTEM32\DBGHELP.DLL
0x00007ffbf76f0000 - 0x00007ffbf7724000 	C:\Windows\SYSTEM32\dbgcore.DLL
0x00007ffc0af20000 - 0x00007ffc0afa2000 	C:\Windows\System32\bcryptPrimitives.dll
0x00007ffbe97f0000 - 0x00007ffbe9815000 	C:\Program Files\Android\Android Studio\jbr\bin\java.dll
0x00007ffbf7e40000 - 0x00007ffbf7e58000 	C:\Program Files\Android\Android Studio\jbr\bin\zip.dll
0x00007ffc0bbd0000 - 0x00007ffc0c315000 	C:\Windows\System32\SHELL32.dll
0x00007ffc08e30000 - 0x00007ffc095cb000 	C:\Windows\SYSTEM32\windows.storage.dll
0x00007ffc0c5d0000 - 0x00007ffc0c924000 	C:\Windows\System32\combase.dll
0x00007ffc0a6e0000 - 0x00007ffc0a70d000 	C:\Windows\SYSTEM32\Wldp.dll
0x00007ffc0b800000 - 0x00007ffc0b8ad000 	C:\Windows\System32\SHCORE.dll
0x00007ffc0cfd0000 - 0x00007ffc0d025000 	C:\Windows\System32\shlwapi.dll
0x00007ffc0aca0000 - 0x00007ffc0acc5000 	C:\Windows\SYSTEM32\profapi.dll
0x00007ffbf5180000 - 0x00007ffbf5199000 	C:\Program Files\Android\Android Studio\jbr\bin\net.dll
0x00007ffc01c90000 - 0x00007ffc01d9a000 	C:\Windows\SYSTEM32\WINHTTP.dll
0x00007ffc0a440000 - 0x00007ffc0a4aa000 	C:\Windows\system32\mswsock.dll
0x00007ffbec4b0000 - 0x00007ffbec4c6000 	C:\Program Files\Android\Android Studio\jbr\bin\nio.dll
0x00007ffc055a0000 - 0x00007ffc055b0000 	C:\Program Files\Android\Android Studio\jbr\bin\verify.dll
0x00007ffbe6560000 - 0x00007ffbe6587000 	C:\Users\LENOVO\.gradle\native\68d5fa5c4cc2d200863cafc0d521ce42e7d3e7ee720ec0a83991735586a16f82\windows-amd64\native-platform.dll
0x00007ffbd2fa0000 - 0x00007ffbd30e4000 	C:\Users\LENOVO\.gradle\native\e376f236ea51e6404a007f0833ffe2c6e607c4080706a723a18a27aeea778392\windows-amd64\native-platform-file-events.dll
0x00007ffc04920000 - 0x00007ffc04929000 	C:\Program Files\Android\Android Studio\jbr\bin\management.dll
0x00007ffbf6050000 - 0x00007ffbf605b000 	C:\Program Files\Android\Android Studio\jbr\bin\management_ext.dll
0x00007ffc0cfc0000 - 0x00007ffc0cfc8000 	C:\Windows\System32\PSAPI.DLL
0x00007ffc0a640000 - 0x00007ffc0a658000 	C:\Windows\SYSTEM32\CRYPTSP.dll
0x00007ffc09d70000 - 0x00007ffc09da4000 	C:\Windows\system32\rsaenh.dll
0x00007ffc0b450000 - 0x00007ffc0b477000 	C:\Windows\System32\bcrypt.dll
0x00007ffc0ac60000 - 0x00007ffc0ac8e000 	C:\Windows\SYSTEM32\USERENV.dll
0x00007ffc0a630000 - 0x00007ffc0a63c000 	C:\Windows\SYSTEM32\CRYPTBASE.dll
0x00007ffc0a130000 - 0x00007ffc0a16b000 	C:\Windows\SYSTEM32\IPHLPAPI.DLL
0x00007ffc0c520000 - 0x00007ffc0c528000 	C:\Windows\System32\NSI.dll
0x00007ffc026b0000 - 0x00007ffc026c7000 	C:\Windows\SYSTEM32\dhcpcsvc6.DLL
0x00007ffc02e60000 - 0x00007ffc02e7d000 	C:\Windows\SYSTEM32\dhcpcsvc.DLL
0x00007ffc0a170000 - 0x00007ffc0a23a000 	C:\Windows\SYSTEM32\DNSAPI.dll
0x00007ffc05320000 - 0x00007ffc05327000 	C:\Windows\system32\wshunix.dll
0x00007ffbfcfb0000 - 0x00007ffbfcfba000 	C:\Windows\System32\rasadhlp.dll
0x00007ffbfd030000 - 0x00007ffbfd0b0000 	C:\Windows\System32\fwpuclnt.dll

dbghelp: loaded successfully - version: 4.0.5 - missing functions: none
symbol engine: initialized successfully - sym options: 0x614 - pdb path: .;C:\Program Files\Android\Android Studio\jbr\bin;C:\Windows\SYSTEM32;C:\Windows\WinSxS\amd64_microsoft.windows.common-controls_6595b64144ccf1df_6.0.19041.3636_none_60b6a03d71f818d5;C:\Program Files\Android\Android Studio\jbr\bin\server;C:\Users\LENOVO\.gradle\native\68d5fa5c4cc2d200863cafc0d521ce42e7d3e7ee720ec0a83991735586a16f82\windows-amd64;C:\Users\LENOVO\.gradle\native\e376f236ea51e6404a007f0833ffe2c6e607c4080706a723a18a27aeea778392\windows-amd64

VM Arguments:
jvm_args: --add-opens=java.base/java.util=ALL-UNNAMED --add-opens=java.base/java.lang=ALL-UNNAMED --add-opens=java.base/java.lang.invoke=ALL-UNNAMED --add-opens=java.prefs/java.util.prefs=ALL-UNNAMED --add-opens=java.base/java.nio.charset=ALL-UNNAMED --add-opens=java.base/java.net=ALL-UNNAMED --add-opens=java.base/java.util.concurrent.atomic=ALL-UNNAMED -Xmx2048m -Dfile.encoding=UTF-8 -Duser.country=US -Duser.language=en -Duser.variant 
java_command: org.gradle.launcher.daemon.bootstrap.GradleDaemon 8.0
java_class_path (initial): C:\Users\LENOVO\.gradle\wrapper\dists\gradle-8.0-bin\ca5e32bp14vu59qr306oxotwh\gradle-8.0\lib\gradle-launcher-8.0.jar
Launcher Type: SUN_STANDARD

[Global flags]
     intx CICompilerCount                          = 3                                         {product} {ergonomic}
     uint ConcGCThreads                            = 1                                         {product} {ergonomic}
     uint G1ConcRefinementThreads                  = 4                                         {product} {ergonomic}
   size_t G1HeapRegionSize                         = 1048576                                   {product} {ergonomic}
    uintx GCDrainStackTargetSize                   = 64                                        {product} {ergonomic}
   size_t InitialHeapSize                          = 134217728                                 {product} {ergonomic}
   size_t MarkStackSize                            = 4194304                                   {product} {ergonomic}
   size_t MaxHeapSize                              = 2147483648                                {product} {command line}
   size_t MaxNewSize                               = 1287651328                                {product} {ergonomic}
   size_t MinHeapDeltaBytes                        = 1048576                                   {product} {ergonomic}
   size_t MinHeapSize                              = 8388608                                   {product} {ergonomic}
    uintx NonNMethodCodeHeapSize                   = 5832780                                {pd product} {ergonomic}
    uintx NonProfiledCodeHeapSize                  = 122912730                              {pd product} {ergonomic}
    uintx ProfiledCodeHeapSize                     = 122912730                              {pd product} {ergonomic}
    uintx ReservedCodeCacheSize                    = 251658240                              {pd product} {ergonomic}
     bool SegmentedCodeCache                       = true                                      {product} {ergonomic}
   size_t SoftMaxHeapSize                          = 2147483648                             {manageable} {ergonomic}
     bool UseCompressedClassPointers               = true                           {product lp64_product} {ergonomic}
     bool UseCompressedOops                        = true                           {product lp64_product} {ergonomic}
     bool UseG1GC                                  = true                                      {product} {ergonomic}
     bool UseLargePagesIndividualAllocation        = false                                  {pd product} {ergonomic}

Logging:
Log output configuration:
 #0: stdout all=warning uptime,level,tags
 #1: stderr all=off uptime,level,tags

Environment Variables:
PATH=C:\Program Files\Common Files\Oracle\Java\javapath;C:\Windows\system32;C:\Windows;C:\Windows\System32\Wbem;C:\Windows\System32\WindowsPowerShell\v1.0\;C:\Windows\System32\OpenSSH\;C:\Program Files\Git\cmd;C:\Program Files\Java\jdk-20\bin;C:\Program Files\nodejs\;C:\src\flutter\bin;C:\Users\LENOVO\AppData\Local\Microsoft\WindowsApps;C:\Users\LENOVO\AppData\Roaming\npm;C:\Users\LENOVO\AppData\Local\Programs\Microsoft VS Code\bin
USERNAME=LENOVO
OS=Windows_NT
PROCESSOR_IDENTIFIER=Intel64 Family 6 Model 142 Stepping 12, GenuineIntel
TMP=C:\Users\LENOVO\AppData\Local\Temp
TEMP=C:\Users\LENOVO\AppData\Local\Temp


JNI global refs:
JNI global refs: 26, weak refs: 6

JNI global refs memory usage: 843, weak refs: 841


---------------  S Y S T E M  ---------------

OS:
 Windows 10 , 64 bit Build 19041 (10.0.19041.3636)
OS uptime: 2 days 1:18 hours

CPU: total 4 (initial active 4) (2 cores per cpu, 2 threads per core) family 6 model 142 stepping 12 microcode 0xb8, cx8, cmov, fxsr, ht, mmx, 3dnowpref, sse, sse2, sse3, ssse3, sse4.1, sse4.2, popcnt, lzcnt, tsc, tscinvbit, avx, avx2, aes, erms, clmul, bmi1, bmi2, adx, fma, vzeroupper, clflush, clflushopt

Memory: 4k page, system-wide physical 8072M (253M free)
TotalPageFile size 32648M (AvailPageFile size 5M)
current process WorkingSet (physical memory assigned to process): 342M, peak: 342M
current process commit charge ("private bytes"): 408M, peak: 409M

vm_info: OpenJDK 64-Bit Server VM (17.0.6+0-b2043.56-10027231) for windows-amd64 JRE (17.0.6+0-b2043.56-10027231), built on Apr 28 2023 00:43:19 by "androidbuild" with MS VC++ 16.10 / 16.11 (VS2019)

END.
